Charles0 Joan5 Christopher6 Floyd7 Monica8 Floyd7 Christopher6 Joan5 Lela9 Ronda10 Lela9 Dennis12 Matthew14 Melvin15 Matthew14 William19 Miguel24 Michelle25 Richard26 Pat27 Richard26 Michelle25 Miguel24 Thomas28 Frances29 Thomas28 Al31 Richard33 Karen34 Richard33 Carl38 Carole43 Louise44 Fernanda45 Ken46 Fernanda45 Louise44 Carole43 Robert47 Helen48 Robert47 Paul50 Charles52 Nancy53 Charles52 Lorenzo57 Florence62 Jeffrey63 Glenn64 Margaret65 Glenn64 Jeffrey63 Florence62 Wendy66 Amy67 Wendy66 Justin69 William71 Ebony72 William71 Jessica76 Taylor81 Walter82 Susie83 Diane84 Susie83 Walter82 Taylor81 Andrea85 Florence86 Andrea85 Helen88 Steven90 Ella91 Steven90 William95 Sherry100 Dana101 Brandon102 Franklin103 Brandon102 Dana101 Sherry100 Margaret104 Everett105 Margaret104 Jim107 Monica109 Lola110 Monica109 John114 Tarah119 Jorge120 Tony121 Timothy122 Tony121 Jorge120 Tarah119 Kimberly123 Chuck124 Kimberly123 Rick126 Sandra128 Jon129 Sandra128 Jerry133 Luke138 Kelli139 Annis140 Kimberly141 Annis140 Kelli139 Luke138 Marion142 Barbara143 Marion142 Ronald145 Sean147 Annette148 Sean147 Velda152 Jenny157 Velda152 Sean147 Ronald145 Marion142 Luke138 Jerry133 Sandra128 Rick126 Kimberly123 Tarah119 John114 Monica109 Jim107 Margaret104 Sherry100 William95 Steven90 Helen88 Andrea85 Taylor81 Jessica76 William71 Justin69 Wendy66 Florence62 Lorenzo57 Charles52 Paul50 Robert47 Carole43 Carl38 Richard33 Al31 Thomas28 Miguel24 William19 Matthew14 Dennis12 Lela9 Joan5 Charles0
57
Charles0 Jon1 Richard2 Allison3 Peter4
Christopher6 Christopher6
Floyd7 Floyd7
Monica8 Monica8
Ronda10 Ronda10 Gary11
Dennis12 Christina13
Melvin15 Justin17 Elvia18
William19 Emilia20 Sandra21 Michael22 Douglas23
Michelle25 Michelle25
Richard26 Richard26
Pat27 Pat27
Frances29 Frances29 Dolores30
Al31 Daniel32
Karen34 Lawrence36 Ellen37
Carl38 Timothy39 William40 David41 Carol42
Louise44 Louise44
Fernanda45 Fernanda45
Ken46 Ken46
Helen48 Helen48 Nellie49
Paul50 Carol51
Nancy53 Lisa55 Wilson56
Lorenzo57 Dennis58 Keren59 Shannon60 Rosalba61
Jeffrey63 Jeffrey63
Glenn64 Glenn64
Margaret65 Margaret65
Amy67 Amy67 Phillip68
Justin69 John70
Ebony72 Todd74 Neil75
Jessica76 William77 William78 Shawn79 Jennifer80
Walter82 Walter82
Susie83 Susie83
Diane84 Diane84
Florence86 Florence86 Tracy87
Helen88 Aaron89
Ella91 John93 Bradley94
William95 John96 Roland97 Joseph98 Lauren99
Dana101 Dana101
Brandon102 Brandon102
Franklin103 Franklin103
Everett105 Everett105 James106
Jim107 Eugene108
Lola110 Houston112 Joseph113
John114 Jaime115 Mattie116 Claire117 Joshua118
Jorge120 Jorge120
Tony121 Tony121
Timothy122 Timothy122
Chuck124 Chuck124 Henry125
Rick126 David127
Jon129 Suzie131 Catherine132
Jerry133 Jack134 Daryl135 Tanya136 Evon137
Kelli139 Kelli139
Annis140 Annis140
Kimberly141 Kimberly141
Barbara143 Barbara143 Carrie144
Ronald145 Lloyd146
Annette148 Amanda150 Abdul151
Velda152 Robin153 Kathleen154 David155 Jocelyn156
