Madaline0 Quyen5 Elmer6 Jennifer7 Tina8 John9 Danielle10 Edward12 Tara14 Kimberly15 Dennis19 Andrea24 Joseph25 Ashley26 Jerry27 Myra28 Ella29 Dale31 Paul33 Donna34 Eula38 Barbara43 Douglas44 Lillie45 Kim46 Amanda47 Valentin48 Elsie50 Helen52 Brandi53 Daryl57 Mary62 Larry63 Carlos64 Francisco65 Erika66 Kyle67 Frank69 Helen71 Johnny72 Gerald76 Helen71 Frank69 Erika66 Mary62 Daryl57 Helen52 Elsie50 Amanda47 Barbara43 Eula38 Paul33 Dale31 Myra28 Andrea24 Dennis19 Tara14 Edward12 John9 Quyen5 Madaline0
36
Madaline0 Jimmy1 Oscar2 Jermaine3 Angel4
Elmer6 Elmer6
Jennifer7 Jennifer7
Tina8 Tina8
Danielle10 Danielle10 Linda11
Edward12 Debra13
Kimberly15 Jeffrey17 Ann18
Dennis19 Lisa20 Louis21 Corrina22 Patricia23
Joseph25 Joseph25
Ashley26 Ashley26
Jerry27 Jerry27
Ella29 Ella29 Meredith30
Dale31 Jerome32
Donna34 Victor36 Rachael37
Eula38 Carol39 Frank40 Robert41 Louise42
Douglas44 Douglas44
Lillie45 Lillie45
Kim46 Kim46
Valentin48 Valentin48 Jennifer49
Elsie50 Cheryl51
Brandi53 Christopher55 Yvonne56
Daryl57 Gordon58 Jason59 Kimberly60 Bernice61
Larry63 Larry63
Carlos64 Carlos64
Francisco65 Francisco65
Kyle67 Kyle67 Donald68
Frank69 John70
Johnny72 Stan74 John75
Gerald76 Stephanie77 Heather78 Michael79 Mary80
Richard82 Richard82
Chris83 Chris83
David84 David84
Mary86 Mary86 Kris87
Becky88 Andrew89
Lisa91 Rachel93 Jeremy94
Gloria95 Janet96 Amy97 John98 Tammy99
