129 29 97 88 1 20 53 138 4 25 84 7 96 118 13 92 43 25 43 19 139 45 4 25 84 164 5 30 99 31 109 34 42 72 65 3 121 43 25 84 162 49 171 145 52 101 143 35 143 101 170 58 167 69 61 9 92 71 92 67 46 25 43 6 189 76 49 162 119 163 79 72 42 56 180 82 107 36 47 190 182 21 156 88 115 197 200 152 18 45 22 29 6 100 3 18 98 103 102 133 85 184 109 31 61 112 12 164 105 115 197 5 118 13 92 124 42 72 65 175 127 74 7 167 130 6 29 44 133 13 174 195 136 73 6 43 19 139 5 30 142 99 145 52 101 148 153 53 193 154 110 157 4 45 36 74 160 200 170 73 163 73 161 32 118 166 47 60 31 99 145 172 141 192 175 63 36 47 178 106 181 48 98 184 168 83 59 190 8 157 41 193 154 196 141 25 16 137 129
63
97 97 
88 88 
1 1 
4 4 
25 25 70 
7 7 
118 118 10 
13 13 
43 43 
19 19 
139 139 
31 31 169 
109 109 
34 34 
121 121 
49 49 
145 145 
52 52 
58 58 
61 61 
67 67 
46 46 
76 76 
163 163 
79 79 
82 82 
190 190 
115 115 
22 22 
100 100 
103 103 
133 133 
85 85 
184 184 
112 112 
124 124 
175 175 
127 127 
130 130 
136 136 
73 73 
142 142 
148 148 
193 193 
154 154 
157 157 
160 160 
166 166 
172 172 
178 178 
106 106 
181 181 
196 196 
16 16 
5 28 
65 37 
3 40 
35 55 
71 64 
152 91 
45 94 
153 151 
83 187 
