1 2 1 3 1 58 4 76 5 6 5 100 7 69 8 20 43 9 65 10 92 11 48 57 12 13 12 14 4 97 15 1 90 16 6 17 18 19 44 51 20 29 21 10 80 22 12 23 5 100 24 17 33 25 81 26 1 17 27 28 41 29 20 30 58 31 67 56 32 33 34 23 35 5 36 10 21 37 19 38 19 18 39 77 40 20 29 41 49 42 14 43 7 44 7 100 45 37 26 46 97 47 27 48 21 71 49 41 29 50 29 51 15 1
50
2 2
3 3
4 4
5 5
6 6
7 7
8 8
20 20
43 43
9 9
10 10
11 11
48 48
12 12
13 13
14 14
15 15
16 16
17 17
18 18
19 19
44 44
51 51
29 29
21 21
22 22
23 23
24 24
33 33
25 25
26 26
27 27
28 28
41 41
30 30
31 31
32 32
34 34
35 35
36 36
37 37
38 38
39 39
40 40
49 49
42 42
45 45
46 46
47 47
50 50
