1 2 15 105 3 14 159 4 81 5 13 65 1 7 76 79 8 13 8 10 4 82 11 66 34 12 51 13 5 152 14 3 105 15 1 81 16 12 141 17 50 86 18 101 115 19 55 79 20 45 16 21 53 22 194 23 13 97 25 4 26 48 27 34 92 28 32 109 30 27 34 31 127 163 33 7 31 34 12 51 36 2 61 39 135 40 13 42 144 43 45 40 45 166 46 13 40 151 48 26 1 49 52 57 50 132 51 12 123 53 6 54 6 53 55 27 30 56 72 52 57 35 58 44 59 16 129 60 37 61 37 60 62 152 90 63 22 51 64 41 13 66 11 82 67 102 68 69 80 70 178 71 65 171 72 43 30 185 73 104 91 75 65 95 76 7 139 77 10 149 78 174 79 20 80 110 81 4 82 28 84 151 85 33 29 86 18 155 87 47 88 110 14 152 90 111 91 128 92 68 69 93 120 94 1 65 95 96 2 126 97 24 98 24 55 99 194 100 18 81 1
95
2 2 
15 15 
3 3 
14 14 89 
4 4 
81 81 
5 5 
13 13 9 
65 65 
7 7 
76 76 
79 79 
8 8 
10 10 
82 82 
11 11 
66 66 
34 34 
12 12 
51 51 
16 16 
17 17 
50 50 
86 86 
18 18 
101 101 
19 19 
55 55 
20 20 
45 45 
21 21 
53 53 
22 22 
23 23 
97 97 
25 25 
26 26 
48 48 
27 27 
92 92 
28 28 83 
32 32 
30 30 
31 31 
33 33 
36 36 
61 61 38 
39 39 
40 40 
42 42 
43 43 
46 46 
49 49 
52 52 
57 57 
6 6 
54 54 
56 56 
72 72 
35 35 
58 58 
44 44 
59 59 
60 60 
37 37 
62 62 
90 90 
63 63 
64 64 
41 41 
67 67 
68 68 
69 69 
80 80 
70 70 
71 71 
73 73 
91 91 
75 75 74 
95 95 
77 77 
78 78 
84 84 
85 85 
29 29 
87 87 
47 47 
88 88 
93 93 
94 94 
96 96 
24 24 
98 98 
99 99 
100 100 
