33 86 60 31 22 35 50 14 63 17 63 14 9 80 32 38 37 79 37 38 32 80 9 10 90 68 90 10 9 80 32 6 81 61 81 6 32 89 32 13 32 80 9 14 63 14 97 8 97 14 26 43 5 35 80 20 100 20 80 35 50 19 50 35 22 93 67 69 34 69 49 7 35 50 35 22 31 16 94 16 31 60 86 11 14 26 43 69 67 54 30 54 67 69 11 14 9 10 9 80 20 73 42 73 20 89 14 63 17 27 23 27 17 85 95 100 20 15 20 33 86 60 67 93 22 35 92 3 64 3 92 35 22 2 22 35 50 88 50 35 22 31 16 94 47 94 16 31 60 86 11 98 91 46 75 46 91 98 11 86 60 31 16 29 16 39 82 40 82 7 49 69 67 57 67 69 11 14 97 14 11 69 38 52 65 52 38 69 11 14 63 12 63 14 50 19 99 36 53 71 48 71 53 36 18 65 52 38 37 51 33 86 60 31 16 94 25 94 16 31 60 86 33
50
86 86
60 60
31 31
22 22
35 35
50 50
63 63
17 17
9 9
80 80
79 79
10 10
68 68
61 61
89 89
13 13
97 97
8 8
26 26
5 5
20 20
100 100
19 19
67 67
69 69
34 34
7 7
94 94
11 11
54 54
30 30
42 42
23 23
95 95
15 15
64 64
2 2
88 88
47 47
75 75
29 29
82 82
40 40
57 57
52 52
65 65
12 12
48 48
51 51
25 25
