K A B A C F D F E F B G A H B I J L M N C O D P B Q B R A S T C U V B W X A Y Z AA AB AC A AD A AE AF A AG AH AI AJ AK A AL C AM C AN AO AP AQ AR E AS G AT G AU E AV AW A AX AY AZ A BA B BB BC BD BE BF BG BH BI BJ A BK BL G BM BN BO B BP BQ G BR BS A BT A BU A BV BW C BX BY BZ B CA CB CC B CD CE CF B CG CH CI CJ CK CL CM CN H CO CP CQ CR C CS G CT A CU CV E K
100
K K
A A
B B
C C
F F
D D
E E
G G
H H
I I
J J
L L
M M
N N
O O
P P
Q Q
R R
S S
T T
U U
V V
W W
X X
Y Y
Z Z
AA AA
AB AB
AC AC
AD AD
AE AE
AF AF
AG AG
AH AH
AI AI
AJ AJ
AK AK
AL AL
AM AM
AN AN
AO AO
AP AP
AQ AQ
AR AR
AS AS
AT AT
AU AU
AV AV
AW AW
AX AX
AY AY
AZ AZ
BA BA
BB BB
BC BC
BD BD
BE BE
BF BF
BG BG
BH BH
BI BI
BJ BJ
BK BK
BL BL
BM BM
BN BN
BO BO
BP BP
BQ BQ
BR BR
BS BS
BT BT
BU BU
BV BV
BW BW
BX BX
BY BY
BZ BZ
CA CA
CB CB
CC CC
CD CD
CE CE
CF CF
CG CG
CH CH
CI CI
CJ CJ
CK CK
CL CL
CM CM
CN CN
CO CO
CP CP
CQ CQ
CR CR
CS CS
CT CT
CU CU
CV CV
