IIII1I1 I1I111I 11I1Ill 1lI11l1 lI11l1l l1IlIII 1IIlIIl 11I1lll l1IlIl1 11IIl1I 11I1Ill lI1l1II I11IIlI IIllIl1 11lI11I IIII1ll lIIIllI 1IlII1I lll1lII II111I1 IIlIIII lII1I11 IIIlI1l III1lII IlllI11 II1I1Il 11I1Ill IIlIlI1 IIII1I1
24
I1I111I I1I111I 
11I1Ill 11I1Ill lIlllll 
1lI11l1 1lI11l1 
lI11l1l lI11l1l 
l1IlIII l1IlIII 
1IIlIIl 1IIlIIl 
11I1lll 11I1lll 
l1IlIl1 l1IlIl1 
11IIl1I 11IIl1I 
lI1l1II lI1l1II 
I11IIlI I11IIlI 
IIllIl1 IIllIl1 
11lI11I 11lI11I 
IIII1ll IIII1ll 
lIIIllI lIIIllI 
1IlII1I 1IlII1I 
II111I1 II111I1 
IIlIIII IIlIIII 
lII1I11 lII1I11 
III1lII III1lII 
IlllI11 IlllI11 
II1I1Il II1I1Il 
IIlIlI1 IIlIlI1 
lll1lII I1I1111 
