92 2 6 2 26 20 1 89 67 1 91 1 73 54 4 80 4 79 4 84 2 95 21 30 1 75 43 1 25 38 1 77 4 71 37 1 15 9 46 1 22 5 76 5 36 1 74 1 12 1 40 60 5 41 5 57 44 2 29 3 94 1 82 1 56 0 65 83 0 47 3 31 50 7 14 59 3 11 2 24 16 2 92
50
92 92
2 2
6 6
26 26
20 20
89 89
67 67
91 91
73 73
54 54
80 80
79 79
84 84
95 95
21 21
30 30
75 75
43 43
25 25
38 38
77 77
71 71
37 37
15 15
9 9
46 46
22 22
76 76
36 36
74 74
12 12
40 40
60 60
41 41
57 57
44 44
29 29
94 94
82 82
56 56
65 65
83 83
47 47
31 31
50 50
14 14
59 59
11 11
24 24
16 16
