129 0 180 8 161 8 142 121 11 0 5 150 0 53 0 97 0 189 0 2 0 87 95 0 183 0 128 65 0 17 1 174 4 122 40 0 48 0 110 0 23 0 125 36 158 0 101 56 2 63 84 6 195 2 50 123 3 33 4 160 1 100 98 152 137 156 0 55 0 130 15 0 163 184 4 62 1 29 0 175 2 51 3 107 92 103 2 145 0 2 49 2 171 0 126 0 16 0 114 0 188 0 155 0 91 21 157 0 88 0 58 0 61 3 196 96 177 0 191 4 99 2 85 178 26 194 4 89 8 76 59 8 105 6 39 66 0 109 0 151 0 108 0 25 1 14 190 0 13 0 44 0 81 0 9 64 0 82 0 4 0 192 57 197 0 129
100
0 0
180 180
8 8
161 161
142 142
121 121
11 11
5 5
150 150
53 53
97 97
189 189
2 2
87 87
95 95
183 183
128 128
65 65
17 17
174 174
4 4
122 122
40 40
48 48
110 110
23 23
125 125
36 36
158 158
101 101
56 56
63 63
84 84
6 6
195 195
50 50
123 123
33 33
160 160
100 100
98 98
152 152
137 137
156 156
55 55
130 130
15 15
163 163
184 184
62 62
29 29
175 175
51 51
107 107
92 92
103 103
145 145
49 49
171 171
126 126
16 16
114 114
188 188
155 155
91 91
21 21
157 157
88 88
58 58
61 61
196 196
96 96
177 177
191 191
99 99
85 85
178 178
26 26
194 194
89 89
76 76
59 59
105 105
39 39
66 66
109 109
151 151
108 108
25 25
14 14
190 190
13 13
44 44
81 81
9 9
64 64
82 82
192 192
57 57
197 197
