AyBBdkPvTTt19wqt b817BTo6GdPc96ig2 wUtvmN9V14Vw0fcE01F 1utCvCS3yEzt0HBbKt 360B15fOiy1XBl hG8udpL53V 2qbTYSv3J EL5n1KQ3kn Ut7hqt9A p772t3OLqj 89ukpivGhdck21Krrh40 Rf0x16WtfDv MEv16358FQ L7Mfs3034VwaB7kd3Z d5P0NXv8 w22P6su70O6jf3FJ Sr w6Z FUnTXn ywj3aNhyxUH FUnTXn w6Z 2P201UD8Q P6C89a32 khC 7DmqFE 360B15fOiy1XBl MEv16358FQ E76twn5gNBei01uh2PkH thypPB22BchO3Od9 tbwtQej 2l90gxx61rTb0CbF 6qc68848myvIqoZWw c2m39UUoMb RYtkT5 8Qe2lSUyQa b19692 2qbTYSv3J FR3SCSFtuk055ORI 2qbTYSv3J 98E9ia5 JBYT6heC6yE4 Q2PY 3 3z4E 3 9jWI53P36dh95 KIOJyBXM922ydZA5 9jWI53P36dh95 0b vRH6pA1I75N1 1MHxxU 1wF6 P6C89a32 4B5uWNh7Dl3lRP P6C89a32 2P201UD8Q aCCE 2P201UD8Q 6v326555i1Io5Z I6 o83v2nI1sQs I6 0Lw86e 1MHxxU 1wF6 1MHxxU Nstvw8dF9rhja nOMN589D7t0QjhnBj3wn Iqcp2LHc0iz446x59 RYtkT5 Q2PY iFF184 XMV256fk iFF184 Q2PY RYtkT5 Iqcp2LHc0iz446x59 E76twn5gNBei01uh2PkH MEv16358FQ 6c1qFsEg9xI jxDm 4932 l fJQi1GAp0 b6DdFnSk8qdk45 o88qO93T 85682ijoufq1DW o88qO93T 2T6osNpb4 2P201UD8Q aCCE 8s3AAaGRDoeQCE9 q7Ehaiz je0uE0UV r9qUrqog71Fz9gx x60I798qq0Sq6Xdc9s0 MjwmiyLlZn Ut7hqt9A EL5n1KQ3kn Q2PY RYtkT5 usTG0We6G9WDs7Dk RYtkT5 Sr IEtn6zEV03H3 I4640OD L46h8MG90TBpA8v9 PdNbuD3b97N264 d LK1h2AhdhXWb7Czrr 1CYyNxk8m7fToc6XLW7T q XMV256fk Nstvw8dF9rhja 2P201UD8Q c2m39UUoMb 2YlhGrefFhV6JLtw c2m39UUoMb 2P201UD8Q P6C89a32 Q 2mk9O8P6 9Ge7Sge1bnha0Jm dQnWD4K3Y pwvBbQ870l3Io2K vRH6pA1I75N1 jxDm FKWv88jkw79me jxDm 4932 l fJQi1GAp0 b6DdFnSk8qdk45 6nB9xzJ7b5115Qu5 b19692 iFF184 Q2PY 3 9jWI53P36dh95 KIOJyBXM922ydZA5 9e60h3poT1v5TKPk o uF131buM7L27 o 7d2Q05crlPi 36Y155M7F1ZG8 JbMQX8p9 AcC1Sh8w37Px0m 8w6aRuq J68F52raS3n1L6ZYK x60I798qq0Sq6Xdc9s0 SdP9W8WRSw 2mk9O8P6 Ut7hqt9A p772t3OLqj 89ukpivGhdck21Krrh40 p772t3OLqj Ut7hqt9A 7xf20x1m1od50iPHUtr T8C17MZ6g69gmQ 7xf20x1m1od50iPHUtr O73Lh6 3 w22P6su70O6jf3FJ 1MHxxU Nstvw8dF9rhja yd7324WTF NESaNvTSnt9E9du 98E9ia5 gv3T5z4 98E9ia5 2qbTYSv3J FR3SCSFtuk055ORI eZEbm QE9dXn5y6j2YYh zM5l4u83ERoh6lnR78 e1M0JsNJ5 IEtn6zEV03H3 Sr 9fo1FxSJvnO NU7gnWcAs4nq66FS kg8257p31rTQvRWjGF 5tQKcAo3 2l90gxx61rTb0CbF CDuc4XdY7zp EnmWLiDA9NE89oNUTbx Han188Ox bfYVB7M6I5 XQxkrBxnI Ut7hqt9A EL5n1KQ3kn w22P6su70O6jf3FJ CDuc4XdY7zp EnmWLiDA9NE89oNUTbx CDuc4XdY7zp w22P6su70O6jf3FJ 1MHxxU 920ucA0jXEv 1MHxxU Nstvw8dF9rhja XMV256fk Tk46 Le6BO3R d c2m39UUoMb 2Et5UN6ZJ19iz khC 4B5uWNh7Dl3lRP 8kQ991Y80Dy 9q06155efQSN 8kQ991Y80Dy 4B5uWNh7Dl3lRP Z93vITe403 b817BTo6GdPc96ig2 AyBBdkPvTTt19wqt 9jWI53P36dh95 3 Q2PY P JbMQX8p9 dQnWD4K3Y pwvBbQ870l3Io2K IEtn6zEV03H3 pwvBbQ870l3Io2K vRH6pA1I75N1 jxDm 6c1qFsEg9xI MEv16358FQ 6c1qFsEg9xI A6gMJKsUfUSuEI76 o 9e60h3poT1v5TKPk KIOJyBXM922ydZA5 J68F52raS3n1L6ZYK x60I798qq0Sq6Xdc9s0 0IBy7AQ154pMIDBr2E 2mk9O8P6 6c1qFsEg9xI j nw566uv r9qUrqog71Fz9gx IEtn6zEV03H3 6v326555i1Io5Z 2P201UD8Q P6C89a32 2P201UD8Q Nstvw8dF9rhja wC12hFFKGF dUdv wC12hFFKGF Nstvw8dF9rhja lP84Whn qGr382CkPK997QVHAL lP84Whn A6gMJKsUfUSuEI76 c3x9Cmq8W5oa57mjASv T8C17MZ6g69gmQ 7xf20x1m1od50iPHUtr O73Lh6 9o4t iT7 WD8QxBAx49P PHXESKmVA4 o 7d2Q05crlPi o Iqcp2LHc0iz446x59 RYtkT5 8Qe2lSUyQa RYtkT5 Sr IEtn6zEV03H3 6v326555i1Io5Z IEtn6zEV03H3 r9qUrqog71Fz9gx d5P0NXv8 L7Mfs3034VwaB7kd3Z Ja 1MHxxU 1wF6 5tQKcAo3 q 8tvL5MpO9J735t q rcnFY8496Nr2v81Ax d2A2ZPVl61Vtm2kT 1MHxxU TByQ7zH089 1MHxxU Ja I4640OD IEtn6zEV03H3 r9qUrqog71Fz9gx x60I798qq0Sq6Xdc9s0 O7W5C8z8H93l MjwmiyLlZn Ut7hqt9A XQxkrBxnI Fe5xMwq0a8 2P201UD8Q aCCE QqvW51K9Cm FR3SCSFtuk055ORI 6v326555i1Io5Z I6 6v326555i1Io5Z FR3SCSFtuk055ORI mmF 1CYyNxk8m7fToc6XLW7T 1e90fR0FtB7Ev156y 1CYyNxk8m7fToc6XLW7T LK1h2AhdhXWb7Czrr v 8kQ991Y80Dy 0IBy7AQ154pMIDBr2E 2mk9O8P6 SdP9W8WRSw kg8257p31rTQvRWjGF NU7gnWcAs4nq66FS E76twn5gNBei01uh2PkH Iqcp2LHc0iz446x59 1e90fR0FtB7Ev156y 3505 AcC1Sh8w37Px0m J68F52raS3n1L6ZYK x60I798qq0Sq6Xdc9s0 MjwmiyLlZn 68ZC6T1G2o9Q95CKs 9fo1FxSJvnO Sr CDuc4XdY7zp TMULg iT7 WD8QxBAx49P DqfU93360y3I66U0 Tk46 Le6BO3R d MJ2l1N0ojTC d 6c1qFsEg9xI j nw566uv j bfYVB7M6I5 T8C17MZ6g69gmQ ymzG1qC7YsJFFmeog 7DmqFE 360B15fOiy1XBl 1utCvCS3yEzt0HBbKt w6Z c9i08aXpBX5L7Y9g EL5n1KQ3kn PELS5 6nB9xzJ7b5115Qu5 b19692 0Lw86e 5nYY46YfUGovj nOMN589D7t0QjhnBj3wn PdNbuD3b97N264 d Le6BO3R lP84Whn 2T6osNpb4 2P201UD8Q EL5n1KQ3kn 2qbTYSv3J 659Cx 2qbTYSv3J 98E9ia5 KIOJyBXM922ydZA5 9jWI53P36dh95 AyBBdkPvTTt19wqt
100
b817BTo6GdPc96ig2 b817BTo6GdPc96ig2
1utCvCS3yEzt0HBbKt 1utCvCS3yEzt0HBbKt
hG8udpL53V hG8udpL53V
Ut7hqt9A Ut7hqt9A
p772t3OLqj p772t3OLqj
89ukpivGhdck21Krrh40 89ukpivGhdck21Krrh40
Rf0x16WtfDv Rf0x16WtfDv
MEv16358FQ MEv16358FQ
L7Mfs3034VwaB7kd3Z L7Mfs3034VwaB7kd3Z
d5P0NXv8 d5P0NXv8
ywj3aNhyxUH ywj3aNhyxUH
2P201UD8Q 2P201UD8Q
P6C89a32 P6C89a32
khC khC
7DmqFE 7DmqFE
E76twn5gNBei01uh2PkH E76twn5gNBei01uh2PkH
thypPB22BchO3Od9 thypPB22BchO3Od9
2l90gxx61rTb0CbF 2l90gxx61rTb0CbF
6qc68848myvIqoZWw 6qc68848myvIqoZWw
RYtkT5 RYtkT5
8Qe2lSUyQa 8Qe2lSUyQa
b19692 b19692
FR3SCSFtuk055ORI FR3SCSFtuk055ORI
JBYT6heC6yE4 JBYT6heC6yE4
Q2PY Q2PY
3 3
3z4E 3z4E
9jWI53P36dh95 9jWI53P36dh95
KIOJyBXM922ydZA5 KIOJyBXM922ydZA5
vRH6pA1I75N1 vRH6pA1I75N1
1wF6 1wF6
4B5uWNh7Dl3lRP 4B5uWNh7Dl3lRP
aCCE aCCE
6v326555i1Io5Z 6v326555i1Io5Z
I6 I6
o83v2nI1sQs o83v2nI1sQs
nOMN589D7t0QjhnBj3wn nOMN589D7t0QjhnBj3wn
iFF184 iFF184
XMV256fk XMV256fk
6c1qFsEg9xI 6c1qFsEg9xI
jxDm jxDm
4932 4932
b6DdFnSk8qdk45 b6DdFnSk8qdk45
85682ijoufq1DW 85682ijoufq1DW
2T6osNpb4 2T6osNpb4
q7Ehaiz q7Ehaiz
r9qUrqog71Fz9gx r9qUrqog71Fz9gx
MjwmiyLlZn MjwmiyLlZn
usTG0We6G9WDs7Dk usTG0We6G9WDs7Dk
IEtn6zEV03H3 IEtn6zEV03H3
I4640OD I4640OD
L46h8MG90TBpA8v9 L46h8MG90TBpA8v9
d d
q q
2YlhGrefFhV6JLtw 2YlhGrefFhV6JLtw
Q Q
pwvBbQ870l3Io2K pwvBbQ870l3Io2K
FKWv88jkw79me FKWv88jkw79me
uF131buM7L27 uF131buM7L27
7d2Q05crlPi 7d2Q05crlPi
36Y155M7F1ZG8 36Y155M7F1ZG8
8w6aRuq 8w6aRuq
J68F52raS3n1L6ZYK J68F52raS3n1L6ZYK
SdP9W8WRSw SdP9W8WRSw
T8C17MZ6g69gmQ T8C17MZ6g69gmQ
yd7324WTF yd7324WTF
gv3T5z4 gv3T5z4
eZEbm eZEbm
e1M0JsNJ5 e1M0JsNJ5
NU7gnWcAs4nq66FS NU7gnWcAs4nq66FS
kg8257p31rTQvRWjGF kg8257p31rTQvRWjGF
EnmWLiDA9NE89oNUTbx EnmWLiDA9NE89oNUTbx
Han188Ox Han188Ox
XQxkrBxnI XQxkrBxnI
920ucA0jXEv 920ucA0jXEv
Tk46 Tk46
Le6BO3R Le6BO3R
2Et5UN6ZJ19iz 2Et5UN6ZJ19iz
9q06155efQSN 9q06155efQSN
P P
A6gMJKsUfUSuEI76 A6gMJKsUfUSuEI76
nw566uv nw566uv
dUdv dUdv
qGr382CkPK997QVHAL qGr382CkPK997QVHAL
c3x9Cmq8W5oa57mjASv c3x9Cmq8W5oa57mjASv
9o4t 9o4t
8tvL5MpO9J735t 8tvL5MpO9J735t
TByQ7zH089 TByQ7zH089
O7W5C8z8H93l O7W5C8z8H93l
QqvW51K9Cm QqvW51K9Cm
1e90fR0FtB7Ev156y 1e90fR0FtB7Ev156y
v v
3505 3505
68ZC6T1G2o9Q95CKs 68ZC6T1G2o9Q95CKs
TMULg TMULg
MJ2l1N0ojTC MJ2l1N0ojTC
ymzG1qC7YsJFFmeog ymzG1qC7YsJFFmeog
PELS5 PELS5
5nYY46YfUGovj 5nYY46YfUGovj
659Cx 659Cx
