awsq33VKPi6omYhDxD FXctIQn9v T930LVMZqWnRhtA zvAc9Z2d7eDxV 3AZZS7ZlVKs4rRsl o2TJY8U 3AZZS7ZlVKs4rRsl 10rY1cuVgs LgZ3kgV 5NI1AGh6XyxT39yE eh31Ty 4o t4g038uD0J7N2MjjK 9NiO9NIt6mT qaNF4 a049zYG55Zn66Xbmpdp0 fnMwNw1M6Naw IAPW3R l 23LQ1uFKh 5J Vg 3l6XBJU8C1Vc5ugKIhUy GqPS06 B6zwxFUTXP7207OU e2CQ 9JJWGryKp1iJ5JrjK3 owJxU5AByA1usDUB3gkv fnMwNw1M6Naw XwqXZ5 10rY1cuVgs tH7nO948j59TD zvAc9Z2d7eDxV gE2u1BLhV0VP9W4K eN9bdj6 qaNF4 9NiO9NIt6mT t4g038uD0J7N2MjjK 4o TBzN J FXctIQn9v 10rY1cuVgs T930LVMZqWnRhtA b88Y9j2qm7Ik9Uc1Akg 3AZZS7ZlVKs4rRsl a049zYG55Zn66Xbmpdp0 qaNF4 EEGmmDga awsq33VKPi6omYhDxD
22
awsq33VKPi6omYhDxD awsq33VKPi6omYhDxD 
T930LVMZqWnRhtA T930LVMZqWnRhtA bIXpEU56v5EwRurYx 
zvAc9Z2d7eDxV zvAc9Z2d7eDxV 
3AZZS7ZlVKs4rRsl 3AZZS7ZlVKs4rRsl 
o2TJY8U o2TJY8U Tgw4KRLY56280J0 
10rY1cuVgs 10rY1cuVgs IU22L8 
5NI1AGh6XyxT39yE 5NI1AGh6XyxT39yE 
4o 4o 
t4g038uD0J7N2MjjK t4g038uD0J7N2MjjK 
9NiO9NIt6mT 9NiO9NIt6mT 
qaNF4 qaNF4 
a049zYG55Zn66Xbmpdp0 a049zYG55Zn66Xbmpdp0 
fnMwNw1M6Naw fnMwNw1M6Naw 
l l 
3l6XBJU8C1Vc5ugKIhUy 3l6XBJU8C1Vc5ugKIhUy 
B6zwxFUTXP7207OU B6zwxFUTXP7207OU 
e2CQ e2CQ 
owJxU5AByA1usDUB3gkv owJxU5AByA1usDUB3gkv 
tH7nO948j59TD tH7nO948j59TD 
gE2u1BLhV0VP9W4K gE2u1BLhV0VP9W4K 
J J 
b88Y9j2qm7Ik9Uc1Akg b88Y9j2qm7Ik9Uc1Akg 
