845LWU7Kg6167HQY a 95fufpL7BuUW8Mng00jE MVvh 3 TU76UjE52906 48783322I5q9PFVPT 9vq8gscs7dz1 KKUFV29x8iO 122gt O58T 42U0k6JhTQxPvUw8 WMY0xVk9j8T6Ly 1P8KX 4 YKpC4gQmPKaU311w9eOT TBk5Pt5vt5SInt 95fufpL7BuUW8Mng00jE dw6Yuyls1ZilP493g91O 95E0752p51t u3Qv r geUO1h H6pXAnE0KypnExX FL4V06094CU0zO3gJava MY3aL96Y NGDVzC A27tk2Y00r8N9l ZT3 WPu 9vq8gscs7dz1 6RiHvQ4xTN5 fgM12T WMY0xVk9j8T6Ly UH4Lf7FAuZoT4lv2 SmI7f H6pXAnE0KypnExX O41Muu YKpC4gQmPKaU311w9eOT 2qgWbB40Ya16 xaM1q4jQi3efYb0 k 4l4aqvNKB NQ3vX6W6H74aK53np i7lmV5iDIgl5f NQ3vX6W6H74aK53np 2377Qe3J7g3dGXjk0y 11l6P71DgEau1baEX4 xaM1q4jQi3efYb0 77yN7eHZwfF99R2 rso1009ZC 3k i7lmV5iDIgl5f NQ3vX6W6H74aK53np X6SrYf57mSUQQ28C r 5CCl0n2r5512 1P8KX 8GpC KKUFV29x8iO D 5 fgM12T 8M2OK8Px58 6EkMcG0h 122gt O58T 95fufpL7BuUW8Mng00jE MVvh DUiYDuR9yYFD5 UH4Lf7FAuZoT4lv2 WMY0xVk9j8T6Ly eqYzN7b19UgNo1K 2P26ok0f25 TU76UjE52906 pbE3R4QsB76l YLKBD54k H6pXAnE0KypnExX UH4Lf7FAuZoT4lv2 YKpC4gQmPKaU311w9eOT EnhLq7BgTj8IN3Z2m u3Qv EnhLq7BgTj8IN3Z2m Uyj5raM7C9SGCHQGUC y 3k 3 5CCl0n2r5512 5Ll49ySSWT043CtCd2 7L 122gt SpXOzJq05hvQH12ugJr5 122gt ElUTL J ICQxh0Q58799CUd2 B4mQOl023dn1 TBk5Pt5vt5SInt HDLHc5Kdk N8191M9E9v 9 D rso1009ZC 5CCl0n2r5512 eDv5MBdo B4mQOl023dn1 ICQxh0Q58799CUd2 KpBvy 4 0CwgepgS85xC4gx KKUFV29x8iO 77yN7eHZwfF99R2 J 672Pt4Ytw8LW 3i80K09a i7lmV5iDIgl5f 845LWU7Kg6167HQY
49
845LWU7Kg6167HQY 845LWU7Kg6167HQY 
MVvh MVvh 
3 3 
TU76UjE52906 TU76UjE52906 
48783322I5q9PFVPT 48783322I5q9PFVPT 
KKUFV29x8iO KKUFV29x8iO ftk2 
122gt 122gt 
O58T O58T 
42U0k6JhTQxPvUw8 42U0k6JhTQxPvUw8 
4 4 
YKpC4gQmPKaU311w9eOT YKpC4gQmPKaU311w9eOT 
TBk5Pt5vt5SInt TBk5Pt5vt5SInt 
95E0752p51t 95E0752p51t 
u3Qv u3Qv 
r r 
geUO1h geUO1h 
H6pXAnE0KypnExX H6pXAnE0KypnExX 
MY3aL96Y MY3aL96Y 
ZT3 ZT3 
6RiHvQ4xTN5 6RiHvQ4xTN5 
fgM12T fgM12T 
SmI7f SmI7f 
O41Muu O41Muu 
2qgWbB40Ya16 2qgWbB40Ya16 
xaM1q4jQi3efYb0 xaM1q4jQi3efYb0 
4l4aqvNKB 4l4aqvNKB 
NQ3vX6W6H74aK53np NQ3vX6W6H74aK53np 
11l6P71DgEau1baEX4 11l6P71DgEau1baEX4 
3k 3k 
X6SrYf57mSUQQ28C X6SrYf57mSUQQ28C 
5CCl0n2r5512 5CCl0n2r5512 
D D 
5 5 
8M2OK8Px58 8M2OK8Px58 
DUiYDuR9yYFD5 DUiYDuR9yYFD5 
eqYzN7b19UgNo1K eqYzN7b19UgNo1K 
YLKBD54k YLKBD54k 
EnhLq7BgTj8IN3Z2m EnhLq7BgTj8IN3Z2m 
y y 
7L 7L 
ElUTL ElUTL 
ICQxh0Q58799CUd2 ICQxh0Q58799CUd2 
B4mQOl023dn1 B4mQOl023dn1 
9 9 
eDv5MBdo eDv5MBdo 
KpBvy KpBvy 
672Pt4Ytw8LW 672Pt4Ytw8LW 
SpXOzJq05hvQH12ugJr5 5Qkzz260R7 
HDLHc5Kdk SL88w66v7 
