0 140 53 57 53 102 65 3 12 153 121 171 101 2 158 109 22 120 6 51 105 7 149 8 67 71 191 112 50 9 107 47 51 42 18 82 149 85 75 11 121 153 12 3 65 2 33 17 21 122 14 29 150 96 112 0 123 0 140 53 57 18 42 10 122 21 122 10 42 51 105 7 76 106 76 7 33 17 21 17 13 5 109 22 107 55 63 103 89 103 63 103 169 103 89 73 99 32 143 135 27 2 33 72 28 41 46 22 107 81 174 29 150 96 51 105 111 31 141 60 140 143 32 99 82 149 7 76 34 163 124 35 100 40 158 2 36 2 101 171 188 0 137 0 90 113 166 124 93 124 166 143 154 199 142 107 22 46 158 46 22 107 47 51 96 112 0 140 60 126 168 100 134 100 168 126 20 53 128 71 161 41 46 22 107 47 51 42 48 127 124 35 100 40 49 121 153 73 96 112 96 112 0 137 0 140 53 102 172 54 24 63 55 101 2 36 56 174 81 107 142 57 18 198 6 51 96 112 0 140 60 126 101 2 65 102 53 140 0 112 108 54 24 63 103 162 64 9 107 55 101 2 65 3 12 153 167 149 8 149 85 68 155 35 184 40 158 2 65 61 70 61 65 102 53 128 71 161 41 28 72 33 7 105 51 96 73 89 26 108 54 172 74 33 7 149 85 68 106 76 34 125 77 118 102 65 2 78 2 101 171 4 79 90 0 112 50 9 107 47 110 99 82 149 7 33 72 33 7 149 84 87 85 68 102 53 140 0 112 96 180 84 24 173 88 198 103 89 138 79 90 113 166 178 175 178 166 124 99 73 89 138 160 138 89 73 99 147 95 145 42 51 96 180 84 24 54 24 84 97 147 99 32 143 140 0
86
0 0 43 59 62 86 
53 53 
57 57 1 16 
65 65 
3 3 
12 12 
2 2 
22 22 
6 6 58 
51 51 30 
7 7 
8 8 
67 67 
71 71 
50 50 
9 9 80 
47 47 
42 42 
18 18 
82 82 
85 85 
75 75 
11 11 
33 33 
17 17 
21 21 
14 14 
29 29 
96 96 
10 10 
76 76 
13 13 
5 5 
55 55 
63 63 
89 89 23 
73 73 
99 99 
32 32 
27 27 
72 72 83 
28 28 
41 41 
46 46 
81 81 
31 31 
60 60 
34 34 
35 35 
40 40 
36 36 
90 90 
93 93 38 
20 20 
48 48 
49 49 
54 54 98 
24 24 
56 56 
64 64 
68 68 
61 61 
70 70 
26 26 
74 74 
77 77 
78 78 
4 4 
79 79 
84 84 
87 87 
88 88 
95 95 
97 97 
123 15 
105 19 
169 25 
137 52 37 
199 39 
134 44 
128 45 
153 66 
184 69 
175 91 
124 92 
160 94 
