69 6 36 186 148 10 30 163 2 194 131 115 147 5 118 198 3 71 112 165 193 146 99 97 63 113 24 2 33 128 160 83 1 51 106 5 133 3 58 166 191 37 8 25 2 77 46 87 101 0 53 192 52 26 1 14 64 127 50 188 5 2 100 0 72 80 31 56 132 117 44 197 8 59 119 171 158 0 90 16 2 135 8 11 121 5 1 195 134 27 104 1 81 149 185 190 150 110 4 162 82 4 69
80
36 36 
186 186 
148 148 
30 30 
163 163 
2 2 
194 194 
131 131 
115 115 
147 147 
5 5 
118 118 
198 198 
71 71 
112 112 
165 165 
193 193 
146 146 
99 99 
97 97 
63 63 
113 113 
24 24 
33 33 
128 128 
160 160 
83 83 
1 1 
51 51 
106 106 
133 133 
58 58 
166 166 
191 191 
37 37 
25 25 
77 77 
46 46 
87 87 
101 101 
53 53 
192 192 
52 52 
26 26 
14 14 
64 64 
127 127 
50 50 
188 188 
100 100 
72 72 
80 80 
31 31 
56 56 
132 132 
117 117 
44 44 
197 197 
59 59 
119 119 
171 171 
158 158 
90 90 
16 16 
135 135 
11 11 
121 121 
195 195 
134 134 
27 27 
104 104 
81 81 
149 149 
185 185 
190 190 
150 150 
110 110 
162 162 
82 82 
3 74 
