74 123 81 26 193 15 170 172 95 181 140 181 95 172 12 35 60 59 14 28 1 47 152 16 9 197 187 17 64 47 1 18 161 20 94 126 68 23 25 47 127 32 130 198 120 21 76 154 184 32 39 151 34 42 8 146 45 13 1 47 25 47 102 199 51 190 155 52 8 65 91 131 53 98 125 80 56 122 70 43 58 28 14 59 60 70 116 61 141 8 146 8 115 63 100 134 112 76 61 193 51 103 125 80 56 122 26 9 63 139 83 29 45 146 86 57 185 75 188 88 113 28 14 6 14 28 155 90 64 24 131 166 126 94 20 181 20 161 11 99 137 97 100 73 125 98 102 50 137 99 29 100 73 125 103 27 32 39 117 39 32 153 159 107 44 25 183 108 33 76 154 109 199 111 121 6 89 76 56 150 113 28 186 127 114 112 134 100 63 115 8 65 59 14 166 169 116 120 21 76 154 109 123 8 146 73 125 50 102 47 127 114 112 134 86 146 8 22 8 52 130 198 100 173 132 30 68 121 199 133 196 92 150 56 122 184 136 78 83 139 83 33 140 181 142 28 113 198 143 122 146 73 152 47 1 18 1 28 155 90 64 73 125 116 70 43 58 28 1 18 161 20 94 20 181 142 176 165 64 24 64 165 171 143 122 66 173 66 63 9 30 176 179 54 146 122 184 32 27 103 51 77 1 13 15 193 127 47 102 65 101 65 8 123 74
90
123 123 
81 81 
193 193 4 
95 95 
140 140 
12 12 
60 60 
59 59 
14 14 118 
47 47 
152 152 
16 16 
17 17 
18 18 
161 161 
20 20 96 
94 94 163 
23 23 
127 127 
32 32 
130 130 
198 198 
120 120 
76 76 
154 154 
184 184 
39 39 
42 42 
146 146 
45 45 
199 199 
51 51 
190 190 
155 155 
52 52 
91 91 
53 53 
98 98 
125 125 157 
80 80 
56 56 135 
58 58 
116 116 
61 61 
115 115 
63 63 174 
100 100 72 
134 134 
112 112 
103 103 
139 139 138 
83 83 
86 86 128 
88 88 
113 113 
90 90 
11 11 
99 99 
97 97 
73 73 
50 50 
27 27 
107 107 
44 44 
108 108 
109 109 
111 111 
89 89 
114 114 
173 173 
132 132 
133 133 
136 136 
142 142 
143 143 
165 165 
171 171 
66 66 
179 179 
54 54 
77 77 
172 5 
21 31 
117 105 
22 129 
43 158 
24 167 
176 178 
13 192 
101 200 
