73 96 38 5 38 5 45 98 45 10 17 93 64 11 33 92 65 62 12 34 78 91 28 40 13 48 32 1 77 1 19 1 5 45 98 21 80 6 29 22 88 55 34 58 34 55 83 29 86 37 76 18 33 92 61 50 53 34 58 74 49 75 46 99 62 65 92 33 48 32 1 68 4 74 49 44 57 9 71 50 71 9 57 75 46 99 62 99 25 74 4 68 1 50 71 31 66 74 49 74 66 31 86 37 76 18 19 1 77 1 50 1 19 95 79 15 48 13 40 28 40 13 48 33 82 41 32 1 5 55 83 29 86 47 13 40 16 40 28 7 4 68 90 25 58 34 78 91 28 7 17 10 45 88 27 2 27 88 38 5 45 98 9 57 75 46 60 100 88 38 96 73
48
96 96 
5 5 
98 98 
10 10 
93 93 
11 11 
33 33 
65 65 
12 12 
34 34 
78 78 
91 91 
13 13 
48 48 
1 1 
77 77 14 
19 19 
21 21 
29 29 84 
22 22 
83 83 
86 86 
76 76 
18 18 
50 50 
53 53 
74 74 
49 49 
75 75 
46 46 
99 99 
68 68 
44 44 
57 57 
9 9 
71 71 
25 25 
66 66 
79 79 
15 15 
82 82 
90 90 
27 27 
100 100 
38 8 
28 81 
16 85 
2 94 
