AA AB AE AB AF AB AG AB AH BM BP CE BW CE BP BM AH AB AA AC AJ AC AA AD AK AD AL AD DN CT DN AD AN AD AA AB AE AO AE AB AG AZ AG BA AG BB AG BC AG AB AA AD DN CT AM CW AM CV AM CT DN AD AN CX AN CY AN AD AA AB AG BC BK FE DZ EC DX EC EE EF EN EQ EN EF EE ED EE EF EL EW EX EW EL EF EH EJ EH EF EE EC EB EA EI EA EB EC DZ FE BK BC AG AB AH BN BS BN AH AB AA
35
AA AA 
AB AB 
AE AE 
AF AF 
AG AG 
AH AH 
AC AC 
AJ AJ 
AD AD 
AK AK 
AL AL 
AN AN 
AO AO AP AQ 
AM AM 
BK BK 
DZ DZ 
DX DX DY 
EN EN 
EX EX EY 
BW AI 
AZ BD 
BA BF BG BE 
BB BI BH 
BC BJ 
CW DP DQ 
CV DR 
CX DU DT DS 
CY DW DV 
EQ EO 
ED EP 
EJ EZ 
EH FA 
EI FB 
EA FC 
BS FF 
