Soda loc43 loc38 loc2 loc1 loc0 loc20 loc4 loc46 loc8 loc2 loc22 loc41 loc22 loc2 loc38 loc43 loc38 loc43 loc35 loc43 loc38 loc2 loc16 loc38 loc43 Soda loc43 loc38 loc1 loc31 loc11 loc1 loc45 loc19 loc29 loc0 loc39 loc37 loc39 loc0 loc38 loc43 loc38 loc0 loc9 loc5 loc0 loc13 loc23 loc42 loc18 loc25 loc1 loc38 loc43 Soda
24
loc2 loc2 
loc1 loc1 
loc20 loc20 
loc4 loc4 
loc46 loc46 
loc8 loc8 
loc22 loc22 
loc16 loc16 
loc31 loc31 
loc11 loc11 
loc45 loc45 
loc19 loc19 
loc29 loc29 
loc9 loc9 
loc5 loc5 
loc42 loc42 
loc25 loc25 
loc41 loc14 
loc43 loc17 loc12 
loc38 loc3 
loc35 loc30 
Soda loc48 
loc37 loc15 
loc0 loc10 
