0 135 169 1 25 19 28 2 20 49 3 48 74 4 196 5 29 157 6 115 195 7 73 112 8 98 9 162 10 12 90 124 11 28 125 12 23 149 128 13 31 14 31 127 118 15 113 16 18 158 17 158 18 20 28 19 28 20 18 16 93 21 99 162 22 149 23 105 24 94 19 25 6 21 63 26 63 9 30 27 5 86 8 28 8 114 29 5 27 30 13 31 14 125 32 18 20 92 177 33 177 56 12 34 8 38 35 147 167 36 46 48 37 47 76 192 38 117 39 80 84 40 64 122 41 19 176 42 3 49 141 43 109 80 41 44 41 54 45 54 41 44 46 48 37 47 37 48 49 3 92 59 50 59 51 34 97 20 52 20 2 53 54 0 175 55 30 113 99 56 99 195 57 11 70 58 103 7 59 92 60 92 100 61 100 34 12 62 140 93 63 88 7 64 2 20 123 65 5 66 151 60 67 91 121 68 83 137 69 103 58 70 11 28 83 71 150 72 123 100 73 7 59 74 16 38 192 75 192 76 114 146 77 25 134 78 87 79 41 80 39 117 38 81 140 82 22 62 83 98 84 94 186 85 9 50 106 86 8 28 87 90 88 57 4 89 68 83 90 3 67 91 67 3 92 3 6 21 93 16 24 94 19 25 1 95 18 158 96 97 34 8 98 9 63 99 56 12 34 100 31 0
100
1 1
25 25
19 19
28 28
2 2
20 20
49 49
3 3
48 48
74 74
4 4
5 5
29 29
6 6
7 7
73 73
8 8
98 98
9 9
10 10
12 12
90 90
11 11
23 23
13 13
31 31
14 14
15 15
16 16
18 18
17 17
93 93
21 21
99 99
22 22
24 24
94 94
63 63
26 26
30 30
27 27
86 86
32 32
92 92
33 33
56 56
34 34
38 38
35 35
36 36
46 46
37 37
47 47
76 76
39 39
80 80
84 84
40 40
64 64
41 41
42 42
43 43
44 44
54 54
45 45
59 59
50 50
51 51
97 97
52 52
53 53
55 55
57 57
70 70
58 58
60 60
100 100
61 61
62 62
88 88
65 65
66 66
67 67
91 91
68 68
83 83
69 69
71 71
72 72
75 75
77 77
78 78
87 87
79 79
81 81
82 82
85 85
89 89
95 95
96 96
