0 31 51 90 1 32 2 20 97 37 3 37 97 4 19 46 5 89 64 6 7 59 16 8 95 9 84 81 10 90 11 18 12 18 11 13 14 13 46 15 5 60 34 16 34 89 17 46 50 18 50 19 46 20 29 21 29 22 18 98 23 76 25 24 25 65 2 26 2 27 28 27 21 29 20 30 4 31 85 32 1 10 33 34 33 28 35 77 36 82 97 37 97 52 38 14 55 45 39 86 40 23 83 41 70 46 24 42 16 59 43 38 69 44 23 83 45 65 46 47 4 19 48 40 49 83 27 50 18 85 31 0
50
31 31
1 1
32 32
2 2
20 20
37 37
3 3
4 4
19 19
46 46
5 5
6 6
7 7
16 16
8 8
9 9
10 10
11 11
18 18
12 12
13 13
14 14
15 15
34 34
17 17
50 50
29 29
21 21
22 22
23 23
25 25
24 24
26 26
27 27
28 28
30 30
33 33
35 35
36 36
38 38
45 45
39 39
40 40
41 41
42 42
43 43
44 44
47 47
48 48
49 49
