75 16 37 94 24 86 11 40 64 87 64 40 76 40 11 5 97 5 21 5 73 45 7 13 7 74 36 2 64 80 29 39 57 23 54 28 98 69 78 37 16 75 89 30 81 94 24 3 28 11 5 73 5 44 56 4 47 38 45 0 82 0 40 64 99 69 98 56 4 52 14 33 36 74 1 63 46 55 49 48 86 25 86 97 42 45 38 47 38 59 68 55 49 1 29 70 41 31 78 37 63 91 63 1 49 48 84 48 49 39 15 92 19 77 19 81 19 77 83 43 29 1 74 7 66 27 34 19 77 44 90 44 56 53 42 58 67 59 68 21 5 44 5 11 51 79 65 30 76 18 62 18 12 8 67 96 67 59 9 59 67 8 12 64 80 71 32 71 26 71 32 89 75
50
75 75
94 94
86 86
64 64
87 87
76 76
97 97
21 21
73 73
7 7
13 13
74 74
36 36
80 80
29 29
57 57
98 98
69 69
89 89
81 81
3 3
44 44
56 56
4 4
47 47
82 82
52 52
46 46
55 55
49 49
48 48
25 25
42 42
59 59
31 31
91 91
84 84
92 92
77 77
43 43
34 34
90 90
58 58
65 65
62 62
12 12
96 96
9 9
32 32
26 26
