48 68 14 116 155 199 76 163 171 73 174 125 143 0 32 185 168 20 13 93 119 78 7 154 7 78 138 199 141 196 121 151 121 19 77 124 56 128 39 185 139 109 168 188 47 84 135 24 100 133 107 87 15 118 15 50 54 92 126 18 133 100 81 77 114 157 194 178 104 149 92 63 161 10 115 10 46 183 66 74 149 140 175 7 78 185 139 167 139 6 11 30 60 30 11 6 139 185 39 85 92 126 130 197 159 96 191 96 80 118 58 118 80 114 123 162 189 178 177 107 133 121 196 46 10 161 38 147 100 172 110 154 61 34 50 15 99 5 51 84 47 80 148 80 47 108 72 136 72 163 36 29 96 158 96 29 36 147 135 84 8 190 8 84 171 73 186 73 66 183 46 168 185 78 113 182 113 69 77 19 1 86 176 40 16 62 42 25 90 87 15 99 152 29 96 80 148 21 148 80 96 159 10 46 168 185 39 23 2 43 17 25 42 62 173 58 164 77 69 113 181 96 29 36 22 18 126 119 78 119 8 84 60 30 11 79 11 6 106 64 83 55 47 108 47 80 118 145 173 62 42 9 42 62 16 98 103 98 193 52 156 0 32 185 39 85 178 189 117 38 147 36 29 152 85 178 194 129 9 42 62 89 113 89 62 16 62 173 97 119 126 94 180 9 26 102 179 102 99 15 87 43 101 43 137 143 155 3 170 3 155 199 127 88 127 199 138 199 76 163 171 25 42 62 16 40 176 138 78 7 78 185 39 185 78 7 175 165 34 50 15 87 15 137 15 118 58 173 35 81 100 24 135 180 156 52 193 98 198 41 31 125 143 1 19 77 69 77 19 1 143 155 199 141 129 9 180 104 149 74 149 140 175 7 154 53 154 164 77 124 2 43 32 64 83 55 36 147 38 98 67 50 133 121 120 121 133 37 153 48
100
48 48
155 155
199 199
163 163
171 171
73 73
125 125
143 143
185 185
20 20
93 93
119 119
78 78
7 7
154 154
138 138
141 141
196 196
151 151
19 19
56 56
39 39
109 109
84 84
135 135
133 133
107 107
87 87
118 118
126 126
157 157
194 194
149 149
10 10
115 115
46 46
66 66
74 74
175 175
167 167
11 11
60 60
85 85
197 197
191 191
58 58
123 123
177 177
38 38
147 147
110 110
34 34
5 5
148 148
108 108
136 136
36 36
29 29
158 158
190 190
186 186
113 113
182 182
69 69
176 176
40 40
16 16
42 42
25 25
90 90
152 152
21 21
23 23
2 2
164 164
181 181
79 79
64 64
55 55
145 145
9 9
98 98
103 103
193 193
52 52
156 156
117 117
129 129
180 180
179 179
101 101
137 137
3 3
170 170
88 88
165 165
35 35
53 53
67 67
120 120
