gucdicwxmb epdwcjuvdr vugkhjygfe vkrlpmybdj zpjhxyylhb rnpokwoqgt zpjhxyylhb vkrlpmybdj vugkhjygfe ahqdrcepub vugkhjygfe vkrlpmybdj zpjhxyylhb koawdpgqdx unihwwnyqz smwxdupkdv xawkqmfmmx smwxdupkdv unihwwnyqz nwlccbonas qfbvncxldf jedsthbmzo lkvobxyfca lbuiysostx tvuprbwofb siatqqydwf wtlzrefwav rnpokwoqgt iwdghbmiai rnpokwoqgt zpjhxyylhb koawdpgqdx aokbiptbzc psiebvskfb aokbiptbzc koawdpgqdx zpjhxyylhb vkrlpmybdj vugkhjygfe qzdrdcxoib oggftsricu yiwwdwbzth oggftsricu kdujdjjwot tgbmxdmvwe gkcfktyute zjbarjhmau xawkqmfmmx smwxdupkdv unihwwnyqz koawdpgqdx zpjhxyylhb gjmmikaxih seeyrseflx gwnccktgki ztplgyvqhm gwnccktgki yiwwdwbzth oggftsricu yiwwdwbzth siatqqydwf tvuprbwofb bnmegnfgii kdujdjjwot tgbmxdmvwe gkcfktyute tgbmxdmvwe xtvbrolacp psiebvskfb zumetrybth psiebvskfb aokbiptbzc koawdpgqdx zpjhxyylhb koawdpgqdx zpjhxyylhb rnpokwoqgt jqtguzxxsl evdoyagqfp jqtguzxxsl rnpokwoqgt zpjhxyylhb vkrlpmybdj vugkhjygfe qzdrdcxoib wtyqwjwskq qzdrdcxoib vugkhjygfe epdwcjuvdr gucdicwxmb
21
epdwcjuvdr epdwcjuvdr
vugkhjygfe vugkhjygfe
vkrlpmybdj vkrlpmybdj
zpjhxyylhb zpjhxyylhb
rnpokwoqgt rnpokwoqgt
ahqdrcepub ahqdrcepub
koawdpgqdx koawdpgqdx
xawkqmfmmx xawkqmfmmx
lkvobxyfca lkvobxyfca
tvuprbwofb tvuprbwofb
iwdghbmiai iwdghbmiai
psiebvskfb psiebvskfb
oggftsricu oggftsricu
yiwwdwbzth yiwwdwbzth
gkcfktyute gkcfktyute
zjbarjhmau zjbarjhmau
seeyrseflx seeyrseflx
ztplgyvqhm ztplgyvqhm
zumetrybth zumetrybth
evdoyagqfp evdoyagqfp
wtyqwjwskq wtyqwjwskq
