mdyuzxshey vkrlpmybdj jatkaoyfxb zumetrybth ebqxbaqnmm kdujdjjwot zjbarjhmau bulywvvpni siatqqydwf ixyurvbpvu gwnccktgki syxecaxosc qgfchcatzi oggftsricu lnicnhmajr owusjcmdkp oewptytlja owusjcmdkp ljhmnbaicr ebqxbaqnmm zumetrybth jatkaoyfxb zumetrybth ebqxbaqnmm ljhmnbaicr owusjcmdkp ljhmnbaicr ebqxbaqnmm kdujdjjwot zjbarjhmau wkwwcqjtxf qcktwemqbm tvcolajnao qcktwemqbm wkwwcqjtxf zjbarjhmau bulywvvpni lndsfxewdc zpybghfdbe bswhowadhl wtyqwjwskq yiwwdwbzth xftptyrlvl yiwwdwbzth wtyqwjwskq bswhowadhl oegfbrwyrp lbuiysostx sjtuxgdwms fznfvsgjhc hkempoemlv ixyurvbpvu optviwhmbr rkyixxpcbx gllungmori jrmlkfexfk wtlzrefwav tmrnpjqnxx cmdqzmgvfi qydclznxrd ouxenssqdu qydclznxrd cmdqzmgvfi tmrnpjqnxx wtlzrefwav hsjqtjkukk smwxdupkdv koawdpgqdx unihwwnyqz qepegujmaa unihwwnyqz koawdpgqdx smwxdupkdv hsjqtjkukk wtlzrefwav epdwcjuvdr wynbxuuxru hadchvmijq phknwbtipl eysfgfavho xkasbvrrxd idfvjoquhh lazlsvgukx ahqdrcepub siatqqydwf ixyurvbpvu optviwhmbr ixyurvbpvu siatqqydwf bulywvvpni zjbarjhmau kdujdjjwot ebqxbaqnmm kdujdjjwot zjbarjhmau bulywvvpni lndsfxewdc zpybghfdbe psiebvskfb qydclznxrd cmdqzmgvfi tmrnpjqnxx wtlzrefwav epdwcjuvdr wynbxuuxru hadchvmijq phknwbtipl eysfgfavho xkasbvrrxd pymtnhypxd qcktwemqbm tvcolajnao vkrlpmybdj jatkaoyfxb zumetrybth ebqxbaqnmm kdujdjjwot zjbarjhmau bulywvvpni siatqqydwf ahqdrcepub lazlsvgukx idfvjoquhh xkasbvrrxd eysfgfavho phknwbtipl hadchvmijq xplqpgpbvq lkvobxyfca fznfvsgjhc hkempoemlv ixyurvbpvu uooysjrxsb seeyrseflx uooysjrxsb ixyurvbpvu optviwhmbr rkyixxpcbx gllungmori jrmlkfexfk wtlzrefwav hsjqtjkukk smwxdupkdv hsjqtjkukk wtlzrefwav jrmlkfexfk gllungmori rkyixxpcbx optviwhmbr rkyixxpcbx gllungmori jrmlkfexfk wtlzrefwav hsjqtjkukk smwxdupkdv koawdpgqdx unihwwnyqz koawdpgqdx smwxdupkdv hsjqtjkukk wtlzrefwav tmrnpjqnxx cmdqzmgvfi zpybghfdbe bswhowadhl wtyqwjwskq yiwwdwbzth jqtguzxxsl hadchvmijq xplqpgpbvq lkvobxyfca oggftsricu lnicnhmajr chjuuxuacs euqbrkzdsw wtjzgzopuw lndsfxewdc zpybghfdbe cmdqzmgvfi zpybghfdbe lndsfxewdc bulywvvpni zjbarjhmau kdujdjjwot ebqxbaqnmm ljhmnbaicr owusjcmdkp oewptytlja jedsthbmzo xftptyrlvl yiwwdwbzth jqtguzxxsl hadchvmijq wynbxuuxru epdwcjuvdr wtlzrefwav hsjqtjkukk smwxdupkdv hsjqtjkukk wtlzrefwav epdwcjuvdr wynbxuuxru hadchvmijq xplqpgpbvq lkvobxyfca fznfvsgjhc hkempoemlv mswyvpdrsy lndsfxewdc zpybghfdbe bswhowadhl wtyqwjwskq yiwwdwbzth xftptyrlvl jedsthbmzo oewptytlja nwlccbonas oewptytlja owusjcmdkp lnicnhmajr chjuuxuacs lnicnhmajr oggftsricu qgfchcatzi syxecaxosc ixyurvbpvu uooysjrxsb ixyurvbpvu siatqqydwf bulywvvpni lndsfxewdc zpybghfdbe psiebvskfb qydclznxrd ouxenssqdu zmfuudfatm vkrlpmybdj mdyuzxshey
42
mdyuzxshey mdyuzxshey mysadifwma 
vkrlpmybdj vkrlpmybdj 
jatkaoyfxb jatkaoyfxb bnmegnfgii 
zumetrybth zumetrybth 
ebqxbaqnmm ebqxbaqnmm 
kdujdjjwot kdujdjjwot 
zjbarjhmau zjbarjhmau 
bulywvvpni bulywvvpni 
gwnccktgki gwnccktgki 
lnicnhmajr lnicnhmajr 
owusjcmdkp owusjcmdkp 
oewptytlja oewptytlja 
ljhmnbaicr ljhmnbaicr 
qcktwemqbm qcktwemqbm 
lndsfxewdc lndsfxewdc 
wtyqwjwskq wtyqwjwskq 
xftptyrlvl xftptyrlvl knfzsnhzvx 
lbuiysostx lbuiysostx 
fznfvsgjhc fznfvsgjhc 
optviwhmbr optviwhmbr 
rkyixxpcbx rkyixxpcbx eooyfwmxln 
gllungmori gllungmori 
wtlzrefwav wtlzrefwav 
cmdqzmgvfi cmdqzmgvfi qfbvncxldf 
qydclznxrd qydclznxrd 
koawdpgqdx koawdpgqdx 
qepegujmaa qepegujmaa xtvbrolacp 
wynbxuuxru wynbxuuxru 
hadchvmijq hadchvmijq 
lazlsvgukx lazlsvgukx 
ahqdrcepub ahqdrcepub 
psiebvskfb psiebvskfb 
lkvobxyfca lkvobxyfca 
seeyrseflx seeyrseflx vugkhjygfe 
jqtguzxxsl jqtguzxxsl 
euqbrkzdsw euqbrkzdsw 
jedsthbmzo jedsthbmzo 
mswyvpdrsy mswyvpdrsy 
nwlccbonas nwlccbonas 
zmfuudfatm zmfuudfatm 
oegfbrwyrp tgbmxdmvwe 
smwxdupkdv aokbiptbzc 
