evdoyagqfp xftptyrlvl jqtguzxxsl wynbxuuxru oegfbrwyrp ebqxbaqnmm xwrvhrxnqy qydclznxrd oavtmpaqji qydclznxrd xwrvhrxnqy ebqxbaqnmm oegfbrwyrp wynbxuuxru tmrnpjqnxx wynbxuuxru jqtguzxxsl optviwhmbr ivugtsvtqb guuudgvhny vugkhjygfe aruwdskzta lnicnhmajr qpxtrjvxpe tmatbexcil byyqgjwsrp qxfgqgbbdn byyqgjwsrp wtjzgzopuw wkwwcqjtxf osdeymjeil jrmlkfexfk osdeymjeil qiqnnrlapz qpxtrjvxpe lnicnhmajr kyrhqthnvz lndsfxewdc eqdxeqvtsb epdwcjuvdr kgktiatgjn epdwcjuvdr eqdxeqvtsb lndsfxewdc vkrlpmybdj jrusiskazm ichabbvkhm oavtmpaqji qydclznxrd ljhmnbaicr qgfchcatzi cmdqzmgvfi rlxmdzqomd gkcfktyute phknwbtipl xguvjomcdt nwlccbonas itbfnxnauh nwlccbonas xguvjomcdt phknwbtipl wirlbujvjm hsjqtjkukk sjtuxgdwms kvxwqiryyu sjtuxgdwms hsjqtjkukk wirlbujvjm kwbnyneokj qpxtrjvxpe tmatbexcil qpxtrjvxpe kwbnyneokj wirlbujvjm phknwbtipl xguvjomcdt phknwbtipl wirlbujvjm hsjqtjkukk bbczvyonym lazlsvgukx wynbxuuxru jqtguzxxsl xftptyrlvl xawkqmfmmx xftptyrlvl jqtguzxxsl wynbxuuxru epdwcjuvdr eooyfwmxln fczruomdab uhalgukdzb kwbnyneokj qpxtrjvxpe qiqnnrlapz osdeymjeil wkwwcqjtxf koawdpgqdx qepegujmaa pcilmgdrgc jqtguzxxsl xftptyrlvl fluzhooehk xftptyrlvl jqtguzxxsl wynbxuuxru lazlsvgukx bbczvyonym kwbnyneokj qpxtrjvxpe qiqnnrlapz qpxtrjvxpe lnicnhmajr ytidnmibdj owusjcmdkp uddkspyqjc yiwwdwbzth uddkspyqjc jfccyptuug cpwyxulkjm nbjyrygtdh ymvlfsdhbu frfueiglva ldnozwuuuq frfueiglva ymvlfsdhbu nbjyrygtdh yqwistxtxc xguvjomcdt nwlccbonas bbwcqzwyoz ijbfzrqwct qfbvncxldf ixyurvbpvu qepegujmaa pcilmgdrgc wwqchwdmtx jedsthbmzo euqbrkzdsw zivwgfcxqi phknwbtipl xguvjomcdt yqwistxtxc hofbtczdgp jwcdeoubpx zpjhxyylhb bswhowadhl ljhmnbaicr qgfchcatzi yriqtwavfx gucdicwxmb yriqtwavfx uhalgukdzb fczruomdab eooyfwmxln epdwcjuvdr wynbxuuxru jqtguzxxsl smwxdupkdv jqtguzxxsl pcilmgdrgc qepegujmaa ixyurvbpvu qfbvncxldf ijbfzrqwct bimtbhwsby wtlzrefwav pbefrggyje xwrvhrxnqy pbefrggyje wtlzrefwav mdyuzxshey bbczvyonym hsjqtjkukk wirlbujvjm phknwbtipl zivwgfcxqi euqbrkzdsw jedsthbmzo wwqchwdmtx pcilmgdrgc jqtguzxxsl xftptyrlvl mysadifwma xftptyrlvl jqtguzxxsl wynbxuuxru oegfbrwyrp ebqxbaqnmm xwrvhrxnqy xifuopshzj afortwurqt ahqdrcepub byyqgjwsrp rfcbhdtwvm awqmxektil mswyvpdrsy yqwistxtxc xywdziunpr oggftsricu xywdziunpr vugkhjygfe aruwdskzta lnicnhmajr kyrhqthnvz lndsfxewdc eqdxeqvtsb xnppuesbrr pbefrggyje wtlzrefwav mdyuzxshey ouxenssqdu mdyuzxshey wtlzrefwav pbefrggyje unihwwnyqz xplqpgpbvq xknpudafue guuudgvhny vugkhjygfe aruwdskzta lnicnhmajr qpxtrjvxpe tmatbexcil byyqgjwsrp gjmmikaxih jrusiskazm ichabbvkhm jrusiskazm gjmmikaxih lkvtxfwozs wkwwcqjtxf osdeymjeil jrmlkfexfk seeyrseflx hkempoemlv seeyrseflx czvqvijjlb nbjyrygtdh yqwistxtxc xguvjomcdt phknwbtipl fdgcygwgjf phknwbtipl gkcfktyute khisjiexts lndsfxewdc vkrlpmybdj lndsfxewdc eqdxeqvtsb epdwcjuvdr wynbxuuxru jqtguzxxsl optviwhmbr vfdsalrajq optviwhmbr jqtguzxxsl smwxdupkdv tvcolajnao lcrihrmoqu tvcolajnao smwxdupkdv jqtguzxxsl xftptyrlvl uooysjrxsb xftptyrlvl jqtguzxxsl wynbxuuxru epdwcjuvdr ybdknfjgrw bpbbtoptwg rnpokwoqgt fdgcygwgjf fclmzghxkf oegfbrwyrp xqwyvbvueh tvcolajnao lcrihrmoqu xkasbvrrxd gkcfktyute rlxmdzqomd cttlxdtaiw byyqgjwsrp wtjzgzopuw wkwwcqjtxf koawdpgqdx qepegujmaa etdxtwotzh knfzsnhzvx opmnfgpclg xsjzeyxnpw bswhowadhl tgkujfknod jfccyptuug cpwyxulkjm nbjyrygtdh yqwistxtxc xguvjomcdt phknwbtipl zivwgfcxqi phknwbtipl wirlbujvjm kwbnyneokj uhalgukdzb yriqtwavfx rkyixxpcbx yriqtwavfx qgfchcatzi ljhmnbaicr pdljcbluhp koawdpgqdx qepegujmaa koawdpgqdx wkwwcqjtxf osdeymjeil jrmlkfexfk seeyrseflx czvqvijjlb nbjyrygtdh ymvlfsdhbu lazlsvgukx wynbxuuxru qzdrdcxoib voaumgrcuj qzdrdcxoib wynbxuuxru epdwcjuvdr eqdxeqvtsb xnppuesbrr gllungmori qxuqrfzzob gllungmori xnppuesbrr pbefrggyje unihwwnyqz xplqpgpbvq xknpudafue guuudgvhny ivugtsvtqb optviwhmbr ivugtsvtqb guuudgvhny vugkhjygfe aruwdskzta vugkhjygfe guuudgvhny stdiixwrjc owusjcmdkp sinegnctim jfccyptuug cpwyxulkjm jfccyptuug sinegnctim owusjcmdkp ytidnmibdj siatqqydwf wtyqwjwskq ahqdrcepub gbdejcnknd ahqdrcepub byyqgjwsrp wtjzgzopuw wkwwcqjtxf koawdpgqdx pdljcbluhp ljhmnbaicr qydclznxrd xwrvhrxnqy ebqxbaqnmm oegfbrwyrp ebqxbaqnmm ytidnmibdj lnicnhmajr xychpimpzb qcktwemqbm knfzsnhzvx opmnfgpclg tgbmxdmvwe lcrihrmoqu xkasbvrrxd gkcfktyute khisjiexts afrdrejwtp wtlzrefwav bimtbhwsby ijbfzrqwct qfbvncxldf ixyurvbpvu qepegujmaa koawdpgqdx psiebvskfb koawdpgqdx wkwwcqjtxf osdeymjeil jrmlkfexfk scesbtewjx jrmlkfexfk osdeymjeil wkwwcqjtxf wtjzgzopuw byyqgjwsrp ahqdrcepub wtyqwjwskq siatqqydwf fczruomdab eooyfwmxln fczruomdab uhalgukdzb dnmgxnhbgi vnzypgtlkj unihwwnyqz pbefrggyje xwrvhrxnqy qydclznxrd ljhmnbaicr bswhowadhl xsjzeyxnpw ymvlfsdhbu lazlsvgukx wynbxuuxru jqtguzxxsl xftptyrlvl mysadifwma robpunozly bnmegnfgii robpunozly mysadifwma xftptyrlvl uooysjrxsb nfvvjywhsb ztvejhcxjs kijbyyuzhd idfvjoquhh xqwyvbvueh idfvjoquhh kijbyyuzhd wtyqwjwskq ahqdrcepub byyqgjwsrp rfcbhdtwvm bpbbtoptwg ybdknfjgrw epdwcjuvdr wynbxuuxru oegfbrwyrp ebqxbaqnmm xwrvhrxnqy xifuopshzj afortwurqt zmfuudfatm afortwurqt chjuuxuacs bimtbhwsby wtlzrefwav afrdrejwtp pwgublhwxg pymtnhypxd frfueiglva ymvlfsdhbu lazlsvgukx wynbxuuxru epdwcjuvdr eqdxeqvtsb lndsfxewdc vkrlpmybdj jrusiskazm gjmmikaxih lkvtxfwozs wkwwcqjtxf osdeymjeil qiqnnrlapz qpxtrjvxpe kwbnyneokj qqtzqvrvyc tgbmxdmvwe qqtzqvrvyc kwbnyneokj wirlbujvjm phknwbtipl xguvjomcdt nwlccbonas xguvjomcdt yqwistxtxc xywdziunpr vugkhjygfe guuudgvhny ivugtsvtqb optviwhmbr jqtguzxxsl pcilmgdrgc jqtguzxxsl wynbxuuxru oegfbrwyrp ebqxbaqnmm xwrvhrxnqy xifuopshzj xwrvhrxnqy ebqxbaqnmm ytidnmibdj lnicnhmajr xychpimpzb bulywvvpni xychpimpzb lnicnhmajr aruwdskzta vugkhjygfe guuudgvhny ivugtsvtqb optviwhmbr jqtguzxxsl wynbxuuxru lazlsvgukx ymvlfsdhbu aokbiptbzc ymvlfsdhbu lazlsvgukx wynbxuuxru jqtguzxxsl pcilmgdrgc ivgbjyugdu pcilmgdrgc jqtguzxxsl wynbxuuxru lazlsvgukx ymvlfsdhbu nbjyrygtdh ymvlfsdhbu xsjzeyxnpw bswhowadhl zpjhxyylhb kvfpaspidv wtyqwjwskq siatqqydwf fczruomdab eooyfwmxln epdwcjuvdr eqdxeqvtsb epdwcjuvdr wynbxuuxru jqtguzxxsl xftptyrlvl evdoyagqfp
99
evdoyagqfp evdoyagqfp
wynbxuuxru wynbxuuxru
oegfbrwyrp oegfbrwyrp
xwrvhrxnqy xwrvhrxnqy
oavtmpaqji oavtmpaqji
tmrnpjqnxx tmrnpjqnxx
optviwhmbr optviwhmbr
ivugtsvtqb ivugtsvtqb
guuudgvhny guuudgvhny
vugkhjygfe vugkhjygfe
aruwdskzta aruwdskzta
lnicnhmajr lnicnhmajr
qpxtrjvxpe qpxtrjvxpe
tmatbexcil tmatbexcil
byyqgjwsrp byyqgjwsrp
qxfgqgbbdn qxfgqgbbdn
wkwwcqjtxf wkwwcqjtxf
osdeymjeil osdeymjeil
jrmlkfexfk jrmlkfexfk
qiqnnrlapz qiqnnrlapz
kyrhqthnvz kyrhqthnvz
lndsfxewdc lndsfxewdc
eqdxeqvtsb eqdxeqvtsb
kgktiatgjn kgktiatgjn
vkrlpmybdj vkrlpmybdj
jrusiskazm jrusiskazm
ichabbvkhm ichabbvkhm
qgfchcatzi qgfchcatzi
xguvjomcdt xguvjomcdt
nwlccbonas nwlccbonas
itbfnxnauh itbfnxnauh
hsjqtjkukk hsjqtjkukk
kvxwqiryyu kvxwqiryyu
bbczvyonym bbczvyonym
xawkqmfmmx xawkqmfmmx
eooyfwmxln eooyfwmxln
uhalgukdzb uhalgukdzb
qepegujmaa qepegujmaa
pcilmgdrgc pcilmgdrgc
fluzhooehk fluzhooehk
yiwwdwbzth yiwwdwbzth
cpwyxulkjm cpwyxulkjm
nbjyrygtdh nbjyrygtdh
ymvlfsdhbu ymvlfsdhbu
ldnozwuuuq ldnozwuuuq
bbwcqzwyoz bbwcqzwyoz
qfbvncxldf qfbvncxldf
wwqchwdmtx wwqchwdmtx
euqbrkzdsw euqbrkzdsw
zivwgfcxqi zivwgfcxqi
hofbtczdgp hofbtczdgp
bswhowadhl bswhowadhl
gucdicwxmb gucdicwxmb
smwxdupkdv smwxdupkdv
bimtbhwsby bimtbhwsby
wtlzrefwav wtlzrefwav
pbefrggyje pbefrggyje
mdyuzxshey mdyuzxshey
mysadifwma mysadifwma
xifuopshzj xifuopshzj
afortwurqt afortwurqt
ahqdrcepub ahqdrcepub
xywdziunpr xywdziunpr
oggftsricu oggftsricu
xnppuesbrr xnppuesbrr
ouxenssqdu ouxenssqdu
lkvtxfwozs lkvtxfwozs
seeyrseflx seeyrseflx
hkempoemlv hkempoemlv
fdgcygwgjf fdgcygwgjf
vfdsalrajq vfdsalrajq
tvcolajnao tvcolajnao
lcrihrmoqu lcrihrmoqu
uooysjrxsb uooysjrxsb
rnpokwoqgt rnpokwoqgt
xqwyvbvueh xqwyvbvueh
xkasbvrrxd xkasbvrrxd
cttlxdtaiw cttlxdtaiw
etdxtwotzh etdxtwotzh
tgkujfknod tgkujfknod
rkyixxpcbx rkyixxpcbx
pdljcbluhp pdljcbluhp
voaumgrcuj voaumgrcuj
qxuqrfzzob qxuqrfzzob
stdiixwrjc stdiixwrjc
gbdejcnknd gbdejcnknd
xychpimpzb xychpimpzb
tgbmxdmvwe tgbmxdmvwe
afrdrejwtp afrdrejwtp
psiebvskfb psiebvskfb
scesbtewjx scesbtewjx
vnzypgtlkj vnzypgtlkj
bnmegnfgii bnmegnfgii
kijbyyuzhd kijbyyuzhd
zmfuudfatm zmfuudfatm
bulywvvpni bulywvvpni
aokbiptbzc aokbiptbzc
ivgbjyugdu ivgbjyugdu
kvfpaspidv kvfpaspidv
