lVOvaZXqjnb1QiPN4SL LxrqIj6vUJmAulbGEsz 6yczq9OEfSPk2s1GodH WMcq9fQKeLJk5Y0CDTR pBC7kb6YvcSm2XysuzG CgrHnsmUEaKbL2Bu9fI PmQXT3OGFtJDs9diWZV wVe6HY1xINUrGjoPvBR 5VbntkgFqTX8w9sYai2 H73qxghnr8SspNjtPW5 K7nbuQS5FWTkmHyhi69 asp20NJKvZUtDiW1Trx ctr2CvsehWx0ENY16wO DQw9naPXAhyUOL6tvVl 1V4PG7oEw2rS9xRO3Bj 7aRmJfDh4vEt258Ai9L d6UiSTzYoMpXGw48gAD bf47z98om5ZMUVORjG0 Sz9FxGJ7CPMEbUovXQq lZ2Ga35MbPOtokD1gF0 cbGv0lH2ekt7XznaK9Q ejNRIidB4gvrEPnTV8U QKaVhgAPN7MzZXkIJif tmubz8TR6MEqo04GaXQ rqNcZ8MUzDE3H2ekKJp ydR9gWXJkKALx6CwnN5 7ylUw023cBhQYobkz4m r7lSNvA6nm9JpW8THBj YioPekqCUnASaBF9NdH 0I5bOlMW6Q9DuYsrn12 9TnE82lFzgSRfhLcjty ydR9gWXJkKALx6CwnN5 DQw9naPXAhyUOL6tvVl QxOibWH820XNYpq3tLs QKaVhgAPN7MzZXkIJif xgwVF2QIT3hvcbajUW6 bWTReYw0BhlvS4MOVfL K7nbuQS5FWTkmHyhi69 asp20NJKvZUtDiW1Trx sYlHgS5wtRaZOTc7xoL PMi5mGhrzJqWAYD3BHv PmQXT3OGFtJDs9diWZV QxOibWH820XNYpq3tLs QKaVhgAPN7MzZXkIJif ydR9gWXJkKALx6CwnN5 prEdKF8t2xfGRCWhIb6 rqNcZ8MUzDE3H2ekKJp ydR9gWXJkKALx6CwnN5 lVOvaZXqjnb1QiPN4SL
31
lVOvaZXqjnb1QiPN4SL lVOvaZXqjnb1QiPN4SL 
LxrqIj6vUJmAulbGEsz LxrqIj6vUJmAulbGEsz 
6yczq9OEfSPk2s1GodH 6yczq9OEfSPk2s1GodH 
WMcq9fQKeLJk5Y0CDTR WMcq9fQKeLJk5Y0CDTR 
pBC7kb6YvcSm2XysuzG pBC7kb6YvcSm2XysuzG 
CgrHnsmUEaKbL2Bu9fI CgrHnsmUEaKbL2Bu9fI 
PmQXT3OGFtJDs9diWZV PmQXT3OGFtJDs9diWZV 
wVe6HY1xINUrGjoPvBR wVe6HY1xINUrGjoPvBR 
5VbntkgFqTX8w9sYai2 5VbntkgFqTX8w9sYai2 
H73qxghnr8SspNjtPW5 H73qxghnr8SspNjtPW5 
K7nbuQS5FWTkmHyhi69 K7nbuQS5FWTkmHyhi69 
asp20NJKvZUtDiW1Trx asp20NJKvZUtDiW1Trx ofc35ZL6ED4Qs9nYgtu 
ctr2CvsehWx0ENY16wO ctr2CvsehWx0ENY16wO 
DQw9naPXAhyUOL6tvVl DQw9naPXAhyUOL6tvVl yReNFSdk9pj46IBuJlD 
1V4PG7oEw2rS9xRO3Bj 1V4PG7oEw2rS9xRO3Bj 
7aRmJfDh4vEt258Ai9L 7aRmJfDh4vEt258Ai9L 
d6UiSTzYoMpXGw48gAD d6UiSTzYoMpXGw48gAD 
bf47z98om5ZMUVORjG0 bf47z98om5ZMUVORjG0 
Sz9FxGJ7CPMEbUovXQq Sz9FxGJ7CPMEbUovXQq 
lZ2Ga35MbPOtokD1gF0 lZ2Ga35MbPOtokD1gF0 
cbGv0lH2ekt7XznaK9Q cbGv0lH2ekt7XznaK9Q 
ejNRIidB4gvrEPnTV8U ejNRIidB4gvrEPnTV8U 
QKaVhgAPN7MzZXkIJif QKaVhgAPN7MzZXkIJif M5bN0l7KCxBwZvTjOzI UIJTGnEvaFfWoB4pReZ 
tmubz8TR6MEqo04GaXQ tmubz8TR6MEqo04GaXQ 
rqNcZ8MUzDE3H2ekKJp rqNcZ8MUzDE3H2ekKJp q2hnSgjm30BKapPZH8v PjaGwqf8CSFyxQX6Tph gPuR31xAk9zvU6NTyj8 ZYgsVSN6W2mIfqFPXei qe0CW9YTfri5FH8nzhZ oarTSh6swBUepOyZfIL J3FvU9WXMbfo8m0ZhcD ZCNy86nGLY4wfo1cWje 9ZJNwSv0RBa6MeqIpmt WFoj1MI7y5B3zXtAgZ8 w94BKFb1ecikMGfS70L Dea9uc7gshQNXqSrGwR wG9ACiZlVUHDz67EehO zROkalGf12roedQWiBZ YkRo3m4NGhXuEbHLgis 
7ylUw023cBhQYobkz4m 7ylUw023cBhQYobkz4m 
YioPekqCUnASaBF9NdH YioPekqCUnASaBF9NdH 
9TnE82lFzgSRfhLcjty 9TnE82lFzgSRfhLcjty 
bWTReYw0BhlvS4MOVfL bWTReYw0BhlvS4MOVfL 
PMi5mGhrzJqWAYD3BHv PMi5mGhrzJqWAYD3BHv 
prEdKF8t2xfGRCWhIb6 prEdKF8t2xfGRCWhIb6 
