0 65 27 65 67 66 67 65 68 65 0 190 192 190 120 122 120 0 3 0 4 134 124 4 15 35 37 35 90 92 91 92 90 80 82 84 104 17 16 17 146 147 186 77 115 104 4 10 13 10 180 35 38 35 4 130 132 131 132 186 77 116 22 20 35 37 36 37 35 4 130 132 130 135 137 136 137 135 104 17 104 64 34 2 34 139 135 137 166 117 115 25 100 102 100 65 130 132 141 72 70 55 4 184 149 174 47 105 95 97 95 40 43 40 145 0 170 172 170 99 110 57 55 10 12 10 100 145 148 145 180 182 181 182 180 95 25 28 25 110 113 110 114 125 128 125 35 4 179 94 90 92 90 95 87 85 20 140 142 140 105 180 182 180 105 108 105 54 150 152 150 154 4 135 138 135 4 159 34 2 101 2 0 110 65 67 65 180 183 47 45 115 118 115 74 75 78 75 39 69 160 162 161 162 160 130 133 130 160 30 32 30 40 42 40 44 120 123 120 50 52 50 70 72 129 189 4 55 57 56 57 55 10 12 11 12 10 135 4 125 165 168 165 30 4 129 4 40 42 41 42 40 4 144 185 187 185 195 197 195 79 4 55 58 55 195 4 0
100
65 65
27 27
67 67
66 66
68 68
192 192
120 120
122 122
3 3
134 134
124 124
15 15
35 35
37 37
92 92
91 91
82 82
104 104
17 17
16 16
186 186
13 13
180 180
38 38
132 132
131 131
116 116
20 20
36 36
135 135
136 136
64 64
2 2
139 139
166 166
25 25
100 100
102 102
141 141
72 72
55 55
184 184
149 149
47 47
105 105
95 95
97 97
43 43
145 145
172 172
99 99
110 110
57 57
12 12
148 148
182 182
181 181
28 28
113 113
114 114
125 125
128 128
179 179
94 94
87 87
142 142
108 108
54 54
152 152
154 154
138 138
159 159
101 101
183 183
118 118
74 74
78 78
39 39
69 69
160 160
161 161
133 133
30 30
32 32
42 42
44 44
123 123
52 52
129 129
189 189
56 56
11 11
168 168
41 41
144 144
187 187
195 195
197 197
79 79
58 58
