0 4 84 80 85 87 85 80 0 60 85 5 60 44 4 5 20 30 32 30 95 98 52 50 30 29 54 4 40 20 65 4 45 47 45 4 55 58 32 30 10 12 10 12 10 30 80 4 89 49 17 15 90 85 5 7 5 15 4 39 65 90 40 42 98 52 50 75 77 75 55 25 35 65 4 49 94 4 0
35
4 4 99 79 
84 84 
80 80 82 83 
85 85 88 
60 60 63 
5 5 8 
44 44 
20 20 23 
32 32 31 
52 52 51 
29 29 
54 54 
40 40 
65 65 67 68 
55 55 57 
58 58 
89 89 
49 49 
90 90 92 
39 39 
42 42 
94 94 
87 86 
95 97 
30 33 
45 48 
47 46 
12 81 11 
10 13 
17 16 
7 71 
15 18 
77 76 
25 28 
35 37 
