loc0 loc130 loc190 loc154 loc2 loc118 loc109 loc10 loc111 loc120 loc49 loc130 loc40 loc194 loc40 loc121 loc67 loc129 loc183 loc3 loc157 loc13 loc166 loc151 loc187 loc7 loc169 loc143 loc169 loc34 loc115 loc166 loc13 loc157 loc12 loc165 loc135 loc18 loc153 loc10 loc109 loc146 loc128 loc74 loc110 loc74 loc128 loc146 loc109 loc10 loc111 loc12 loc157 loc13 loc103 loc122 loc149 loc95 loc184 loc166 loc115 loc160 loc52 loc105 loc42 loc133 loc16 loc124 loc169 loc26 loc107 loc17 loc161 loc125 loc23 loc176 loc104 loc31 loc139 loc10 loc153 loc1 loc127 loc19 loc118 loc139 loc121 loc13 loc157 loc21 loc129 loc22 loc157 loc13 loc103 loc122 loc176 loc23 loc125 loc116 loc26 loc169 loc61 loc160 loc52 loc105 loc132 loc105 loc52 loc160 loc115 loc34 loc169 loc34 loc115 loc166 loc13 loc157 loc3 loc174 loc189 loc27 loc135 loc90 loc172 loc100 loc136 loc73 loc118 loc139 loc121 loc67 loc129 loc183 loc129 loc49 loc130 loc31 loc112 loc38 loc155 loc5 loc194 loc40 loc121 loc67 loc129 loc183 loc186 loc33 loc114 loc168 loc105 loc52 loc160 loc115 loc34 loc169 loc143 loc35 loc134 loc125 loc23 loc176 loc104 loc31 loc139 loc10 loc153 loc10 loc109 loc199 loc37 loc101 loc73 loc118 loc38 loc112 loc139 loc10 loc111 loc39 loc120 loc49 loc130 loc40 loc194 loc41 loc149 loc95 loc184 loc166 loc115 loc160 loc16 loc133 loc42 loc105 loc52 loc160 loc43 loc115 loc34 loc169 loc26 loc116 loc125 loc23 loc176 loc104 loc31 loc139 loc10 loc111 loc45 loc163 loc127 loc46 loc109 loc146 loc128 loc74 loc110 loc74 loc128 loc146 loc109 loc10 loc111 loc120 loc49 loc193 loc103 loc166 loc115 loc160 loc52 loc105 loc52 loc160 loc61 loc169 loc143 loc53 loc134 loc125 loc23 loc176 loc104 loc31 loc139 loc10 loc111 loc54 loc153 loc55 loc127 loc19 loc118 loc29 loc155 loc29 loc118 loc19 loc127 loc163 loc39 loc189 loc39 loc120 loc49 loc130 loc58 loc140 loc149 loc95 loc184 loc166 loc115 loc160 loc52 loc105 loc52 loc160 loc61 loc169 loc26 loc116 loc62 loc125 loc23 loc176 loc104 loc31 loc139 loc10 loc111 loc54 loc171 loc90 loc163 loc127 loc64 loc109 loc118 loc19 loc127 loc163 loc180 loc66 loc129 loc67 loc121 loc31 loc104 loc149 loc95 loc184 loc166 loc115 loc160 loc16 loc133 loc69 loc105 loc52 loc160 loc70 loc169 loc143 loc169 loc34 loc115 loc166 loc13 loc157 loc12 loc111 loc10 loc109 loc73 loc137 loc128 loc146 loc109 loc10 loc111 loc120 loc49 loc130 loc76 loc104 loc149 loc95 loc184 loc166 loc115 loc160 loc16 loc133 loc78 loc105 loc52 loc160 loc115 loc34 loc169 loc26 loc107 loc80 loc125 loc23 loc176 loc104 loc31 loc139 loc10 loc153 loc81 loc162 loc172 loc55 loc127 loc19 loc118 loc29 loc155 loc29 loc118 loc109 loc10 loc111 loc165 loc84 loc138 loc157 loc85 loc166 loc58 loc140 loc149 loc95 loc184 loc121 loc67 loc129 loc183 loc186 loc87 loc168 loc105 loc52 loc160 loc88 loc124 loc169 loc26 loc107 loc179 loc80 loc125 loc23 loc176 loc104 loc31 loc139 loc10 loc153 loc91 loc127 loc109 loc146 loc128 loc74 loc110 loc74 loc128 loc2 loc118 loc139 loc121 loc67 loc129 loc183 loc186 loc183 loc129 loc49 loc193 loc94 loc104 loc95 loc184 loc166 loc115 loc160 loc52 loc105 loc42 loc133 loc97 loc124 loc169 loc26 loc107 loc98 loc125 loc23 loc176 loc95 loc184 loc121 loc67 loc129 loc174 loc99 loc135 loc90 loc172 loc100 loc127 loc1 loc190 loc130 loc0
83
loc2 loc2 
loc10 loc10 
loc49 loc49 
loc40 loc40 
loc67 loc67 
loc3 loc3 
loc13 loc13 
loc7 loc7 
loc34 loc34 
loc12 loc12 
loc18 loc18 
loc74 loc74 
loc95 loc95 
loc52 loc52 
loc42 loc42 
loc16 loc16 
loc26 loc26 
loc17 loc17 
loc23 loc23 
loc31 loc31 
loc1 loc1 
loc19 loc19 
loc21 loc21 
loc22 loc22 
loc61 loc61 
loc27 loc27 
loc90 loc90 
loc100 loc100 
loc73 loc73 
loc38 loc38 
loc5 loc5 
loc33 loc33 
loc35 loc35 
loc37 loc37 
loc39 loc39 
loc41 loc41 
loc43 loc43 
loc45 loc45 
loc46 loc46 
loc53 loc53 
loc54 loc54 
loc55 loc55 
loc29 loc29 
loc58 loc58 
loc62 loc62 
loc64 loc64 
loc66 loc66 
loc69 loc69 
loc70 loc70 
loc76 loc76 
loc78 loc78 
loc80 loc80 
loc81 loc81 
loc84 loc84 
loc85 loc85 
loc87 loc87 
loc88 loc88 
loc91 loc91 
loc94 loc94 
loc97 loc97 
loc98 loc98 
loc99 loc99 
loc120 loc75 loc4 loc48 
loc183 loc30 loc6 
loc143 loc71 loc8 
loc135 loc9 
loc110 loc47 loc11 loc92 
loc149 loc77 loc59 loc14 loc86 loc68 
loc105 loc60 loc51 loc96 loc15 
loc118 loc20 loc65 
loc132 loc24 
loc115 loc25 loc79 
loc136 loc28 
loc155 loc56 loc32 loc83 
loc153 loc36 
loc116 loc44 
loc103 loc50 
loc189 loc57 
loc171 loc63 
loc111 loc72 
loc172 loc82 
loc179 loc89 
loc186 loc93 
