loc0 loc67 loc2 loc65 loc2 loc67 loc0 loc66 loc4 loc76 loc94 loc86 loc67 loc0 loc66 loc93 loc6 loc51 loc78 loc7 loc61 loc79 loc71 loc26 loc70 loc0 loc66 loc72 loc54 loc18 loc75 loc40 loc94 loc2 loc65 loc2 loc67 loc0 loc58 loc13 loc67 loc0 loc85 loc34 loc78 loc7 loc61 loc16 loc53 loc25 loc52 loc34 loc85 loc75 loc40 loc94 loc2 loc65 loc82 loc19 loc73 loc20 loc65 loc2 loc67 loc0 loc85 loc57 loc60 loc57 loc85 loc22 loc67 loc86 loc77 loc43 loc52 loc88 loc52 loc25 loc53 loc26 loc70 loc0 loc58 loc75 loc40 loc94 loc2 loc65 loc2 loc67 loc0 loc66 loc31 loc76 loc94 loc32 loc67 loc0 loc66 loc93 loc33 loc57 loc34 loc52 loc25 loc53 loc25 loc70 loc0 loc66 loc72 loc54 loc18 loc75 loc40 loc94 loc2 loc65 loc2 loc94 loc76 loc39 loc58 loc40 loc94 loc86 loc5 loc95 loc41 loc89 loc71 loc79 loc61 loc7 loc78 loc7 loc52 loc43 loc70 loc26 loc71 loc26 loc70 loc0 loc66 loc99 loc45 loc63 loc75 loc40 loc94 loc2 loc65 loc92 loc47 loc68 loc2 loc94 loc76 loc48 loc58 loc49 loc76 loc94 loc86 loc67 loc0
37
loc2 loc2 
loc4 loc4 
loc6 loc6 
loc7 loc7 
loc26 loc26 
loc18 loc18 
loc40 loc40 
loc13 loc13 
loc34 loc34 
loc16 loc16 
loc25 loc25 
loc19 loc19 
loc20 loc20 
loc22 loc22 
loc43 loc43 
loc31 loc31 
loc32 loc32 
loc33 loc33 
loc39 loc39 
loc5 loc5 
loc41 loc41 
loc45 loc45 
loc47 loc47 
loc48 loc48 
loc49 loc49 
loc65 loc1 loc38 loc46 loc10 loc11 loc28 loc29 loc37 
loc66 loc30 loc3 
loc71 loc8 loc44 
loc54 loc36 loc9 
loc58 loc12 
loc67 loc14 
loc78 loc15 loc42 
loc53 loc17 loc35 
loc60 loc21 
loc86 loc50 loc23 
loc88 loc24 
loc75 loc27 
