85 1 0 1 6 7 6 8 4 11 4 13 14 15 12 16 18 17 18 22 2 23 2 27 2 28 32 31 82 34 5 35 3 37 38 3 43 3 44 39 45 39 46 2 47 3 48 19 50 2 51 2 52 2 53 32 54 21 55 10 56 32 57 9 64 32 68 32 69 42 71 58 76 21 77 21 79 21 80 19 81 3 86 32 87 10 91 3 92 14 93 26 94 19 96 20 98 21 99 12 85
50
1 1
0 0
7 7
8 8
11 11
13 13
15 15
16 16
17 17
22 22
23 23
27 27
28 28
31 31
34 34
35 35
37 37
38 38
43 43
44 44
45 45
46 46
47 47
48 48
50 50
51 51
52 52
53 53
54 54
55 55
56 56
57 57
64 64
68 68
69 69
71 71
76 76
77 77
79 79
80 80
81 81
86 86
87 87
91 91
92 92
93 93
94 94
96 96
98 98
99 99
