99 2 0 1 5 21 8 9 7 10 31 12 19 15 16 17 2 18 6 20 8 22 19 24 21 25 2 27 3 28 11 30 36 34 7 35 14 39 2 40 62 41 14 42 2 47 11 51 32 53 3 56 19 59 7 61 11 63 13 68 2 75 29 78 11 80 3 82 45 83 23 88 16 94 3 98 7 100 28 103 14 106 6 111 7 112 57 114 50 117 32 119 19 122 37 123 14 125 13 126 3 131 43 132 6 142 7 146 16 148 38 149 3 150 48 151 52 155 19 158 29 160 11 161 14 163 32 165 16 166 3 168 13 169 60 170 50 171 23 172 11 174 36 178 38 180 7 183 29 184 19 185 16 186 46 188 31 190 19 192 2 99
91
99 99 
0 0 
1 1 4 
5 5 
8 8 
9 9 
10 10 
12 12 
15 15 
17 17 
18 18 
20 20 
22 22 
24 24 
25 25 
27 27 
28 28 102 
30 30 
34 34 
35 35 
39 39 
40 40 
41 41 
42 42 
47 47 
51 51 
53 53 
56 56 
59 59 
61 61 
63 63 
68 68 
75 75 
78 78 
80 80 
82 82 
83 83 
88 88 
94 94 
98 98 
100 100 
103 103 
106 106 
111 111 
112 112 
114 114 
117 117 
119 119 
122 122 
123 123 
125 125 
126 126 
131 131 
132 132 
142 142 
146 146 
148 148 
149 149 
150 150 
151 151 
155 155 
158 158 
160 160 
161 161 
163 163 
165 165 
166 166 
168 168 
169 169 
170 170 
171 171 
172 172 
174 174 
178 178 
180 180 
183 183 
184 184 
185 185 
186 186 
188 188 
190 190 
192 192 
2 26 70 73 
36 33 
3 130 55 97 167 127 
13 66 
16 90 92 
14 124 
32 164 
11 173 
7 181 
