99 5 0 57 1 11 2 97 3 4 5 10 6 1 7 5 8 19 9 14 10 5 11 12 5 13 9 14 9 15 16 17 18 9 19 9 20 0 21 0 22 9 23 12 24 2 25 16 26 14 27 29 28 29 30 31 32 33 34 4 35 4 36 5 37 32 38 15 39 40 2 41 42 13 43 44 9 45 33 46 1 47 38 48 4 49 99
50
5 5
0 0
1 1
11 11
2 2
3 3
4 4
10 10
6 6
7 7
8 8
19 19
9 9
14 14
12 12
13 13
15 15
16 16
17 17
18 18
20 20
21 21
22 22
23 23
24 24
25 25
26 26
27 27
29 29
28 28
30 30
31 31
32 32
33 33
34 34
35 35
36 36
37 37
38 38
39 39
40 40
41 41
42 42
43 43
44 44
45 45
46 46
47 47
48 48
49 49
