0 3 4 5 6 7 8 9 10 12 13 14 11 9 10 31 28 26 23 32 20 19 20 32 23 25 26 28 31 10 9 11 14 92 93 96 98 100 102 105 107 ViksNode 112 116 117 33 34 35 36 37 38 42 44 46 47 48 49 51 53 54 56 58 59 58 62 70 71 64 73 72 74 76 77 78 79 80 81 83 86 85 17 19 20 32 23 26 28 31 10 9 11 14 92 94 93 96 98 100 102 105 107 ViksNode 128 129 128 ViksNode 107 105 102 100 122 100 101 102 106 107 ViksNode 112 115 113 114 115 112 ViksNode 107 ViksNode 112 116 112 ViksNode 107 105 102 100 98 96 93 92 14 11 9 10 31 28 0
39
3 3 
4 4 
7 7 
8 8 
10 10 
13 13 
20 20 21 
19 19 18 
25 25 
117 117 
35 35 
36 36 
37 37 
42 42 43 
47 47 
48 48 
53 53 
56 56 
59 59 60 
70 70 
71 71 
73 73 
74 74 
78 78 
80 80 
86 86 
94 94 
106 106 
113 113 
114 114 
14 15 
28 30 27 
54 55 
62 63 
129 130 
100 99 
122 123 121 
101 104 
107 108 
