destitute Andersen Auberge Bleeker Isfahan Darwin Irvin Dominican Bleeker Elizabethan Andersen Fisk Amtrak Gilmore Andersen Halstead Andersen Hewlett Bernini Hindi Injun Dominican Isfahan Amtrak Loomis Amtrak MN Amtrak McCall Modesto Bernini Rio Andersen Vega amateur Fisk anvil McCall balustrade Amtrak bobble choice Bernini connubial Bernini creekside Andersen decor Andersen diligent Amtrak embassy extractor Andersen fatten funny illusion jewel Auberge mediate midget Bernini minion Bernini papal ripe Auberge schedule Auberge septillion shroud slowdown stanza Amtrak swingy Amtrak swordfish tate Andersen transpiration trill yogurt destitute
50
Andersen Andersen
Auberge Auberge
Bleeker Bleeker
Isfahan Isfahan
Darwin Darwin
Dominican Dominican
Elizabethan Elizabethan
Fisk Fisk
Gilmore Gilmore
Halstead Halstead
Hewlett Hewlett
Hindi Hindi
Injun Injun
Loomis Loomis
MN MN
McCall McCall
Modesto Modesto
Rio Rio
Vega Vega
amateur amateur
anvil anvil
balustrade balustrade
bobble bobble
choice choice
connubial connubial
creekside creekside
decor decor
diligent diligent
embassy embassy
extractor extractor
fatten fatten
funny funny
illusion illusion
jewel jewel
mediate mediate
midget midget
minion minion
papal papal
ripe ripe
schedule schedule
septillion septillion
shroud shroud
slowdown slowdown
stanza stanza
swingy swingy
swordfish swordfish
tate tate
transpiration transpiration
trill trill
yogurt yogurt
