woebegone MN Auberge Amtrak Elizabethan December Bernini Durango Hewlett Irvin Isfahan bunch McCall numerology Modesto archive PDP Bernini Reilly Halstead Rodney Simon Durango Stephen Halstead Sunday companion Tucson Durango Vega creekside Wheller bacteria Winchester car Zorn Durango administer anvil archive Halstead babysat encumbrance backplate December Elizabethan barnacle Sunday bat archive bifurcate Durango broil Amtrak bunch Durango car December casserole felony catenate Darwin funny choice Sicilian coarse Elizabethan connubial postscript deduce lexicon diligent Durango directory Curtis dreadnought Elizabethan dull PDP embroil December equipping exothermic MN explosion Durango extrovert Amtrak felony fulsome anvil funky archive funny noon griddle MN icon Curtis illusion balustrade imperishable destitute inform Durango involuntary Bernini limitate Simon mack Curtis funny mediate bunch midstream encumbrance millennium stanza mitre Halstead Durango noon numerology oriole illusion papal Irvin postscript renaissance Halstead secondary jewel septillion McCall shovel Durango silage December simulate Amtrak slowdown bunch softball Halstead sphalerite fatten spill mitre stanza Curtis swingy Halstead swordfish Amtrak thirteen MN thoroughfare Halstead transfuse Simon trimester MN update Durango Tucson viscous balustrade whatsoever bunch wingspread funny yearn car yogurt MN woebegone
93
Auberge Auberge 
December December 
Durango Durango Fisk Gilmore Goodrich monotonous 
Hewlett Hewlett 
Irvin Irvin 
Isfahan Isfahan 
bunch bunch 
McCall McCall 
numerology numerology 
Modesto Modesto 
archive archive 
PDP PDP 
Reilly Reilly 
Rodney Rodney 
Simon Simon transonic 
Stephen Stephen 
Sunday Sunday 
Tucson Tucson 
Vega Vega 
Wheller Wheller 
Winchester Winchester 
car car 
Zorn Zorn 
administer administer 
anvil anvil 
babysat babysat 
backplate backplate 
barnacle barnacle 
bat bat 
bifurcate bifurcate 
broil broil 
casserole casserole 
felony felony 
catenate catenate 
Darwin Darwin 
funny funny 
choice choice 
coarse coarse 
connubial connubial 
postscript postscript relaxation 
deduce deduce 
diligent diligent 
directory directory 
Curtis Curtis 
dreadnought dreadnought 
dull dull 
embroil embroil 
equipping equipping 
exothermic exothermic 
explosion explosion 
extrovert extrovert 
fulsome fulsome 
funky funky 
noon noon 
griddle griddle 
icon icon 
illusion illusion 
imperishable imperishable 
inform inform 
involuntary involuntary 
limitate limitate 
mack mack 
mediate mediate 
midstream midstream 
millennium millennium 
stanza stanza 
mitre mitre 
oriole oriole 
papal papal 
renaissance renaissance 
secondary secondary 
septillion septillion 
shovel shovel 
silage silage 
simulate simulate 
slowdown slowdown 
softball softball 
sphalerite sphalerite 
spill spill 
swingy swingy 
swordfish swordfish 
thirteen thirteen 
thoroughfare thoroughfare 
transfuse transfuse 
trimester trimester 
update update 
viscous viscous 
whatsoever whatsoever 
wingspread wingspread 
yearn yearn 
yogurt yogurt 
MN Andersen 
Amtrak sinh tate 
