exothermic Bernini Andersen Bernini Curtis Injun FPC Hewlett Halstead McCall Injun Iowa Irvin McCall Bernini Tucson Bernini amateur Iowa coarse FPC combine Injun decor Injun extrovert felony Injun lordosis midget namesake Dominican sacrifice FPC shovel swordfish trill extrovert wafer Halstead yogurt lordosis exothermic
25
Bernini Bernini
Andersen Andersen
Curtis Curtis
Injun Injun
FPC FPC
Halstead Halstead
McCall McCall
Iowa Iowa
Irvin Irvin
Tucson Tucson
amateur amateur
coarse coarse
combine combine
decor decor
extrovert extrovert
felony felony
lordosis lordosis
midget midget
namesake namesake
sacrifice sacrifice
shovel shovel
swordfish swordfish
trill trill
wafer wafer
yogurt yogurt
