1 34 4 39 19 46 23 8 39 48 12 17 38 2 18 43 11 17 33 48 18 31 22 9 45 14 10 34 27 13 25 2 21 28 35 15 25 40 24 42 5 16 35 5 22 30 29 3 19 37 26 30 44 15 42 14 41 7 23 13 36 38 3 47 44 20 12 40 4 6 7 26 45 8 20 37 6 33 1 29 36 28 10 16 24 32 43 41 21 32 27 47 11 31 46 1
48
1 128 49 
34 50 77 
4 118 51 
39 57 52 
19 53 98 
46 144 54 
23 108 55 
8 123 56 
48 58 68 
12 59 116 
17 66 60 
38 111 61 
2 81 62 
18 69 63 
43 136 64 
11 142 65 
33 67 127 
31 143 70 
22 71 94 
9 72 73 
45 122 74 
14 105 75 
10 132 76 
27 78 140 
13 79 109 
25 80 86 
21 82 138 
28 83 131 
35 92 84 
15 103 85 
40 87 117 
24 134 88 
42 89 104 
5 90 93 
16 91 133 
30 101 95 
29 129 96 
3 97 112 
37 99 125 
26 121 100 
44 102 114 
41 106 137 
7 120 107 
36 110 130 
47 141 113 
20 115 124 
6 119 126 
32 135 139 
