ctUVEJSyNR Z82QDWb0Pr U5XdtBFGOe uVIshS2g8a VBTKstUXwG uVIshS2g8a jKpmFoejPZ 6lpxgUxCxO VbPBW7rmhF BtCEVbHoQI T3o9dNVbcG Z82QDWb0Pr HTp005294X VBTKstUXwG uVIshS2g8a zUWT7uduzq MuYreynm57 osdKgXyg1e gLI8ArV2Ui oPQmRUijH5 BtCEVbHoQI I4iTN5KXjB TDmNOuGJBk T3o9dNVbcG Z82QDWb0Pr 7d3UA4fKWz vZijjgnvKU gLI8ArV2Ui oPQmRUijH5 BtCEVbHoQI HG8olhhcTZ oWdH0Xcxwv VBTKstUXwG HTp005294X VBTKstUXwG uVIshS2g8a zUWT7uduzq MuYreynm57 VbPBW7rmhF QwY2G6aX6c 8Jejdr7ynm 7d3UA4fKWz Z82QDWb0Pr U5XdtBFGOe uVIshS2g8a qg08r1Pg6g N4DMbR59L3 MzId8uwrPz TDmNOuGJBk T3o9dNVbcG TDmNOuGJBk T3o9dNVbcG BtCEVbHoQI VbPBW7rmhF UphA2uAaYC vzXeZbLrSW UphA2uAaYC VbPBW7rmhF BtCEVbHoQI T3o9dNVbcG ctUVEJSyNR
22
Z82QDWb0Pr Z82QDWb0Pr 
U5XdtBFGOe U5XdtBFGOe 
VBTKstUXwG VBTKstUXwG 8UaR4YpZys 
6lpxgUxCxO 6lpxgUxCxO 
BtCEVbHoQI BtCEVbHoQI 
T3o9dNVbcG T3o9dNVbcG RLF9v27sOQ 
zUWT7uduzq zUWT7uduzq 
MuYreynm57 MuYreynm57 
osdKgXyg1e osdKgXyg1e 
gLI8ArV2Ui gLI8ArV2Ui 
oPQmRUijH5 oPQmRUijH5 
I4iTN5KXjB I4iTN5KXjB 
TDmNOuGJBk TDmNOuGJBk 
7d3UA4fKWz 7d3UA4fKWz 
HG8olhhcTZ HG8olhhcTZ 
QwY2G6aX6c QwY2G6aX6c 
8Jejdr7ynm 8Jejdr7ynm 
qg08r1Pg6g qg08r1Pg6g 
MzId8uwrPz MzId8uwrPz 
UphA2uAaYC UphA2uAaYC 
vzXeZbLrSW vzXeZbLrSW f91pUtm9EZ 
HTp005294X IU0Ia8127Z 
