g3ylJsdLuC idQHxtSnxr dj8JMfo3hX 4znnlMjVra MXIvZpEPtW lfdanPGo3c PY68abXYga WAi18jd2vJ S8BtTu4yH9 9ZP8NtfLqm uIf3wnJUdn MXIvZpEPtW g2I4si69gU 0wTk0mYkLH KUJdxKVZFO vUu8ijgxxf bsEkAY2K41 vUu8ijgxxf DJYFSgxecW vLjEFrUVJv qjDSEKmZMW 7wS9dKOnJR 12ECENJIev Oiowits7js FvzkpZRSj8 Tk8ERvdKxF oCk2Yieytb uqBwmUCwgE 9LabQjTqkn dMOAUqH7Z3 qnkfLCmfDn Pijq8aHqIR qnkfLCmfDn oEdovEhrWM Q2bVxDrpEx TBzLS0OAYU 723MhcLxt0 7wS9dKOnJR qjDSEKmZMW FqFik17fFH dqqG7Zio8x XOxGPscMMG WcyuqGYOzU ZjhU7PWKtj QTNhZIciNJ h5Si5BAPN0 oIVQ2qkgnR uIf3wnJUdn MXIvZpEPtW 2nSOTVmvxV yky49wE4YG 723MhcLxt0 7wS9dKOnJR J3muHocLp9 gZXiityEnU Pz3egMzKU8 0SQlBVJ1YY TyL7NE2puV pKK7T4agKn AL20k9yp9D Pijq8aHqIR s3eMpsYH00 oIVQ2qkgnR JD3uem81Lg 2q1lo9tSYb CxfzSa2YOV PcFJuErB3q 4TTtdOaCTp uqBwmUCwgE u4FAx2sHZm 1TfvXd6dPZ 1N2P3Sa7im x066w6eh4W Pijq8aHqIR s3eMpsYH00 fWIjO8yhE3 WAi18jd2vJ S8BtTu4yH9 bserQRNqfz Q2bVxDrpEx oEdovEhrWM WYEDqSuNRX oVMPVsMWrZ vnZBjkVngj LeZK9UvMT9 LIaAthcOOG 5hWe1EOa3M IA0Uf143OT uvoepIQg9n fWIjO8yhE3 0SQlBVJ1YY Pz3egMzKU8 gZXiityEnU J3muHocLp9 7wS9dKOnJR VpC9l6m3bG qqiMfzDvYA 5SSy593K31 QOx0Q2p9eD yvMowGbkvn MXIvZpEPtW g2I4si69gU MXIvZpEPtW 4znnlMjVra dj8JMfo3hX QrJxLpX875 2eMl9AO5o8 Tk8ERvdKxF FvzkpZRSj8 YAqGe4tKAP yky49wE4YG Pv5LMSkQii rVrpShxAxl faoQv8TBlx srT70dfQEr K05xB79KZo 2O61j91J3T bserQRNqfz 0mnwiU4XrT idQHxtSnxr 0mnwiU4XrT 2fevl06VRg 33omYiVXOD N6YnWF3Aqg Oiowits7js FvzkpZRSj8 Tk8ERvdKxF oCk2Yieytb dC48GQHGzO 1TfvXd6dPZ u4FAx2sHZm g2I4si69gU 0wTk0mYkLH KUJdxKVZFO fXy828RCG4 uIf3wnJUdn Tk8ERvdKxF oCk2Yieytb dC48GQHGzO RN0bCAV6rQ pk0Vh75DnH 2fevl06VRg 0mnwiU4XrT 1KJyArncTt XlU2fx0ZPn BNkM7qaRNw 7g0Idy1nzK 03xK87sjTf nKHFs5cKTX Oiowits7js FvzkpZRSj8 PcFJuErB3q CxfzSa2YOV M2hatQPY96 gTAImjNH8G 7ZWqK2F5XG 97ZNlakBoq TSSOUimHPg Q1N77BLmyb bsEkAY2K41 33omYiVXOD oCk2Yieytb 33omYiVXOD 5SSy593K31 WvFZJEkTrw RUc8Sio5IX 2eMl9AO5o8 QrJxLpX875 dj8JMfo3hX idQHxtSnxr onlLq65Azx j98kcW9qGB bsEkAY2K41 vUu8ijgxxf euuICgBLD4 r8njDwxc2t JD3uem81Lg IA0Uf143OT BNkM7qaRNw XlU2fx0ZPn 1KJyArncTt 0mnwiU4XrT 2fevl06VRg pk0Vh75DnH RN0bCAV6rQ dC48GQHGzO AXNCIbkEJh BUMLJo6sc3 srT70dfQEr K05xB79KZo Bx61hYSyg6 bWDewy6WbV oCk2Yieytb Tk8ERvdKxF WAi18jd2vJ fWIjO8yhE3 0SQlBVJ1YY oWmQcQwHPo 2eMl9AO5o8 QrJxLpX875 dj8JMfo3hX 4znnlMjVra WYEDqSuNRX oEdovEhrWM qnkfLCmfDn QTNhZIciNJ 9LabQjTqkn 0mnwiU4XrT 2fevl06VRg 0mnwiU4XrT bserQRNqfz 0mnwiU4XrT idQHxtSnxr BUMLJo6sc3 jPXsbXPNMq j98kcW9qGB z8wUSSybzM bhojeHeddF oIVQ2qkgnR JD3uem81Lg IA0Uf143OT 5hWe1EOa3M 2nSOTVmvxV TP2TNyk7wl GQ4F0g3Mdj fXy828RCG4 KUJdxKVZFO 7g0Idy1nzK BNkM7qaRNw yky49wE4YG BNkM7qaRNw IA0Uf143OT mwzQG3SxnO 97ZNlakBoq TSSOUimHPg IGpxjveim7 vnZBjkVngj oVMPVsMWrZ g2I4si69gU MXIvZpEPtW uIf3wnJUdn oIVQ2qkgnR s3eMpsYH00 nKHFs5cKTX Oiowits7js FvzkpZRSj8 Tk8ERvdKxF 2eMl9AO5o8 9LabQjTqkn dMOAUqH7Z3 qnkfLCmfDn yU6iUY8YgO XOxGPscMMG WcyuqGYOzU ZjhU7PWKtj xjSWG1YKh9 wRn7Oi1bcW 0mnwiU4XrT 0SQlBVJ1YY 0mnwiU4XrT 1KJyArncTt XlU2fx0ZPn 7wS9dKOnJR qnkfLCmfDn QTNhZIciNJ 9LabQjTqkn 0mnwiU4XrT idQHxtSnxr vnZBjkVngj LeZK9UvMT9 emYRLTiyj9 2eMl9AO5o8 9LabQjTqkn nFqfAnhO3U 0hs3CNDF4L x066w6eh4W 1N2P3Sa7im u4LnQNaaiz yvMowGbkvn vUu8ijgxxf 9LabQjTqkn 0mnwiU4XrT idQHxtSnxr BUMLJo6sc3 TSSOUimHPg LCKLTNE1vp 9LabQjTqkn uqBwmUCwgE u4FAx2sHZm uqBwmUCwgE oCk2Yieytb TSSOUimHPg IGpxjveim7 x7iq98BiN3 eV8Vk47Uma rCoEuOa7EU mok9StGG0X biWuM2iRnz 4TTtdOaCTp PcFJuErB3q FvzkpZRSj8 YAqGe4tKAP VpC9l6m3bG fXy828RCG4 Cqa6jMOeIY KO0qxEFqYe 1QXjsHNYao 723MhcLxt0 7wS9dKOnJR qjDSEKmZMW jBYJ7v19BQ ZqWjuL44qr vUu8ijgxxf 9LabQjTqkn QTNhZIciNJ 2S929yZddP YpRs8m6oyX FmtLnHv2HY GQ4F0g3Mdj XW1Wn7EqpN rCoEuOa7EU mok9StGG0X TSSOUimHPg BUMLJo6sc3 idQHxtSnxr g3ylJsdLuC
93
idQHxtSnxr idQHxtSnxr 
dj8JMfo3hX dj8JMfo3hX 
4znnlMjVra 4znnlMjVra 
lfdanPGo3c lfdanPGo3c 
WAi18jd2vJ WAi18jd2vJ 
S8BtTu4yH9 S8BtTu4yH9 
uIf3wnJUdn uIf3wnJUdn 
g2I4si69gU g2I4si69gU IT4pKw3giW 
0wTk0mYkLH 0wTk0mYkLH 
KUJdxKVZFO KUJdxKVZFO 
vUu8ijgxxf vUu8ijgxxf 
bsEkAY2K41 bsEkAY2K41 
qjDSEKmZMW qjDSEKmZMW 
12ECENJIev 12ECENJIev 
Oiowits7js Oiowits7js 
FvzkpZRSj8 FvzkpZRSj8 
Tk8ERvdKxF Tk8ERvdKxF 
oCk2Yieytb oCk2Yieytb 
dMOAUqH7Z3 dMOAUqH7Z3 CUEWGmB7Gt 
qnkfLCmfDn qnkfLCmfDn 
Pijq8aHqIR Pijq8aHqIR 
oEdovEhrWM oEdovEhrWM 
TBzLS0OAYU TBzLS0OAYU 
723MhcLxt0 723MhcLxt0 
WcyuqGYOzU WcyuqGYOzU 
QTNhZIciNJ QTNhZIciNJ CSjLrGbUz3 
h5Si5BAPN0 h5Si5BAPN0 
oIVQ2qkgnR oIVQ2qkgnR 
yky49wE4YG yky49wE4YG WRd4lScvm6 
gZXiityEnU gZXiityEnU 
Pz3egMzKU8 Pz3egMzKU8 
TyL7NE2puV TyL7NE2puV 
s3eMpsYH00 s3eMpsYH00 
JD3uem81Lg JD3uem81Lg 
CxfzSa2YOV CxfzSa2YOV 
u4FAx2sHZm u4FAx2sHZm 2OsmeZV9xh 
1TfvXd6dPZ 1TfvXd6dPZ mbSdju1TJK 
oVMPVsMWrZ oVMPVsMWrZ 
LeZK9UvMT9 LeZK9UvMT9 
IA0Uf143OT IA0Uf143OT 
uvoepIQg9n uvoepIQg9n 
5SSy593K31 5SSy593K31 
yvMowGbkvn yvMowGbkvn 
QrJxLpX875 QrJxLpX875 
YAqGe4tKAP YAqGe4tKAP 
Pv5LMSkQii Pv5LMSkQii 
srT70dfQEr srT70dfQEr 
K05xB79KZo K05xB79KZo 
2O61j91J3T 2O61j91J3T 
0mnwiU4XrT 0mnwiU4XrT 
fXy828RCG4 fXy828RCG4 
RN0bCAV6rQ RN0bCAV6rQ 
pk0Vh75DnH pk0Vh75DnH 
XlU2fx0ZPn XlU2fx0ZPn 
BNkM7qaRNw BNkM7qaRNw 
7g0Idy1nzK 7g0Idy1nzK 
03xK87sjTf 03xK87sjTf 
nKHFs5cKTX nKHFs5cKTX 
M2hatQPY96 M2hatQPY96 
97ZNlakBoq 97ZNlakBoq 
Q1N77BLmyb Q1N77BLmyb 
WvFZJEkTrw WvFZJEkTrw 
onlLq65Azx onlLq65Azx 
r8njDwxc2t r8njDwxc2t 
BUMLJo6sc3 BUMLJo6sc3 fecMfiAuGC 
bWDewy6WbV bWDewy6WbV 
oWmQcQwHPo oWmQcQwHPo 
jPXsbXPNMq jPXsbXPNMq 
bhojeHeddF bhojeHeddF 
TP2TNyk7wl TP2TNyk7wl 
GQ4F0g3Mdj GQ4F0g3Mdj 
mwzQG3SxnO mwzQG3SxnO 
yU6iUY8YgO yU6iUY8YgO 
wRn7Oi1bcW wRn7Oi1bcW 
emYRLTiyj9 emYRLTiyj9 
0hs3CNDF4L 0hs3CNDF4L 
u4LnQNaaiz u4LnQNaaiz 
LCKLTNE1vp LCKLTNE1vp 
x7iq98BiN3 x7iq98BiN3 
biWuM2iRnz biWuM2iRnz 
1QXjsHNYao 1QXjsHNYao 
jBYJ7v19BQ jBYJ7v19BQ 
2S929yZddP 2S929yZddP 
YpRs8m6oyX YpRs8m6oyX 
XW1Wn7EqpN XW1Wn7EqpN 
AL20k9yp9D z9nRKYQ1ub 
1KJyArncTt tubjzjzUpV 
j98kcW9qGB aEo62SfMqH 
AXNCIbkEJh xtp1B5q0W1 
fWIjO8yhE3 KHDeTTvJC1 
2fevl06VRg t25XjDwQhD 
bserQRNqfz KpxiCfRqh3 
rCoEuOa7EU 8KtuAXHUy3 
