6Zg7j6t8kt wXTrLT9dUx ECFKqOm791 fbxiHLAsv4 rCrtLJTXdv tvKOOMQ7Sv Iroa6leixY Ma7DUhMrCQ UgxUR9jKcJ dyS1o5lQHD J6nn6V6pVr 1koyFI8rlU J6nn6V6pVr pzbJYPJ1Je I1RTFIGWhc YrPP1U1r20 ckEVpwA8CD YrPP1U1r20 I1RTFIGWhc NgxnYo41LY 2Xeaya9zol zH4Z0p0Ftj HpRVhY9Btb GSDEYlNcCM 97dvK2Az7S GSDEYlNcCM ka4cgDWgq7 M9d0z6OccV gSP0irArmo 1iUrZ2N0MA SDcTVr32JM I1RTFIGWhc YrPP1U1r20 7cteJXIZM1 zG9cl6Gy30 KpPj50fAfy fbxiHLAsv4 KpPj50fAfy dyS1o5lQHD UgxUR9jKcJ NgxnYo41LY SDcTVr32JM 1iUrZ2N0MA GSDEYlNcCM wXTrLT9dUx GSDEYlNcCM 1iUrZ2N0MA SDcTVr32JM 4ViGHxfdlc MpRNDD0glq lrFRnKniRv tc8Ui0HLCm niEIQoqP5I 0sg7h6elOW I1RTFIGWhc YrPP1U1r20 ckEVpwA8CD YQKcyMibnc ckEVpwA8CD YrPP1U1r20 I1RTFIGWhc NULo72dPyj OGWcs2X8pk bc4pLp9tiD cqCbnI2bkr b3jUAAPOlA cqCbnI2bkr SDcTVr32JM 4JtfcKJvHu GSDEYlNcCM 1iUrZ2N0MA s8EkvbOYAX 79JJ9GZF8c dyS1o5lQHD J6nn6V6pVr 1koyFI8rlU G05S6XZiBa 4RZs4XFvF9 ZZt4oj1N7Y ReGEuwhnqY 1iUrZ2N0MA pm1Yq2dCLL iyQiEnpG35 pm1Yq2dCLL uXkvSfF7Kv 88s4txyVUX zG9cl6Gy30 KpPj50fAfy EZQ9HUGjRN KpPj50fAfy OF1HL5xl4P HpRVhY9Btb GSDEYlNcCM 97dvK2Az7S Dkc5CxJ6RV 97dvK2Az7S MImiDijd1o zG9cl6Gy30 7cteJXIZM1 YrPP1U1r20 Iroa6leixY oQb2PqTM8x N08DpqDewo gSP0irArmo OND9LnuOus KpPj50fAfy vCSWEyz4PC KpPj50fAfy OF1HL5xl4P HpRVhY9Btb YZKJeBb8Pe dojrtYXceT ZZt4oj1N7Y 4RZs4XFvF9 OR78sPVsV9 oRs9wR3IGE DFUEuoVNn7 1iUrZ2N0MA pm1Yq2dCLL uXkvSfF7Kv OpwMnuSGmp dyS1o5lQHD KpPj50fAfy OF1HL5xl4P TH1GgoG5GU qJld7Tm42G Iroa6leixY oQb2PqTM8x eQGeDFyUBy 97dvK2Az7S MImiDijd1o VWD9Yy5Xrg HpRVhY9Btb OF1HL5xl4P rBboL3WGMh 0gqiqztWgj 4ViGHxfdlc MpRNDD0glq bc4pLp9tiD oQb2PqTM8x H0NdoJawvz qJld7Tm42G TH1GgoG5GU Octagmmhko TH1GgoG5GU I1RTFIGWhc SDcTVr32JM 1iUrZ2N0MA ESDdDChkYw 1iUrZ2N0MA GSDEYlNcCM J6nn6V6pVr 4lUeyqYb0U NgxnYo41LY SDcTVr32JM 1iUrZ2N0MA s8EkvbOYAX 1iUrZ2N0MA ReGEuwhnqY 8pgnfE3xKu wXTrLT9dUx dojrtYXceT YZKJeBb8Pe gSP0irArmo fhmE7A9rVl gSP0irArmo OND9LnuOus cqCbnI2bkr SDcTVr32JM 1iUrZ2N0MA ESDdDChkYw 1aPtXDhYtV wXTrLT9dUx 8pgnfE3xKu vD4d0BZ03p zH4Z0p0Ftj HpRVhY9Btb ka4cgDWgq7 6Zg7j6t8kt
50
wXTrLT9dUx wXTrLT9dUx
fbxiHLAsv4 fbxiHLAsv4
tvKOOMQ7Sv tvKOOMQ7Sv
Iroa6leixY Iroa6leixY
UgxUR9jKcJ UgxUR9jKcJ
1koyFI8rlU 1koyFI8rlU
I1RTFIGWhc I1RTFIGWhc
YrPP1U1r20 YrPP1U1r20
ckEVpwA8CD ckEVpwA8CD
NgxnYo41LY NgxnYo41LY
zH4Z0p0Ftj zH4Z0p0Ftj
GSDEYlNcCM GSDEYlNcCM
97dvK2Az7S 97dvK2Az7S
ka4cgDWgq7 ka4cgDWgq7
M9d0z6OccV M9d0z6OccV
7cteJXIZM1 7cteJXIZM1
KpPj50fAfy KpPj50fAfy
4ViGHxfdlc 4ViGHxfdlc
MpRNDD0glq MpRNDD0glq
lrFRnKniRv lrFRnKniRv
YQKcyMibnc YQKcyMibnc
OGWcs2X8pk OGWcs2X8pk
cqCbnI2bkr cqCbnI2bkr
b3jUAAPOlA b3jUAAPOlA
4JtfcKJvHu 4JtfcKJvHu
s8EkvbOYAX s8EkvbOYAX
79JJ9GZF8c 79JJ9GZF8c
G05S6XZiBa G05S6XZiBa
4RZs4XFvF9 4RZs4XFvF9
iyQiEnpG35 iyQiEnpG35
uXkvSfF7Kv uXkvSfF7Kv
EZQ9HUGjRN EZQ9HUGjRN
Dkc5CxJ6RV Dkc5CxJ6RV
N08DpqDewo N08DpqDewo
vCSWEyz4PC vCSWEyz4PC
YZKJeBb8Pe YZKJeBb8Pe
dojrtYXceT dojrtYXceT
oRs9wR3IGE oRs9wR3IGE
OpwMnuSGmp OpwMnuSGmp
TH1GgoG5GU TH1GgoG5GU
VWD9Yy5Xrg VWD9Yy5Xrg
0gqiqztWgj 0gqiqztWgj
H0NdoJawvz H0NdoJawvz
Octagmmhko Octagmmhko
ESDdDChkYw ESDdDChkYw
4lUeyqYb0U 4lUeyqYb0U
8pgnfE3xKu 8pgnfE3xKu
fhmE7A9rVl fhmE7A9rVl
1aPtXDhYtV 1aPtXDhYtV
vD4d0BZ03p vD4d0BZ03p
