1 1aC 1aA 1aC 1aB 1aC 1aD 1aC 1aF 1aG 1 1aJ 1aD 1aK 1aL 1 1aN 1aQ 1aB 1aR 1aT 1aA 1aU 1 1aV 1aW 1aA 1aX 1aA 1aY 1aA 1aZ 1aA 1bA 1bB 1bC 1bF 1bG 1 1bH 1 1bI 1aE 1bK 1bL 1bM 5 1aE 7 8 1 9 A B 1 C E G 1 H I J K 1 L N 1aA P 1aG Q R 1aC S 1aB T V 1aG 1
50
1aC 1aC
1aA 1aA
1aB 1aB
1aD 1aD
1aF 1aF
1aG 1aG
1aJ 1aJ
1aK 1aK
1aL 1aL
1aN 1aN
1aQ 1aQ
1aR 1aR
1aT 1aT
1aU 1aU
1aV 1aV
1aW 1aW
1aX 1aX
1aY 1aY
1aZ 1aZ
1bA 1bA
1bB 1bB
1bC 1bC
1bF 1bF
1bG 1bG
1bH 1bH
1bI 1bI
1bK 1bK
1bL 1bL
1bM 1bM
5 5
7 7
8 8
9 9
A A
B B
C C
E E
G G
H H
I I
J J
K K
L L
N N
P P
Q Q
R R
S S
T T
V V
