153 57 168 199 127 85 150 12 119 81 85 140 13 196 188 145 126 118 2 58 105 26 85 13 124 183 86 89 113 21 178 3 197 50 182 183 90 89 83 37 112 105 163 192 16 11 2 98 81 178 143 135 83 156 50 52 30 8 47 61 81 188 40 96 41 57 194 153 172 139 129 7 120 51 49 42 138 56 50 122 89 96 40 23 97 184 126 7 81 95 178 99 86 88 81 19 29 35 74 95 177 192 50 167 53 126 128 50 161 136 131 187 146 169 24 0 105 152 83 108 77 199 34 24 134 57 83 195 183 43 199 79 20 50 171 16 179 56 5 57 28 50 20 153
93
153 153 
168 168 
127 127 
150 150 
12 12 
119 119 
81 81 
140 140 
13 13 
196 196 
188 188 137 
145 145 
126 126 180 
118 118 
2 2 
58 58 
26 26 
124 124 
86 86 
89 89 
113 113 
21 21 
178 178 
3 3 
197 197 
50 50 160 68 70 36 
182 182 
90 90 
83 83 
37 37 
112 112 
163 163 
192 192 
16 16 
11 11 
98 98 
135 135 
156 156 
52 52 
8 8 
47 47 
61 61 
40 40 
96 96 
41 41 
194 194 
172 172 
129 129 
7 7 
120 120 
49 49 
42 42 
138 138 
56 56 
122 122 
23 23 
184 184 
95 95 
99 99 
88 88 
19 19 
29 29 
35 35 
74 74 
177 177 
167 167 
53 53 
128 128 
161 161 
136 136 
131 131 
187 187 
146 146 
169 169 
0 0 
152 152 
108 108 
77 77 
34 34 
134 134 
195 195 
43 43 
79 79 
20 20 
171 171 
179 179 
5 5 
28 28 
105 4 15 
57 93 
51 60 
183 170 
199 147 
