5 80 87 46 12 6 59 22 75 30 75 27 18 28 92 50 45 37 34 77 1 77 4 77 47 76 27 16 52 28 78 50 85 98 53 62 60 4 13 75 44 16 81 88 82 47 42 70 69 30 95 97 36 70 76 18 39 75 24 75 0 75 40 84 74 91 97 11 97 43 67 93 62 97 12 64 12 55 15 40 74 99 37 23 14 77 5
50
5 5
87 87
46 46
6 6
22 22
75 75
30 30
27 27
18 18
92 92
45 45
34 34
1 1
4 4
47 47
76 76
52 52
78 78
85 85
98 98
53 53
62 62
60 60
13 13
44 44
81 81
88 88
82 82
42 42
69 69
95 95
97 97
36 36
39 39
24 24
0 0
40 40
84 84
74 74
91 91
11 11
43 43
67 67
93 93
64 64
55 55
15 15
99 99
23 23
14 14
