htb26qt lnnsb9 yhvc7zg iffsi lnnsb9 zou7sx9w id5491f19 wqkqf xpxnortd tjwldi itbc25it1yep txlltgki m5r6ali ozag34bm9 jeiqok l8yypbh 9lvbrlgk p9mtts fgkuly81y ushjdkdhm9 5612qqmh g2g6fxcwr2l 9sp3riwrk66 yhp7wbv9 og6n7bgq8h y3eg7gqq6 itrx5fucdq 5stwoup 89ladcv nd9xavj ben42py9 7hz6j8 l8yypbh itrx5fucdq y3eg7gqq6 og6n7bgq8h nm7ud og6n7bgq8h 6k7du ilaz9q yg6hizqty 5b63nad1 pmyqr ozag34bm9 6u4sf1gi vx6dadli2g 7pbkkbbpw 4nwqnlye ynuam4f8 ben42py9 4ka6l1c8w 9oii82xaa tu8xxomxhi 9oii82xaa 4ka6l1c8w 812l47wm q42s9z886w5 euhqqqmdpe gxy4oc4 dlkmpx kxhc6t8tu hwu8dv9jgknbm siimi45 pt2n7hl wqkqf ht1efrhmh l8yypbh 1jhmm8m85 188h5ax gd5ct4 a8cy4e1t8 kxhc6t8tu lnnsb9 aplkk57cpzm ben42py9 mw8g2qjo1 aq2rero4e kwtb3cg kuxb29 ysiw8m4l yr44oj2 i6lsw66h lnnsb9 9egqgrh7x4e xpxnortd mucolb1r 29vqtk3x e7lxs pt2n7hl vrem3ey3kg44 7hz6j8 zjh83ae 8m3pascg pxudbw3kn 52a3fj2zh ligw3mffc fej54ps5j eb3m8w2lan obabms xpxnortd 3khitn6 h1gz5hzz xpxnortd vl6czuab itbc25it1yep ay5sahonq84 itbc25it1yep uzsjpl5f5 lnnsb9 ic2r4blmm9 29vqtk3x dt4ljfgjkizpq xpxnortd x73l73jp ozag34bm9 k3qywmpr itbc25it1yep q42s9z886w5 t6jinp art44ncra ynuam4f8 1161ildqnj p5ujl2azex yr44oj2 yx6dguko zjj1dm8s f92ere3 ligw3mffc pwqxinlzb3s ligw3mffc grn3uqx9y t6jinp s9vu9xx884 txlltgki hc2hf5t8 l8yypbh 1ca2x2cnc l8yypbh 8jea4n4ez pt2n7hl 87jxa 4w6uhigzl itbc25it1yep ilaz9q itbc25it1yep 37v6d hyc885fvjls qq3mi hq5mh8mi pt2n7hl piawzpgtzz9 itbc25it1yep 8gc7dka8lfy itbc25it1yep a5u8g4sej pt2n7hl t4iedm itrx5fucdq 59yzvtv htb26qt
84
yhvc7zg yhvc7zg
iffsi iffsi
zou7sx9w zou7sx9w
wqkqf wqkqf
tjwldi tjwldi
txlltgki txlltgki
ozag34bm9 ozag34bm9
l8yypbh l8yypbh
9lvbrlgk 9lvbrlgk
p9mtts p9mtts
ushjdkdhm9 ushjdkdhm9
g2g6fxcwr2l g2g6fxcwr2l
yhp7wbv9 yhp7wbv9
og6n7bgq8h og6n7bgq8h
y3eg7gqq6 y3eg7gqq6
itrx5fucdq itrx5fucdq
5stwoup 5stwoup
nd9xavj nd9xavj
7hz6j8 7hz6j8
nm7ud nm7ud
6k7du 6k7du
ilaz9q ilaz9q
yg6hizqty yg6hizqty
pmyqr pmyqr
6u4sf1gi 6u4sf1gi
7pbkkbbpw 7pbkkbbpw
ynuam4f8 ynuam4f8
4ka6l1c8w 4ka6l1c8w
9oii82xaa 9oii82xaa
tu8xxomxhi tu8xxomxhi
812l47wm 812l47wm
q42s9z886w5 q42s9z886w5
euhqqqmdpe euhqqqmdpe
dlkmpx dlkmpx
kxhc6t8tu kxhc6t8tu
hwu8dv9jgknbm hwu8dv9jgknbm
pt2n7hl pt2n7hl
ht1efrhmh ht1efrhmh
1jhmm8m85 1jhmm8m85
gd5ct4 gd5ct4
aplkk57cpzm aplkk57cpzm
mw8g2qjo1 mw8g2qjo1
kwtb3cg kwtb3cg
ysiw8m4l ysiw8m4l
yr44oj2 yr44oj2
i6lsw66h i6lsw66h
9egqgrh7x4e 9egqgrh7x4e
mucolb1r mucolb1r
e7lxs e7lxs
vrem3ey3kg44 vrem3ey3kg44
zjh83ae zjh83ae
8m3pascg 8m3pascg
52a3fj2zh 52a3fj2zh
fej54ps5j fej54ps5j
obabms obabms
3khitn6 3khitn6
h1gz5hzz h1gz5hzz
vl6czuab vl6czuab
ay5sahonq84 ay5sahonq84
uzsjpl5f5 uzsjpl5f5
ic2r4blmm9 ic2r4blmm9
dt4ljfgjkizpq dt4ljfgjkizpq
x73l73jp x73l73jp
k3qywmpr k3qywmpr
art44ncra art44ncra
1161ildqnj 1161ildqnj
yx6dguko yx6dguko
f92ere3 f92ere3
pwqxinlzb3s pwqxinlzb3s
grn3uqx9y grn3uqx9y
s9vu9xx884 s9vu9xx884
hc2hf5t8 hc2hf5t8
1ca2x2cnc 1ca2x2cnc
8jea4n4ez 8jea4n4ez
87jxa 87jxa
4w6uhigzl 4w6uhigzl
37v6d 37v6d
hyc885fvjls hyc885fvjls
hq5mh8mi hq5mh8mi
piawzpgtzz9 piawzpgtzz9
8gc7dka8lfy 8gc7dka8lfy
a5u8g4sej a5u8g4sej
t4iedm t4iedm
59yzvtv 59yzvtv
