y1ueyuwp 3hlob94j5u q847myi 8cfvpx26xwcwt rp7qqdx12pxp3 svhmnjst1e f3vyq53xc 4cddmu86gmo 3hlob94j5u 9956fi rp7qqdx12pxp3 kab7t8o7qjj svhmnjst1e vnsdusp m48nzuh swoprer j2pso94 z3qc9ub umnww3 9956fi ehy39 3hlob94j5u q847myi b7of9a yida2btlrgcd2it mqt67y9n jjeivv4j55 q847myi mqt67y9n q2cvwfhr6pl5 z3qc9ub 31raz5hp9v l12pu nu38y4r5 kc3zwg52 vehkyi71w 38s4jyp4eu z3qc9ub 31raz5hp9v p4fcg3ba 2y9obuu yik8cqxn2 p5kt5ib5v8 xllfi9b 2y9obuu bmicm4au p4fcg3ba rkd38ui5s4 q847myi kch7lui7 f3vyq53xc swoprer w4qoh15 ywksl5wd 95nsenz6 t9z1zz96r vehkyi71w oyoi4md61 8erlfq j2pso94 t9q1ztn8723 p53u2x9bku99j ywksl5wd nnie92a my85gnmouy v1cixzc quxig9xz2 6u33i 2bwd2j y1ueyuwp
40
3hlob94j5u 3hlob94j5u 7og7qr4t86 
q847myi q847myi 8eg2mee 
8cfvpx26xwcwt 8cfvpx26xwcwt 
svhmnjst1e svhmnjst1e uus7jirbe 
f3vyq53xc f3vyq53xc 
4cddmu86gmo 4cddmu86gmo 
9956fi 9956fi 
kab7t8o7qjj kab7t8o7qjj 
vnsdusp vnsdusp 
swoprer swoprer 
j2pso94 j2pso94 
umnww3 umnww3 
ehy39 ehy39 
yida2btlrgcd2it yida2btlrgcd2it 
mqt67y9n mqt67y9n 
jjeivv4j55 jjeivv4j55 
31raz5hp9v 31raz5hp9v 
l12pu l12pu 
kc3zwg52 kc3zwg52 
vehkyi71w vehkyi71w 
38s4jyp4eu 38s4jyp4eu 
2y9obuu 2y9obuu 
yik8cqxn2 yik8cqxn2 
xllfi9b xllfi9b 
bmicm4au bmicm4au 
rkd38ui5s4 rkd38ui5s4 
kch7lui7 kch7lui7 
w4qoh15 w4qoh15 
ywksl5wd ywksl5wd 
95nsenz6 95nsenz6 
8erlfq 8erlfq 
t9q1ztn8723 t9q1ztn8723 
p53u2x9bku99j p53u2x9bku99j 
my85gnmouy my85gnmouy 
quxig9xz2 quxig9xz2 
6u33i 6u33i 
2bwd2j 2bwd2j 
rp7qqdx12pxp3 u4xzrfm7f 
b7of9a fhrrge 
z3qc9ub eq5c5ygub 
