ZfI6StUliqd8YxBr0zVp uYmver98TgwbkIsM8XgU RnnCc8OgQLqPe5HvvbS3 WEpQsV1SPLNjRDFxWGJw Z6746tUNXH05XsKVq5bc QGzcn6XPemZ0IhmCJCmq 35F0RBMuajlA1MclJpfz YzWX8RqUW0YPFsebUKYP MraBcGvDEL68zyTsBDgx BFat56YSkekx77JCOMI4 QGzcn6XPemZ0IhmCJCmq Fa64KRccvM4rqOgxBKtu ip0vmcqzxYgrY2Mc3Bu9 Hxhi6IYOb3B8uxHbGYVt BrKfKJuMlFXPiNrPkBbt gGXF4imn3IOLlYGD81XA MraBcGvDEL68zyTsBDgx SI1jqone3x4IZwZ6qVW6 gj1PIUxoUprs5rKMLNpv Af4sQnaDf5G2yrOfmk45 RnnCc8OgQLqPe5HvvbS3 5JVto9dbOz4Lu3AeAOZD uYmver98TgwbkIsM8XgU QBaUzVWA62rnfcsnEShZ 98jc4TOf5CFD5ooRLXKs Z38PT2VWeDoNiuh4rc0v UoiNiYnewh16WNDFqvYW ip0vmcqzxYgrY2Mc3Bu9 RnnCc8OgQLqPe5HvvbS3 35F0RBMuajlA1MclJpfz zs8puphf0SbuOBS6XpM9 cQGIpn2T5vI9Au4mrGii ZBTm8fkarNXg3vLUAnt8 Af4sQnaDf5G2yrOfmk45 QUmdpeJNwq8Od3rclrVL BFat56YSkekx77JCOMI4 Z6746tUNXH05XsKVq5bc mMagcNSN7U8s7oy3e0j4 zFahEplFbW4f2V6jQTmi gX6xMy6pWnenI68kwgcu ZfI6StUliqd8YxBr0zVp
25
ZfI6StUliqd8YxBr0zVp ZfI6StUliqd8YxBr0zVp 
uYmver98TgwbkIsM8XgU uYmver98TgwbkIsM8XgU 
RnnCc8OgQLqPe5HvvbS3 RnnCc8OgQLqPe5HvvbS3 
WEpQsV1SPLNjRDFxWGJw WEpQsV1SPLNjRDFxWGJw 
Z6746tUNXH05XsKVq5bc Z6746tUNXH05XsKVq5bc 
QGzcn6XPemZ0IhmCJCmq QGzcn6XPemZ0IhmCJCmq 
YzWX8RqUW0YPFsebUKYP YzWX8RqUW0YPFsebUKYP 
BFat56YSkekx77JCOMI4 BFat56YSkekx77JCOMI4 
Fa64KRccvM4rqOgxBKtu Fa64KRccvM4rqOgxBKtu 
ip0vmcqzxYgrY2Mc3Bu9 ip0vmcqzxYgrY2Mc3Bu9 
Hxhi6IYOb3B8uxHbGYVt Hxhi6IYOb3B8uxHbGYVt 
gGXF4imn3IOLlYGD81XA gGXF4imn3IOLlYGD81XA 
SI1jqone3x4IZwZ6qVW6 SI1jqone3x4IZwZ6qVW6 
gj1PIUxoUprs5rKMLNpv gj1PIUxoUprs5rKMLNpv 
Af4sQnaDf5G2yrOfmk45 Af4sQnaDf5G2yrOfmk45 
5JVto9dbOz4Lu3AeAOZD 5JVto9dbOz4Lu3AeAOZD 
QBaUzVWA62rnfcsnEShZ QBaUzVWA62rnfcsnEShZ 
98jc4TOf5CFD5ooRLXKs 98jc4TOf5CFD5ooRLXKs 
UoiNiYnewh16WNDFqvYW UoiNiYnewh16WNDFqvYW 
zs8puphf0SbuOBS6XpM9 zs8puphf0SbuOBS6XpM9 
ZBTm8fkarNXg3vLUAnt8 ZBTm8fkarNXg3vLUAnt8 
QUmdpeJNwq8Od3rclrVL QUmdpeJNwq8Od3rclrVL 
mMagcNSN7U8s7oy3e0j4 mMagcNSN7U8s7oy3e0j4 
gX6xMy6pWnenI68kwgcu gX6xMy6pWnenI68kwgcu 
MraBcGvDEL68zyTsBDgx cC9SZGtAtirSBnbvLWzt 
