hC71hIuyRaST3AiaSZqg uwYFKqdXzHrDjwNLVxGZ bw0K7NVh1sgqlnescYkX 3MmCPAjYheu6g9TkIxDm uwYFKqdXzHrDjwNLVxGZ 2YL9dYowMkTTxjU0fVal FE29I03FH1qEyEvIQNGT R22TNV5lr1tmI44FcHvv uwYFKqdXzHrDjwNLVxGZ JuSdCG8HSUzwufkmRvTN fuNQ8Sfy86k6zaBQjwEz 63EFNMvLteBrV7Lj9nA4 laRDyozSdXcFtmdQ5VqD 61VEe5QpRdEG1AHTZmSn EqrhH8oFQmMRN10foGjV PUX0RecerGn3NX5t2hBc NXZByMrsstrrXRLxVcyg 6KcltWtleWJ6izN3XL0F wqyhoOJuJuNfuZ1c9ZhU xtgYSd34f56WAH3CCBpW 6KcltWtleWJ6izN3XL0F b7ZT2hEEnAs84vAc9csm IC3wlDskAWyf0o1M61kl 1uTE034Q24DWmybWBbX4 ddzqPXECnHQT4a4RIpSF oakCd1HozhO35GtImcF2 RSJQdRAK7H6zYHVeXyPj Mi1upMhcgP7iV16OWKN5 Wvcwm6VpeYnZXpTH3IZP 8IUV6HBSYn47shRwVW5F 1uTE034Q24DWmybWBbX4 DmIjX4adnoqSEDmx2f39 Wf6tYlitgmZKoXfughsS zbsjvfwSdNExCnTFLo8x 61VEe5QpRdEG1AHTZmSn WgneGAZv4qtDq8Q5DYZf oakCd1HozhO35GtImcF2 OAcbYkMyAi1Iu0vWaaFc W5rNQea9NsCafaUbLgWC nmwnnNlPCMIjajSEo2R3 oakCd1HozhO35GtImcF2 1ae7bJScGomdGEdgag5b aGWdv30UuUFiszMErlJF nOsoIFzZBhdd6bjP45Ba jLS4UljOCe6h8LwAOGRX uwYFKqdXzHrDjwNLVxGZ 6jnt0RQvUBeXBhrLOwzh 2TderjwrXrNV2UBZ77eD Z2YJKymsE6JEohxl2CgC ymIUUgCvgB7r5le0Mh11 1Oc2bGjHzXrMLiYLik5Z 7DZfG4yobV0xCcSaxf27 1wSeohNTb1oCspxe2x4j b7ZT2hEEnAs84vAc9csm oq1GulTWdKtwAlNIQxnY fzCA3w8Mu664WC0yRZb5 6KcltWtleWJ6izN3XL0F 4wWd3kvalFkda9M583i7 61VEe5QpRdEG1AHTZmSn oakCd1HozhO35GtImcF2 ivvO5yUvAxjOjLiwMPV4 qyWH5Ui5kFJGpXM7i2RZ UE66Ok3YtceUJCwuX3xr NqvNOj5h3GSbJm5NawjL 4Vpgk6JikqRWfmTLGFMS EEWjQ3rZ3GM9oucA2vc5 TrUW9m3qjkTMvqHNRot0 EfhuR5UGBxqkoqdQBn2E COVfDobG5VcfcSxLDUch aGWdv30UuUFiszMErlJF 1uTE034Q24DWmybWBbX4 sCcEFmBkhTop4sycKzuM cXmjc3Wu4kjM1IHGgfA5 9WdSftrlWeJdclTkQ4Ss eULKHiriYHElwEbrQo2X KqTw626stjcdChciHrJ6 3MmCPAjYheu6g9TkIxDm 8w6JkwNghwwfzVWZlMG6 CgUyoeVDFzkf0g6EiF8w 3MmCPAjYheu6g9TkIxDm Tgouk8HApNFShyYjQedR yMXdJdorJpzOHHt9uIfg btiXecpJBKmrIHtQ7jPA Wvcwm6VpeYnZXpTH3IZP NWAZrSnr0i1Dj5TA6dLc 24YcTAlCtPoNC11H3BAQ mkGdh9qd7uj9x5W3Koxj 9WdSftrlWeJdclTkQ4Ss gZiMcGUkLd8qaWleLH1T kuIwHVHn49UEM4TprHKr 9WdSftrlWeJdclTkQ4Ss nnG2z19YXqYOoAxMQkFV 1uTE034Q24DWmybWBbX4 lVjpvSHc5hBrS7dzTmI1 RNtZ6m1O9hQj2ovJiJE3 z0rRwRZbA1TaaAgS8PYu 4Vpgk6JikqRWfmTLGFMS P6PcaiimLTne6w5m7SJi XEhAPaVgnAiGpIfFTnuy 72cxNTZ1Tw5teVGiR2xj yMXdJdorJpzOHHt9uIfg VkEnPX1CQCoh4CxlXSlf Ca5sYccbD9TUz7JLHrcf 1uTE034Q24DWmybWBbX4 rW1b1NT9NaRlIIxoT8XF 2QgUKFj4HV0dn5Ia55tj XzID4BBPQnOnz9XMetpC 4MuL6AbQo2ozZ4x7psrd D3gODzQIzHZRe5A487BX OLGSBuAPLZmdhTN6ApoS 9WdSftrlWeJdclTkQ4Ss 1uTE034Q24DWmybWBbX4 b7ZT2hEEnAs84vAc9csm 2dfprAgHp3T6RrgooKgP KkJFwKldxLItiBZ9EoaZ b9q1t3OMZ6dXE5R6ca5w Wvcwm6VpeYnZXpTH3IZP 7DZfG4yobV0xCcSaxf27 uwYFKqdXzHrDjwNLVxGZ C5aQkckiWq5qVUhbiI57 l5OFQGDhW1xJJ8ERuglz OBEPyJuvhH0Z9VoT2UNC 7DZfG4yobV0xCcSaxf27 t9sTQNaMU9o2HF5pm7xT EfhuR5UGBxqkoqdQBn2E yXrak2UUHdgFCsCWvgfp 3MmCPAjYheu6g9TkIxDm qsbRHSDlSHG3Ep5gugbq 5doygtE58PVlrfBbaaxD Wvcwm6VpeYnZXpTH3IZP Z2YJKymsE6JEohxl2CgC uwYFKqdXzHrDjwNLVxGZ x81SdeDfzbsk8wgCHcJT 9WdSftrlWeJdclTkQ4Ss vXrEXAmThLoQVXFImZcg g6Fit1BcwBIbAAJnBKGn QYsTJmc2IUi36H1YK47s uwYFKqdXzHrDjwNLVxGZ 468JV90VoJDfHRf7bwGC v0QCMKnmfkXllH4nQHen Wf6tYlitgmZKoXfughsS UQEmoPmHSH2FlTDuXOEx PFAHK1LPbENiUm01N8B0 EfhuR5UGBxqkoqdQBn2E dsEyS8WvuzfBZPrbbzZx 3MmCPAjYheu6g9TkIxDm Dv6lwBgjbbZceuQXFzFf 9WdSftrlWeJdclTkQ4Ss Wf6tYlitgmZKoXfughsS hC71hIuyRaST3AiaSZqg
95
bw0K7NVh1sgqlnescYkX bw0K7NVh1sgqlnescYkX 
3MmCPAjYheu6g9TkIxDm 3MmCPAjYheu6g9TkIxDm 
2YL9dYowMkTTxjU0fVal 2YL9dYowMkTTxjU0fVal 
FE29I03FH1qEyEvIQNGT FE29I03FH1qEyEvIQNGT 
R22TNV5lr1tmI44FcHvv R22TNV5lr1tmI44FcHvv 
JuSdCG8HSUzwufkmRvTN JuSdCG8HSUzwufkmRvTN 
fuNQ8Sfy86k6zaBQjwEz fuNQ8Sfy86k6zaBQjwEz 
63EFNMvLteBrV7Lj9nA4 63EFNMvLteBrV7Lj9nA4 
laRDyozSdXcFtmdQ5VqD laRDyozSdXcFtmdQ5VqD 
61VEe5QpRdEG1AHTZmSn 61VEe5QpRdEG1AHTZmSn 
EqrhH8oFQmMRN10foGjV EqrhH8oFQmMRN10foGjV 
NXZByMrsstrrXRLxVcyg NXZByMrsstrrXRLxVcyg 
6KcltWtleWJ6izN3XL0F 6KcltWtleWJ6izN3XL0F RDnAjQbgrCahBSBieO1p 
wqyhoOJuJuNfuZ1c9ZhU wqyhoOJuJuNfuZ1c9ZhU 
xtgYSd34f56WAH3CCBpW xtgYSd34f56WAH3CCBpW 
IC3wlDskAWyf0o1M61kl IC3wlDskAWyf0o1M61kl 
1uTE034Q24DWmybWBbX4 1uTE034Q24DWmybWBbX4 g5fwwkfUKem4JdibLkXM QHOT9LWV0s6xVVreglDh 
ddzqPXECnHQT4a4RIpSF ddzqPXECnHQT4a4RIpSF 
oakCd1HozhO35GtImcF2 oakCd1HozhO35GtImcF2 
RSJQdRAK7H6zYHVeXyPj RSJQdRAK7H6zYHVeXyPj 
Mi1upMhcgP7iV16OWKN5 Mi1upMhcgP7iV16OWKN5 
8IUV6HBSYn47shRwVW5F 8IUV6HBSYn47shRwVW5F 
DmIjX4adnoqSEDmx2f39 DmIjX4adnoqSEDmx2f39 
Wf6tYlitgmZKoXfughsS Wf6tYlitgmZKoXfughsS 
zbsjvfwSdNExCnTFLo8x zbsjvfwSdNExCnTFLo8x 
WgneGAZv4qtDq8Q5DYZf WgneGAZv4qtDq8Q5DYZf 
OAcbYkMyAi1Iu0vWaaFc OAcbYkMyAi1Iu0vWaaFc 
W5rNQea9NsCafaUbLgWC W5rNQea9NsCafaUbLgWC 
nmwnnNlPCMIjajSEo2R3 nmwnnNlPCMIjajSEo2R3 
1ae7bJScGomdGEdgag5b 1ae7bJScGomdGEdgag5b 
aGWdv30UuUFiszMErlJF aGWdv30UuUFiszMErlJF 
nOsoIFzZBhdd6bjP45Ba nOsoIFzZBhdd6bjP45Ba 
jLS4UljOCe6h8LwAOGRX jLS4UljOCe6h8LwAOGRX 
6jnt0RQvUBeXBhrLOwzh 6jnt0RQvUBeXBhrLOwzh 
2TderjwrXrNV2UBZ77eD 2TderjwrXrNV2UBZ77eD 
Z2YJKymsE6JEohxl2CgC Z2YJKymsE6JEohxl2CgC 
ymIUUgCvgB7r5le0Mh11 ymIUUgCvgB7r5le0Mh11 
1Oc2bGjHzXrMLiYLik5Z 1Oc2bGjHzXrMLiYLik5Z 
7DZfG4yobV0xCcSaxf27 7DZfG4yobV0xCcSaxf27 LI8fhHKJlh7mQx1nNK0m 
1wSeohNTb1oCspxe2x4j 1wSeohNTb1oCspxe2x4j 
oq1GulTWdKtwAlNIQxnY oq1GulTWdKtwAlNIQxnY 
fzCA3w8Mu664WC0yRZb5 fzCA3w8Mu664WC0yRZb5 
4wWd3kvalFkda9M583i7 4wWd3kvalFkda9M583i7 
qyWH5Ui5kFJGpXM7i2RZ qyWH5Ui5kFJGpXM7i2RZ 
NqvNOj5h3GSbJm5NawjL NqvNOj5h3GSbJm5NawjL 
EEWjQ3rZ3GM9oucA2vc5 EEWjQ3rZ3GM9oucA2vc5 
TrUW9m3qjkTMvqHNRot0 TrUW9m3qjkTMvqHNRot0 
COVfDobG5VcfcSxLDUch COVfDobG5VcfcSxLDUch 
sCcEFmBkhTop4sycKzuM sCcEFmBkhTop4sycKzuM 
cXmjc3Wu4kjM1IHGgfA5 cXmjc3Wu4kjM1IHGgfA5 
eULKHiriYHElwEbrQo2X eULKHiriYHElwEbrQo2X 
KqTw626stjcdChciHrJ6 KqTw626stjcdChciHrJ6 
8w6JkwNghwwfzVWZlMG6 8w6JkwNghwwfzVWZlMG6 
CgUyoeVDFzkf0g6EiF8w CgUyoeVDFzkf0g6EiF8w 
Tgouk8HApNFShyYjQedR Tgouk8HApNFShyYjQedR 
yMXdJdorJpzOHHt9uIfg yMXdJdorJpzOHHt9uIfg 
btiXecpJBKmrIHtQ7jPA btiXecpJBKmrIHtQ7jPA 
NWAZrSnr0i1Dj5TA6dLc NWAZrSnr0i1Dj5TA6dLc 
24YcTAlCtPoNC11H3BAQ 24YcTAlCtPoNC11H3BAQ 
mkGdh9qd7uj9x5W3Koxj mkGdh9qd7uj9x5W3Koxj 
gZiMcGUkLd8qaWleLH1T gZiMcGUkLd8qaWleLH1T 
kuIwHVHn49UEM4TprHKr kuIwHVHn49UEM4TprHKr 
nnG2z19YXqYOoAxMQkFV nnG2z19YXqYOoAxMQkFV 
lVjpvSHc5hBrS7dzTmI1 lVjpvSHc5hBrS7dzTmI1 
RNtZ6m1O9hQj2ovJiJE3 RNtZ6m1O9hQj2ovJiJE3 
z0rRwRZbA1TaaAgS8PYu z0rRwRZbA1TaaAgS8PYu 
P6PcaiimLTne6w5m7SJi P6PcaiimLTne6w5m7SJi 
72cxNTZ1Tw5teVGiR2xj 72cxNTZ1Tw5teVGiR2xj 
VkEnPX1CQCoh4CxlXSlf VkEnPX1CQCoh4CxlXSlf 
Ca5sYccbD9TUz7JLHrcf Ca5sYccbD9TUz7JLHrcf 
rW1b1NT9NaRlIIxoT8XF rW1b1NT9NaRlIIxoT8XF 
2QgUKFj4HV0dn5Ia55tj 2QgUKFj4HV0dn5Ia55tj 
4MuL6AbQo2ozZ4x7psrd 4MuL6AbQo2ozZ4x7psrd 
OLGSBuAPLZmdhTN6ApoS OLGSBuAPLZmdhTN6ApoS 
2dfprAgHp3T6RrgooKgP 2dfprAgHp3T6RrgooKgP 
b9q1t3OMZ6dXE5R6ca5w b9q1t3OMZ6dXE5R6ca5w 
C5aQkckiWq5qVUhbiI57 C5aQkckiWq5qVUhbiI57 
l5OFQGDhW1xJJ8ERuglz l5OFQGDhW1xJJ8ERuglz 
OBEPyJuvhH0Z9VoT2UNC OBEPyJuvhH0Z9VoT2UNC 
t9sTQNaMU9o2HF5pm7xT t9sTQNaMU9o2HF5pm7xT 
yXrak2UUHdgFCsCWvgfp yXrak2UUHdgFCsCWvgfp 
qsbRHSDlSHG3Ep5gugbq qsbRHSDlSHG3Ep5gugbq 
5doygtE58PVlrfBbaaxD 5doygtE58PVlrfBbaaxD 
x81SdeDfzbsk8wgCHcJT x81SdeDfzbsk8wgCHcJT 
vXrEXAmThLoQVXFImZcg vXrEXAmThLoQVXFImZcg 
g6Fit1BcwBIbAAJnBKGn g6Fit1BcwBIbAAJnBKGn 
QYsTJmc2IUi36H1YK47s QYsTJmc2IUi36H1YK47s 
468JV90VoJDfHRf7bwGC 468JV90VoJDfHRf7bwGC 
v0QCMKnmfkXllH4nQHen v0QCMKnmfkXllH4nQHen 
UQEmoPmHSH2FlTDuXOEx UQEmoPmHSH2FlTDuXOEx 
PFAHK1LPbENiUm01N8B0 PFAHK1LPbENiUm01N8B0 
dsEyS8WvuzfBZPrbbzZx dsEyS8WvuzfBZPrbbzZx 
Dv6lwBgjbbZceuQXFzFf Dv6lwBgjbbZceuQXFzFf 
uwYFKqdXzHrDjwNLVxGZ IWOalMs6IXX5Ln6F9Eov 
Wvcwm6VpeYnZXpTH3IZP Mufarp9xGx29xj0P1ijS YygsiZkXDS9oQ07w4psX 
