M2S9flVUcYP2sJdh8LXf PbYOO88SokShsv7XrgBm Dt5YfbjQq6VoKnyw6Zav tvhjts5qETlydZX7IsvU Eu0wGcDBBrgvePzHfqrS m1IYiQsUBuvvpTv7yWXO PbYOO88SokShsv7XrgBm H59EihDjhfpS7ToXFM3L gZVNRDm5p6aX5QEEX8UG dKH5OdpmJKCU83bbXVxZ 6t76eBKiZ6qd2L92px9I tUowOUG1V7iCXBCMR0AT 5gumrx48u1yPpF6ivPOI tVhIJJgs0kEFaQx1hdWm gZVNRDm5p6aX5QEEX8UG Kfu1pc3YPMGebW7Iu8ex sH3pvLOfMUrEGUrmsHCu jgcWqrcniA4q9WNs9xkc vxiwkV1b5fV2sGCBFsRQ LNMZej67uy0Whvqp5OR1 PbYOO88SokShsv7XrgBm PZrpdQAa8H8tkrajh08J PbYOO88SokShsv7XrgBm S8uMGvUglWyhnfV5Wzdp PbYOO88SokShsv7XrgBm ECCnzlgsMEvTYjNwAlfM MtQDjkLToWj4d53MMhKG Pqf0Sn4UvsBLaxz7WO4n v0QJIKD4q7sFXrzFSb6J MtQDjkLToWj4d53MMhKG tVhIJJgs0kEFaQx1hdWm MtQDjkLToWj4d53MMhKG NMTjl1jsvrb7y2ggdCSc yHMPX8vHctuUweyLluyz sZojFweTE55bBWYz0Tda 9Jr76N4fnNot7SNYqBKG sZojFweTE55bBWYz0Tda L8bxdxuDa5issn2PiN3u sZojFweTE55bBWYz0Tda Kfu1pc3YPMGebW7Iu8ex sZojFweTE55bBWYz0Tda Z8MZ2JfftjeVVnGFSOQe 93aDiM8K0XhtiVcCVKi2 zc2cVu7aHW2Uc4Z1tHon Jjat3uJ5XboI9kZe0522 zc2cVu7aHW2Uc4Z1tHon 48nWZMVqWDxfH9uMf2U3 LxEzX08MG9T8knIYbul0 4bQwji0D4wyEDLd54MWv LxEzX08MG9T8knIYbul0 jgcWqrcniA4q9WNs9xkc LxEzX08MG9T8knIYbul0 uy6RcQAYd3ATM1Icq3my zdtRVpQ9lVyEhNj9Evpp JajH9BPb1gw5kQ2oTRnP Bc6dudheE3WGLxP0iDdK fmFrd4vggNac5TkiFJAd jgcWqrcniA4q9WNs9xkc LxEzX08MG9T8knIYbul0 8KfYYXeMqM0D4nShLOzi RV5D5yksO9rCY6rkv8aJ nbZglhhmYQAPQz4eETaj W4IxjYZtRN88GGSV9Uoc PbYOO88SokShsv7XrgBm Z0DuoZMcx6oyDPWFznMK MtQDjkLToWj4d53MMhKG pNXWB5geApaSjbsCCT4J MtQDjkLToWj4d53MMhKG 9GrchmlNCDIapQ9OnEYh PbYOO88SokShsv7XrgBm EtrZREkmL456viQQJ9Rb XmlH4l2BXG35TF70bZqZ 1f1ShssvWmmfUiqDIjNc oWxP87H6AXwFzF0dpB9d yHMPX8vHctuUweyLluyz dOKaHsIcDX32wPXAX2Gt cdaizmjQrCe5Vnwy3JQF PbYOO88SokShsv7XrgBm zD7ErBenXxsG4D9b5TEV tVhIJJgs0kEFaQx1hdWm k7k4sHxeh1pR4sOjcVuj yHMPX8vHctuUweyLluyz yZPIHwySFuIdRJCMzjnz yHMPX8vHctuUweyLluyz vodEvdIApqt0N3TZsbxN zD7ErBenXxsG4D9b5TEV 0uvEfLgT4s8ImTk9VWBt sZojFweTE55bBWYz0Tda M2S9flVUcYP2sJdh8LXf
50
M2S9flVUcYP2sJdh8LXf M2S9flVUcYP2sJdh8LXf
Dt5YfbjQq6VoKnyw6Zav Dt5YfbjQq6VoKnyw6Zav
Eu0wGcDBBrgvePzHfqrS Eu0wGcDBBrgvePzHfqrS
m1IYiQsUBuvvpTv7yWXO m1IYiQsUBuvvpTv7yWXO
H59EihDjhfpS7ToXFM3L H59EihDjhfpS7ToXFM3L
gZVNRDm5p6aX5QEEX8UG gZVNRDm5p6aX5QEEX8UG
dKH5OdpmJKCU83bbXVxZ dKH5OdpmJKCU83bbXVxZ
tUowOUG1V7iCXBCMR0AT tUowOUG1V7iCXBCMR0AT
5gumrx48u1yPpF6ivPOI 5gumrx48u1yPpF6ivPOI
tVhIJJgs0kEFaQx1hdWm tVhIJJgs0kEFaQx1hdWm
Kfu1pc3YPMGebW7Iu8ex Kfu1pc3YPMGebW7Iu8ex
sH3pvLOfMUrEGUrmsHCu sH3pvLOfMUrEGUrmsHCu
jgcWqrcniA4q9WNs9xkc jgcWqrcniA4q9WNs9xkc
vxiwkV1b5fV2sGCBFsRQ vxiwkV1b5fV2sGCBFsRQ
LNMZej67uy0Whvqp5OR1 LNMZej67uy0Whvqp5OR1
PZrpdQAa8H8tkrajh08J PZrpdQAa8H8tkrajh08J
S8uMGvUglWyhnfV5Wzdp S8uMGvUglWyhnfV5Wzdp
ECCnzlgsMEvTYjNwAlfM ECCnzlgsMEvTYjNwAlfM
Pqf0Sn4UvsBLaxz7WO4n Pqf0Sn4UvsBLaxz7WO4n
v0QJIKD4q7sFXrzFSb6J v0QJIKD4q7sFXrzFSb6J
NMTjl1jsvrb7y2ggdCSc NMTjl1jsvrb7y2ggdCSc
yHMPX8vHctuUweyLluyz yHMPX8vHctuUweyLluyz
9Jr76N4fnNot7SNYqBKG 9Jr76N4fnNot7SNYqBKG
L8bxdxuDa5issn2PiN3u L8bxdxuDa5issn2PiN3u
Z8MZ2JfftjeVVnGFSOQe Z8MZ2JfftjeVVnGFSOQe
93aDiM8K0XhtiVcCVKi2 93aDiM8K0XhtiVcCVKi2
Jjat3uJ5XboI9kZe0522 Jjat3uJ5XboI9kZe0522
48nWZMVqWDxfH9uMf2U3 48nWZMVqWDxfH9uMf2U3
LxEzX08MG9T8knIYbul0 LxEzX08MG9T8knIYbul0
4bQwji0D4wyEDLd54MWv 4bQwji0D4wyEDLd54MWv
uy6RcQAYd3ATM1Icq3my uy6RcQAYd3ATM1Icq3my
zdtRVpQ9lVyEhNj9Evpp zdtRVpQ9lVyEhNj9Evpp
Bc6dudheE3WGLxP0iDdK Bc6dudheE3WGLxP0iDdK
fmFrd4vggNac5TkiFJAd fmFrd4vggNac5TkiFJAd
8KfYYXeMqM0D4nShLOzi 8KfYYXeMqM0D4nShLOzi
nbZglhhmYQAPQz4eETaj nbZglhhmYQAPQz4eETaj
W4IxjYZtRN88GGSV9Uoc W4IxjYZtRN88GGSV9Uoc
Z0DuoZMcx6oyDPWFznMK Z0DuoZMcx6oyDPWFznMK
pNXWB5geApaSjbsCCT4J pNXWB5geApaSjbsCCT4J
9GrchmlNCDIapQ9OnEYh 9GrchmlNCDIapQ9OnEYh
EtrZREkmL456viQQJ9Rb EtrZREkmL456viQQJ9Rb
XmlH4l2BXG35TF70bZqZ XmlH4l2BXG35TF70bZqZ
oWxP87H6AXwFzF0dpB9d oWxP87H6AXwFzF0dpB9d
dOKaHsIcDX32wPXAX2Gt dOKaHsIcDX32wPXAX2Gt
cdaizmjQrCe5Vnwy3JQF cdaizmjQrCe5Vnwy3JQF
zD7ErBenXxsG4D9b5TEV zD7ErBenXxsG4D9b5TEV
k7k4sHxeh1pR4sOjcVuj k7k4sHxeh1pR4sOjcVuj
yZPIHwySFuIdRJCMzjnz yZPIHwySFuIdRJCMzjnz
vodEvdIApqt0N3TZsbxN vodEvdIApqt0N3TZsbxN
0uvEfLgT4s8ImTk9VWBt 0uvEfLgT4s8ImTk9VWBt
