Jacksonville Minneapolis Chicago Philadelphia Baltimore LongBeach LasVegas Seattle Columbus Detroit FortWorth OklahomaCity Arlington Portland Arlington Milwaukee Austin Raleigh Memphis Raleigh Austin Milwaukee Tulsa Jacksonville Atlanta Fresno Atlanta SanFrancisco Charlotte LasVegas Seattle Columbus Detroit Tulsa Jacksonville Atlanta SanFrancisco Charlotte LasVegas Seattle Columbus Detroit FortWorth SanJose FortWorth OklahomaCity Phoenix OklahomaCity Tulsa Milwaukee Nashville ElPaso Nashville Milwaukee Tucson Columbus Seattle LasVegas LongBeach LasVegas Charlotte SanFrancisco Nashville VirginiaBeach ColoradoSprings Tulsa Albuquerque Tulsa SanJose Indianapolis Raleigh Austin Washington Jacksonville Minneapolis Jacksonville Atlanta Louisville Arlington OklahomaCity Boston SanJose Indianapolis LosAngeles Indianapolis SanJose Tulsa Jacksonville
25
Jacksonville Jacksonville
Minneapolis Minneapolis
Philadelphia Philadelphia
LongBeach LongBeach
LasVegas LasVegas
Seattle Seattle
Columbus Columbus
FortWorth FortWorth
Portland Portland
Austin Austin
Memphis Memphis
Tulsa Tulsa
Atlanta Atlanta
Fresno Fresno
SanFrancisco SanFrancisco
SanJose SanJose
Phoenix Phoenix
ElPaso ElPaso
Tucson Tucson
VirginiaBeach VirginiaBeach
Albuquerque Albuquerque
Indianapolis Indianapolis
Louisville Louisville
Boston Boston
LosAngeles LosAngeles
