SaintPaul Irvine Newark Louisville Detroit Plano LosAngeles Scottsdale Honolulu Austin SanAntonio NewYork Louisville Detroit Louisville FortWorth Wichita Lincoln Henderson StPetersburg Austin Albuquerque Baltimore Wichita VirginiaBeach Houston ElPaso LosAngeles Pittsburgh Philadelphia ColoradoSprings SanDiego Dallas Tucson Philadelphia Oakland Philadelphia ColoradoSprings SanJose Madison Louisville SantaAna LosAngeles Glendale Hialeah OklahomaCity ElPaso Charlotte Lincoln Wichita Charlotte Arlington Spokane StPetersburg Milwaukee Columbus Cleveland Toledo Atlanta Omaha Miami Laredo VirginiaBeach Houston ColoradoSprings Dallas Tucson VirginiaBeach Stockton Milwaukee Columbus Phoenix Durham Memphis Honolulu Austin JerseyCity Riverside Columbus Phoenix Cincinnati StPetersburg Austin ElPaso Austin LasVegas Austin LosAngeles Bakersfield OklahomaCity Toledo Cleveland Laredo VirginiaBeach Tucson Detroit NewOrleans Minneapolis Bakersfield OklahomaCity ElPaso Austin Aurora Omaha Madison SanJose SanDiego ChulaVista Cincinnati Fresno Cleveland SaintPaul
45
Newark Newark 
Plano Plano 
Scottsdale Scottsdale Denver 
Honolulu Honolulu 
Austin Austin Lubbock 
SanAntonio SanAntonio 
FortWorth FortWorth 
Lincoln Lincoln 
Henderson Henderson 
StPetersburg StPetersburg 
Baltimore Baltimore 
Houston Houston Chesapeake 
ElPaso ElPaso Chandler 
Pittsburgh Pittsburgh 
SanDiego SanDiego 
Dallas Dallas 
Tucson Tucson Raleigh 
SanJose SanJose 
Madison Madison 
SantaAna SantaAna 
Glendale Glendale 
Hialeah Hialeah 
OklahomaCity OklahomaCity 
Charlotte Charlotte 
Spokane Spokane 
Milwaukee Milwaukee 
Columbus Columbus 
Atlanta Atlanta 
Laredo Laredo 
Stockton Stockton 
Phoenix Phoenix 
Durham Durham 
Memphis Memphis 
JerseyCity JerseyCity 
Cincinnati Cincinnati 
Bakersfield Bakersfield 
NewOrleans NewOrleans 
Aurora Aurora 
Detroit Lexington 
Albuquerque FortWayne 
Oakland WinstonSalem 
Wichita LongBeach 
LasVegas Indianapolis 
Toledo Tampa 
Cleveland Anchorage 
