Chattanooga Nashville Miami Providence Alexandria Detroit Olathe Joliet Jerusalem Orlando LittleRock Lincoln CorpusChristi Worcester Fresno CapeCoral LittleRock Phoenix GardenGrove Madison Aurora Munich DesMoines Salem Surprise Anchorage Phoenix MorenoValley Knoxville ElPaso CorpusChristi Jacksonville SanJose Pomona Oceanside Lexington Baltimore Columbus Mesa Fremont Riverside CorpusChristi Memphis Glendale SanBernardino Boston Tacoma Brownsville Wichita Philadelphia Berkeley Paterson Oakland SaintPaul Washington Salinas Ontario BatonRouge Bakersfield SantaClarita SanAntonio SantaRosa Brownsville Tacoma LongBeach Tacoma Charlotte Eugene Corona Greensboro Springfield Madison Denton Tempe Aurora Garland Spokane SanJose Glendale Madison Shreveport Detroit BatonRouge GrandPrairie OklahomaCity Irvine Chicago SantaAna NewportNews Omaha Montgomery Olathe Mobile SanFrancisco Honolulu OverlandPark Scottsdale Austin DesMoines Indianapolis Philadelphia Carrollton Murfreesboro Milwaukee Anchorage VirginiaBeach FortWorth Mesa Dallas Shreveport Raleigh Akron ChulaVista Anaheim NewYork Syracuse SanJose LosAngeles Aurora Fayetteville Indianapolis DesMoines Cincinnati LongBeach Oxnard Phoenix MorenoValley Anaheim ChulaVista Bakersfield SantaAna Chicago Washington SaintPaul Oakland FortLauderdale NewOrleans ElPaso LasVegas NewYork Syracuse Houston Murfreesboro Madison McKinney GrandRapids SanJose Syracuse NewYork Anaheim Orange Savannah OklahomaCity Lincoln CapeCoral Louisville SanJose Jacksonville Hayward Raleigh Buffalo Fayetteville BatonRouge Detroit Frisco Boston SanBernardino Boise Scottsdale Waco LongBeach Chicago FortWayne SanAntonio Cleveland Gilbert KansasCity ColoradoSprings DesMoines Richmond CorpusChristi Buffalo Tallahassee Gilbert PembrokePines Salem Mesa Portland Midland Gilbert LosAngeles Pomona Fontana Surprise Berkeley Plano Orlando Plano Newark NewOrleans Atlanta Toledo Rochester Naperville Philadelphia Indianapolis Augusta Akron Irvine Pomona LosAngeles Cary Lubbock Louisville Frisco Detroit Arlington SanDiego Phoenix MorenoValley Chattanooga
97
Alexandria Alexandria 
Olathe Olathe 
Joliet Joliet 
Orlando Orlando 
LittleRock LittleRock 
Lincoln Lincoln 
Worcester Worcester 
CapeCoral CapeCoral 
Phoenix Phoenix 
GardenGrove GardenGrove 
Madison Madison 
Aurora Aurora 
DesMoines DesMoines 
Salem Salem 
Surprise Surprise 
Anchorage Anchorage 
Knoxville Knoxville 
ElPaso ElPaso 
Jacksonville Jacksonville 
SanJose SanJose 
Pomona Pomona 
Oceanside Oceanside 
Lexington Lexington 
Baltimore Baltimore 
Fremont Fremont 
Riverside Riverside 
Memphis Memphis 
Glendale Glendale 
SanBernardino SanBernardino 
Boston Boston 
Tacoma Tacoma 
Brownsville Brownsville 
Wichita Wichita 
Berkeley Berkeley 
Paterson Paterson 
SaintPaul SaintPaul 
Washington Washington 
Ontario Ontario 
BatonRouge BatonRouge 
Bakersfield Bakersfield 
SantaClarita SantaClarita 
SanAntonio SanAntonio 
Charlotte Charlotte 
Corona Corona 
Springfield Springfield 
Denton Denton 
Tempe Tempe 
Spokane Spokane 
Shreveport Shreveport 
GrandPrairie GrandPrairie 
Irvine Irvine 
Chicago Chicago 
SantaAna SantaAna 
NewportNews NewportNews 
SanFrancisco SanFrancisco 
Honolulu Honolulu 
Scottsdale Scottsdale 
Austin Austin Vancouver 
Indianapolis Indianapolis Jackson 
Murfreesboro Murfreesboro 
FortWorth FortWorth 
Raleigh Raleigh 
Akron Akron 
ChulaVista ChulaVista 
Anaheim Anaheim 
NewYork NewYork 
Syracuse Syracuse 
LosAngeles LosAngeles 
Fayetteville Fayetteville 
Cincinnati Cincinnati 
Oxnard Oxnard 
FortLauderdale FortLauderdale 
GrandRapids GrandRapids 
Orange Orange 
Savannah Savannah 
Louisville Louisville 
Hayward Hayward 
Buffalo Buffalo 
Frisco Frisco 
Boise Boise 
Waco Waco 
Cleveland Cleveland 
KansasCity KansasCity 
Richmond Richmond 
Tallahassee Tallahassee 
Midland Midland 
Fontana Fontana 
Plano Plano PortStLucie 
Newark Newark 
Toledo Toledo 
Naperville Naperville 
Lubbock Lubbock 
SanDiego SanDiego 
Miami Yonkers 
Columbus Henderson 
LongBeach McAllen 
MorenoValley Durham 
