Hernandezville Joelview Downsville Williammouth Downsville Joelview Hernandezville Beckyshire Ponceville Bridgesville Esparzaberg Thomasburgh Esparzaberg Bridgesville Ponceville Beckyshire Hernandezville Joelview Farmerside Ryanton Williamsmouth Ryanton Farmerside Joelview Hernandezville Beckyshire Ponceville Bridgesville Esparzaberg Kristinbury Esparzaberg Bridgesville Ponceville Mcculloughchester Jonestown Kellyfort Jonestown Mcculloughchester Crystalchester Mcculloughchester Ponceville Beckyshire Hernandezville Joelview Farmerside Ralphtown Stricklandbury Ralphtown Farmerside Joelview Mitchellchester Lopezmouth Dixonton Lopezmouth Mitchellchester Joelview Hernandezville Beckyshire Ponceville Mcculloughchester Jonestown Kellyfort Jonestown Mcculloughchester Ponceville Beckyshire Hernandezville Joelview Farmerside Gabriellabury Murphyberg Gabriellabury Farmerside Joelview Hernandezville Beckyshire Ponceville Bridgesville Esparzaberg Bridgesville Ponceville Beckyshire Hernandezville Joelview Mitchellchester Lopezmouth Dixonton Lopezmouth Mitchellchester Joelview Farmerside Gabriellabury Courtneyfurt Gabriellabury Farmerside Joelview Hernandezville Beckyshire Ponceville Bridgesville Dennisstad Bridgesville Ponceville Beckyshire Hernandezville Joelview Farmerside Ralphtown Garciaport Charlesburgh Garciaport Ralphtown Farmerside Joelview Hernandezville Beckyshire Ponceville Bridgesville Riveramouth Martinton Riveramouth Bridgesville Esparzaberg Bridgesville Ponceville Beckyshire Hernandezville Joelview Mitchellchester Lopezmouth Dixonton Keithton Andrewland Keithton Dixonton Lopezmouth Mitchellchester Joelview Hernandezville Beckyshire Ponceville Bridgesville Riveramouth Bradshawside Riveramouth Bridgesville Ponceville Beckyshire Hernandezville Joelview Farmerside Gabriellabury Courtneyfurt Gabriellabury Farmerside Joelview Hernandezville Beckyshire Ponceville Bridgesville Riveramouth Bridgesville Ponceville Beckyshire Derekton Wallaceville Morenoside Wallaceville Derekton Beckyshire Ponceville Garymouth Camposstad Garymouth Ponceville Beckyshire Hernandezville Joelview Farmerside Ryanton Williamsmouth Ryanton Farmerside Joelview Mitchellchester Lopezmouth Heathermouth Lopezview Heathermouth Lopezmouth Mitchellchester Joelview Hernandezville Beckyshire Derekton Wallaceville Morenoside Wallaceville Derekton Beckyshire Hernandezville Joelview Mitchellchester Sheabury Maysfort Sheabury Mitchellchester Joelview Hernandezville Beckyshire Ponceville Mcculloughchester Jonestown Mcculloughchester Ponceville Beckyshire Hernandezville Joelview Farmerside Ryanton Williamsmouth Mcdonaldmouth Adkinsfurt Mcdonaldmouth Williamsmouth Ryanton Farmerside Joelview Hernandezville Beckyshire Ponceville Mcculloughchester Crystalchester Smithmouth Robertborough Smithmouth Crystalchester Mcculloughchester Ponceville Garymouth Christophertown Garymouth Ponceville Beckyshire Hernandezville Joelview Farmerside Ralphtown Stricklandbury Tylermouth Deanstad Tylermouth Stricklandbury Ralphtown Farmerside Joelview Hernandezville Beckyshire Ponceville Bridgesville Dennisstad Wilsonburgh Harristown Wilsonburgh Josephton Wilsonburgh Dennisstad Bridgesville Esparzaberg Thomasburgh Sanchezland Thomasburgh Esparzaberg Bridgesville Ponceville Beckyshire Hernandezville Joelview Mitchellchester Lopezmouth Heathermouth Lopezmouth Mitchellchester Joelview Hernandezville Beckyshire Ponceville Mcculloughchester Jonestown Barbarachester Jonesberg Barbarachester Jonestown Mcculloughchester Ponceville Garymouth Christophertown Crystaltown Johnsontown Crystaltown Christophertown Garymouth Ponceville Bridgesville Riveramouth Bridgesville Ponceville Beckyshire Hernandezville Joelview Farmerside Ralphtown Garciaport Ralphtown Farmerside Joelview Hernandezville Beckyshire Derekton Thomaschester Mcfarlandville Thomaschester Derekton Beckyshire Hernandezville Joelview Mitchellchester Lopezmouth Dixonton Keithton Aprilstad Keithton Dixonton Lopezmouth Mitchellchester Joelview Hernandezville Beckyshire Ponceville Garymouth Camposstad Garymouth Ponceville Beckyshire Hernandezville Joelview Downsville Richardhaven Tammychester Richardhaven Downsville Joelview Hernandezville Beckyshire Ponceville Garymouth Camposstad Donaldstad Thomastown Donaldstad Camposstad Garymouth Ponceville Beckyshire Hernandezville Joelview Mitchellchester Lopezmouth Heathermouth Lopezmouth Dixonton Francesmouth Richardville Francesmouth Dixonton Lopezmouth Mitchellchester Joelview Downsville Richardhaven Downsville Joelview Hernandezville Beckyshire Ponceville Bridgesville Riveramouth Martinton Brianland Martinton Riveramouth Bridgesville Ponceville Beckyshire Hernandezville
39
Thomasburgh Thomasburgh Johnsonmouth 
Kristinbury Kristinbury Allenberg 
Kellyfort Kellyfort Pittsland Tinatown 
Charlesburgh Charlesburgh Angelaview 
Martinton Martinton Deborahfort 
Keithton Keithton 
Andrewland Andrewland 
Bradshawside Bradshawside Wandaside 
Lopezview Lopezview Robertsfort 
Mcdonaldmouth Mcdonaldmouth 
Adkinsfurt Adkinsfurt 
Smithmouth Smithmouth 
Robertborough Robertborough 
Tylermouth Tylermouth 
Deanstad Deanstad 
Wilsonburgh Wilsonburgh 
Harristown Harristown 
Josephton Josephton 
Sanchezland Sanchezland 
Barbarachester Barbarachester 
Jonesberg Jonesberg 
Crystaltown Crystaltown 
Johnsontown Johnsontown 
Aprilstad Aprilstad 
Tammychester Tammychester Rebeccaton 
Donaldstad Donaldstad 
Thomastown Thomastown 
Francesmouth Francesmouth 
Richardville Richardville 
Brianland Brianland 
Williammouth Haasville 
Williamsmouth Johnstonmouth 
Murphyberg Hendersonchester 
Courtneyfurt Morrisbury Contrerasland 
Morenoside Johnport Amberfurt 
Camposstad Williamsville 
Maysfort Huynhton 
Heathermouth Emilymouth 
Mcfarlandville Belindamouth 
