Taylorville Weberside Jonesbury Weberside Taylorville Alejandroport Shawnport Mariaview Saraport Mariaview Kristenmouth Mariaview Shawnport Alejandroport Taylorville Valerietown Johnmouth Kempshire Johnmouth Valerietown Taylorville Alejandroport Shawnport Mariaview Shawnport Alejandroport Taylorville Valerietown Stewartberg Tinaville Stewartberg Valerietown Johnmouth Kempshire Grahambury Kempshire Johnmouth Valerietown Taylorville Alejandroport Ashleyland Kathyfort Ashleyland Alejandroport Taylorville Weberside Jonesbury Jamestown Nicholefurt Jamestown Jonesbury Weberside Taylorville Alejandroport Shawnport Mariaview Saraport Underwoodmouth Saraport Mariaview Shawnport Alejandroport Deborahfurt Anthonyburgh Martinezfort Anthonyburgh Deborahfurt Jacobberg Deborahfurt Anthonyburgh Deborahfurt Alejandroport Ashleyland Kathyfort Hawkinsland Camposstad Hawkinsland Kathyfort Ashleyland Alejandroport Taylorville Weberside Jonesbury Jamestown Glasston Jamestown Jonesbury Weberside Taylorville Valerietown Stewartberg Tinaville Stewartberg Valerietown Taylorville Weberside Eduardotown Sullivanmouth Eduardotown Weberside Jonesbury Lloydton Stephensonburgh Lloydton Smithborough Lloydton Jonesbury Weberside Taylorville Alejandroport Shawnport Mariaview Kristenmouth Stevenshire Kristenmouth Mariaview Shawnport Alejandroport Ashleyland Kathyfort Hawkinsland Ayalabury Hawkinsland Kathyfort Ashleyland Alejandroport Taylorville Weberside Eduardotown Sullivanmouth Eduardotown Weberside Taylorville
19
Saraport Saraport Lewisburgh 
Kristenmouth Kristenmouth Alexmouth 
Grahambury Grahambury Johnsonside 
Jamestown Jamestown 
Nicholefurt Nicholefurt 
Underwoodmouth Underwoodmouth 
Martinezfort Martinezfort Ericksonmouth 
Hawkinsland Hawkinsland 
Camposstad Camposstad 
Glasston Glasston 
Lloydton Lloydton 
Stephensonburgh Stephensonburgh 
Smithborough Smithborough 
Stevenshire Stevenshire 
Ayalabury Ayalabury 
Kempshire Michaelfort 
Tinaville Steventown Nicholasshire 
Jacobberg Foleyhaven 
Sullivanmouth Underwoodborough Michaelville 
