Porterton Dianashire Burgessview Marcusburgh Matthewburgh Virginiastad Matthewburgh Bondfort Matthewburgh Marcusburgh Burgessview Dianashire Ashleyborough Osborneville Payneview Jacksonville Jennifertown Jacksonville Payneview Osborneville Ashleyborough Dianashire Burgessview Marcusburgh Matthewburgh Bondfort Shawnmouth Bondfort Matthewburgh Marcusburgh Burgessview Dianashire Ashleyborough Paulburgh Walltown Callahantown Maryport Callahantown Walltown Paulburgh Ashleyborough Dianashire Porterton Wallton Danielleport Melissaview Cheyennefurt Melissaview Danielleport Wallton Porterton Dianashire Burgessview Marcusburgh Fletcherland Kingview Williamschester Kingview Fletcherland Marcusburgh Burgessview Dianashire Ashleyborough Clarkberg Burtonview Murphyside Bakertown Murphyside Burtonview Clarkberg Ashleyborough Dianashire Burgessview Marcusburgh Tylerbury Jamestown Tylerbury Marcusburgh Burgessview Dianashire Porterton Wallton Derekmouth Jeffreyfort Johnsonchester Jeffreyfort Derekmouth Wallton Danielleport Scottburgh Laurenbury Haleview Laurenbury Scottburgh Danielleport Cooperton Lopezborough Waltersmouth Lopezborough Cooperton Danielleport Wallton Porterton Dianashire Ashleyborough Osborneville Christophermouth Shawnhaven Christophermouth Osborneville Ashleyborough Dianashire Porterton Wallton Davisstad Jacksonton Singletonton Clarkbury Singletonton Jacksonton Davisstad Wallton Porterton Dianashire Burgessview Billton Banksburgh Yvonneborough Banksburgh Billton Burgessview Dianashire Ashleyborough Clarkberg Burtonview Murphyside Bakertown Murphyside Burtonview Clarkberg Ashleyborough Dianashire Burgessview Marcusburgh Tylerbury Paultown Tylerbury Marcusburgh Burgessview Dianashire Porterton Wallton Derekmouth Geraldside Joseport Hallborough Joseport Geraldside Derekmouth Wallton Porterton Dianashire Ashleyborough Osborneville Payneview Barnesmouth Harrisport Barnesmouth Payneview Osborneville Ashleyborough Dianashire Porterton Wallton Davisstad Leechester Pettyton Bondmouth Pettyton Leechester Davisstad Wallton Derekmouth Charlesberg Weberbury Charlesberg Derekmouth Wallton Porterton Dianashire Burgessview Williamfort Thomasville Lopezburgh Thomasville Williamfort Burgessview Dianashire Porterton Wallton Derekmouth Charlesberg Weberbury Kimberlyburgh Candiceland Kimberlyburgh Weberbury Charlesberg Derekmouth Wallton Danielleport Melissaview Campbellhaven Annberg Campbellhaven Melissaview Danielleport Wallton Porterton Dianashire Ashleyborough Clarkberg Reevestown Judithview Reevestown Clarkberg Ashleyborough Dianashire Porterton Wallton Danielleport Melissaview Campbellhaven Annberg Campbellhaven Melissaview Danielleport Wallton Derekmouth Charlesberg Kevinberg Patriciabury Kevinberg Charlesberg Derekmouth Geraldside Michellehaven Geraldside Derekmouth Jeffreyfort Garytown Jeffreyfort Derekmouth Wallton Porterton Dianashire Ashleyborough Paulburgh Walltown Callahantown Maryport Callahantown Walltown Paulburgh Ashleyborough Dianashire Porterton Wallton Derekmouth Charlesberg Sethland Charlesberg Derekmouth Wallton Porterton Dianashire Burgessview Williamfort Thomasville Lopezburgh Thomasville Williamfort Burgessview Dianashire Porterton Wallton Derekmouth Charlesberg Kevinberg Adamside Kevinberg Charlesberg Sethland Charlesberg Derekmouth Wallton Danielleport Melissaview Cheyennefurt Watsonville Cheyennefurt Melissaview Danielleport Wallton Derekmouth Jeffreyfort Garytown Audreyfort Patriciaside Audreyfort Garytown Jeffreyfort Derekmouth Wallton Porterton Dianashire Burgessview Williamfort Thomasville Lopezburgh Byrdfurt Garciamouth Byrdfurt Lopezburgh Thomasville Williamfort Burgessview Marcusburgh Matthewburgh Virginiastad Matthewburgh Marcusburgh Burgessview Dianashire Porterton Wallton Derekmouth Charlesberg Kevinberg Charlesberg Derekmouth Wallton Porterton Dianashire Ashleyborough Clarkberg Burtonview Murphyside Burtonview Clarkberg Ashleyborough Dianashire Burgessview Billton Banksburgh Simmonsburgh Michaelville Simmonsburgh Banksburgh Billton Burgessview Dianashire Porterton Wallton Derekmouth Charlesberg Kevinberg Charlesberg Derekmouth Wallton Porterton Dianashire Burgessview Marcusburgh Matthewburgh Virginiastad Robinsonmouth Horneside Robinsonmouth Virginiastad Matthewburgh Marcusburgh Burgessview Dianashire Ashleyborough Osborneville Payneview Teresafort Smithtown Teresafort Payneview Osborneville Ashleyborough Dianashire Burgessview Williamfort Thomasville Lopezburgh Byrdfurt Loweryborough Byrdfurt Lopezburgh Thomasville Williamfort Burgessview Dianashire Porterton Wallton Derekmouth Charlesberg Kevinberg Adamside Bradberg Adamside Kevinberg Charlesberg Derekmouth Wallton Porterton Dianashire Ashleyborough Osborneville Payneview Jacksonville Payneview Barnesmouth Payneview Osborneville Ashleyborough Dianashire Porterton Wallton Davisstad Newmanburgh Gallowaymouth Newmanburgh Davisstad Leechester Pettyton Bondmouth Pettyton Leechester Davisstad Wallton Porterton Dianashire Burgessview Marcusburgh Fletcherland Kingview Fletcherland Marcusburgh Burgessview Dianashire Ashleyborough Osborneville Christophermouth Shawnhaven Christophermouth Osborneville Ashleyborough Dianashire Porterton Wallton Derekmouth Geraldside Joseport Gabrielburgh Joseport Geraldside Derekmouth Charlesberg Weberbury Charlesberg Derekmouth Wallton Davisstad Leechester Pettyton Leechester Davisstad Wallton Derekmouth Geraldside Michellehaven Ramosborough Michellehaven Geraldside Derekmouth Wallton Porterton Dianashire Ashleyborough Osborneville Payneview Barnesmouth Payneview Osborneville Ashleyborough Dianashire Burgessview Williamfort Williamport Ashleystad Williamport Williamfort Burgessview Dianashire Porterton Wallton Derekmouth Charlesberg Sethland Ellisstad Osbornemouth Ellisstad Sethland Charlesberg Derekmouth Wallton Porterton Dianashire Burgessview Williamfort Moodyburgh Heatherberg Thomasborough Heatherberg Moodyburgh Williamfort Burgessview Dianashire Ashleyborough Paulburgh Walltown Scotttown Jacksonview Scotttown Walltown Paulburgh Ashleyborough Dianashire Burgessview Marcusburgh Matthewburgh Bondfort Matthewburgh Marcusburgh Burgessview Williamfort Williamport Ashleystad Codyton Ashleystad Williamport Williamfort Burgessview Dianashire Ashleyborough Osborneville Payneview Teresafort Payneview Osborneville Ashleyborough Paulburgh Walltown Scotttown Walltown Paulburgh Ashleyborough Dianashire Porterton Wallton Derekmouth Geraldside Michellehaven Geraldside Derekmouth Wallton Porterton Dianashire Ashleyborough Paulburgh Robertsstad Toddtown Robertsstad Paulburgh Ashleyborough Dianashire Porterton Wallton Derekmouth Charlesberg Kevinberg Patriciabury Thomasmouth Patriciabury Kevinberg Charlesberg Derekmouth Wallton Davisstad Leechester Castanedachester Leechester Davisstad Wallton Danielleport Melissaview Campbellhaven Melissaview Danielleport Wallton Porterton Dianashire Ashleyborough Paulburgh Walltown Callahantown Walltown Paulburgh Ashleyborough Dianashire Burgessview Marcusburgh Fletcherland Willisfurt Fletcherland Marcusburgh Burgessview Dianashire Ashleyborough Osborneville Payneview Teresafort Payneview Osborneville Ashleyborough Paulburgh Walltown Johnberg Walltown Paulburgh Ashleyborough Dianashire Burgessview Williamfort Williamport Ashleystad Holthaven Vickiville Holthaven Ashleystad Codyton Mindyview Codyton Ashleystad Williamport Williamfort Burgessview Dianashire Ashleyborough Osborneville Payneview Teresafort Smithtown Abigailville Smithtown Teresafort Payneview Osborneville Ashleyborough Clarkberg Reevestown Judithview Michaelview Clarenceview Michaelview Judithview Reevestown Clarkberg Ashleyborough Dianashire Burgessview Williamfort Moodyburgh Heatherberg Thomasborough Heatherberg Moodyburgh Williamfort Burgessview Dianashire Porterton Wallton Danielleport Melissaview Cheyennefurt Watsonville Cheyennefurt Melissaview Danielleport Wallton Porterton Dianashire Burgessview Billton Banksburgh Simmonsburgh Banksburgh Billton Burgessview Dianashire Ashleyborough Osborneville Payneview Jacksonville Payneview Osborneville Ashleyborough Dianashire Porterton Wallton Derekmouth Jeffreyfort Johnsonchester Jeffreyfort Derekmouth Wallton Porterton Dianashire Burgessview Marcusburgh Matthewburgh Bondfort Adamview Harrisborough Adamview Bondfort Matthewburgh Marcusburgh Burgessview Dianashire Porterton Wallton Danielleport Cooperton Lopezborough Waltersmouth Lopezborough Cooperton Danielleport Wallton Porterton Dianashire Burgessview Williamfort Moodyburgh Gregoryberg Smithfort Gregoryberg Moodyburgh Williamfort Burgessview Billton Banksburgh Yvonneborough Parkermouth Shawnfort Parkermouth Yvonneborough Banksburgh Billton Burgessview Dianashire Porterton Wallton Danielleport Melissaview Cheyennefurt Melissaview Danielleport Wallton Porterton Dianashire Ashleyborough Paulburgh Robertsstad Toddtown Swansonshire Abigailhaven Swansonshire Toddtown Robertsstad Paulburgh Ashleyborough Dianashire Burgessview Williamfort Moodyburgh Gregoryberg Moodyburgh Williamfort Burgessview Dianashire Porterton Wallton Davisstad Newmanburgh Gallowaymouth Rioshaven Josephstad Rioshaven Gallowaymouth Newmanburgh Davisstad Jacksonton Singletonton Jacksonton Davisstad Wallton Porterton Dianashire Burgessview Marcusburgh Matthewburgh Bondfort Shawnmouth Priceville Shawnmouth Bondfort Matthewburgh Marcusburgh Burgessview Dianashire Porterton Wallton Derekmouth Geraldside Michellehaven Cranemouth Joneschester Cranemouth Michellehaven Geraldside Joseport Geraldside Derekmouth Wallton Porterton Dianashire Burgessview Williamfort Moodyburgh Heatherberg Moodyburgh Williamfort Burgessview Dianashire Porterton
69
Jennifertown Jennifertown Feliciaville 
Shawnmouth Shawnmouth Buckleyside 
Maryport Maryport Combsville Reynoldsview 
Williamschester Williamschester Mirandaview 
Bakertown Bakertown Derekville Jameston 
Haleview Haleview Hallstad 
Clarkbury Clarkbury Jermaineton 
Hallborough Hallborough Kylieview 
Harrisport Harrisport Brendaview 
Bondmouth Bondmouth Mercedesmouth Taylorton 
Kimberlyburgh Kimberlyburgh 
Candiceland Candiceland 
Annberg Annberg Houstonchester Dyerport 
Patriciabury Patriciabury Troyfort 
Adamside Adamside Andrewschester 
Watsonville Watsonville Christyland Robertomouth 
Audreyfort Audreyfort 
Patriciaside Patriciaside 
Byrdfurt Byrdfurt 
Garciamouth Garciamouth 
Michaelville Michaelville Williamland 
Robinsonmouth Robinsonmouth 
Horneside Horneside 
Smithtown Smithtown Jacksonland 
Loweryborough Loweryborough 
Bradberg Bradberg 
Gabrielburgh Gabrielburgh Hodgesstad 
Ramosborough Ramosborough Fordhaven 
Ellisstad Ellisstad 
Osbornemouth Osbornemouth 
Thomasborough Thomasborough Ortegaberg Masseyside 
Jacksonview Jacksonview Danielville 
Codyton Codyton Ryanside 
Thomasmouth Thomasmouth 
Holthaven Holthaven 
Vickiville Vickiville 
Mindyview Mindyview 
Abigailville Abigailville 
Michaelview Michaelview 
Clarenceview Clarenceview 
Adamview Adamview 
Harrisborough Harrisborough 
Smithfort Smithfort Millerborough 
Parkermouth Parkermouth 
Shawnfort Shawnfort 
Swansonshire Swansonshire 
Abigailhaven Abigailhaven 
Rioshaven Rioshaven 
Josephstad Josephstad 
Priceville Priceville 
Cranemouth Cranemouth 
Joneschester Joneschester 
Virginiastad Johnsonberg 
Cheyennefurt Thompsonshire 
Jamestown Wilsonstad 
Johnsonchester Susanfort Nealfurt 
Waltersmouth Adamport Adkinsberg 
Shawnhaven Candaceborough Dannyside 
Paultown Hansonbury 
Lopezburgh Leahmouth 
Sethland Tannerhaven 
Jacksonville Christopherhaven 
Pettyton Jonesfurt 
Weberbury Clarkport 
Barnesmouth Clarkborough 
Castanedachester Suttonville 
Willisfurt Ortizberg 
Teresafort Calvinton 
Johnberg Williamshire 
