AY A B H I O Q K T B U V C W AA AB AE AH B AI AK AM O AO AQ G AS B AU A AV AW A BA BE BF BG BI BJ A BO E BU F BX A BZ D CA C CC CD CE CF C CK CL B CM C CP CQ A CR B CU D CV AY
49
AY AY 
B B 
H H 
I I 
O O 
Q Q P 
T T 
U U 
V V 
W W 
AA AA 
AB AB 
AE AE 
AH AH 
AI AI 
AK AK 
AM AM 
AO AO 
AQ AQ 
AS AS 
AU AU 
AV AV 
AW AW 
BA BA 
BE BE 
BF BF 
BG BG 
BI BI 
BJ BJ 
BO BO 
BU BU 
F F 
BX BX 
BZ BZ 
CA CA 
CC CC 
CD CD 
CE CE 
CF CF 
CK CK 
CL CL 
CM CM 
CP CP 
CQ CQ 
CR CR 
CU CU 
CV CV 
A AX 
E BP 
