K B A G I L M P R T U I V X F Y D Z F AB AF B AG AH AJ E AM F AN AS G AW I AX BA D BB BE BF BG I BI M BJ BL A BO F BP B BQ F BR D BX A BY A CB F CE CF CJ H CK E CM CQ CT D CW A CY A DB DC DG B DH DI DK DP C DR DS A DV DX DZ EA EC ED EG F EH EJ B EK EL B EM EN EO D EQ E EU EV C EZ FD FE FG FH H FI FJ A FM FO L FP FR P FS FU FV FX FZ C GC H GD A GE K GF GG GI B GJ GK G GL GO GR A K
100
B B
G G
I I
L L
M M
P P
R R
T T
U U
V V
X X
Y Y
Z Z
AB AB
AF AF
AG AG
AH AH
AJ AJ
AM AM
AN AN
AS AS
AW AW
AX AX
BA BA
BB BB
BE BE
BF BF
BG BG
BI BI
BJ BJ
BL BL
BO BO
BP BP
BQ BQ
BR BR
BX BX
BY BY
CB CB
CE CE
CF CF
CJ CJ
CK CK
CM CM
CQ CQ
CT CT
CW CW
CY CY
DB DB
DC DC
DG DG
DH DH
DI DI
DK DK
DP DP
DR DR
DS DS
DV DV
DX DX
DZ DZ
EA EA
EC EC
ED ED
EG EG
EH EH
EJ EJ
EK EK
EL EL
EM EM
EN EN
EO EO
EQ EQ
EU EU
EV EV
EZ EZ
FD FD
FE FE
FG FG
FH FH
FI FI
FJ FJ
FM FM
FO FO
FP FP
FR FR
FS FS
FU FU
FV FV
FX FX
FZ FZ
GC GC
GD GD
GE GE
GF GF
GG GG
GI GI
GJ GJ
GK GK
GL GL
GO GO
GR GR
