fmdhlepsteinstdnkill nmlfshtdkillepsteind fmsepsteindntldhkill msfltdkillnepsteinhd dfkilllmtepsteinhdsn nfdhkilllsmtepsteind killnsfmhdepsteindtl epsteindlsfdntmkillh dnkillepsteinlshdtfm epsteinkillmsftnddlh dmepsteinfnhltkillsd hkilldfepsteinmdlnts fdshnmkillepsteinltd nmlfshtdkillepsteind fmsepsteindntldhkill tlmsdhdnkillfepstein tmlepsteinsdnfkillhd killhddfntepsteinlms hnsdkilllftdmepstein lnsmkilltfdepsteindh ntlepsteindmfdshkill hdepsteinskillldtnfm hnsdkilllftdmepstein dnkillepsteinlshdtfm epsteindlsfdntmkillh killnsfmhdepsteindtl ddlmnftepsteinhskill tlsfdmdepsteinnhkill dmkillshfepsteinltnd killepsteinlhtfdsmdn ntlepsteindmfdshkill msfltdkillnepsteinhd fmsepsteindntldhkill epsteindfhlmdnskillt hnfdtmlepsteinkillds depsteinnlsfmhtkilld dmepsteinfnhltkillsd flmkillnsepsteinddth dhkilllsepsteinmntdf nfmdkillhdlepsteinst tfdmdslepsteinkillnh nhmkilllsftepsteindd ddepsteinhltfkillsmn tdfepsteinnlhdkillsm lsdepsteinfmkillndth tlmsdhdnkillfepstein fmsepsteindntldhkill fthddnmlepsteinkills flepsteindndhmtkills killdmnsfhldepsteint ddtmkillepsteinflsnh fddsepsteinhnlkilltm lndsdkilltmepsteinhf hnsdkilllftdmepstein nepsteinlmdkilldhfts killdmnsfhldepsteint ndkillftdsmepsteinlh hsdlepsteinmnkilldft hsndepsteindlmtkillf ftldepsteinkillhsdmn nltdmsfepsteinkilldh tfkilllnmsdhepsteind mftkillepsteinndlhsd dnkillepsteinlshdtfm hnsdkilllftdmepstein epsteinfsddmthkillnl ntlepsteindmfdshkill killmlepsteindthnfsd tmsdnfdlkillhepstein lhepsteinkilldtnmfsd hsdfepsteintlnkilldm ftmnsldepsteinkillhd killdmnsfhldepsteint dlnsthfmepsteinkilld msfltdkillnepsteinhd dmepsteinfnhltkillsd fshtdepsteinmldnkill epsteinskilldlndhmtf tmlepsteinsdnfkillhd tdfepsteinnlhdkillsm hnfdtmlepsteinkillds msfltdkillnepsteinhd dlnsthfmepsteinkilld nkilltdhlmdepsteinsf hepsteinsddnfkillmlt epsteinkillmsftnddlh fhndskillepsteintldm ftmnsldepsteinkillhd dfslntkillmepsteindh killlepsteindndtfhms ddtmkillepsteinflsnh killmlepsteindthnfsd ddlmnftepsteinhskill hnsdkilllftdmepstein epsteinmhndfkilltdls fmdhlepsteinstdnkill
46
fmsepsteindntldhkill fmsepsteindntldhkill 
msfltdkillnepsteinhd msfltdkillnepsteinhd 
dfkilllmtepsteinhdsn dfkilllmtepsteinhdsn 
nfdhkilllsmtepsteind nfdhkilllsmtepsteind 
killnsfmhdepsteindtl killnsfmhdepsteindtl 
epsteindlsfdntmkillh epsteindlsfdntmkillh 
dnkillepsteinlshdtfm dnkillepsteinlshdtfm lmhdtfdepsteinnkills 
epsteinkillmsftnddlh epsteinkillmsftnddlh 
dmepsteinfnhltkillsd dmepsteinfnhltkillsd stepsteinhkillfmnldd 
fdshnmkillepsteinltd fdshnmkillepsteinltd 
tlmsdhdnkillfepstein tlmsdhdnkillfepstein 
tmlepsteinsdnfkillhd tmlepsteinsdnfkillhd 
hnsdkilllftdmepstein hnsdkilllftdmepstein 
lnsmkilltfdepsteindh lnsmkilltfdepsteindh 
ntlepsteindmfdshkill ntlepsteindmfdshkill epsteintdkilllnfdhms 
hdepsteinskillldtnfm hdepsteinskillldtnfm 
ddlmnftepsteinhskill ddlmnftepsteinhskill 
tlsfdmdepsteinnhkill tlsfdmdepsteinnhkill 
killepsteinlhtfdsmdn killepsteinlhtfdsmdn 
epsteindfhlmdnskillt epsteindfhlmdnskillt 
hnfdtmlepsteinkillds hnfdtmlepsteinkillds 
depsteinnlsfmhtkilld depsteinnlsfmhtkilld 
dhkilllsepsteinmntdf dhkilllsepsteinmntdf 
nhmkilllsftepsteindd nhmkilllsftepsteindd 
lsdepsteinfmkillndth lsdepsteinfmkillndth 
flepsteindndhmtkills flepsteindndhmtkills 
killdmnsfhldepsteint killdmnsfhldepsteint 
ddtmkillepsteinflsnh ddtmkillepsteinflsnh 
lndsdkilltmepsteinhf lndsdkilltmepsteinhf 
nepsteinlmdkilldhfts nepsteinlmdkilldhfts 
ndkillftdsmepsteinlh ndkillftdsmepsteinlh 
hsndepsteindlmtkillf hsndepsteindlmtkillf 
nltdmsfepsteinkilldh nltdmsfepsteinkilldh 
mftkillepsteinndlhsd mftkillepsteinndlhsd 
killmlepsteindthnfsd killmlepsteindthnfsd fepsteinhsntddkilllm 
lhepsteinkilldtnmfsd lhepsteinkilldtnmfsd 
hsdfepsteintlnkilldm hsdfepsteintlnkilldm 
dlnsthfmepsteinkilld dlnsthfmepsteinkilld 
fshtdepsteinmldnkill fshtdepsteinmldnkill 
epsteinskilldlndhmtf epsteinskilldlndhmtf 
nkilltdhlmdepsteinsf nkilltdhlmdepsteinsf 
hepsteinsddnfkillmlt hepsteinsddnfkillmlt 
fhndskillepsteintldm fhndskillepsteintldm 
epsteinmhndfkilltdls epsteinmhndfkilltdls 
epsteinfsddmthkillnl dhepsteindsnlkillfmt 
killlepsteindndtfhms epsteinlshkilldnfdmt 
