dldkilltnmhfepsteins msddkilllthepsteinfn dlfdkilltepsteinhnms killmdshdtnflepstein sdndhepsteinltkillfm killshdlmftnepsteind tldkillhsfnmepsteind killshdlmftnepsteind sdndhepsteinltkillfm mdkillntepsteindfhsl msepsteintlhnfkilldd ldepsteinhmfnkillsdt mdkillnlsdtepsteinhf ldepsteinhmfnkillsdt killdepsteinmfltdshn tsdnhkilllmepsteindf killdepsteinmfltdshn tsmdepsteinkillhfdln dmtlsfhnkilldepstein dhsepsteintlkillmfnd epsteinhdkillltsmfdn fhdmnepsteindkillslt killlhstfdepsteinnmd epsteintfhndkilllmsd fmltddhnepsteinskill hfskilldepsteinmndlt fdskillndtmepsteinlh hfskilldepsteinmndlt killhdfnsepsteinmltd fdmtdepsteinkilllsnh killtdmsdfhnepsteinl dlshdtepsteinnkillfm hnddkilltslmfepstein fmltddhnepsteinskill hfskilldepsteinmndlt fddsmepsteintnkillhl nlsdepsteinkilltfhdm epsteinkillddfnthslm lepsteinkilldhfmstnd shdepsteinftkillnlmd tdnfmdhepsteinslkill lkilldtnmsepsteindfh smtepsteinkilldfnhdl killmfndshdtepsteinl lepsteindnhstfdmkill mkillthfdlnepsteinds fkillepsteinndmdlhts mdkilllfdnstepsteinh nmkilllepsteintdsdfh fhnmkillepsteinsdltd tdkillepsteinsmhdfnl shepsteinnkillftlddm msepsteintlhnfkilldd mdkillntepsteindfhsl killhdfnsepsteinmltd fdmtdepsteinkilllsnh killtdmsdfhnepsteinl dhkillldsepsteintnmf slepsteinkillfmddhtn epsteinhnkillsldfdmt thdlskillnfdmepstein dmtlsfhnkilldepstein depsteinftndhmkillsl mltdhfdepsteinkillsn sdlhfnmdepsteintkill mltdhfdepsteinkillsn depsteinftndhmkillsl hepsteinnfdmlsdtkill depsteinftndhmkillsl lkillfthdsepsteindnm ndkillthdepsteinlsmf ndshkilldmlepsteinft dhkillldsepsteintnmf dkillnmhldstfepstein fddsmepsteintnkillhl ldhtdkillepsteinfsmn mlepsteindkillsfhtdn lkillepsteintdshmfnd mdkilllfdnstepsteinh killhdfnsepsteinmltd lmkillepsteintsndfhd ndshkilldmlepsteinft shfnmltepsteindkilld tldmepsteindkillfhsn epsteinsnmflhtdkilld mhkillepsteinddlfsnt tldkillhsfnmepsteind msddkilllthepsteinfn killthsepsteindmlfdn lhsntdepsteindkillmf tdkillepsteinsmhdfnl epsteintfhndkilllmsd epsteinsnmflhtdkilld dtsmdnlhfepsteinkill fkillepsteinndmdlhts lepsteindnhstfdmkill ldepsteindhkilltsmfn ltnhmdepsteinfdskill dmtlsfhnkilldepstein depsteinftndhmkillsl fthlkillnepsteindsdm epsteinkillddfnthslm dfdepsteintlnskillhm ltnhmdepsteinfdskill ntmdhepsteinsdkillfl depsteinlfnmkilldsht ntmdhepsteinsdkillfl nmdhepsteinkilltfsld tndskilldfepsteinmhl killmsfhdtlndepstein killhtdmdlnsfepstein nfltdmkillsdepsteinh mfndlsdepsteinhkillt dmldfhskillntepstein mdkillntepsteindfhsl killhdfnsepsteinmltd fsepsteindkillhmtdln ltnhmdepsteinfdskill sfdntlkilldhmepstein epsteinfthkilldnslmd lepsteindnhstfdmkill skillmfepsteinthddnl killsepsteindmtflhnd killfthnmsdlepsteind killsepsteindmtflhnd smtepsteinkilldfnhdl epsteinhdkillltsmfdn ltnhmdepsteinfdskill hepsteinntdkillsdmfl depsteintkilllnmsfdh thdlskillnfdmepstein dfkilllepsteinsnmhtd mhdskillldftnepstein killtdslhfdepsteinnm killmfndshdtepsteinl hmdkilllnepsteinfsdt killmfndshdtepsteinl killtdmsdfhnepsteinl dlshdtepsteinnkillfm killtdmsdfhnepsteinl ltfnsdhepsteinkilldm killhtdmdlnsfepstein nfltdmkillsdepsteinh mfndlsdepsteinhkillt tepsteinhsdkillmldfn dflstmkillepsteindhn killdepsteinmfltdshn smkillnepsteinfldthd mkillldnhepsteinstfd fhnmkillepsteinsdltd depsteinfmkillhdsnlt tdfkillslepsteinhdmn sldhnfmtdkillepstein mhdskillldftnepstein killtdslhfdepsteinnm tkilllepsteinfsnhmdd hepsteinntdkillsdmfl hnsepsteinmkillfddtl killfsdndhtmepsteinl hsepsteinfkillnmddtl fmtnkilldepsteindhsl nlsdepsteinkilltfhdm dtnkillsepsteinmdfhl tdkillepsteinsmhdfnl lepsteindnhstfdmkill nftmskilldldepsteinh fhdmnepsteindkillslt sldhnfmtdkillepstein stmlepsteindnkilldfh killmdshdtnflepstein sndldftmkillepsteinh killhtdmdlnsfepstein stmepsteinkillnhddlf hmndfkillslepsteintd epsteindmshtfldnkill killthsepsteindmlfdn ntmdhepsteinsdkillfl sepsteindhmnltkillfd dtnkillsepsteinmdfhl fdmhkilllepsteintnsd killtepsteinddhlmnsf fhnmkillepsteinsdltd lepsteindnhstfdmkill fkillepsteinndmdlhts lntkillepsteinfsddhm dhmkillfdltnsepstein hkilllepsteinnstfddm nmdhepsteinkilltfsld killmdepsteinftshldn epsteinldtnfmshdkill killmdepsteinftshldn fdstmndepsteinlkillh thdlskillnfdmepstein dmtlsfhnkilldepstein killdldepsteinmfsthn depsteinftndhmkillsl dkillldfepsteintsmnh ldfsmnepsteinkilltdh dmhdepsteinfsltkilln hdepsteinkillnfdlmts mkilldlshdtfepsteinn fdmhkilllepsteintnsd epsteinlmkillfshnddt shfnmltepsteindkilld tldmepsteindkillfhsn ltfnsdhepsteinkilldm tepsteinmdfldhnskill ltfnsdhepsteinkilldm shepsteinnkillftlddm hkilllepsteinnstfddm lsmftnepsteinkillhdd nepsteinfthdldmkills mltdhfdepsteinkillsn depsteinslkillhdftmn killshdlmftnepsteind ndkillthdepsteinlsmf dkillnmsfhtlepsteind fdskillndtmepsteinlh killmdshdtnflepstein sdndhepsteinltkillfm epsteindkilltlmnhsfd epsteinfthkilldnslmd ntmdhepsteinsdkillfl ltnhmdepsteinfdskill fsepsteindkillhmtdln skillthlfndepsteindm tkilllepsteinfsnhmdd fnkillddmtepsteinshl dnldkillhmfstepstein lnepsteintdfmdshkill epsteinhnkillsldfdmt tmfdhepsteinnslkilld smkillnepsteinfldthd hdmndfepsteinstkilll nepsteindhkillltmsfd fdmtdepsteinkilllsnh ndshkilldmlepsteinft killmdshdtnflepstein hnsepsteinmkillfddtl dhtepsteinkillsdflmn hfskilldepsteinmndlt lhepsteintndkilldsmf dhkillldsepsteintnmf dkillnmhldstfepstein mndtkillepsteindlfhs ntmdhepsteinsdkillfl dfkilllepsteinsnmhtd epsteindmshtfldnkill dfkilllepsteinsnmhtd ldhtdkillepsteinfsmn dflstmkillepsteindhn lepsteindnhstfdmkill nsepsteinfmdkillhldt hnskillepsteintfdmld nsepsteinfmdkillhldt ntmdhepsteinsdkillfl dfkilllepsteinsnmhtd ldhtdkillepsteinfsmn mkilldlshdtfepsteinn thnkillmddsepsteinfl lntkillepsteinfsddhm lmkillepsteintsndfhd dldkilltnmhfepsteins
100
msddkilllthepsteinfn msddkilllthepsteinfn
dlfdkilltepsteinhnms dlfdkilltepsteinhnms
sdndhepsteinltkillfm sdndhepsteinltkillfm
tldkillhsfnmepsteind tldkillhsfnmepsteind
mdkillntepsteindfhsl mdkillntepsteindfhsl
msepsteintlhnfkilldd msepsteintlhnfkilldd
mdkillnlsdtepsteinhf mdkillnlsdtepsteinhf
killdepsteinmfltdshn killdepsteinmfltdshn
tsdnhkilllmepsteindf tsdnhkilllmepsteindf
tsmdepsteinkillhfdln tsmdepsteinkillhfdln
dmtlsfhnkilldepstein dmtlsfhnkilldepstein
dhsepsteintlkillmfnd dhsepsteintlkillmfnd
epsteinhdkillltsmfdn epsteinhdkillltsmfdn
fhdmnepsteindkillslt fhdmnepsteindkillslt
epsteintfhndkilllmsd epsteintfhndkilllmsd
fmltddhnepsteinskill fmltddhnepsteinskill
fdskillndtmepsteinlh fdskillndtmepsteinlh
killhdfnsepsteinmltd killhdfnsepsteinmltd
fdmtdepsteinkilllsnh fdmtdepsteinkilllsnh
killtdmsdfhnepsteinl killtdmsdfhnepsteinl
dlshdtepsteinnkillfm dlshdtepsteinnkillfm
fddsmepsteintnkillhl fddsmepsteintnkillhl
lepsteinkilldhfmstnd lepsteinkilldhfmstnd
lkilldtnmsepsteindfh lkilldtnmsepsteindfh
killmfndshdtepsteinl killmfndshdtepsteinl
lepsteindnhstfdmkill lepsteindnhstfdmkill
mkillthfdlnepsteinds mkillthfdlnepsteinds
mdkilllfdnstepsteinh mdkilllfdnstepsteinh
fhnmkillepsteinsdltd fhnmkillepsteinsdltd
tdkillepsteinsmhdfnl tdkillepsteinsmhdfnl
slepsteinkillfmddhtn slepsteinkillfmddhtn
epsteinhnkillsldfdmt epsteinhnkillsldfdmt
thdlskillnfdmepstein thdlskillnfdmepstein
depsteinftndhmkillsl depsteinftndhmkillsl
sdlhfnmdepsteintkill sdlhfnmdepsteintkill
hepsteinnfdmlsdtkill hepsteinnfdmlsdtkill
ndkillthdepsteinlsmf ndkillthdepsteinlsmf
ndshkilldmlepsteinft ndshkilldmlepsteinft
dkillnmhldstfepstein dkillnmhldstfepstein
lkillepsteintdshmfnd lkillepsteintdshmfnd
lmkillepsteintsndfhd lmkillepsteintsndfhd
shfnmltepsteindkilld shfnmltepsteindkilld
epsteinsnmflhtdkilld epsteinsnmflhtdkilld
mhkillepsteinddlfsnt mhkillepsteinddlfsnt
killthsepsteindmlfdn killthsepsteindmlfdn
lhsntdepsteindkillmf lhsntdepsteindkillmf
dtsmdnlhfepsteinkill dtsmdnlhfepsteinkill
ldepsteindhkilltsmfn ldepsteindhkilltsmfn
dfdepsteintlnskillhm dfdepsteintlnskillhm
ntmdhepsteinsdkillfl ntmdhepsteinsdkillfl
depsteinlfnmkilldsht depsteinlfnmkilldsht
nmdhepsteinkilltfsld nmdhepsteinkilltfsld
tndskilldfepsteinmhl tndskilldfepsteinmhl
killhtdmdlnsfepstein killhtdmdlnsfepstein
nfltdmkillsdepsteinh nfltdmkillsdepsteinh
dmldfhskillntepstein dmldfhskillntepstein
fsepsteindkillhmtdln fsepsteindkillhmtdln
epsteinfthkilldnslmd epsteinfthkilldnslmd
skillmfepsteinthddnl skillmfepsteinthddnl
killfthnmsdlepsteind killfthnmsdlepsteind
hepsteinntdkillsdmfl hepsteinntdkillsdmfl
depsteintkilllnmsfdh depsteintkilllnmsfdh
dfkilllepsteinsnmhtd dfkilllepsteinsnmhtd
mhdskillldftnepstein mhdskillldftnepstein
killtdslhfdepsteinnm killtdslhfdepsteinnm
hmdkilllnepsteinfsdt hmdkilllnepsteinfsdt
ltfnsdhepsteinkilldm ltfnsdhepsteinkilldm
tepsteinhsdkillmldfn tepsteinhsdkillmldfn
dflstmkillepsteindhn dflstmkillepsteindhn
mkillldnhepsteinstfd mkillldnhepsteinstfd
tdfkillslepsteinhdmn tdfkillslepsteinhdmn
sldhnfmtdkillepstein sldhnfmtdkillepstein
hnsepsteinmkillfddtl hnsepsteinmkillfddtl
hsepsteinfkillnmddtl hsepsteinfkillnmddtl
fmtnkilldepsteindhsl fmtnkilldepsteindhsl
dtnkillsepsteinmdfhl dtnkillsepsteinmdfhl
nftmskilldldepsteinh nftmskilldldepsteinh
sndldftmkillepsteinh sndldftmkillepsteinh
hmndfkillslepsteintd hmndfkillslepsteintd
epsteindmshtfldnkill epsteindmshtfldnkill
killtepsteinddhlmnsf killtepsteinddhlmnsf
dhmkillfdltnsepstein dhmkillfdltnsepstein
epsteinldtnfmshdkill epsteinldtnfmshdkill
killdldepsteinmfsthn killdldepsteinmfsthn
ldfsmnepsteinkilltdh ldfsmnepsteinkilltdh
mkilldlshdtfepsteinn mkilldlshdtfepsteinn
epsteinlmkillfshnddt epsteinlmkillfshnddt
tepsteinmdfldhnskill tepsteinmdfldhnskill
lsmftnepsteinkillhdd lsmftnepsteinkillhdd
depsteinslkillhdftmn depsteinslkillhdftmn
dkillnmsfhtlepsteind dkillnmsfhtlepsteind
epsteindkilltlmnhsfd epsteindkilltlmnhsfd
skillthlfndepsteindm skillthlfndepsteindm
dnldkillhmfstepstein dnldkillhmfstepstein
nepsteindhkillltmsfd nepsteindhkillltmsfd
dhtepsteinkillsdflmn dhtepsteinkillsdflmn
lhepsteintndkilldsmf lhepsteintndkilldsmf
mndtkillepsteindlfhs mndtkillepsteindlfhs
hnskillepsteintfdmld hnskillepsteintfdmld
thnkillmddsepsteinfl thnkillmddsepsteinfl
