tepsteinfdkilldlmhns killepsteintdldshfnm nkillsdtdhfmlepstein nfdhepsteinltsdmkill killepsteintdldshfnm nkillsdtdhfmlepstein htskillepsteindnlfdm ndlmhepsteintdskillf nlhtdsdepsteinfmkill killepsteintdldshfnm thmepsteinlkillfsndd nmhdkilltslepsteinfd hldmepsteindsnkilltf snldmtkillfepsteindh dhlepsteindkillsmtnf mfskillnhlddtepstein htskillepsteindnlfdm ndlmhepsteintdskillf snldmtkillfepsteindh epsteinthsdmndkillfl nfdhepsteinltsdmkill lepsteinfdkillsdnmht ldnmepsteinhfstdkill hepsteinnfstkilllmdd hfskillnepsteinldtdm killnfhdsdltepsteinm dhlepsteindkillsmtnf hldmepsteindsnkilltf dmfndhstkillepsteinl killtdnfsdhmlepstein ndlepsteinhdtskillfm ldnmepsteinhfstdkill msnepsteinfkillhtdld epsteinsdfmhltkillnd slepsteinftndkillmdh thsfnmkilldlepsteind hdepsteinsmdtnflkill mfskillnhlddtepstein smldnkilldepsteinfht msnepsteinfkillhtdld snldmtkillfepsteindh dhlepsteindkillsmtnf hldmepsteindsnkilltf tmhsnfepsteinldkilld hdepsteinsmdtnflkill tepsteinfdkilldlmhns
23
killepsteintdldshfnm killepsteintdldshfnm 
nkillsdtdhfmlepstein nkillsdtdhfmlepstein 
nfdhepsteinltsdmkill nfdhepsteinltsdmkill skilldnmlhdftepstein 
htskillepsteindnlfdm htskillepsteindnlfdm 
ndlmhepsteintdskillf ndlmhepsteintdskillf 
nlhtdsdepsteinfmkill nlhtdsdepsteinfmkill 
thmepsteinlkillfsndd thmepsteinlkillfsndd 
hldmepsteindsnkilltf hldmepsteindsnkilltf fnmhskilldepsteinltd 
snldmtkillfepsteindh snldmtkillfepsteindh 
dhlepsteindkillsmtnf dhlepsteindkillsmtnf 
epsteinthsdmndkillfl epsteinthsdmndkillfl 
lepsteinfdkillsdnmht lepsteinfdkillsdnmht 
hepsteinnfstkilllmdd hepsteinnfstkilllmdd 
killnfhdsdltepsteinm killnfhdsdltepsteinm 
ndlepsteinhdtskillfm ndlepsteinhdtskillfm 
msnepsteinfkillhtdld msnepsteinfkillhtdld 
epsteinsdfmhltkillnd epsteinsdfmhltkillnd 
hdepsteinsmdtnflkill hdepsteinsmdtnflkill 
tmhsnfepsteinldkilld tmhsnfepsteinldkilld 
mfskillnhlddtepstein epsteindsmnlfdtkillh 
ldnmepsteinhfstdkill fnlskillhtepsteindmd 
dmfndhstkillepsteinl hkillmepsteinstdfdnl 
thsfnmkilldlepsteind tskillepsteinhfmddnl 
