149 000 001 002 013 024 015 024 025 024 031 044 036 037 038 048 047 036 041 030 020 010 000 149 060 051 050 053 054 059 054 051 054 063 054 053 056 066 056 053 054 062 070 071 070 062 054 063 079 078 077 076 077 078 083 078 077 076 075 074 085 073 086 084 088 087 086 073 072 063 090 091 099 096 097 090 063 054 051 060 149 100 101 103 105 109 105 106 114 115 116 121 122 126 117 116 119 140 119 116 107 100 149
32
031 031 
037 037 
048 048 
060 060 
050 050 
053 053 
054 054 
059 059 
056 056 
066 066 
079 079 
078 078 
083 083 
085 085 
086 086 
088 088 
091 091 
096 096 
097 097 
103 103 104 
115 115 
126 126 
015 006 
025 026 
063 065 064 
070 069 067 
071 068 
076 080 081 
087 089 
109 111 
122 123 
140 142 
