start loc29 loc56 loc85 loc86 loc87 loc88 loc89 loc90 loc91 loc92 loc93 loc94 loc95 loc96 loc97 loc98 loc99 loc68 loc69 loc70 loc71 loc72 loc73 loc74 loc75 loc76 loc77 loc50 loc26 loc27 loc28 loc55 loc28 loc27 loc26 loc50 loc20 loc50 loc14 loc13 loc12 loc11 loc10 loc9 loc8 loc7 loc6 loc5 loc4 loc3 loc2 loc1 start loc29 home100 home188 home100 home189 home100 home190 home100 home191 home100 loc29 home101 home192 home101 home193 home101 loc29 home102 home194 home102 home195 home102 loc29 home103 home196 home103 loc29 loc56 loc85 home105 home197 home105 loc85 home106 home198 home106 loc85 home107 home199 home107 loc85 loc56 loc29 start
27
home100 home100 
home188 home188 
home189 home189 
home190 home190 
home191 home191 
home101 home101 
home192 home192 
home193 home193 
home102 home102 
home194 home194 
home195 home195 
home103 home103 
home196 home196 
home105 home105 
home197 home197 
home106 home106 
home198 home198 
home107 home107 
home199 home199 
loc85 home111 home110 home104 home108 home112 home109 
loc94 home114 home116 home121 home113 home120 home118 home115 home122 home123 home117 home119 
loc74 home132 home128 home129 home134 home127 home125 home130 home126 home133 home124 home131 
loc55 home139 home140 home138 home135 home141 home143 home136 home137 home144 home142 
loc20 home151 home154 home152 home153 home147 home145 home149 home146 home148 home155 home150 
loc11 home161 home163 home162 home157 home156 home164 home160 home159 home158 home165 
loc3 home178 home167 home173 home172 home170 home179 home169 home177 home176 home171 home168 home175 home166 home174 
start home180 home181 home186 home187 home183 home184 home185 home182 
