CorpusChristi Akron Aberdeen Albuquerque Aberdeen Alexandria Amarillo Anaheim AppleValley Aberdeen Appleton Aberdeen Arvada Aberdeen Asheville Abilene Augusta Austin Beaumont AnnArbor BelAir Abilene Bloomington BoiseCity BonitaSprings Boulder Bremerton Bridgeport Brownsville Bryan Canton CapeCoral Aberdeen Carrollton CathedralCity Aberdeen Champaign Alexandria Chandler Charleston Chattanooga Alexandria Chicago Cincinnati Aberdeen Clearwater ColoradoSprings Columbia Columbus Albany Dallas DalyCity Danbury Davenport Aberdeen Deltona Albany Denton Denver Downey Durham Aberdeen ElMonte ElPaso Elizabeth Elkhart Escondido CorpusChristi
50
CorpusChristi CorpusChristi
Akron Akron
Albuquerque Albuquerque
Alexandria Alexandria
Amarillo Amarillo
Anaheim Anaheim
AppleValley AppleValley
Appleton Appleton
Arvada Arvada
Asheville Asheville
Augusta Augusta
Austin Austin
Beaumont Beaumont
BelAir BelAir
Bloomington Bloomington
BoiseCity BoiseCity
BonitaSprings BonitaSprings
Boulder Boulder
Bremerton Bremerton
Bridgeport Bridgeport
Brownsville Brownsville
Bryan Bryan
Canton Canton
CapeCoral CapeCoral
Carrollton Carrollton
CathedralCity CathedralCity
Champaign Champaign
Chandler Chandler
Charleston Charleston
Chattanooga Chattanooga
Chicago Chicago
Cincinnati Cincinnati
Clearwater Clearwater
ColoradoSprings ColoradoSprings
Columbia Columbia
Columbus Columbus
Dallas Dallas
DalyCity DalyCity
Danbury Danbury
Davenport Davenport
Deltona Deltona
Denton Denton
Denver Denver
Downey Downey
Durham Durham
ElMonte ElMonte
ElPaso ElPaso
Elizabeth Elizabeth
Elkhart Elkhart
Escondido Escondido
