FortCollins Akron Aberdeen Abilene Akron Aberdeen Alexandria Akron Amarillo Anaheim Akron AnnArbor AppleValley Abilene Appleton Aberdeen Arvada Atlanta Aberdeen Augusta Austin Bakersfield AnnArbor Baltimore Aberdeen Beaumont Bellevue Berkeley Bethlehem Abilene Boise Allentown BoiseCity Albuquerque BonitaSprings Bradenton Bremerton Brighton Brownsville Burbank CapeCoral Carrollton Cary CedarRapids Akron Champaign Albany Chicago Cleveland Aberdeen CollegeStation Albany ColoradoSprings Dallas Akron DalyCity Danbury Aberdeen DavidsonCounty Alexandria Denver DesMoines Abilene Detroit Aberdeen ElPaso Elizabeth Elkhart Akron Erie Eugene Evansville Akron Fairfield Aberdeen Fargo Fayetteville Fontana FortWaltonBeach Frederick Fremont Fresno Garland Gilbert GrandRapids Grayslake Hampton Aberdeen Harlingen Harrisburg Hemet Henderson Hickory Hollywood Houston Independence Aberdeen Indianapolis Abilene Inglewood Irvine Aberdeen Irving Jacksonville Jefferson Akron Joliet Kalamazoo Kennewick Knoxville Aberdeen Lacey Lafayette Lakeland Aberdeen Lancaster Akron LasCruces Layton Leominster LittleRock Akron Lorain Louisville Lubbock Manchester Albuquerque FortCollins
96
FortCollins FortCollins 
Akron Akron Anchorage 
Aberdeen Aberdeen Barnstable ElMonte Lakewood 
Abilene Abilene 
Alexandria Alexandria 
Amarillo Amarillo 
Anaheim Anaheim 
AnnArbor AnnArbor 
AppleValley AppleValley 
Appleton Appleton 
Arvada Arvada 
Atlanta Atlanta 
Augusta Augusta 
Austin Austin 
Bakersfield Bakersfield 
Baltimore Baltimore 
Beaumont Beaumont 
Bellevue Bellevue 
Berkeley Berkeley 
Bethlehem Bethlehem 
Boise Boise 
Allentown Allentown 
BoiseCity BoiseCity 
Albuquerque Albuquerque 
BonitaSprings BonitaSprings 
Bradenton Bradenton 
Bremerton Bremerton 
Brighton Brighton 
Brownsville Brownsville 
Burbank Burbank 
CapeCoral CapeCoral 
Carrollton Carrollton 
Cary Cary 
CedarRapids CedarRapids 
Champaign Champaign 
Chicago Chicago 
Cleveland Cleveland 
CollegeStation CollegeStation 
ColoradoSprings ColoradoSprings 
Dallas Dallas 
DalyCity DalyCity 
Danbury Danbury 
DavidsonCounty DavidsonCounty 
Denver Denver 
DesMoines DesMoines 
Detroit Detroit 
ElPaso ElPaso 
Elizabeth Elizabeth 
Elkhart Elkhart 
Erie Erie 
Eugene Eugene 
Evansville Evansville 
Fairfield Fairfield 
Fargo Fargo 
Fayetteville Fayetteville 
Fontana Fontana 
FortWaltonBeach FortWaltonBeach 
Frederick Frederick 
Fremont Fremont 
Fresno Fresno 
Garland Garland 
Gilbert Gilbert 
GrandRapids GrandRapids 
Grayslake Grayslake 
Hampton Hampton 
Harlingen Harlingen 
Harrisburg Harrisburg 
Hemet Hemet 
Henderson Henderson 
Hickory Hickory 
Hollywood Hollywood 
Houston Houston 
Independence Independence 
Indianapolis Indianapolis 
Inglewood Inglewood 
Irvine Irvine 
Irving Irving 
Jacksonville Jacksonville 
Jefferson Jefferson 
Joliet Joliet 
Kalamazoo Kalamazoo 
Kennewick Kennewick 
Knoxville Knoxville 
Lacey Lacey 
Lafayette Lafayette 
Lakeland Lakeland 
Lancaster Lancaster 
LasCruces LasCruces 
Layton Layton 
Leominster Leominster 
LittleRock LittleRock 
Lorain Lorain 
Louisville Louisville 
Lubbock Lubbock 
Manchester Manchester 
Albany Chandler 
