BatonRouge Aberdeen Abilene Albany Aberdeen Albuquerque Amarillo Anchorage Abilene AnnArbor Albany Arvada Atlanta AtlanticCity Aurora Barnstable Aberdeen Berkeley Bethlehem Abilene Birmingham Albany BoiseCity Boston Boulder Albany Bradenton Bryan Buffalo Burbank Cambridge BatonRouge
24
BatonRouge BatonRouge 
Aberdeen Aberdeen Beaumont 
Abilene Abilene 
Albany Albany 
Albuquerque Albuquerque 
Amarillo Amarillo 
Anchorage Anchorage 
AnnArbor AnnArbor 
Arvada Arvada 
Atlanta Atlanta 
AtlanticCity AtlanticCity 
Aurora Aurora 
Barnstable Barnstable 
Berkeley Berkeley 
Bethlehem Bethlehem 
Birmingham Birmingham 
BoiseCity BoiseCity 
Boston Boston 
Boulder Boulder 
Bradenton Bradenton 
Bryan Bryan 
Buffalo Buffalo 
Burbank Burbank 
Cambridge Cambridge 
