152 5 31 142 28 97 116 2 89 4 79 169 6 170 45 112 56 5 134 11 172 37 10 9 5 175 1 163 14 41 12 35 95 3 171 13 111 7 139 78 11 165 143 3 73 9 81 8 12 21 58 50 92 18 87 166 85 12 149 5 14 130 3 182 5 121 168 60 27 4 183 9 90 65 7 96 145 5 113 1 13 94 6 136 184 180 27 144 4 53 13 181 151 27 2 16 153 13 51 2 101 54 8 14 0 6 66 2 152
69
5 5 126 
31 31 
142 142 
28 28 
97 97 
116 116 
2 2 
89 89 
79 79 
169 169 
170 170 
45 45 
112 112 
56 56 
134 134 
172 172 
37 37 
9 9 
175 175 
163 163 
41 41 
12 12 
35 35 
95 95 
171 171 
13 13 42 
111 111 
139 139 
78 78 
165 165 
143 143 
73 73 
81 81 
8 8 
58 58 
50 50 
92 92 
87 87 
166 166 
85 85 
149 149 
130 130 
182 182 
121 121 
168 168 
60 60 
27 27 
183 183 
90 90 
65 65 
96 96 
145 145 
113 113 
94 94 
136 136 
184 184 
180 180 
144 144 
53 53 
181 181 
151 151 
153 153 
51 51 
101 101 
54 54 
0 0 
66 66 
4 105 
6 38 157 75 
