location34 location39 location46 location2 location177 location72 location168 location132 location71 location151 location83 location189 location155 location128 location4 location89 location79 location25 location30 location28 location20 location46 location39 location158 location177 location73 location135 location159 location33 location79 location147 location7 location131 location95 location83 location151 location181 location168 location79 location149 location32 location3 location170 location92 location53 location177 location184 location71 location151 location83 location11 location2 location19 location20 location28 location177 location158 location83 location55 location182 location52 location111 location76 location10 location140 location123 location15 location192 location53 location134 location4 location194 location97 location12 location188 location167 location2 location46 location50 location164 location165 location40 location104 location15 location192 location163 location12 location97 location86 location116 location94 location123 location115 location98 location59 location9 location79 location96 location177 location124 location177 location156 location104 location130 location51 location151 location108 location64 location79 location25 location52 location162 location52 location25 location79 location64 location24 location177 location12 location163 location4 location23 location27 location96 location177 location142 location55 location14 location55 location174 location137 location52 location25 location79 location14 location172 location63 location51 location151 location61 location6 location79 location135 location55 location142 location92 location81 location32 location104 location142 location120 location195 location149 location91 location25 location92 location196 location90 location2 location100 location103 location101 location32 location109 location144 location45 location28 location177 location54 location178 location165 location125 location46 location17 location173 location136 location72 location177 location117 location61 location79 location19 location2 location46 location198 location174 location55 location142 location88 location126 location184 location59 location33 location59 location98 location19 location126 location139 location92 location95 location123 location94 location79 location38 location12 location188 location114 location60 location44 location63 location145 location175 location1 location42 location180 location173 location17 location10 location17 location165 location176 location21 location182 location92 location53 location177 location187 location59 location32 location3 location89 location116 location86 location77 location135 location128 location105 location22 location87 location133 location34
86
location34 location34 
location39 location39 
location46 location46 
location2 location2 
location177 location177 location68 
location72 location72 
location132 location132 
location71 location71 
location151 location151 
location189 location189 
location155 location155 
location89 location89 
location79 location79 location0 location119 
location28 location28 
location158 location158 
location135 location135 
location159 location159 
location131 location131 
location181 location181 
location149 location149 
location3 location3 
location170 location170 
location92 location92 
location11 location11 
location55 location55 
location52 location52 
location111 location111 
location76 location76 
location140 location140 
location15 location15 
location192 location192 
location134 location134 
location194 location194 
location12 location12 location37 
location188 location188 location143 
location167 location167 
location164 location164 
location163 location163 
location86 location86 
location115 location115 
location98 location98 
location59 location59 
location9 location9 
location96 location96 
location130 location130 
location64 location64 location122 
location162 location162 
location24 location24 
location23 location23 
location27 location27 
location142 location142 
location174 location174 
location137 location137 
location172 location172 
location6 location6 
location120 location120 
location91 location91 
location90 location90 
location103 location103 
location109 location109 
location144 location144 
location45 location45 
location54 location54 
location125 location125 
location17 location17 
location136 location136 
location117 location117 
location88 location88 
location139 location139 
location38 location38 
location114 location114 
location60 location60 
location175 location175 
location180 location180 
location176 location176 
location21 location21 
location187 location187 
location105 location105 
location19 location197 
location97 location99 
location116 location161 
location124 location157 
location156 location107 
location14 location47 
location123 location121 
location63 location199 
