WNYCV XRQ65 1ACIU OC0MN H8ZPW GXYLV O0RCM TG5ZG EQWAL 91RFG O0RCM OE5TB KB443 QSI1X F5YBY QTZLJ HR8IA OC0MN ULCTZ V11OW XPFOM 77EY5 K1ZSD OC0MN 5I6U4 XTUSM KRLTG FZ5DP UGOIO XBRKQ OC0MN UUOP5 ZA57Z 1BUOS 2FT0Z 91RFG X2AM4 42QVU URMBF 1UWW5 XRQ65 GAXPM KB443 1NBGE XDKMD OC0MN XD7IR HHCET 65TK9 7CXN0 XRQ65 BMC9X P3DJ7 BO3AW 9HVLF YMTTJ HZ80H H212X F07YB 2KYXC 4O059 18R1B WNYCV
48
XRQ65 XRQ65 
1ACIU 1ACIU 
H8ZPW H8ZPW 
GXYLV GXYLV 
TG5ZG TG5ZG 
EQWAL EQWAL 
91RFG 91RFG 
OE5TB OE5TB 
KB443 KB443 EYREL B8UZ8 
QSI1X QSI1X 
F5YBY F5YBY 
QTZLJ QTZLJ 
HR8IA HR8IA 
ULCTZ ULCTZ 
V11OW V11OW 
XPFOM XPFOM 
77EY5 77EY5 
K1ZSD K1ZSD 
5I6U4 5I6U4 
XTUSM XTUSM 
KRLTG KRLTG 
UGOIO UGOIO 
XBRKQ XBRKQ 
UUOP5 UUOP5 
ZA57Z ZA57Z 
1BUOS 1BUOS 
2FT0Z 2FT0Z 
X2AM4 X2AM4 
42QVU 42QVU 
URMBF URMBF 
1UWW5 1UWW5 
GAXPM GAXPM 
1NBGE 1NBGE 
XDKMD XDKMD 
XD7IR XD7IR 
HHCET HHCET 
65TK9 65TK9 
7CXN0 7CXN0 
BMC9X BMC9X 
BO3AW BO3AW 
9HVLF 9HVLF 
YMTTJ YMTTJ 
HZ80H HZ80H 
H212X H212X 
F07YB F07YB 
2KYXC 2KYXC 
18R1B 18R1B 
OC0MN CUG55 
