4HOMU L2PQE 945CN L2GJ5 2C63O SYV5N 945CN 768ZF RU85S KOYRV XEEQB L2GJ5 KC9RF ZN2EP 45JXE UW44H 0D2BR M1HJR LIRLU 1F0YL DOLRQ WP2MA 50J5H OKGKQ CFGE5 Q7FCL 6NY7T 0VPRW SHOOM HWKGJ KOYRV 6ACGE DTPF4 7GA8O 7Y5B6 7U3JG BE5V8 OKGKQ TY0L7 W2M5C L87XM SA6G0 OKGKQ WI88U L87XM TORQI 945CN ZHSBU DCHO3 L2PQE RAAD4 FRZVP 945CN HZHRA 53Y1R TI35I OKGKQ C7WKJ P419D NPDI9 ZZH8Z IF7TL V22SY PXCIN 945CN K50JQ JXLE1 H1LTE L2PQE DDXG0 L2GJ5 PTADN IZESQ 2BUI5 945CN 1RS2N 0U9HU L87XM WZB33 Q5DAA 4WDJE 8EXDQ OKGKQ FCYPJ W2H22 L2GJ5 PYPSO CM5WA 6WOBI L2PQE AT3CI SKPO7 ZRPB5 T9O11 LEBVZ 61QWU C45HH 768ZF ELH5L 69BJO X180A 52MNN OLLV9 6NY7T WXZHF XEEQB OIPRN MC71K BVMDZ N9H3X 6OA3K FC0PR OKGKQ C8O6I L2PQE LLTLN A1QRL 7Y5B6 YJ67U L2PQE V8GEC PMFJ2 L87XM 8CLEZ TCC7B LKP22 OKGKQ TBPBM EDSMH VHCFR 4HOMU
98
L2PQE L2PQE 
945CN 945CN 3AIXW 
L2GJ5 L2GJ5 
2C63O 2C63O 
SYV5N SYV5N 
768ZF 768ZF 
RU85S RU85S 
KOYRV KOYRV 
XEEQB XEEQB 
KC9RF KC9RF 
ZN2EP ZN2EP 
45JXE 45JXE 
UW44H UW44H 
0D2BR 0D2BR 
M1HJR M1HJR 
LIRLU LIRLU 
1F0YL 1F0YL 
DOLRQ DOLRQ 
WP2MA WP2MA 
50J5H 50J5H 
CFGE5 CFGE5 
Q7FCL Q7FCL 
0VPRW 0VPRW 
SHOOM SHOOM 
HWKGJ HWKGJ 
6ACGE 6ACGE 
DTPF4 DTPF4 
7GA8O 7GA8O 
7U3JG 7U3JG 
BE5V8 BE5V8 
TY0L7 TY0L7 
W2M5C W2M5C 
SA6G0 SA6G0 
WI88U WI88U 
TORQI TORQI 
ZHSBU ZHSBU 
DCHO3 DCHO3 
RAAD4 RAAD4 
FRZVP FRZVP 
HZHRA HZHRA 
53Y1R 53Y1R 
TI35I TI35I 
C7WKJ C7WKJ 
P419D P419D 
NPDI9 NPDI9 
ZZH8Z ZZH8Z 
IF7TL IF7TL 
V22SY V22SY 
PXCIN PXCIN 
K50JQ K50JQ 
JXLE1 JXLE1 
H1LTE H1LTE 
DDXG0 DDXG0 
PTADN PTADN 
IZESQ IZESQ 
2BUI5 2BUI5 
1RS2N 1RS2N 
0U9HU 0U9HU 
WZB33 WZB33 
Q5DAA Q5DAA 
4WDJE 4WDJE 
8EXDQ 8EXDQ 
FCYPJ FCYPJ 
W2H22 W2H22 
PYPSO PYPSO 
CM5WA CM5WA 
6WOBI 6WOBI 
AT3CI AT3CI 
SKPO7 SKPO7 
ZRPB5 ZRPB5 
T9O11 T9O11 
LEBVZ LEBVZ 
61QWU 61QWU 
C45HH C45HH 
ELH5L ELH5L 
69BJO 69BJO 
X180A X180A 
52MNN 52MNN 
OLLV9 OLLV9 
WXZHF WXZHF 
OIPRN OIPRN 
MC71K MC71K 
BVMDZ BVMDZ 
6OA3K 6OA3K 
FC0PR FC0PR 
C8O6I C8O6I 
LLTLN LLTLN 
A1QRL A1QRL 
YJ67U YJ67U 
V8GEC V8GEC 
PMFJ2 PMFJ2 
8CLEZ 8CLEZ 
TCC7B TCC7B 
LKP22 LKP22 
TBPBM TBPBM 
EDSMH EDSMH 
VHCFR VHCFR 
OKGKQ Y61KP 9WSXC 
