E5QfM uUlBE beqJL eo9RR beqJL GLYoA 8TDB7 4HmGm kK9KO 4HmGm i0LV1 4HmGm lPMDV lGTR3 bgK6r lGTR3 sBCEV lGTR3 VzbsN nRWIs Ln4EG lGTR3 4HmGm JumrS KtuGJ JumrS 76Tmp HQft6 05SJr UAJ0O wJ1Uh lGTR3 jGP1H lGTR3 PqcOh lGTR3 hWCGd HQft6 f1Y6z HQft6 3rGcS E5QfM
25
uUlBE uUlBE
beqJL beqJL
eo9RR eo9RR
GLYoA GLYoA
8TDB7 8TDB7
4HmGm 4HmGm
kK9KO kK9KO
i0LV1 i0LV1
lPMDV lPMDV
lGTR3 lGTR3
bgK6r bgK6r
sBCEV sBCEV
VzbsN VzbsN
nRWIs nRWIs
Ln4EG Ln4EG
KtuGJ KtuGJ
76Tmp 76Tmp
05SJr 05SJr
UAJ0O UAJ0O
wJ1Uh wJ1Uh
jGP1H jGP1H
PqcOh PqcOh
hWCGd hWCGd
f1Y6z f1Y6z
3rGcS 3rGcS
