cy4fm C565q uT5W0 P3lE7 nogr2 C565q ZPM4o lA2MC 19YKC P8Fbf 8RNd8 yMPWG rUUVt 19YKC 5rdYI k9NwV vSPJ5 Xhpv3 Iks3D NvAYI FnVf8 KYsbm X6hJp F2nEN qt5AA w4BF1 6ceXl Ss744 di7h7 29Bwa yFKGt Vjg5l I2lfX zQjQm P8Fbf DCl5F 7Lw2B LNh60 kjpV4 3iQ53 G6G4p tao9t 8aYYW BoNoJ NvAYI KYsbm NvAYI wdXpe yMPWG G6G4p Ss744 IjjWK OFvld zTyzX GHZOS C0eRL zQjQm hOy4D tao9t EWhpw NvAYI 1H2uK 19YKC w4BF1 nogr2 Cfmbw yMPWG kbRYl yFKGt Xhpv3 19YKC 8aYYW 1H2uK 7l0Vw 1H2uK gk2cW 1H2uK F2nEN GX9Mz 7XIxZ GX9Mz NvAYI AWuA9 nogr2 C565q uWr4y Dkq13 jse5F G6G4p dU1Ub OFvld OoKEI yMPWG 8RNd8 cy4fm
50
C565q C565q
uT5W0 uT5W0
P3lE7 P3lE7
nogr2 nogr2
lA2MC lA2MC
19YKC 19YKC
P8Fbf P8Fbf
8RNd8 8RNd8
yMPWG yMPWG
rUUVt rUUVt
5rdYI 5rdYI
vSPJ5 vSPJ5
Xhpv3 Xhpv3
Iks3D Iks3D
NvAYI NvAYI
FnVf8 FnVf8
KYsbm KYsbm
X6hJp X6hJp
F2nEN F2nEN
qt5AA qt5AA
w4BF1 w4BF1
6ceXl 6ceXl
di7h7 di7h7
yFKGt yFKGt
Vjg5l Vjg5l
zQjQm zQjQm
DCl5F DCl5F
LNh60 LNh60
3iQ53 3iQ53
G6G4p G6G4p
tao9t tao9t
8aYYW 8aYYW
BoNoJ BoNoJ
wdXpe wdXpe
IjjWK IjjWK
OFvld OFvld
GHZOS GHZOS
C0eRL C0eRL
hOy4D hOy4D
EWhpw EWhpw
1H2uK 1H2uK
Cfmbw Cfmbw
kbRYl kbRYl
7l0Vw 7l0Vw
gk2cW gk2cW
7XIxZ 7XIxZ
uWr4y uWr4y
jse5F jse5F
dU1Ub dU1Ub
OoKEI OoKEI
