0 43 102 34 103 104 59 31 108 5 17 109 110 17 111 8 42 112 113 4 114 12 21 115 25 117 45 118 119 50 94 122 2 123 11 26 124 125 97 77 129 41 130 12 131 95 132 9 26 133 91 134 30 136 24 137 85 138 19 96 139 7 140 96 141 15 13 142 143 47 144 24 80 146 32 147 22 149 88 150 42 45 151 152 51 153 7 154 28 155 93 156 30 158 2 159 41 160 161 0 162 38 18 163 164 2 176 39 165 166 19 16 167 168 2 1 109 169 170 34 38 171 36 18 172 16 41 173 6 21 175 40 119 176 39 177 178 13 179 180 19 16 41 181 182 16 12 130 183 22 131 184 10 12 185 33 186 47 187 188 7 30 189 33 40 191 192 2 145 193 194 3 148 195 196 2 198 16 66 0
94
102 102 
103 103 
104 104 
108 108 
109 109 
110 110 
111 111 
112 112 
113 113 
114 114 
115 115 
117 117 
118 118 
119 119 
122 122 
123 123 
124 124 
125 125 
129 129 
130 130 
131 131 
132 132 
133 133 
134 134 
136 136 
137 137 
138 138 
139 139 
140 140 
141 141 
142 142 
143 143 
144 144 
146 146 
147 147 
149 149 
150 150 
151 151 
152 152 
153 153 
154 154 
155 155 
156 156 
158 158 
159 159 
160 160 
161 161 
162 162 
163 163 
164 164 
176 176 
165 165 
166 166 
167 167 
168 168 
169 169 
170 170 
171 171 
172 172 
173 173 
175 175 
177 177 
178 178 
179 179 
180 180 
181 181 
182 182 
183 183 
184 184 
185 185 
186 186 
187 187 
188 188 
189 189 
191 191 
192 192 
145 145 
193 193 
194 194 
148 148 
195 195 
196 196 
198 198 197 
43 101 100 
59 105 
31 106 107 
25 116 
50 120 
94 121 
97 126 
77 127 128 
30 157 135 
6 174 
40 190 
