10 7 50 33 51 33 4 52 30 53 15 36 54 55 27 56 9 57 6 18 58 10 59 1 93 60 61 6 94 62 63 2 65 64 65 14 40 66 40 67 5 68 69 13 34 70 3 71 3 72 73 45 19 74 75 14 29 76 77 11 79 78 79 11 39 80 23 81 22 47 82 83 1 41 84 85 32 86 87 41 14 88 14 10 7 89 7 18 90 2 17 91 17 44 92 16 93 1 94 95 44 17 20 96 20 18 6 97 98 7 10
49
50 50
51 51
52 52
53 53
54 54
55 55
56 56
57 57
58 58
59 59
93 93
60 60
61 61
94 94
62 62
63 63
65 65
64 64
66 66
67 67
68 68
69 69
70 70
71 71
72 72
73 73
74 74
75 75
76 76
77 77
79 79
78 78
80 80
81 81
82 82
83 83
84 84
85 85
86 86
87 87
88 88
89 89
90 90
91 91
92 92
95 95
96 96
97 97
98 98
