55 2 4 6 7 9 11 0 12 13 15 0 16 1 18 20 21 0 25 27 29 31 32 34 35 36 37 39 0 41 42 0 44 45 46 48 0 51 52 54 57 58 60 61 62 63 0 69 70 71 2 72 73 75 77 79 0 80 81 1 85 0 87 89 90 1 92 93 94 2 96 98 2 99 1 102 103 1 106 107 108 110 112 1 55
68
55 55 
2 2 
4 4 3 
6 6 
7 7 
9 9 
11 11 
12 12 
13 13 
15 15 
16 16 
18 18 
20 20 
21 21 
25 25 
27 27 
29 29 
31 31 
32 32 
34 34 
35 35 
36 36 
37 37 
39 39 
41 41 
42 42 
44 44 
45 45 
46 46 
48 48 
51 51 
52 52 
54 54 
57 57 
58 58 
60 60 
61 61 
62 62 
63 63 
69 69 
70 70 
71 71 
72 72 
73 73 
75 75 
77 77 
79 79 
80 80 
81 81 
85 85 
87 87 
89 89 
90 90 
92 92 
93 93 
94 94 
96 96 
98 98 
99 99 
102 102 
103 103 
106 106 
107 107 
108 108 
110 110 
112 112 
0 67 23 49 65 
1 104 83 100 
