Soda ChiOmega SigmaKappa AlphaChi Cory DeltaDelta InternationalHouse Soda BerkeleyHillel BerkeleyHigh Jupiter Etcheverry Venus Soda Saturn AlphaCentauri Cory Gregoire BayStreet Dwinelle Emeryville Pomona Compton Ashby Perris Fontana Cory Upland Chino Whittier Dwinelle SouthGate Tijuana SanDiego Etcheverry Guadalajara Bechtel SanMiguel NorthGate Tuxcacuesco Talpa ElGrullo Soda MexicoCity Dwinelle Tuhuamixtel Myto Etcheverry Kips TripleRock Etcheverry Rasputin Cory CREAM Tako Cory Cancun DKingGallery Soda BAMPFA Platano Dwinelle FantasticComics SantaBarbara Soda Sacramento Etcheverry LosAngeles Davis Irvine Bechtel Riverside Dwinelle VictoryPoint Cory ChezPanisse Sibley Soda
53
ChiOmega ChiOmega 
SigmaKappa SigmaKappa 
AlphaChi AlphaChi 
DeltaDelta DeltaDelta 
InternationalHouse InternationalHouse 
BerkeleyHillel BerkeleyHillel 
BerkeleyHigh BerkeleyHigh 
Jupiter Jupiter 
Venus Venus 
Saturn Saturn 
AlphaCentauri AlphaCentauri 
Gregoire Gregoire 
BayStreet BayStreet 
Emeryville Emeryville 
Pomona Pomona 
Compton Compton 
Ashby Ashby 
Perris Perris 
Fontana Fontana 
Upland Upland 
Chino Chino 
Whittier Whittier 
SouthGate SouthGate 
Tijuana Tijuana 
SanDiego SanDiego 
Guadalajara Guadalajara 
SanMiguel SanMiguel 
Tuxcacuesco Tuxcacuesco 
Talpa Talpa 
ElGrullo ElGrullo 
MexicoCity MexicoCity 
Tuhuamixtel Tuhuamixtel 
Myto Myto 
Kips Kips 
TripleRock TripleRock 
Rasputin Rasputin 
CREAM CREAM 
Tako Tako 
Cancun Cancun 
DKingGallery DKingGallery 
BAMPFA BAMPFA 
Platano Platano 
FantasticComics FantasticComics 
SantaBarbara SantaBarbara 
Sacramento Sacramento 
LosAngeles LosAngeles 
Irvine Irvine 
Riverside Riverside 
VictoryPoint VictoryPoint 
ChezPanisse ChezPanisse 
Etcheverry Mars Jalisco 
Cory SanBernardino Tang 
Dwinelle CafeTibet 
