2 59 44 58 13 29 11 23 98 19 58 4 53 63 78 28 47 16 18 69 61 62 31 59 2 67 30 42 13 29 31 36 4 88 3 1 5 0 60 10 14 44 58 5 0 19 38 86 93 66 33 40 16 18 7 72 23 11 35 65 41 70 50 77 23 64 81 3 88 22 94 70 28 47 49 24 12 35 1 78 1 3 29 34 2 84 2
47
59 59 25 
44 44 
58 58 
13 13 
29 29 
11 11 
23 23 
98 98 
4 4 
63 63 
28 28 
47 47 
16 16 
69 69 
61 61 
62 62 
31 31 
67 67 
30 30 
42 42 
88 88 
3 3 71 76 
1 1 
5 5 
0 0 
60 60 
10 10 
14 14 
38 38 
86 86 
66 66 
40 40 
7 7 
72 72 
35 35 
65 65 
41 41 
70 70 
50 50 
81 81 
94 94 
24 24 
34 34 
53 17 
93 83 
22 74 
84 96 
