5 103 10 50 194 141 101 1 119 167 100 177 47 56 149 28 31 71 198 133 149 171 12 14 59 85 27 82 48 46 33 4 89 122 42 147 76 81 69 32 36 154 187 182 138 0 37 99 96 74 170 199 135 10 26 174 25 137 39 75 38 140 28 110 53 190 67 41 25 37 103 177 37 38 9 34 138 69 153 11 165 193 2 27 104 171 105 79 31 88 168 18 70 26 10 103 162 93 50 190 16 47 174 116 95 75 30 49 46 33 164 29 121 34 9 4 137 61 20 35 157 22 127 63 71 152 42 98 180 62 123 18 53 196 176 23 52 36 154 192 119 43 77 71 30 132 102 8 120 61 20 86 44 42 19 189 102 158 38 12 11 20 24 170 82 81 47 16 92 80 59 101 24 170 55 102 132 188 172 51 130 156 83 151 6 130 64 191 124 110 187 99 60 183 51 159 4 137 42 165 173 6 97 18 82 184 49 30 17 53 187 154 67 41 114 179 14 0 77 10 45 58 38 191 149 133 56 35 56 78 37 103 5
97
103 103 
10 10 
50 50 
194 194 
101 101 
1 1 
100 100 
177 177 
47 47 
56 56 
149 149 
28 28 
31 31 
71 71 178 
133 133 68 
171 171 
14 14 
85 85 
48 48 
46 46 
33 33 
122 122 
42 42 
76 76 
81 81 
69 69 
32 32 
154 154 
187 187 
138 138 
37 37 
99 99 
96 96 
170 170 
199 199 
135 135 
26 26 
174 174 
25 25 
137 137 
39 39 
75 75 
140 140 
110 110 
53 53 
67 67 
41 41 
9 9 
34 34 
153 153 
11 11 
193 193 
2 2 
104 104 
105 105 
168 168 
18 18 
162 162 
16 16 
116 116 
164 164 
61 61 
20 20 
157 157 
22 22 
63 63 
152 152 
180 180 
123 123 
196 196 
52 52 
192 192 
43 43 
77 77 143 
102 102 
44 44 
189 189 
158 158 
92 92 
80 80 
55 55 
188 188 
51 51 
156 156 
83 83 
151 151 
64 64 
183 183 
159 159 
173 173 
184 184 
17 17 
179 179 
58 58 
78 78 
27 91 
182 146 
