A29 A67 A62 A75 A82 A35 A6 A88 A1 A19 A72 A5 A46 A12 A16 A32 A65 A7 A90 A53 A12 A46 A5 A29 A5 A46 A49 A46 A12 A85 A3 A54 A65 A7 A13 A85 A93 A85 A13 A7 A65 A7 A13 A97 A18 A81 A18 A82 A75 A36 A52 A67 A29 A5 A46 A12 A37 A45 A71 A10 A48 A23 A75 A82 A18 A82 A15 A22 A86 A16 A55 A5 A29 A67 A52 A36 A75 A21 A0 A65 A7 A13 A85 A93 A99 A66 A47 A57 A11 A21 A0 A58 A0 A1 A19 A26 A30 A6 A15 A38 A11 A57 A5 A46 A12 A85 A12 A53 A90 A7 A65 A0 A21 A11 A57 A11 A21 A0 A65 A54 A85 A12 A46 A49 A31 A51 A31 A49 A30 A6 A35 A6 A30 A26 A19 A73 A69 A73 A19 A1 A88 A1 A60 A8 A81 A28 A40 A89 A85 A54 A65 A32 A14 A61 A55 A5 A29
45
A29 A29 
A67 A67 
A82 A82 
A35 A35 A96 
A6 A6 
A88 A88 
A72 A72 
A12 A12 A59 
A16 A16 
A32 A32 
A65 A65 
A90 A90 
A53 A53 
A85 A85 
A3 A3 
A54 A54 
A13 A13 
A97 A97 
A18 A18 
A36 A36 
A52 A52 
A10 A10 
A15 A15 
A55 A55 
A99 A99 
A66 A66 
A47 A47 
A26 A26 
A30 A30 
A38 A38 
A31 A31 
A51 A51 
A73 A73 
A69 A69 
A60 A60 
A28 A28 
A89 A89 
A14 A14 
A19 A95 
A7 A2 A77 A68 
A81 A34 
A45 A91 
A5 A27 A79 
A58 A92 
A21 A39 
