DZA GIB FIN FLK CIV BRN GNQ BTN DJI GIB ESP FRO GIB CAF COK HMD HND GMB ALB ARG ARM ARE CYM GRD GUM HMD HND GMB HKG CMR CCK CIV GNQ HRV GLP GRL HKG GRC GLP ATA ASM FSM GIN ESP AND ARE CYM BGD BRB CAN DOM CUW FIN EST GUY HRV ESH GHA GEO CYP AFG CYP CYM CZE CYM BGD BDI BRB CAN FLK GBR GIN FSM ASM FSM ECU GIN FLK CAN DOM CUW FIN ERI FRA EGY AUS ATG CYM BGD BFA BMU BEN BRA GRC HKG GMB CAN DOM CYP DMA DZA
46
FIN FIN COD 
FLK FLK 
BRN BRN 
GNQ GNQ 
DJI DJI 
FRO FRO 
CAF CAF 
HMD HMD 
HND HND 
ALB ALB 
ARG ARG 
ARE ARE 
CYM CYM CXR 
GRD GRD 
HKG HKG 
CCK CCK 
GLP GLP 
GRC GRC 
ATA ATA 
FSM FSM 
AND AND 
BGD BGD 
BRB BRB BES 
CAN CAN 
DOM DOM 
CUW CUW 
GHA GHA 
GEO GEO 
CZE CZE DNK 
BDI BDI 
GBR GBR 
ECU ECU 
ERI ERI 
FRA FRA 
AUS AUS 
BFA BFA 
BEN BEN 
GUM BHS 
CMR BLM 
GRL CHE 
GUY CUB 
HRV COG 
AFG ABW 
GIN BVT 
ASM ATF 
DMA BLR 
