COM HND CIV CAN HTI HND GRC PRY SJM NIC SJM KEN KOR LKA GNQ NER MYT POL PAN REU GMB GRC SJM SLE LUX NIC MWI COM LIE LUX MYT MYS EGY EST SAU GUM MMR IDN GNQ SDN RUS PAN PRY NPL MEX SHN SEN SAU EST ESH FRA GGY ESP GIB EST SAU RWA RUS BLZ RUS BVT COG GUM SAU EST SAU MCO MAC MAR SHN SGS KHM IDN MEX PAN SLE PAN MDA IDN SEN LUX MYT MYS DZA NCL NOR PRY PSE RUS SDN SHN ROU NRU PSE FRO GGY GBR ESH EST SAU HRV LBN LUX NIC MSR MTQ NER MYT BRA BEL BDI AZE BMU NGA DMA OMN PRY BIH PRY NOR NZL SGS KAZ KNA LSO HTI GUM SAU RUS SGP COL SJM NIC COM REU SGP RUS BLZ RUS HTI COK KOR HKG HTI NCL EST NCL NFK ALB QAT SGP HRV HTI RUS BLZ BLM AZE BIH PRY CRI HMD GNQ PNG PER SGS PYF MLI HUN PAK GTM LAO SGP HUN NGA FSM GIN GBR GEO GHA EGY MYS MWI GUF KAZ KGZ REU CZE NGA CZE REU PAN JEY NGA NOR CHN COG KWT COM NIC NGA FSM FIN FRO PSE RUS CPV PRY NIU PRY PAK HUN SGS MUS MWI NIC LUX LTU SEN QAT ALB ARE POL PHL AGO ABW NIC SJM PRY BIH BOL BMU NGA FSM ESP ECU EGY MYS IRN IOT IRL NIC NGA FSM FIN FSM NGA GMB HUN COD NIC NGA HUN RWA SAU EST GIB GHA GGY FRO PSE COM
90
HND HND 
CIV CIV 
CAN CAN 
HTI HTI 
GRC GRC 
PRY PRY MOZ 
NIC NIC ITA ALA AUS 
KOR KOR 
LKA LKA 
GNQ GNQ 
NER NER 
MYT MYT ARM 
POL POL 
PAN PAN 
REU REU AFG 
GMB GMB 
LUX LUX 
LIE LIE 
EGY EGY 
GUM GUM 
MMR MMR 
IDN IDN 
SDN SDN 
RUS RUS 
NPL NPL 
MEX MEX 
SHN SHN 
ESH ESH 
FRA FRA 
ESP ESP 
GIB GIB 
RWA RWA 
COG COG 
MAC MAC 
MAR MAR 
SGS SGS LBR 
KHM KHM 
MDA MDA 
DZA DZA 
PSE PSE 
NRU NRU 
GBR GBR 
HRV HRV 
LBN LBN 
MTQ MTQ 
BDI BDI 
AZE AZE 
BMU BMU 
DMA DMA 
NZL NZL 
KAZ KAZ 
KNA KNA 
COL COL 
COK COK 
HKG HKG 
NFK NFK 
ALB ALB 
BLM BLM 
HMD HMD 
PNG PNG 
MLI MLI 
HUN HUN JPN 
PAK PAK 
LAO LAO 
FSM FSM 
GIN GIN 
GEO GEO 
GHA GHA 
JEY JEY 
CHN CHN 
KWT KWT 
FIN FIN GAB 
CPV CPV 
NIU NIU 
LTU LTU 
ARE ARE 
ABW ABW 
ECU ECU 
IRN IRN 
IOT IOT 
IRL IRL 
COD COD 
MWI CXR 
SLE ATG 
BIH BHS 
BLZ BEN 
CZE DEU CYP 
MUS DJI 
BOL BHR 
SAU CAF 
