Soda a b c d e f g h i j k l k j i h g f e d c b a Soda o p r s u w u s r p o Soda 50 55 50 51 58 51 52 61 52 53 64 53 52 51 50 Soda 66 70 71 72 73 72 71 70 66 75 76 77 78 77 76 75 66 67 80 81 82 83 82 81 80 67 85 86 87 88 87 86 85 67 68 90 91 92 93 92 91 90 68 95 96 97 98 97 96 95 68 67 66 Soda
34
55 55 56 
58 58 59 
61 61 62 
64 64 65 
72 72 
77 77 
82 82 
87 87 
92 92 
97 97 
a a1 a0 
b b1 b0 
c c0 c1 
d d1 d0 
e e1 e0 
f f1 f0 
g g0 g1 
h h0 h1 
i i1 i0 
j j0 j1 
k k1 k0 
l l0 l1 
w y 
50 54 
51 57 
52 60 
53 63 
73 74 
78 79 
83 84 
88 89 
93 94 
98 99 
68 69 
