Soda 99 100 Soda 101 102 1 103 0 104 105 3 106 107 1 108 109 0 110 0 111 112 2 113 114 115 116 Soda 117 Soda 118 Soda 119 120 121 122 123 124 Soda 125 126 127 128 2 129 1 130 Soda 131 132 133 134 0 135 136 137 138 139 140 Soda 141 142 143 144 145 146 147 1 148 149 Soda 150 151 152 153 2 154 155 156 5 157 Soda 158 159 160 161 0 162 163 164 Soda 165 166 167 0 168 169 170 0 171 172 173 174 175 2 176 0 177 178 179 180 2 181 0 182 Soda 183 184 185 2 186 Soda 187 188 0 189 190 191 192 193 Soda 194 0 195 196 197 198 Soda
100
99 99
100 100
101 101
102 102
103 103
104 104
105 105
106 106
107 107
108 108
109 109
110 110
111 111
112 112
113 113
114 114
115 115
116 116
117 117
118 118
119 119
120 120
121 121
122 122
123 123
124 124
125 125
126 126
127 127
128 128
129 129
130 130
131 131
132 132
133 133
134 134
135 135
136 136
137 137
138 138
139 139
140 140
141 141
142 142
143 143
144 144
145 145
146 146
147 147
148 148
149 149
150 150
151 151
152 152
153 153
154 154
155 155
156 156
157 157
158 158
159 159
160 160
161 161
162 162
163 163
164 164
165 165
166 166
167 167
168 168
169 169
170 170
171 171
172 172
173 173
174 174
175 175
176 176
177 177
178 178
179 179
180 180
181 181
182 182
183 183
184 184
185 185
186 186
187 187
188 188
189 189
190 190
191 191
192 192
193 193
194 194
195 195
196 196
197 197
198 198
