Soda 2 3 4 Soda 8 9 3 10 5 11 12 13 14 15 Soda 17 18 4 19 20 4 21 Soda 22 23 24 25 Soda 26 27 28 29 30 31 32 Soda 34 35 36 4 37 38 39 40 41 42 Soda 43 44 45 46 2 48 Soda 49 50 51 2 Soda
46
2 2 47 
3 3 
4 4 
8 8 
9 9 
10 10 
5 5 
11 11 
12 12 
13 13 
14 14 
15 15 
17 17 
18 18 
19 19 
20 20 
21 21 
22 22 
23 23 
24 24 
25 25 
26 26 
27 27 
28 28 
29 29 
30 30 
31 31 
32 32 
34 34 
35 35 
36 36 
37 37 
38 38 
39 39 
40 40 
41 41 
42 42 
43 43 
44 44 
45 45 
46 46 
48 48 
49 49 
50 50 
51 51 
Soda 7 16 6 33 
