100 58 55 18 53 48 1 17 2 46 142 131 130 129 144 42 144 129 130 131 142 46 2 44 4 71 4 44 45 43 72 40 8 9 8 40 72 43 29 13 103 34 103 13 29 43 72 40 8 40 72 43 45 26 61 62 27 70 36 33 12 11 12 33 36 70 27 62 61 14 34 103 34 14 61 16 30 16 61 54 1 48 53 48 47 19 50 133 141 20 136 188 136 20 141 133 50 19 47 48 1 54 61 60 61 54 1 48 53 18 55 58 100 31 15 27 62 61 62 27 70 36 70 27 62 61 26 45 43 45 26 61 16 30 15 31 100 88 100 31 15 27 70 36 70 27 62 61 14 61 62 27 70 27 62 61 14 34 7 39 78 39 7 34 103 13 29 43 72 40 8 9 6 74 73 41 3 42 3 41 73 74 6 9 8 40 72 43 45 44 2 17 1 48 47 19 47 48 49 51 23 53 48 1 48 53 18 55 58 98 94 95 189 192 188 21 56 21 188 192 189 95 94 98 58 100 31 15 30 16 61 14 34 7 39 78 37 66 117 111 119 111 115 153 156 104 165 164 85 86 100 58 98 94 95 189 95 94 98 58 100
57
58 58 
55 55 24 
18 18 
53 53 52 
48 48 
1 1 
17 17 
2 2 
46 46 
42 42 
44 44 
4 4 
45 45 
43 43 
40 40 
8 8 
9 9 
29 29 
13 13 
34 34 
26 26 
27 27 
36 36 28 
33 33 
12 12 
11 11 10 
14 14 
16 16 59 
30 30 
54 54 
47 47 
19 19 
50 50 
20 20 
60 60 22 
31 31 
15 15 
7 7 
39 39 
6 6 
41 41 
3 3 
49 49 
51 51 
23 23 
192 192 
21 21 
56 56 57 
37 37 
111 111 
153 153 
165 165 
71 5 
62 25 
88 32 
119 121 
189 182 
