YuhuaEast Northland HongKah AngMoKioTownCentre SerangoonNorth Paterson Punggol YioChuKang Woodleigh KentRidge Commonwealth KeatHong HongKahNorth BedokNorth Serangoon OneTreeHill Sentosa Sennett ClarkeQuay WaterwayEast PotongPasir SungeiKadut Museum Mountbatten MountEmily PayaLebarEast PotongPasir LowerSeletar BedokSouth PotongPasir SembawangStraits Sentosa TuasNorthPioneer CityHall TelokBlangahRise Woodleigh SungeiRoad SimpangSouth SimpangNorth BedokNorth PasirRisDrive Sentosa Trafalgar BedokNorth Tampines BenoiSector ChoaChuKang Moulmein BedokNorth TiongBahru PearlsHill BukitBatokSouth PasirRis BedokNorth TagoreSindo Sentosa Shipyard BedokNorth ClementiNorth GeylangEast Khatib Matilda Brickworks BukitBatokWest SungeiKadut Aljunied SerangoonGarden SerangoonCentral PearlsHill Sentosa SembawangHills SingaporeRiver Sentosa BoonLayPlace Woodleigh AlexandraNorth PotongPasir PeiChun Sentosa BedokNorth InstitutionHill TohGuan DhobyGhaut ReservoirView JooSengPayaLebar SungeiKadut DairyFarm PulauPunggolTimor Tanglin SungeiKadut Saujana BedokSouth UluPandan Sentosa TampinesNorth TuasBay Sentosa Geylang Cairnhill Woodleigh Sembawang WoodlandsWest OneNorth PotongPasir Mandai BayfrontSubzone YioChuKangEast Port DefuIndustrialPark UpperThomson ChinaSquare JurongWestCentral PeoplesPark MandaiEast BedokNorth BayfrontSubzone MountEmily KebunBahru BedokNorth Kembangan Woodleigh OrangeGrove Sentosa ChangiPoint SouthernIslands Sentosa YuhuaEast
88
Northland Northland 
HongKah HongKah 
AngMoKioTownCentre AngMoKioTownCentre 
SerangoonNorth SerangoonNorth 
Paterson Paterson 
Punggol Punggol 
YioChuKang YioChuKang 
KentRidge KentRidge 
Commonwealth Commonwealth 
KeatHong KeatHong 
HongKahNorth HongKahNorth 
BedokNorth BedokNorth IstanaNegara HougangCentral JurongPort ChangiWest 
Serangoon Serangoon 
OneTreeHill OneTreeHill 
Sentosa Sentosa EastCoast PangSua PasirRisPark BoatQuay PunggolField RochorCanal Chatsworth 
Sennett Sennett 
WaterwayEast WaterwayEast 
SungeiKadut SungeiKadut TuasPromenade 
Museum Museum 
Mountbatten Mountbatten 
PayaLebarEast PayaLebarEast 
LowerSeletar LowerSeletar 
BedokSouth BedokSouth 
SembawangStraits SembawangStraits 
TuasNorthPioneer TuasNorthPioneer 
CityHall CityHall 
TelokBlangahRise TelokBlangahRise 
SungeiRoad SungeiRoad 
SimpangNorth SimpangNorth 
PasirRisDrive PasirRisDrive 
Trafalgar Trafalgar 
Tampines Tampines 
BenoiSector BenoiSector 
ChoaChuKang ChoaChuKang 
Moulmein Moulmein 
TiongBahru TiongBahru 
PearlsHill PearlsHill 
BukitBatokSouth BukitBatokSouth 
PasirRis PasirRis 
TagoreSindo TagoreSindo 
Shipyard Shipyard 
ClementiNorth ClementiNorth 
GeylangEast GeylangEast 
Khatib Khatib 
Matilda Matilda 
Brickworks Brickworks 
BukitBatokWest BukitBatokWest 
Aljunied Aljunied 
SerangoonGarden SerangoonGarden 
SerangoonCentral SerangoonCentral 
SembawangHills SembawangHills 
SingaporeRiver SingaporeRiver 
BoonLayPlace BoonLayPlace 
AlexandraNorth AlexandraNorth 
PeiChun PeiChun 
InstitutionHill InstitutionHill 
TohGuan TohGuan 
DhobyGhaut DhobyGhaut 
ReservoirView ReservoirView 
JooSengPayaLebar JooSengPayaLebar 
DairyFarm DairyFarm 
PulauPunggolTimor PulauPunggolTimor 
Tanglin Tanglin 
Saujana Saujana 
UluPandan UluPandan 
TampinesNorth TampinesNorth 
TuasBay TuasBay 
Geylang Geylang 
Cairnhill Cairnhill 
Sembawang Sembawang 
WoodlandsWest WoodlandsWest 
OneNorth OneNorth 
Mandai Mandai 
BayfrontSubzone BayfrontSubzone 
YioChuKangEast YioChuKangEast 
Port Port 
DefuIndustrialPark DefuIndustrialPark 
UpperThomson UpperThomson 
ChinaSquare ChinaSquare 
JurongWestCentral JurongWestCentral 
PeoplesPark PeoplesPark 
MandaiEast MandaiEast 
KebunBahru KebunBahru 
Kembangan Kembangan 
OrangeGrove OrangeGrove 
ChangiPoint ChangiPoint 
SouthernIslands SouthernIslands 
Woodleigh EvertonPark 
