LeonieHill Guilin NatureReserve Trafalgar Townsville SerangoonGarden NatureReserve Springleaf WestCoast Novena FarrerPark WestCoast Boulevard NatureReserve KallangWay Shipyard WestCoast YuhuaWestBoonLay YioChuKang WestCoast TuasBay Phillip TampinesWest NorthCoast Sennett SembawangSprings Kranji NatureReserve Victoria Ridout BishanEast Yishun YioChuKang PasirPanjang2 NorthCoast Semakau PunggolTownCentre NatureReserve Outram PasirPanjang2 Sentosa Clementi OrangeGrove TanglinHalt NeeSoon TanjongRhu BukitBatokCentral NatureReserve ChoaChuKangCentral ConeyIsland AnchorvaleBuangkok MandaiEstate JurongWestCentral LiuFang KampongGlam NatureReserve GreenwoodPark SingaporePolytechnic YioChuKang Woodgrove NorthCoast DefuIndustrialPark PasirPanjang2 ChangiWest LoyangEast LeonieHill
46
Guilin Guilin 
Trafalgar Trafalgar 
Townsville Townsville 
SerangoonGarden SerangoonGarden 
Springleaf Springleaf 
Novena Novena 
FarrerPark FarrerPark 
Boulevard Boulevard 
KallangWay KallangWay 
Shipyard Shipyard 
YuhuaWestBoonLay YuhuaWestBoonLay 
YioChuKang YioChuKang MandaiWest 
TuasBay TuasBay 
Phillip Phillip 
TampinesWest TampinesWest 
NorthCoast NorthCoast 
Sennett Sennett 
SembawangSprings SembawangSprings 
Kranji Kranji 
Victoria Victoria 
Ridout Ridout 
BishanEast BishanEast 
Yishun Yishun 
PasirPanjang2 PasirPanjang2 
Semakau Semakau 
PunggolTownCentre PunggolTownCentre 
Outram Outram 
Sentosa Sentosa 
OrangeGrove OrangeGrove 
TanglinHalt TanglinHalt 
NeeSoon NeeSoon 
BukitBatokCentral BukitBatokCentral 
ChoaChuKangCentral ChoaChuKangCentral 
ConeyIsland ConeyIsland 
AnchorvaleBuangkok AnchorvaleBuangkok 
JurongWestCentral JurongWestCentral 
KampongGlam KampongGlam 
GreenwoodPark GreenwoodPark 
SingaporePolytechnic SingaporePolytechnic 
Woodgrove Woodgrove 
DefuIndustrialPark DefuIndustrialPark 
ChangiWest ChangiWest 
LoyangEast LoyangEast 
WestCoast ClementiCentral SungeiKadut SungeiRoad 
NatureReserve AirportRoad MonksHill 
LiuFang Tyersall 
