BukitBatokEast DowntownCore Frankel SungeiRoad Simei Redhill GaliBatuMandai Frankel Tengeh AirportRoad RiverValley SimpangNorth AirportRoad NeeSoon JooKoon DowntownCore Frankel SwissClub Frankel ChoaChuKang GhimMoh Hillcrest LowerSeletar LeonieHill Tengah Sudong PearlsHill CliffordPier Safti DowntownCore TanjongPagar Seletar Tyersall TiongBahruStation AirportRoad CityHall AirportRoad Sembawang BukitBatokEast
25
DowntownCore DowntownCore
Frankel Frankel
SungeiRoad SungeiRoad
Simei Simei
Redhill Redhill
GaliBatuMandai GaliBatuMandai
Tengeh Tengeh
RiverValley RiverValley
SimpangNorth SimpangNorth
NeeSoon NeeSoon
JooKoon JooKoon
SwissClub SwissClub
ChoaChuKang ChoaChuKang
GhimMoh GhimMoh
Hillcrest Hillcrest
LowerSeletar LowerSeletar
LeonieHill LeonieHill
Sudong Sudong
PearlsHill PearlsHill
Safti Safti
TanjongPagar TanjongPagar
Tyersall Tyersall
TiongBahruStation TiongBahruStation
CityHall CityHall
Sembawang Sembawang
