139 18 84 49 106 1 47 77 16 85 121 91 62 76 47 32 183 84 4 6 125 196 85 2 153 112 41 163 23 14 24 134 101 157 8 200 198 147 11 18 15 18 86 152 32 74 133 43 46 113 173 128 15 54 5 87 64 28 78 21 139 176 105 127 11 147 184 45 61 187 191 141 198 71 104 66 1 106 60 12 94 65 16 85 2 153 111 30 113 190 123 20 187 109 188 6 4 84 9 161 95 109 108 57 39 173 48 26 16 108 111 153 106 14 23 182 79 107 33 62 144 30 54 191 133 114 111 30 156 58 74 32 148 71 26 16 53 13 30 144 62 32 66 105 158 36 147 2 38 39 60 182 103 82 67 128 155 50 98 2 38 134 3 96 27 14 15 31 99 35 5 158 119 142 185 96 3 104 116 131 105 22 125 169 122 81 95 161 44 197 178 8 157 2 149 7 60 20 67 19 140 118 17 59 156 30 111 25 36 158 105 192 69 17 142 37 166 145 4 84 44 38 134 186 16 172 1 55 165 132 157 139
97
18 18 
84 84 189 
106 106 
1 1 
47 47 
77 77 
16 16 
85 85 
91 91 
32 32 
125 125 
2 2 72 
153 153 
112 112 
41 41 
23 23 
14 14 
134 134 
101 101 
157 157 
8 8 
198 198 
147 147 
11 11 
15 15 
152 152 
74 74 
43 43 
113 113 
173 173 
128 128 
5 5 
64 64 
78 78 
21 21 
176 176 
105 105 
127 127 
184 184 
187 187 
191 191 
141 141 
71 71 
104 104 138 
60 60 
65 65 
111 111 
30 30 
123 123 
109 109 
188 188 
9 9 
161 161 
95 95 
108 108 
57 57 
39 39 
48 48 
26 26 
182 182 
79 79 
33 33 
144 144 
114 114 
156 156 
58 58 
148 148 
13 13 
158 158 
82 82 
67 67 
98 98 
96 96 
27 27 
31 31 
35 35 
119 119 
142 142 
131 131 
22 22 
122 122 
81 81 
44 44 
178 178 
7 7 
118 118 
25 25 
69 69 
37 37 
145 145 
186 186 
172 172 
165 165 
183 146 
36 130 
166 89 
4 75 
