0 34 67 34 0 35 68 35 0 36 69 36 0 37 70 37 0 38 71 38 0 39 72 39 0 40 73 40 0 41 74 41 0 42 75 42 0 43 76 43 0 44 77 44 0 45 78 45 0 46 79 46 0 47 80 47 0 48 81 48 0 49 82 49 0 50 83 50 0 51 84 51 0 52 85 52 0 53 86 53 0 54 87 54 0 55 88 55 0 56 89 56 0 57 90 57 0 58 91 58 0 59 92 59 0 60 93 60 0 61 94 61 0 62 95 62 0 63 96 63 0 64 97 64 0 65 98 65 0 66 99 66 0
33
67 1 
68 2 
69 3 
70 4 
71 5 
72 6 
73 7 
74 8 
75 9 
76 10 
77 11 
78 12 
79 13 
80 14 
81 15 
82 16 
83 17 
84 18 
85 19 
86 20 
87 21 
88 22 
89 23 
90 24 
91 25 
92 26 
93 27 
94 28 
95 29 
96 30 
97 31 
98 32 
99 33 
