J6 A3 H2 A7 H8 B7 A3 F3 J4 B6 C9 E2 F8 G8 B1 I3 A7 G0 A5 A2 E4 A4 B9 E1 A7 A0 G6 C6 J9 B4 C1 B1 C3 A5 H7 H4 J5 F0 A0 B3 B0 F7 A7 J7 A5 F5 A2 D8 F9 A5 A8 A4 E0 A9 H3 D6 C2 A5 C6 B6 B9 H0 D0 B5 A7 I7 A0 J8 H5 J6
49
J6 J6 
H2 H2 
A7 A7 G9 
H8 H8 
B7 B7 
F3 F3 
J4 J4 
B6 B6 
C9 C9 
E2 E2 
F8 F8 
G8 G8 
I3 I3 
G0 G0 
A5 A5 
A2 A2 
E4 E4 
B9 B9 
E1 E1 
A0 A0 
G6 G6 
C6 C6 
J9 J9 
C1 C1 
C3 C3 
H7 H7 
H4 H4 
J5 J5 
F0 F0 
B3 B3 
B0 B0 
F7 F7 
J7 J7 
F5 F5 
D8 D8 
F9 F9 
A8 A8 
E0 E0 
A9 A9 
H3 H3 
D6 D6 
C2 C2 
H0 H0 
D0 D0 
B5 B5 
I7 I7 
J8 J8 
H5 H5 
A4 C4 
