F8 B8 B9 H4 B9 T0 Q7 H5 J7 J2 M0 D8 K6 P9 I4 B4 I6 C8 L4 M5 A3 N2 E4 B4 M9 Q3 R2 C2 J7 L8 B0 C4 M0 R8 O4 N4 D3 H8 S7 D9 E6 T8 O8 E5 O8 A2 F4 H6 A7 J7 N0 R8 P7 I0 F1 Q0 F1 P9 K6 E9 Q1 A0 D3 G2 N6 G2 E3 I7 N8 D0 T7 N1 G6 O5 A3 F2 I4 A1 B7 O1 K1 D4 L3 B2 H4 G0 E2 G0 P6 I3 Q8 Q7 A7 C5 Q5 J1 K3 G2 F9 C0 C5 A7 C3 A7 N1 N2 F6 I6 A6 O8 A1 I4 S9 J7 K5 Q3 R4 G9 C1 R5 G4 B7 O1 D9 B6 T0 H3 F6 Q7 Q8 A8 B3 I2 H9 T1 G2 D3 A0 T8 I9 A7 H7 F1 P6 P2 B7 Q8 R6 A6 M8 G6 C6 A8 B3 I1 P5 M3 O7 L9 I9 J0 A4 M6 C8 F0 O2 G5 P6 Q3 L6 H5 M0 E6 R9 F3 E8 T3 H0 I2 T9 B2 A3 E7 A3 D5 A0 S2 N1 F2 A3 H2 D7 R0 S8 H3 I9 G9 N3 R0 C4 J3 B3 S5 N7 S5 J1 S5 I8 H0 O3 F7 A9 T5 J2 I0 S0 G1 R1 H1 N7 S5 G1 K1 J3 H2 A2 I2 F6 B3 J3 C4 B0 E0 F8
100
H4 H4
T0 T0
Q7 Q7
H5 H5
J2 J2
M0 M0
D8 D8
K6 K6
P9 P9
I4 I4
B4 B4
I6 I6
C8 C8
M5 M5
A3 A3
N2 N2
E4 E4
Q3 Q3
C2 C2
B0 B0
C4 C4
R8 R8
N4 N4
D3 D3
S7 S7
D9 D9
T8 T8
E5 E5
A2 A2
H6 H6
N0 N0
P7 P7
I0 I0
F1 F1
Q0 Q0
A0 A0
N6 N6
E3 E3
N8 N8
N1 N1
G6 G6
O5 O5
F2 F2
A1 A1
O1 O1
K1 K1
D4 D4
B2 B2
G0 G0
E2 E2
P6 P6
I3 I3
Q8 Q8
Q5 Q5
J1 J1
K3 K3
F9 F9
C0 C0
C3 C3
F6 F6
S9 S9
K5 K5
R4 R4
G9 G9
C1 C1
G4 G4
H3 H3
A8 A8
B3 B3
I2 I2
T1 T1
I9 I9
P2 P2
R6 R6
P5 P5
L9 L9
J0 J0
M6 M6
O2 O2
L6 L6
R9 R9
E8 E8
H0 H0
T9 T9
E7 E7
D5 D5
S2 S2
H2 H2
D7 D7
R0 R0
S8 S8
S5 S5
N7 N7
I8 I8
O3 O3
A9 A9
T5 T5
S0 S0
G1 G1
H1 H1
