Qwilfish Tropius Drapion Vullaby Volcarona Magmar Inkay Meloetta Sandile Drampa Gengar Metapod Whismur Dewpider Sandile Metapod Metang Crawdaunt Metang Metapod Sandile Vullaby Volcarona Magmar Noibat Nincada Shellos Magnemite Swadloon Tauros Gengar Lotad Drapion Tropius Scatterbug Meloetta Sandile Vullaby Porygon2 Crawdaunt Weezing Crawdaunt Scatterbug Honedge Seaking Nincada Shellos Magmar Phanpy Skiddo Skorupi Lotad Amoonguss Stufful Whismur Metapod Sandile Drampa Froakie Dewpider Scatterbug Taillow Drapion Lotad Metang Terrakion Noibat Honedge Weepinbell Tsareena Shellos Drampa Froakie Bounsweet Gengar Lotad Metang Terrakion Noibat Honedge Weezing Plusle Jumpluff Xerneas Seaking Xerneas Shellder Tsareena Inkay Slurpuff Metang Lotad Wartortle Zekrom Wartortle Magmar Shellos Tropius Skorupi Skiddo Phanpy Lotad Amoonguss Zekrom Wailord Xerneas Shellos Nincada Noibat Metapod Jumpluff Vullaby Sandile Dewpider Kakuna Tornadus Gengar Drampa Qwilfish
41
Qwilfish Qwilfish 
Drapion Drapion 
Vullaby Vullaby 
Volcarona Volcarona Steenee 
Magmar Magmar 
Inkay Inkay 
Meloetta Meloetta 
Sandile Sandile Simisear 
Drampa Drampa 
Gengar Gengar 
Metapod Metapod 
Whismur Whismur Bastiodon 
Metang Metang 
Crawdaunt Crawdaunt Woobat 
Noibat Noibat 
Nincada Nincada Comfey 
Shellos Shellos 
Magnemite Magnemite 
Swadloon Swadloon 
Tauros Tauros 
Lotad Lotad 
Scatterbug Scatterbug 
Porygon2 Porygon2 
Weezing Weezing Escavalier Vespiquen 
Honedge Honedge 
Seaking Seaking Treecko 
Skiddo Skiddo 
Skorupi Skorupi Munna 
Amoonguss Amoonguss 
Stufful Stufful 
Froakie Froakie 
Taillow Taillow 
Weepinbell Weepinbell 
Bounsweet Bounsweet 
Plusle Plusle 
Jumpluff Jumpluff 
Shellder Shellder 
Slurpuff Slurpuff 
Wailord Wailord 
Kakuna Kakuna 
Zekrom Conkeldurr 
