Burlington Downey Buffalo Costa Denver Honolulu Amarillo Greenville Myrtle Independence Chicago Merced Julian Columbus Honolulu Davenport McAllen Killeen Prairie Bridgeport Harlingen Chattanooga Rapids Apple Hayward Honolulu Clarke Miramar Honolulu Cambridge Buffalo Independence Hampton Plen Greenville Burlington
22
Buffalo Buffalo Louisville 
Denver Denver 
Honolulu Honolulu Naperville Cedar 
Amarillo Amarillo 
Greenville Greenville 
Myrtle Myrtle 
Independence Independence 
Chicago Chicago 
Merced Merced 
Columbus Columbus 
Davenport Davenport 
McAllen McAllen 
Killeen Killeen 
Prairie Prairie 
Bridgeport Bridgeport 
Chattanooga Chattanooga 
Rapids Rapids 
Hayward Hayward 
Clarke Clarke 
Miramar Miramar 
Cambridge Cambridge 
Hampton Hampton 
