Myrtle Canton Hartford Joliet Champaign Barnstable Dallas Canton Muskegon Brownsville Merced Erie Brownsville Chicago Hollywood Canton Hemet Collins Cary Bridgeport Cambridge Harlingen Macon Cedar Plen Brownsville Bradenton Bloomington Brownsville Irvine Albuquerque Lorain Collins Nashua Miramar Kissimmee Irvine Montgomery Davidson Irvine Minneapolis Lexington GreenBay Hartford Aribel Baltimore Albany Champaign Kansas Chandler Garland Mobile Champaign Appleton Cathedral Lansing Corpus Deltona Irvine Huntsville Canton Houma Medford Cincinnati Huntington Alexandria Moreno Myrtle
49
Hartford Hartford 
Joliet Joliet 
Champaign Champaign Abilene 
Barnstable Barnstable 
Dallas Dallas 
Muskegon Muskegon 
Brownsville Brownsville 
Merced Merced 
Erie Erie 
Chicago Chicago 
Hollywood Hollywood 
Hemet Hemet 
Cary Cary 
Bridgeport Bridgeport 
Harlingen Harlingen 
Macon Macon 
Cedar Cedar 
Plen Plen 
Bradenton Bradenton 
Bloomington Bloomington 
Albuquerque Albuquerque 
Lorain Lorain 
Nashua Nashua 
Miramar Miramar 
Kissimmee Kissimmee 
Montgomery Montgomery 
Davidson Davidson 
Minneapolis Minneapolis 
Lexington Lexington 
GreenBay GreenBay 
Aribel Aribel 
Baltimore Baltimore 
Albany Albany 
Kansas Kansas 
Chandler Chandler 
Mobile Mobile 
Appleton Appleton 
Cathedral Cathedral 
Lansing Lansing 
Corpus Corpus 
Deltona Deltona 
Huntsville Huntsville 
Houma Houma 
Medford Medford 
Huntington Huntington 
Alexandria Alexandria 
Moreno Moreno 
Canton Grays 
Irvine Leominster 
