Monroe Danbury Bradenton Five Three Collins Mesquite Hampton Albany Danbury Ten Burlington Miami Hagerstown Melbourne Collins Kissimmee Baton Five Allentown Danbury Fairfield Arlington Four Collins Elizabeth Danbury Chesapeake Five Gainesville Albuquerque Clarke Montgomery Five Baltimore Mesa CSprings Elkhart Aberdeen Greensboro Danbury Gilbert Five Athens Hagerstown Akron Killeen Amarillo Five Lewisville Seven Johnson Downey Naples Athens Havre Danbury Vista Brownsville Collins Rapids Danbury Bridgeport Erie Modesto Five Manchester CSprings Hesperia Lowell Hagerstown Lancaster Prairie Danbury Lacey Boulder Collins Davidson Dayton Birmingham Albuquerque Hartford Kennewick Huntington Cleveland Lancaster Irving Dallas Julian Danbury Cary Lakeland Laredo Mobile Collins Apple Athens Cambridge Danbury Hayward Austin Danbury Lafayette Monterey Athens Merced Asheville Danbury Glendale Viejo Denton Canton Hagerstown Muskegon Anaheim Boise Downey Anchorage CSprings Leominster Athens Detroit Collins Hialeah Bedford Hagerstown Antioch Hagerstown Charleston Hagerstown Hickory Collins Carrollton Jacksonville Charlotte Abilene Asheville Clarksville Corpus Fayetteville Layton Five Denver Danbury Monroe
98
Monroe Monroe 
Bradenton Bradenton 
Three Three 
Mesquite Mesquite 
Hampton Hampton 
Albany Albany 
Ten Ten 
Burlington Burlington 
Miami Miami 
Hagerstown Hagerstown Kenosha 
Melbourne Melbourne 
Kissimmee Kissimmee 
Baton Baton 
Allentown Allentown 
Fairfield Fairfield 
Arlington Arlington 
Four Four 
Elizabeth Elizabeth 
Chesapeake Chesapeake 
Gainesville Gainesville 
Clarke Clarke 
Montgomery Montgomery 
Baltimore Baltimore 
Mesa Mesa 
Elkhart Elkhart 
Aberdeen Aberdeen 
Greensboro Greensboro 
Gilbert Gilbert 
Athens Athens 
Akron Akron 
Killeen Killeen 
Amarillo Amarillo 
Lewisville Lewisville 
Seven Seven 
Johnson Johnson 
Naples Naples 
Havre Havre 
Vista Vista 
Brownsville Brownsville 
Rapids Rapids 
Bridgeport Bridgeport 
Erie Erie 
Modesto Modesto 
Manchester Manchester 
Hesperia Hesperia 
Lowell Lowell 
Lancaster Lancaster 
Prairie Prairie 
Lacey Lacey 
Boulder Boulder 
Davidson Davidson 
Dayton Dayton 
Birmingham Birmingham 
Hartford Hartford 
Kennewick Kennewick 
Huntington Huntington 
Cleveland Cleveland 
Irving Irving 
Dallas Dallas 
Julian Julian 
Cary Cary 
Lakeland Lakeland 
Laredo Laredo 
Mobile Mobile 
Apple Apple 
Cambridge Cambridge 
Hayward Hayward 
Austin Austin 
Lafayette Lafayette 
Monterey Monterey 
Merced Merced 
Asheville Asheville 
Glendale Glendale 
Viejo Viejo 
Denton Denton 
Canton Canton 
Muskegon Muskegon 
Anaheim Anaheim 
Boise Boise 
Anchorage Anchorage 
Leominster Leominster 
Detroit Detroit 
Hialeah Hialeah 
Bedford Bedford 
Antioch Antioch 
Charleston Charleston 
Hickory Hickory 
Carrollton Carrollton 
Jacksonville Jacksonville 
Abilene Abilene 
Clarksville Clarksville 
Corpus Corpus 
Fayetteville Fayetteville 
Layton Layton 
Denver Denver 
CSprings Kailua Huntsville 
Danbury Daytona 
Collins Bethlehem 
