DK AA FA CS BC CA DI BH EY DZ GB DN HJ AB AU BE CW AO AB CE AN EN AC DP HE AG DF AB AZ AG DM DX AA CT AI FZ AB HC FB CP DO EO AK DB CY AB CD CR FP FH AB EL FG AA BV DL AC EP HF FN GX AL BW DD AF GY AT EQ HI AE EB FT CI AC AM FW AA CM AB BI CK GV AD ET GZ EM EW GR BR CC GG BL AG FD AE AA CU DE AF BF AY EF AA ES GT AF AV HB AB BM BP CG HD GN BZ CX DK
90
AA AA ED DT 
FA FA 
CS CS 
BC BC 
CA CA 
DI DI 
BH BH 
EY EY 
DZ DZ 
GB GB 
DN DN 
HJ HJ 
AB AB DU EA 
AU AU 
BE BE 
CW CW 
AO AO 
CE CE 
AN AN 
EN EN 
DP DP 
HE HE 
AG AG 
DF DF 
AZ AZ 
DM DM 
DX DX 
CT CT 
FZ FZ 
HC HC 
FB FB 
CP CP 
DO DO 
EO EO 
AK AK 
DB DB 
CY CY 
CD CD 
CR CR 
FP FP 
FH FH 
EL EL 
FG FG 
BV BV 
DL DL 
EP EP 
HF HF 
FN FN 
GX GX 
BW BW 
DD DD 
GY GY 
AT AT 
EQ EQ 
HI HI 
EB EB 
FT FT 
CI CI 
AM AM 
FW FW 
CM CM 
BI BI 
CK CK 
GV GV 
ET ET 
GZ GZ 
EM EM 
EW EW 
GR GR 
BR BR 
CC CC 
GG GG 
BL BL 
FD FD 
CU CU 
DE DE 
BF BF 
AY AY 
EF EF 
ES ES 
GT GT 
AV AV 
HB HB 
BM BM 
BP BP 
CG CG 
HD HD 
GN GN 
BZ BZ 
CX CX 
