Soda Campanile AlumniHouse BarrowsHall CampbellHall CareerCenter ClarkKerr Dwinelle BarkerHall Dwinelle BarrowLane AlumniHouse Soda EshlemanHall EyeCenter EshlemanHall Soda Jacobs Lawrence MLK LeConteHall MemorialGlade MLK Lawrence Jacobs Soda RSF MorganHall MorrisonHall MorganHall MorrisonHall MosesHall MulfordHall NorthField SatherGate SatherTower SatherRd RSF Soda SeniorHall SproulHall SproulPlaza SutardjaDaiHall Unit1 SutardjaDaiHall TangCenter WursterHall SeniorHall Soda
18
Campanile Campanile
CareerCenter CareerCenter
Dwinelle Dwinelle
BarkerHall BarkerHall
EyeCenter EyeCenter
Jacobs Jacobs
Lawrence Lawrence
MLK MLK
LeConteHall LeConteHall
MemorialGlade MemorialGlade
MorganHall MorganHall
MorrisonHall MorrisonHall
MulfordHall MulfordHall
SatherRd SatherRd
SproulPlaza SproulPlaza
SutardjaDaiHall SutardjaDaiHall
Unit1 Unit1
WursterHall WursterHall
