LegendsAquaticCenter LawSchool CITRIS NorthField InvestigativeReporti LegendsAquaticCenter LevineFrickeSoftball GolbousPlace LeConteHall SodaHall ValleyLifeSciencesBu LegendsAquaticCenter NorthGateHall LewisHall MemorialGlade SatherTower LegendsAquaticCenter EucalyptusGrove StarrEastAsianLibrar LegendsAquaticCenter GoldmanField SoutheastAsianStudie LegendsAquaticCenter
18
LegendsAquaticCenter LegendsAquaticCenter EllsworthParkingStru DurantHall 
LawSchool LawSchool 
CITRIS CITRIS 
NorthField NorthField 
InvestigativeReporti InvestigativeReporti 
LevineFrickeSoftball LevineFrickeSoftball 
GolbousPlace GolbousPlace 
LeConteHall LeConteHall 
SodaHall SodaHall 
ValleyLifeSciencesBu ValleyLifeSciencesBu 
NorthGateHall NorthGateHall 
LewisHall LewisHall 
MemorialGlade MemorialGlade 
SatherTower SatherTower 
EucalyptusGrove EucalyptusGrove 
StarrEastAsianLibrar StarrEastAsianLibrar 
GoldmanField GoldmanField 
SoutheastAsianStudie SoutheastAsianStudie 
