McLaughlinHall EvansDiamond WitterRugbyField McLaughlinHall RedwoodGroveBotanica PublicAffairsOfficeo HasteStreetChildDeve McLaughlinHall UCBerkeleyExtension GrinnellNaturalArea SeniorHall EastAsianStudiesInst McLaughlinHall AnnaHeadAlumnaeHall Unit3ResidentHall DurantHall BancroftParkingStruc McLaughlinHall FacultyGlade CampusSharedServices SamsPad McLaughlinHall RecreationalSportsFa StrawberryCanyonRecr McLaughlinHall EshlemanHall JonesChildStudyCente McLaughlinHall InsectaryGreenhouse WarrenHall McLaughlinHall CareerCenter StephensHall MathematicalSciences ZellerbachHall HertzHall EnergyBiosciencesBui McLaughlinHall BerkeleyArtMuseumand BotanicalGarden SimpsonCenterforStud MagnesCollectionofJe McLaughlinHall KroeberHall ResidentialStudentSe McLaughlinHall GiauqueHall Library LegendsAquaticCenter Romeos McLaughlinHall LevineFrickeSoftball SpiekerAquaticsCompl GoldmanSchool GianniniHall WomensFacultyClub McLaughlinHall
44
McLaughlinHall McLaughlinHall CNMAT1750ArchSt MoffittLibrary EtcheverryHall VisitorCenter 
EvansDiamond EvansDiamond 
WitterRugbyField WitterRugbyField 
RedwoodGroveBotanica RedwoodGroveBotanica 
PublicAffairsOfficeo PublicAffairsOfficeo 
HasteStreetChildDeve HasteStreetChildDeve 
UCBerkeleyExtension UCBerkeleyExtension 
GrinnellNaturalArea GrinnellNaturalArea 
SeniorHall SeniorHall 
EastAsianStudiesInst EastAsianStudiesInst 
AnnaHeadAlumnaeHall AnnaHeadAlumnaeHall 
Unit3ResidentHall Unit3ResidentHall 
DurantHall DurantHall 
BancroftParkingStruc BancroftParkingStruc 
FacultyGlade FacultyGlade 
CampusSharedServices CampusSharedServices 
SamsPad SamsPad 
RecreationalSportsFa RecreationalSportsFa 
StrawberryCanyonRecr StrawberryCanyonRecr 
EshlemanHall EshlemanHall 
JonesChildStudyCente JonesChildStudyCente 
InsectaryGreenhouse InsectaryGreenhouse 
WarrenHall WarrenHall 
CareerCenter CareerCenter 
StephensHall StephensHall 
MathematicalSciences MathematicalSciences 
ZellerbachHall ZellerbachHall 
HertzHall HertzHall 
EnergyBiosciencesBui EnergyBiosciencesBui 
BerkeleyArtMuseumand BerkeleyArtMuseumand 
BotanicalGarden BotanicalGarden 
SimpsonCenterforStud SimpsonCenterforStud 
MagnesCollectionofJe MagnesCollectionofJe 
KroeberHall KroeberHall 
ResidentialStudentSe ResidentialStudentSe 
GiauqueHall GiauqueHall 
Library Library 
LegendsAquaticCenter LegendsAquaticCenter 
Romeos Romeos 
LevineFrickeSoftball LevineFrickeSoftball 
SpiekerAquaticsCompl SpiekerAquaticsCompl 
GoldmanSchool GoldmanSchool 
GianniniHall GianniniHall 
WomensFacultyClub WomensFacultyClub 
