BerkeleyArtMuseumand FallProgramforFreshm AnthonyHall BerkeleyArtMuseumand SimpsonCenterforStud PublicAffairsOfficeo BowlesHall BancroftLibrary McConeHall CesarEChavezStudentC LeConteHall MaxwellFamilyFieldan KoshlandHall BerkeleyArtMuseumand CareerCenter HavilandHall MariesHouse BerkeleyArtMuseumand ObservatoryHill KoretVisitorCenter BerkeleyArtMuseumand Demography HearstMemorialMining AlumniHouse EnergyBiosciencesBui PacificFilmArchiveBe NorthField ArchitectsEngineersA InsectaryGreenhouse BanwayBuilding BerkeleyArtMuseumand MulfordHall MagnesCollectionofJe FacultyGlade WarrenHall GraduateTheologicalU SpiekerAquaticsCompl MosesHall EvansHall ManvilleHall BarrowsHall BerkeleyArtMuseumand EvansDiamond HaasSchoolofBusiness EdwardsTrackStadiumG BerkeleyArtMuseumand LegendsAquaticCenter FacultyClub InternationalHouse MathematicalSciences GolbousPlace LawSchool LatinAmericanStudies BerkeleyArtMuseumand EastAsianStudiesInst Unit1ResidentHall BerkeleyArtMuseumand CaliforniaHall SimonHall BerkeleyArtMuseumand ClarkKerrCampus MorrisonHall EllsworthParkingStru BerkeleyArtMuseumand NaturalResourcesLabo Sebastians CheitHall LawrenceHallofScienc BerkeleyArtMuseumand LawrenceBerkeleyNati McLaughlinHall Library LiKaShingCenter BerkeleyArtMuseumand CoryHall SatherTower ZellerbachHall BerkeleyArtMuseumand AHammock UpperHearstParkingSt InvestigativeReporti BerkeleyArtMuseumand LowerHearstParkingSt AcademicInnovationSt BerkeleyArtMuseumand ChancellorsEsplanade HenryHWheelerBrainIm BerkeleyArtMuseumand
71
BerkeleyArtMuseumand BerkeleyArtMuseumand FoxCottage2350Bowdit MartinezCommons GoldmanField GianniniHall BancroftDanceStudio SutardjaDaiHall StanleyHall IRLE UniversityHouse WellmanHall UniversityHealthServ 
FallProgramforFreshm FallProgramforFreshm 
AnthonyHall AnthonyHall 
SimpsonCenterforStud SimpsonCenterforStud 
PublicAffairsOfficeo PublicAffairsOfficeo 
BowlesHall BowlesHall 
BancroftLibrary BancroftLibrary 
McConeHall McConeHall 
CesarEChavezStudentC CesarEChavezStudentC 
LeConteHall LeConteHall 
MaxwellFamilyFieldan MaxwellFamilyFieldan 
KoshlandHall KoshlandHall 
CareerCenter CareerCenter 
HavilandHall HavilandHall 
MariesHouse MariesHouse 
ObservatoryHill ObservatoryHill 
KoretVisitorCenter KoretVisitorCenter 
Demography Demography 
HearstMemorialMining HearstMemorialMining 
AlumniHouse AlumniHouse 
EnergyBiosciencesBui EnergyBiosciencesBui 
PacificFilmArchiveBe PacificFilmArchiveBe 
NorthField NorthField 
ArchitectsEngineersA ArchitectsEngineersA 
InsectaryGreenhouse InsectaryGreenhouse 
BanwayBuilding BanwayBuilding 
MulfordHall MulfordHall 
MagnesCollectionofJe MagnesCollectionofJe 
FacultyGlade FacultyGlade 
WarrenHall WarrenHall 
GraduateTheologicalU GraduateTheologicalU 
SpiekerAquaticsCompl SpiekerAquaticsCompl 
MosesHall MosesHall 
EvansHall EvansHall 
ManvilleHall ManvilleHall 
BarrowsHall BarrowsHall 
EvansDiamond EvansDiamond 
HaasSchoolofBusiness HaasSchoolofBusiness 
EdwardsTrackStadiumG EdwardsTrackStadiumG 
LegendsAquaticCenter LegendsAquaticCenter 
FacultyClub FacultyClub 
InternationalHouse InternationalHouse 
MathematicalSciences MathematicalSciences 
GolbousPlace GolbousPlace 
LawSchool LawSchool 
LatinAmericanStudies LatinAmericanStudies 
EastAsianStudiesInst EastAsianStudiesInst 
Unit1ResidentHall Unit1ResidentHall 
CaliforniaHall CaliforniaHall 
SimonHall SimonHall 
ClarkKerrCampus ClarkKerrCampus 
MorrisonHall MorrisonHall 
EllsworthParkingStru EllsworthParkingStru 
NaturalResourcesLabo NaturalResourcesLabo 
Sebastians Sebastians 
CheitHall CheitHall 
LawrenceHallofScienc LawrenceHallofScienc 
LawrenceBerkeleyNati LawrenceBerkeleyNati 
McLaughlinHall McLaughlinHall 
Library Library 
LiKaShingCenter LiKaShingCenter 
CoryHall CoryHall 
SatherTower SatherTower 
ZellerbachHall ZellerbachHall 
AHammock AHammock 
UpperHearstParkingSt UpperHearstParkingSt 
InvestigativeReporti InvestigativeReporti 
LowerHearstParkingSt LowerHearstParkingSt 
AcademicInnovationSt AcademicInnovationSt 
ChancellorsEsplanade ChancellorsEsplanade 
HenryHWheelerBrainIm HenryHWheelerBrainIm 
