a aj fl c aw ci fy fn w c ec eu b ey cv ep aa de em c m bl gn dq az ex u en df ee dm y du dt b ff cl e bi fb a dx bd ct bc ga eq eg dg p a ag bm a b ck fh b ap fa d fz l do cu fv ev ar er a ea fd t h a fr d ew c b cq ak al fg j e fu gp bv gh dn a o b ah dj gb br cd k b gm ch a fs b by bf a ed an b ab bb c dv b a
94
a a gl 
aj aj 
fl fl 
c c et 
aw aw 
ci ci 
fy fy 
fn fn 
w w 
ec ec 
eu eu 
b b ae cp cb bz 
ey ey 
cv cv 
ep ep 
aa aa 
de de 
em em 
m m 
bl bl 
gn gn 
dq dq 
az az 
ex ex 
u u 
en en 
df df 
ee ee 
dm dm 
y y 
du du 
dt dt 
ff ff 
cl cl 
e e 
bi bi 
fb fb 
dx dx 
bd bd 
ct ct 
bc bc 
ga ga 
eq eq 
eg eg 
dg dg 
p p 
ag ag 
bm bm 
ck ck 
fh fh 
ap ap 
fa fa 
fz fz 
l l 
do do 
cu cu 
fv fv 
ev ev 
ar ar 
er er 
ea ea 
fd fd 
t t 
h h 
fr fr 
ew ew 
cq cq 
ak ak 
al al 
fg fg 
j j 
fu fu 
gp gp 
bv bv 
gh gh 
dn dn 
o o 
ah ah 
dj dj 
gb gb 
br br 
cd cd 
k k 
gm gm 
ch ch 
fs fs 
by by 
bf bf 
ed ed 
an an 
ab ab 
bb bb 
dv dv 
d cs 
