Fizz Thresh Heimerdinger Huskar Sven Nasus Medusa Tiny Katarina Kindred Terrorblade KhaZix Slardar Kassadin Gragas Kennen CentaurWarrunner Sniper WinterWyvern Nidalee NightStalker Annie Singed Quinn Ekko Venomancer Karma Omniknight Kindred StormSpirit Kindred BountyHunter Kindred Warlock Weaver ShadowFiend DeathProphet Fiddlesticks Janna Undying BountyHunter Rengar Magnus Visage TrollWarlord Kindred Kled Jinx Syndra Kindred Sona Azir LoneDruid Zed Rubick Morphling Irelia Techies Beastmaster FacelessVoid VelKoz LeBlanc Amumu BountyHunter Pantheon ShadowDemon BountyHunter Puck SpiritBreaker Bane Yorick Vladimir Ryze Mirana Slark Orianna Kindred Trundle JarvanIV Timbersaw Jayce Ziggs Tristana Xayah Cassiopeia Chen Viktor Leona Oracle Kindred Lucian Vi Talon Nunu Brewmaster ShadowShaman Talon Kindred Rumble Zilean TahmKench Kayn Fizz
89
Fizz Fizz
Thresh Thresh
Heimerdinger Heimerdinger
Huskar Huskar
Sven Sven
Nasus Nasus
Medusa Medusa
Tiny Tiny
Katarina Katarina
Terrorblade Terrorblade
KhaZix KhaZix
Slardar Slardar
Kassadin Kassadin
Gragas Gragas
Kennen Kennen
CentaurWarrunner CentaurWarrunner
Sniper Sniper
WinterWyvern WinterWyvern
Nidalee Nidalee
NightStalker NightStalker
Annie Annie
Singed Singed
Quinn Quinn
Ekko Ekko
Venomancer Venomancer
Karma Karma
Omniknight Omniknight
StormSpirit StormSpirit
BountyHunter BountyHunter
Warlock Warlock
Weaver Weaver
ShadowFiend ShadowFiend
DeathProphet DeathProphet
Fiddlesticks Fiddlesticks
Janna Janna
Undying Undying
Rengar Rengar
Magnus Magnus
Visage Visage
TrollWarlord TrollWarlord
Kled Kled
Jinx Jinx
Syndra Syndra
Sona Sona
Azir Azir
LoneDruid LoneDruid
Zed Zed
Rubick Rubick
Morphling Morphling
Irelia Irelia
Techies Techies
Beastmaster Beastmaster
FacelessVoid FacelessVoid
VelKoz VelKoz
LeBlanc LeBlanc
Amumu Amumu
Pantheon Pantheon
ShadowDemon ShadowDemon
Puck Puck
SpiritBreaker SpiritBreaker
Bane Bane
Yorick Yorick
Vladimir Vladimir
Ryze Ryze
Mirana Mirana
Slark Slark
Orianna Orianna
Trundle Trundle
JarvanIV JarvanIV
Timbersaw Timbersaw
Jayce Jayce
Ziggs Ziggs
Tristana Tristana
Xayah Xayah
Cassiopeia Cassiopeia
Chen Chen
Viktor Viktor
Leona Leona
Oracle Oracle
Lucian Lucian
Vi Vi
Talon Talon
Nunu Nunu
Brewmaster Brewmaster
ShadowShaman ShadowShaman
Rumble Rumble
Zilean Zilean
TahmKench TahmKench
Kayn Kayn
