Pantheon Jinx Nunu Akali Spectre Anivia MasterYi CrystalMaiden CentaurWarrunner Oracle Xerath Jayce Disruptor Lux Jhin BountyHunter Malphite Tiny MasterYi Draven MasterYi Rumble LoneDruid NightStalker Tailyah Ezreal Tailyah MasterYi KogMaw Ziggs Talon Morgana Skarner Magnus Jax Lich Heimerdinger Ashe ChaosKnight Kled MasterYi Bard ArcWarden SpiritBreaker Bristleback Maokai Slark Ahri Phoenix TrollWarlord WraithKing Ahri Galio Shyvana MasterYi Lucian MasterYi Pantheon
48
Jinx Jinx
Nunu Nunu
Akali Akali
Spectre Spectre
Anivia Anivia
MasterYi MasterYi
CrystalMaiden CrystalMaiden
CentaurWarrunner CentaurWarrunner
Oracle Oracle
Xerath Xerath
Jayce Jayce
Disruptor Disruptor
Lux Lux
Jhin Jhin
BountyHunter BountyHunter
Malphite Malphite
Tiny Tiny
Draven Draven
Rumble Rumble
LoneDruid LoneDruid
NightStalker NightStalker
Tailyah Tailyah
Ezreal Ezreal
KogMaw KogMaw
Ziggs Ziggs
Talon Talon
Morgana Morgana
Skarner Skarner
Magnus Magnus
Jax Jax
Lich Lich
Heimerdinger Heimerdinger
Ashe Ashe
ChaosKnight ChaosKnight
Kled Kled
Bard Bard
ArcWarden ArcWarden
SpiritBreaker SpiritBreaker
Bristleback Bristleback
Maokai Maokai
Slark Slark
Ahri Ahri
Phoenix Phoenix
TrollWarlord TrollWarlord
WraithKing WraithKing
Galio Galio
Shyvana Shyvana
Lucian Lucian
