Zeus EmberSpirit Leshrac Slardar Dazzle TreantProtector Braum Bloodseeker Sven Renekton Axe Kled ElderTitan Nocturne Twitch Syndra Kled Lycan Blitzcrank Xayah Lulu Kled Shen Kled Zeus
20
Zeus Zeus
EmberSpirit EmberSpirit
Leshrac Leshrac
Slardar Slardar
Dazzle Dazzle
TreantProtector TreantProtector
Braum Braum
Bloodseeker Bloodseeker
Sven Sven
Renekton Renekton
Axe Axe
ElderTitan ElderTitan
Nocturne Nocturne
Twitch Twitch
Syndra Syndra
Lycan Lycan
Blitzcrank Blitzcrank
Xayah Xayah
Lulu Lulu
Shen Shen
