0 2 3 4 5 4 3 2 0 7 8 9 10 11 12 13 14 15 14 17 18 19 18 17 14 13 12 11 10 8 7 0 23 24 9 7 8 10 26 28 29 30 31 32 30 29 35 39 35 29 34 38 34 29 35 29 30 31 30 33 41 81 79 99 86 99 80 43 91 46 47 48 49 48 47 14 13 12 11 71 68 64 60 51 57 59 63 67 72 10 8 74 66 62 58 56 52 55 54 55 52 56 58 62 66 74 8 10 72 67 63 59 63 67 72 10 8 74 66 62 66 74 8 10 72 67 63 59 57 51 60 64 68 71 11 10 8 74 66 74 8 10 72 67 63 59 57 51 60 61 65 69 73 12 11 10 8 74 8 10 72 10 11 71 68 64 60 61 65 61 60 64 68 71 11 10 11 12 11 10 8 10 26 28 29 34 38 34 29 30 31 40 76 40 31 30 28 27 77 27 28 30 31 40 76 78 99 79 81 79 99 83 82 87 82 83 99 83 82 87 82 83 99 80 88 94 89 93 50 49 92 90 44 43 44 90 92 49 50 93 89 94 88 80 99 83 98 97 96 97 98 83 99 16 15 14 13 12 11 10 8 7 0
84
0 0 1 21 22 
2 2 
3 3 
4 4 
5 5 6 
7 7 25 
8 8 
9 9 
10 10 
11 11 
12 12 
13 13 
14 14 
15 15 
17 17 
18 18 
19 19 20 
23 23 
24 24 
26 26 
28 28 
29 29 
30 30 
31 31 
32 32 
35 35 36 
39 39 37 
34 34 
38 38 75 
33 33 
41 41 
81 81 
79 79 
99 99 85 
86 86 42 
80 80 
43 43 
91 91 
46 46 
47 47 45 
48 48 
49 49 
71 71 
68 68 
64 64 
60 60 
51 51 
57 57 
59 59 
63 63 
67 67 
72 72 
74 74 
66 66 
62 62 
58 58 
56 56 
52 52 
55 55 
54 54 53 
61 61 
65 65 70 
69 69 
73 73 
40 40 
76 76 
27 27 
77 77 
78 78 
83 83 
82 82 
87 87 84 
88 88 
94 94 
89 89 
93 93 
50 50 
92 92 
90 90 
44 44 
98 98 
97 97 
96 96 95 
16 16 
