6 8 4 1 0 6 11 10 18 19 10 11 24 20 21 26 24 30 42 46 41 40 42 55 50 51 59 50 55 67 62 63 65 69 60 67 73 77 70 78 75 79 70 74 73 80 87 88 85 81 80 96 90 95 96 103 100 106 109 105 101 100 103 111 112 118 113 115 114 111 124 120 129 128 124 133 130 137 139 132 130 134 133 143 148 140 145 149 144 143 158 150 152 157 158 168 160 163 166 168 172 176 170 178 177 179 172 189 182 181 180 189 199 190 196 199 6
72
8 8 
4 4 
1 1 
0 0 7 
10 10 15 14 
18 18 
19 19 
20 20 23 
21 21 
26 26 
46 46 
41 41 
40 40 48 
50 50 57 
51 51 
59 59 
62 62 
63 63 
65 65 
69 69 
60 60 
77 77 
78 78 
75 75 
79 79 
74 74 
87 87 
88 88 
85 85 
81 81 
90 90 97 98 
95 95 
106 106 
109 109 
105 105 
101 101 
112 112 
118 118 
113 113 
115 115 
114 114 
120 120 126 125 
129 129 
128 128 
130 130 
137 137 
139 139 
132 132 
134 134 
148 148 
145 145 
149 149 
144 144 
150 150 153 
152 152 
157 157 
163 163 
166 166 
176 176 
170 170 
178 178 
177 177 
179 179 
182 182 
181 181 
190 190 191 194 198 
196 196 
30 39 31 38 36 
100 107 
140 146 
160 167 164 
180 186 187 185 
