L16 L8 L4 L106 L0 L7 L62 L125 L78 L0 L95 L131 L83 L2 L119 L0 L29 L146 L1 L114 L7 L89 L104 L91 L1 L144 L0 L20 L130 L2 L150 L126 L1 L24 L92 L4 L100 L5 L75 L3 L43 L1 L35 L0 L79 L5 L139 L56 L0 L93 L87 L2 L153 L76 L74 L0 L2 L140 L103 L138 L109 L1 L80 L40 L28 L0 L101 L85 L149 L53 L143 L142 L2 L12 L1 L151 L52 L38 L6 L107 L90 L0 L27 L11 L70 L1 L67 L72 L110 L47 L128 L129 L1 L133 L61 L8 L94 L3 L99 L22 L124 L21 L5 L2 L84 L0 L147 L82 L10 L9 L68 L1 L152 L2 L16
82
L16 L16 
L8 L8 
L4 L4 
L106 L106 
L7 L7 
L62 L62 
L125 L125 
L78 L78 
L95 L95 
L131 L131 
L83 L83 
L2 L2 L134 
L119 L119 
L29 L29 
L146 L146 
L1 L1 L18 L145 L65 
L114 L114 
L89 L89 
L104 L104 
L91 L91 
L144 L144 
L20 L20 
L130 L130 
L150 L150 
L126 L126 
L24 L24 
L92 L92 
L100 L100 
L5 L5 
L75 L75 
L43 L43 
L35 L35 
L79 L79 
L139 L139 
L56 L56 
L93 L93 
L87 L87 
L153 L153 
L76 L76 
L74 L74 
L140 L140 
L103 L103 
L138 L138 
L109 L109 
L80 L80 
L40 L40 
L28 L28 
L101 L101 
L85 L85 
L149 L149 
L53 L53 
L143 L143 
L142 L142 
L12 L12 
L151 L151 
L52 L52 
L38 L38 
L107 L107 
L90 L90 
L27 L27 
L11 L11 
L70 L70 
L67 L67 
L72 L72 
L110 L110 
L47 L47 
L128 L128 
L129 L129 
L133 L133 
L61 L61 
L94 L94 
L99 L99 
L22 L22 
L124 L124 
L21 L21 
L84 L84 
L147 L147 
L82 L82 
L9 L9 
L68 L68 
L152 L152 
L0 L77 L141 L63 
