0 70 73 75 18 10 121 118 65 70 78 76 29 31 66 64 61 68 74 82 90 110 13 12 5 28 5 9 11 19 60 56 57 104 66 69 61 55 54 132 35 29 21 15 127 122 128 131 137 145 0 50 45 37 30 22 15 7 67 65 57 11 4 49 42 38 1 146 0 6 51 43 35 27 19 11 32 137 142 112 113 85 86 14 16 10 3 80 81 73 140 133 137 79 75 80 109 101 96 97 105 104 66 31 26 122 26 31 28 5 40 44 37 60 123 129 24 25 23 125 94 86 44 39 31 67 95 101 117 52 47 118 97 105 113 110 33 25 18 138 144 101 54 62 3 80 84 12 4 148 0 50 5 97 93 85 113 111 31 30 35 73 80 77 71 30 34 36 114 7 0 50 43 35 73 70 100 98 92 120 83 56 138 134 135 86 89 82 8 13 115 119 125 23 0
98
0 0 108 143 
70 70 
73 73 
75 75 
18 18 
10 10 
118 118 
65 65 
78 78 
76 76 
29 29 
31 31 
66 66 
64 64 
68 68 
82 82 
110 110 
13 13 
12 12 
5 5 
28 28 
9 9 
11 11 
19 19 
60 60 
56 56 
104 104 
69 69 
55 55 
132 132 
35 35 
15 15 
127 127 
122 122 
128 128 
131 131 
137 137 
145 145 
45 45 
30 30 
22 22 
7 7 
67 67 
4 4 
49 49 
42 42 
146 146 
51 51 
43 43 
27 27 
32 32 
142 142 
113 113 
85 85 
86 86 
16 16 
80 80 
81 81 
133 133 
109 109 
101 101 
96 96 
97 97 
105 105 
26 26 
40 40 
44 44 
123 123 
24 24 
25 25 
23 23 
125 125 
94 94 
39 39 
95 95 
117 117 
47 47 
33 33 
138 138 
62 62 
84 84 
148 148 
93 93 
111 111 
77 77 
34 34 
36 36 
114 114 
98 98 
120 120 
83 83 
134 134 
135 135 
89 89 
8 8 
119 119 
61 141 
50 53 
