1 15 151 119 2 74 1 160 59 6 163 140 57 12 53 143 2 27 36 5 182 97 2 95 192 10 7 78 4 126 29 2 32 129 11 139 42 2 127 6 13 5 183 167 7 70 181 3 14 186 89 153 8 45 4 142 2 184 8 60 3 123 170 76 118 8 21 6 165 68 108 1 114 8 17 14 3 197 5 6 52 149 3 132 35 79 176 1 137 40 180 1 64 2 161 3 117 20 67 2 25 7 122 6 28 120 6 172 5 99 2 121 93 2 190 3 77 44 4 65 159 3 148 116 94 191 6 92 91 188 8 34 131 81 178 155 10 1
95
151 151 
119 119 
2 2 87 164 
74 74 
160 160 
59 59 
6 6 
163 163 
140 140 
57 57 
12 12 
53 53 
143 143 
27 27 
36 36 
182 182 
97 97 
95 95 
192 192 
7 7 
78 78 
126 126 
29 29 
32 32 
129 129 
11 11 
139 139 
42 42 
127 127 
13 13 
183 183 
167 167 
70 70 
181 181 
3 3 
14 14 
186 186 
89 89 
153 153 
45 45 
142 142 
184 184 
60 60 
123 123 
170 170 
76 76 
118 118 
21 21 
165 165 
68 68 
108 108 
114 114 
17 17 
197 197 
52 52 
149 149 
132 132 
35 35 
79 79 
176 176 
137 137 
40 40 
180 180 
64 64 
161 161 
117 117 
20 20 
67 67 
25 25 
122 122 
28 28 
120 120 
172 172 
99 99 
121 121 
93 93 
190 190 
77 77 
44 44 
65 65 
159 159 
148 148 
116 116 
94 94 
191 191 
92 92 
91 91 
188 188 
34 34 
131 131 
81 81 
178 178 
155 155 
1 147 112 9 16 
5 100 
