187 4 63 111 1 82 152 1 119 4 191 13 175 163 10 13 181 4 90 142 6 1 148 12 109 4 132 3 30 117 1 165 10 41 69 128 2 150 5 54 9 2 23 5 12 6 162 1 2 80 9 107 190 1 146 78 11 153 6 134 5 161 67 120 9 183 55 3 176 0 184 93 6 164 7 136 16 48 2 140 11 8 22 72 0 95 94 171 92 36 5 18 89 87 6 160 2 180 53 97 9 52 114 172 15 68 3 47 127 71 65 1 73 4 126 58 6 83 39 70 4 32 108 79 199 196 11 154 3 124 0 59 29 2 45 86 156 131 7 33 44 42 166 187
97
63 63 
111 111 
82 82 
152 152 
119 119 
191 191 
13 13 173 
175 175 
163 163 
181 181 
90 90 
142 142 
6 6 
148 148 
12 12 
109 109 
132 132 
30 30 
117 117 
165 165 
41 41 
69 69 
128 128 
2 2 157 
150 150 
54 54 
9 9 
23 23 
162 162 
80 80 
107 107 
190 190 
146 146 
78 78 
153 153 
134 134 
161 161 
67 67 
120 120 
183 183 
55 55 
176 176 
184 184 
93 93 
164 164 
7 7 
136 136 
48 48 
140 140 
8 8 
72 72 
95 95 
94 94 
171 171 
92 92 
36 36 
18 18 
89 89 
87 87 
160 160 
180 180 
53 53 
97 97 
52 52 
114 114 
172 172 
15 15 
68 68 
47 47 
127 127 
71 71 
65 65 
73 73 
126 126 
58 58 
83 83 
39 39 
70 70 
32 32 
108 108 
79 79 
199 199 
196 196 
154 154 
124 124 
59 59 
29 29 
45 45 
86 86 
156 156 
131 131 
33 33 
44 44 
42 42 
166 166 
1 110 133 
5 169 
