16 1 86 93 75 2 90 31 6 7 1 23 33 3 35 2 17 0 60 92 0 84 5 29 1 58 12 0 96 7 18 11 19 13 82 1 88 62 9 68 7 40 0 50 1 80 2 36 19 11 74 13 21 7 61 6 7 53 4 3 8 55 44 20 11 65 1 52 10 39 13 77 1 15 16
46
86 86 
93 93 
75 75 
90 90 
31 31 
6 6 51 
7 7 
23 23 
33 33 
3 3 
35 35 
17 17 
0 0 
60 60 
92 92 
84 84 
5 5 37 
29 29 
58 58 
96 96 
18 18 
11 11 
19 19 
82 82 
88 88 
62 62 
68 68 
40 40 
50 50 
80 80 
36 36 
74 74 
21 21 
61 61 
53 53 
55 55 
44 44 
20 20 
65 65 
52 52 
39 39 
77 77 
15 15 
2 94 
4 25 
1 81 83 85 
