0 33 199 4 39 0 58 188 7 3 52 36 125 160 40 12 11 19 32 23 195 2 136 34 116 3 119 34 170 29 197 40 183 3 31 8 179 2 58 94 0 105 74 1 68 0 184 26 143 104 142 0 21 6 24 5 180 2 156 5 157 6 16 24 96 1 174 115 1 185 194 17 103 14 158 38 69 6 177 9 17 46 20 80 7 191 5 86 3 198 1 163 6 4 10 190 23 60 3 35 50 192 38 189 9 29 10 133 109 4 70 13 43 159 62 43 93 13 51 6 182 11 77 14 193 20 9 129 39 0
77
0 0 
33 33 
199 199 
4 4 178 
39 39 
58 58 
188 188 
3 3 126 
52 52 
125 125 
160 160 
12 12 
19 19 
32 32 
195 195 
2 2 
136 136 
116 116 
119 119 
170 170 
29 29 
197 197 
183 183 
31 31 
8 8 
179 179 
94 94 
105 105 
74 74 
68 68 
184 184 
143 143 
142 142 
21 21 
24 24 
180 180 
156 156 
157 157 
16 16 
96 96 
174 174 
115 115 
185 185 
194 194 
17 17 
103 103 
158 158 
38 38 
69 69 
177 177 
9 9 18 
46 46 
80 80 
191 191 
86 86 
198 198 
163 163 
190 190 
60 60 
35 35 
50 50 
192 192 
189 189 
133 133 
109 109 
70 70 
43 43 
159 159 
62 62 
93 93 
51 51 
182 182 
77 77 
193 193 
129 129 
11 78 
1 131 
