190 165 60 6 146 0 185 141 7 138 104 55 2 192 176 1 188 6 36 1 34 11 166 2 123 3 4 50 62 118 168 182 117 0 142 69 113 1 21 61 0 94 139 8 54 6 33 0 177 2 1 137 2 27 7 179 3 129 0 133 10 47 1 162 3 5 2 99 4 76 156 1 40 0 149 4 57 3 95 2 153 4 92 3 23 52 0 66 6 169 71 1 22 56 121 1 132 2 101 32 195 30 4 84 6 46 11 44 181 2 108 0 67 193 0 136 5 8 3 173 0 116 106 114 0 152 83 3 164 103 1 68 3 189 102 16 65 190
90
165 165 
60 60 
146 146 
185 185 
141 141 
138 138 
104 104 
55 55 
2 2 198 186 
192 192 
176 176 
1 1 109 135 
188 188 
36 36 
34 34 
11 11 
166 166 
123 123 
3 3 
50 50 
62 62 
118 118 
168 168 
182 182 
117 117 
142 142 
69 69 
113 113 
21 21 
61 61 
94 94 
139 139 
8 8 
54 54 
33 33 
177 177 
137 137 
27 27 
179 179 
129 129 
133 133 
10 10 
47 47 
162 162 
5 5 
99 99 
76 76 
156 156 
40 40 
149 149 
57 57 
95 95 
153 153 
92 92 
23 23 
52 52 
66 66 
169 169 
71 71 
22 22 
56 56 
121 121 
132 132 
101 101 
32 32 
195 195 
30 30 
84 84 
46 46 
44 44 
181 181 
108 108 
67 67 
193 193 
136 136 
173 173 
116 116 
106 106 
114 114 
152 152 
83 83 
164 164 
103 103 
68 68 
189 189 
102 102 
65 65 
6 29 
0 100 172 112 163 38 93 111 
4 45 
