61 2 60 28 11 92 5 86 0 10 98 15 2 36 0 58 80 8 2 74 11 69 7 1 5 32 2 67 3 2 48 8 72 82 5 4 1 6 14 51 1 63 83 70 90 5 65 4 26 44 8 35 91 31 6 40 85 12 33 1 30 0 39 3 37 73 6 57 1 97 0 17 76 25 1 61
49
2 2 
60 60 
28 28 
11 11 
92 92 
5 5 42 
86 86 
10 10 
98 98 
15 15 
36 36 
58 58 
80 80 
8 8 
74 74 
69 69 
1 1 
32 32 
67 67 
3 3 
48 48 
72 72 
82 82 
4 4 
6 6 
14 14 
51 51 
63 63 
83 83 
70 70 
90 90 
65 65 
26 26 
44 44 
35 35 
91 91 
31 31 
40 40 
85 85 
33 33 
30 30 
39 39 
37 37 
73 73 
57 57 
97 97 
17 17 
76 76 
25 25 
