114 16 174 183 6 78 6 188 199 0 102 0 21 2 167 75 0 191 170 51 4 175 103 0 7 1 166 42 182 0 49 2 111 1 196 3 12 33 148 24 26 146 197 4 2 63 0 70 10 3 154 3 66 127 1 0 37 5 15 195 0 173 112 169 0 155 2 105 133 4 131 171 1 28 149 2 187 98 0 117 0 18 67 92 0 147 35 0 69 0 135 8 74 100 1 84 96 95 3 108 5 115 76 91 4 43 0 161 81 31 14 0 62 4 109 4 3 4 41 12 93 1 176 89 36 3 177 1 124 4 53 0 119 5 11 32 181 87 0 134 150 1 59 2 164 2 38 2 94 29 47 8 114
100
114 114
16 16
174 174
183 183
78 78
188 188
199 199
0 0
102 102
21 21
167 167
75 75
191 191
170 170
51 51
4 4
175 175
103 103
7 7
1 1
166 166
42 42
182 182
49 49
111 111
196 196
3 3
12 12
33 33
148 148
24 24
26 26
146 146
197 197
63 63
70 70
10 10
154 154
66 66
127 127
37 37
5 5
15 15
195 195
173 173
112 112
169 169
155 155
105 105
133 133
131 131
171 171
28 28
149 149
187 187
98 98
117 117
18 18
67 67
92 92
147 147
35 35
69 69
135 135
74 74
100 100
84 84
96 96
95 95
108 108
115 115
76 76
91 91
43 43
161 161
81 81
31 31
14 14
62 62
109 109
41 41
93 93
176 176
89 89
36 36
177 177
124 124
53 53
119 119
32 32
181 181
87 87
134 134
150 150
59 59
164 164
38 38
94 94
29 29
47 47
