49 5 37 1 19 32 1 10 72 21 8 82 0 76 9 59 86 1 2 45 90 93 36 55 42 4 14 7 47 12 5 83 51 23 4 24 80 0 16 70 8 88 95 87 0 18 38 2 3 60 73 48 11 71 64 0 89 20 53 2 77 97 98 12 49
50
49 49 
5 5 
37 37 
1 1 
19 19 
32 32 
10 10 
72 72 
21 21 
82 82 
76 76 
9 9 
59 59 
86 86 
2 2 
45 45 
90 90 
93 93 
36 36 
55 55 
42 42 
4 4 
7 7 
47 47 
12 12 
83 83 
51 51 
23 23 
24 24 
80 80 
16 16 
70 70 
88 88 
95 95 
87 87 
18 18 
38 38 
60 60 
73 73 
48 48 
11 11 
71 71 
64 64 
89 89 
20 20 
53 53 
77 77 
97 97 
98 98 
8 6 
