gc d a cm ah cs gn dy a fd er ds bj eq q fi ep a an br j at bt fy dg ad fn bq ap cz c gg a az dq gi et dn as do di u b fo am a bp bi ac c cn cg a aw dp ab bc en by cq fr ey a ao g ee ae co ck gj dx ga ff fe b bx a gh go bv em ft e a y es el a db dh cj ai bl a fk fq cr gq dj cv gk cl fh v b a fa cp b bn ge dw a gm bb bu gc
98
d d 
a a p 
cm cm 
ah ah 
cs cs 
gn gn 
dy dy 
fd fd 
er er 
ds ds 
bj bj 
eq eq 
q q 
fi fi 
ep ep 
an an 
br br 
j j 
at at 
bt bt 
fy fy 
dg dg 
ad ad 
fn fn 
bq bq 
ap ap 
cz cz 
gg gg 
az az 
dq dq 
gi gi 
et et 
dn dn 
as as 
do do 
di di 
u u 
b b fw 
fo fo 
am am 
bp bp 
bi bi 
ac ac 
cn cn 
cg cg 
aw aw 
dp dp 
ab ab 
bc bc 
en en 
by by 
cq cq 
fr fr 
ey ey 
ao ao 
g g 
ee ee 
ae ae 
co co 
ck ck 
gj gj 
dx dx 
ga ga 
ff ff 
fe fe 
bx bx 
gh gh 
go go 
bv bv 
em em 
ft ft 
e e 
y y 
es es 
el el 
db db 
dh dh 
cj cj 
ai ai 
bl bl 
fk fk 
fq fq 
cr cr 
gq gq 
dj dj 
cv cv 
gk gk 
cl cl 
fh fh 
v v 
fa fa 
cp cp 
bn bn 
ge ge 
dw dw 
gm gm 
bb bb 
bu bu 
