Liam Joshua Noah Mason William Mason James Logan Wyatt Benjamin John Mason Elijah James Oliver Liam Jacob Liam Lucas Julian Michael Samuel Alexander William Ethan Joseph Daniel Joseph Matthew Joseph Aiden Aaron Henry Jacob Joseph Ethan Jackson Sebastian Samuel Sebastian Ryan David Caleb Carter Daniel Wyatt Benjamin Liam
25
Liam Liam
Noah Noah
Mason Mason
William William
James James
Logan Logan
Wyatt Wyatt
Benjamin Benjamin
Elijah Elijah
Oliver Oliver
Jacob Jacob
Lucas Lucas
Michael Michael
Samuel Samuel
Alexander Alexander
Ethan Ethan
Joseph Joseph
Daniel Daniel
Matthew Matthew
Aiden Aiden
Henry Henry
Jackson Jackson
Sebastian Sebastian
David David
Carter Carter
