Liam Jordan Jack Joshua Lucas Noah Brandon Kingston Dean Beau Eric Steven James Oliver Andrew Joel Nathaniel Grayson Elliot Brody Ryker Charles Mason Bentley Harrison Adrian Elijah Nolan Logan Andrew Oliver James Steven Everett Jacob Finn Kevin John Joshua Lucas Noah Calvin Michael Patrick Nathaniel Grayson Elliot Jasper Ethan Aiden Rhett Christian Nicholas Daniel Jameson Jayce Matthew John Max Timothy Aiden Victor Gabriel Jayce Henry Lucas Noah Calvin Nathan Jude Joseph Maximus Zion August Jackson Ezra Matteo Eric Samuel Emmanuel Carson Kai Bryce Sebastian Edward Dawson Brody David Aaron Chase Aaron Marcus Dawson Edward Dawson Alex Roman Jayden Max Grant Antonio Jesse Andrew Logan Nolan Miles Luke Finn Matteo Jameson Jayce Gabriel Cameron Jaxson Angel Anthony Maxwell Dean Chase Isaac Kaleb Abraham Grayson Alexander Leo Bryson Jordan Jack Justin Josiah Justin Jack Oscar Xander Kai Justin Jack Jordan Andrew Dylan Lincoln Chase Kaleb Graham Mateo Ryder Zion Jonah Ryan Xavier Steven Marcus Waylon Connor Nathan Calvin Michael Jesse Andrew Isaiah Hunter Thomas Emmett George Brody Ryker Charles Tucker Connor Waylon Caleb Wesley Jason Graham Emmett Josiah Julian Matteo Brody Christian Nicholas Caleb Elliott Zachary Tyler Eli Sawyer Steven Jonathan Ethan Jasper Connor Nathan Kevin John Bennett Justin Jack Harrison Jack Joshua John Asher Waylon Caleb Cameron Gabriel Jesus Leo Alexander Declan Brayden Ayden Theodore Rowan Brody Matteo Ezra Ezekiel Ezra Matteo Jameson Hudson Ivan Weston Giovanni Robert Joseph Jude Zachary Richard Easton Patrick Michael Rhett Christian Nicholas Daniel Jameson Matteo Ezra Jose Ashton Connor Tucker Colton Luca Steven Abel Weston Jaxson Weston Brantley Brayden Ayden George Leonardo Jordan Andrew Joel Dominic Victor Hayden Austin Rowan Brody Ryker Alejandro Ian Sawyer Steven Luca Colton Tucker Connor Elias Kaleb Jesse Harrison Jaxson Weston Messiah Eric Matteo Ezra Ezekiel Maddox Xander Kai Christopher Alan Jasper Jude Evan Roman Alex Maverick Camden Jesus Leo Bryson Jordan Liam Evan Jude Theodore Alex Cooper Joshua Jason Graham Emmett Xavier Steven Marcus Parker Justin Jack Jordan Liam
87
Liam Liam 
Jordan Jordan 
Jack Jack 
Joshua Joshua 
Lucas Lucas 
Noah Noah 
James James 
Oliver Oliver 
Andrew Andrew 
Grayson Grayson Benjamin 
Charles Charles 
Mason Mason 
Adrian Adrian 
Elijah Elijah 
Nolan Nolan 
Logan Logan 
Jacob Jacob 
John John 
Michael Michael 
Ethan Ethan 
Aiden Aiden 
Christian Christian 
Nicholas Nicholas 
Daniel Daniel 
Matthew Matthew 
Gabriel Gabriel 
Henry Henry 
Nathan Nathan 
Joseph Joseph 
Jackson Jackson 
Ezra Ezra 
Samuel Samuel 
Carson Carson 
Sebastian Sebastian 
David David 
Aaron Aaron 
Jayden Jayden 
Luke Luke 
Cameron Cameron 
Jaxson Jaxson 
Angel Angel 
Anthony Anthony 
Isaac Isaac 
Alexander Alexander 
Leo Leo 
Bryson Bryson 
Josiah Josiah 
Dylan Dylan 
Lincoln Lincoln 
Mateo Mateo 
Ryan Ryan 
Xavier Xavier 
Connor Connor 
Isaiah Isaiah 
Hunter Hunter 
Thomas Thomas 
Caleb Caleb 
Julian Julian 
Eli Eli 
Jonathan Jonathan 
Asher Asher 
Brayden Brayden 
Theodore Theodore 
Ezekiel Ezekiel Jeremiah 
Hudson Hudson 
Robert Robert 
Easton Easton 
Jose Jose 
Colton Colton Adam 
Dominic Dominic 
Austin Austin 
Ian Ian 
Elias Elias 
Christopher Christopher 
Evan Evan 
Maverick Maverick 
Cooper Cooper 
Parker Parker 
Beau William 
Chase Carter 
Edward Wyatt 
Antonio Owen 
Oscar Levi 
Waylon Jaxon 
Bennett Landon 
Eric Greyson 
Jude Jace 
