Liam Carson Jaxson Noah Colton Logan William Jacob Jordan Thomas Owen Jose Logan Christian Henry Benjamin Carson Jaxson Mason Elijah Alexander Oliver Logan William Jacob Jaxon Wyatt Eli Lucas Noah Jaxson Alexander Oliver Logan Ethan Brayden Caleb Daniel Robert Ian Jace Aiden Oliver Cameron Henry Christian Adam Joseph Andrew Eli Dominic Samuel Carter Sebastian Carter Dominic Eli Wyatt Jaxon Ezra Mason Jayden Sawyer Jose Owen Dylan Julian Luke Christian Carson Liam
29
Liam Liam 
Noah Noah 
Logan Logan 
William William 
Jacob Jacob 
Owen Owen 
Henry Henry 
Benjamin Benjamin 
Mason Mason 
Elijah Elijah 
Alexander Alexander 
Oliver Oliver 
Wyatt Wyatt 
Lucas Lucas 
Ethan Ethan 
Daniel Daniel 
Aiden Aiden 
Joseph Joseph 
Samuel Samuel 
Carter Carter 
Sebastian Sebastian David 
Jayden Jayden 
Dylan Dylan 
Luke Luke 
Thomas James 
Jaxson Michael 
Ian Matthew 
Eli Jackson 
Sawyer John 
