0 82 38 1 32 78 2 24 11 41 25 69 24 97 27 81 9 52 41 51 19 89 18 44 25 23 35 36 89 5 40 1 54 35 89 43 81 28 90 34 25 33 43 31 81 15 90 92 40 45 48 20 21 20 42 6 63 22 63 7 78 49 9 47 2 3 43 10 51 39 25 29 78 30 45 53 14 43 8 4 20 46 13 46 2 12 34 17 16 92 37 90 26 41 0
50
0 0
38 38
1 1
32 32
2 2
24 24
11 11
41 41
25 25
27 27
9 9
19 19
18 18
44 44
23 23
35 35
36 36
5 5
40 40
43 43
28 28
34 34
33 33
31 31
15 15
45 45
48 48
20 20
21 21
42 42
6 6
22 22
7 7
49 49
47 47
3 3
10 10
39 39
29 29
30 30
14 14
8 8
4 4
46 46
13 13
12 12
17 17
16 16
37 37
26 26
