0 159 66 152 93 50 36 105 74 21 59 163 22 134 99 63 62 43 165 41 77 50 106 58 44 60 163 15 195 49 156 45 21 95 4 181 1 60 44 29 18 93 96 4 37 136 67 106 76 79 177 38 92 44 29 35 27 12 73 177 28 84 34 7 106 17 29 63 159 47 80 84 61 60 20 80 130 98 29 53 140 72 52 35 46 51 64 78 191 30 130 89 80 35 153 23 130 82 74 32 68 25 80 91 54 48 10 56 80 83 55 12 33 35 81 27 86 74 2 29 51 181 94 146 90 198 6 122 5 80 8 194 70 44 87 194 9 105 12 14 39 27 65 42 105 11 177 3 60 21 12 69 163 26 77 13 88 44 0
92
0 0 
66 66 
93 93 
50 50 
36 36 
74 74 
21 21 
59 59 
22 22 
99 99 
63 63 
62 62 
43 43 
41 41 
77 77 
58 58 
44 44 
60 60 
15 15 
49 49 
45 45 
95 95 
4 4 
1 1 
29 29 75 
18 18 
96 96 
37 37 
67 67 
76 76 
79 79 
38 38 
92 92 
35 35 19 71 
27 27 16 
12 12 
73 73 
28 28 
84 84 
34 34 
7 7 
17 17 
47 47 
80 80 97 40 85 57 
61 61 
20 20 
98 98 
53 53 
72 72 
52 52 
46 46 
51 51 
64 64 
78 78 
30 30 
89 89 
23 23 
82 82 
32 32 
68 68 
25 25 
91 91 
54 54 
48 48 
10 10 
56 56 
83 83 
55 55 
33 33 
81 81 
86 86 
2 2 
94 94 
90 90 
6 6 
5 5 
8 8 
70 70 
87 87 
9 9 
14 14 
39 39 
65 65 
42 42 
11 11 
3 3 
69 69 
26 26 
13 13 
88 88 
152 31 
194 24 
