0 3 117 191 140 104 18 109 45 95 100 97 89 61 36 125 101 68 15 76 182 114 12 132 102 49 44 38 106 7 50 41 103 116 112 72 24 93 104 18 109 164 142 105 142 150 106 7 119 171 90 4 107 2 102 49 44 38 106 153 158 108 158 153 106 150 142 164 109 180 114 12 113 78 110 78 113 12 114 65 39 77 111 24 72 112 72 24 93 104 138 178 113 12 114 65 104 93 48 28 13 58 115 58 13 28 33 105 21 103 116 112 92 117 92 55 96 10 26 9 158 108 194 118 91 8 151 106 7 119 55 92 117 3 0
35
191 191 
140 140 
125 125 
182 182 
132 132 
164 164 
142 142 
150 150 
171 171 
153 153 
158 158 
180 180 
138 138 
178 178 
194 194 
151 151 
100 121 120 123 122 
101 130 128 126 124 127 129 
102 131 133 
103 137 135 136 134 
104 139 
105 141 144 143 145 146 
106 149 148 154 152 147 
107 155 
108 157 160 156 159 
109 161 165 162 166 163 167 
110 169 168 170 
112 177 172 175 174 176 173 
113 179 
114 183 184 185 181 
115 187 186 
116 190 189 188 
117 193 192 
118 195 196 
119 197 199 198 
