equinox houseplant camp lamb fibre presidential chain union essential brick mastermind aisle novel bark disposition paint secretary uncertainty camp photograph explicit slice band farewell seller fish orange clothes prejudice muggy camp flow wilderness analyst dry twitch funeral method camp jurisdiction dollar camp corpse remark referee hiccup glove tropical equinox
43
equinox equinox
houseplant houseplant
lamb lamb
fibre fibre
presidential presidential
chain chain
union union
essential essential
brick brick
mastermind mastermind
aisle aisle
novel novel
bark bark
disposition disposition
paint paint
secretary secretary
uncertainty uncertainty
photograph photograph
explicit explicit
slice slice
band band
farewell farewell
seller seller
fish fish
orange orange
clothes clothes
prejudice prejudice
muggy muggy
flow flow
wilderness wilderness
analyst analyst
dry dry
twitch twitch
funeral funeral
method method
jurisdiction jurisdiction
dollar dollar
corpse corpse
remark remark
referee referee
hiccup hiccup
glove glove
tropical tropical
