pump guideline novel ensure abortion hallway sticky impound physical novel category tip range prospect shed literature distributor row sweet shed rock pipe connection nominate shed mouse appearance lemon shed fairy mud shed anger brain abortion unanimous consideration reflection plug preoccupation linger minor sentiment depressed parallel shed feign sacrifice wage novel affect novel reject innovation admiration overlook freedom aspect ground polish park button line novel pedestrian engineer shed wear pursuit exercise float shed gloom shed attractive separate novel title abortion formulate diagram judicial novel performance pray forest need novel genetic valley novel descent connection packet lot hierarchy novel ghost leadership connection privilege sit survival pump
78
pump pump
guideline guideline
ensure ensure
hallway hallway
sticky sticky
impound impound
physical physical
category category
tip tip
range range
prospect prospect
literature literature
distributor distributor
row row
sweet sweet
rock rock
pipe pipe
nominate nominate
mouse mouse
appearance appearance
lemon lemon
fairy fairy
mud mud
anger anger
brain brain
unanimous unanimous
consideration consideration
reflection reflection
plug plug
preoccupation preoccupation
linger linger
minor minor
sentiment sentiment
depressed depressed
parallel parallel
feign feign
sacrifice sacrifice
wage wage
affect affect
reject reject
innovation innovation
admiration admiration
overlook overlook
freedom freedom
aspect aspect
ground ground
polish polish
park park
button button
line line
pedestrian pedestrian
engineer engineer
wear wear
pursuit pursuit
exercise exercise
float float
gloom gloom
attractive attractive
separate separate
title title
formulate formulate
diagram diagram
judicial judicial
performance performance
pray pray
forest forest
need need
genetic genetic
valley valley
descent descent
packet packet
lot lot
hierarchy hierarchy
ghost ghost
leadership leadership
privilege privilege
sit sit
survival survival
