paint ambiguous rake blade inherit desire sugar ice floor thumb argue finish measure indicate ray diligent same determine glamorous sugar slam route imported argue complain learning stink wooden paint
25
paint paint 
ambiguous ambiguous 
rake rake 
blade blade 
inherit inherit 
desire desire 
ice ice 
floor floor 
thumb thumb 
finish finish 
measure measure 
indicate indicate 
ray ray 
diligent diligent 
same same 
determine determine 
glamorous glamorous 
slam slam 
route route 
imported imported 
complain complain 
learning learning 
stink stink 
wooden wooden 
sugar nutty 
