7FD578 9A65B7 01684B 2FBF68 309D1E 6CAF19 ED0989 E27C41 01684B 4BCD0B 7B7BDE C3030C F4C859 4BCD0B A085DD 853F1A 1176C9 E27C41 E5D023 9B7F16 6CAF19 1BD5F4 2E60FC 2FBF68 3E0BDD 8633C5 1EE680 2E60FC 342A3C 1AC5CE 0FED38 6C7BF0 1176C9 853F1A 309D1E C3030C 859C0E 17BEF0 7CDA20 FF39A5 2FBF68 C03738 9F01C8 9A65B7 7FD578 877D0E CE97C4 66B94B EEEA40 C03738 7FD578
24
01684B 01684B 
6CAF19 6CAF19 
E27C41 E27C41 
7B7BDE 7B7BDE 
F4C859 F4C859 
A085DD A085DD 
1176C9 1176C9 981760 
E5D023 E5D023 
9B7F16 9B7F16 
1BD5F4 1BD5F4 
2E60FC 2E60FC 
3E0BDD 3E0BDD 
1EE680 1EE680 
1AC5CE 1AC5CE 
6C7BF0 6C7BF0 
859C0E 859C0E 
FF39A5 FF39A5 
9F01C8 9F01C8 
877D0E 877D0E 
66B94B 66B94B 
EEEA40 EEEA40 
C3030C B40756 
309D1E 2C376F 
7CDA20 61D740 
