188645 36D08C 84EBFF 3C7AA2 FD1783 0D7DE7 F53049 19FFAB 0801CC 29B2A4 673B36 DBDC9A 567883 500783 103C70 94D700 410DA1 784F83 467AB7 44716B 143B88 CB09C0 8D0852 AA8E14 35F60D D27DC1 4FBDE1 EC05F7 539A92 561BC2 2F1AB5 D7CAF9 825884 48C2D5 298FDD A7E9D9 0D7DE7 E954F7 AD298D DD2694 17A825 318BA7 D01E6B DDF3EB 800641 DDF3EB FA567E C98FE7 FA567E 784F83 AE6906 0A5C0E AE6906 9B9BDD 70146D 9B0EC2 F53049 994F93 37F745 B0C7A5 07D80A 2F1AB5 0D7DE7 724A76 0D7DE7 6D778A 3AA8C5 561BC2 0FBCDC 567883 B833F0 07D80A B7B073 A7E9D9 DD2694 D04F40 24CE25 3B1041 3AA8C5 8D0852 2EA2EE E09D29 17A825 FA567E 0FB66D EC05F7 2C101C F53049 D5356A 17A825 673B36 D443EB 673B36 AFF8D1 AD298D FA567E 3ADA02 FA567E D9447D 628AB2 673B36 1276AF 7A7E10 FF8D45 2F1AB5 A5CCB5 DF9F85 EF4D57 61EDA9 7E18E9 1472B4 44716B AD298D 8499F1 37F745 318BA7 188645
50
188645 188645
84EBFF 84EBFF
FD1783 FD1783
19FFAB 19FFAB
29B2A4 29B2A4
DBDC9A DBDC9A
500783 500783
94D700 94D700
784F83 784F83
467AB7 467AB7
44716B 44716B
CB09C0 CB09C0
8D0852 8D0852
AA8E14 AA8E14
4FBDE1 4FBDE1
539A92 539A92
D7CAF9 D7CAF9
48C2D5 48C2D5
A7E9D9 A7E9D9
E954F7 E954F7
DD2694 DD2694
D01E6B D01E6B
800641 800641
C98FE7 C98FE7
0A5C0E 0A5C0E
9B9BDD 9B9BDD
9B0EC2 9B0EC2
994F93 994F93
37F745 37F745
07D80A 07D80A
724A76 724A76
6D778A 6D778A
0FBCDC 0FBCDC
B833F0 B833F0
B7B073 B7B073
D04F40 D04F40
3B1041 3B1041
E09D29 E09D29
0FB66D 0FB66D
2C101C 2C101C
D5356A D5356A
D443EB D443EB
AFF8D1 AFF8D1
3ADA02 3ADA02
628AB2 628AB2
1276AF 1276AF
FF8D45 FF8D45
A5CCB5 A5CCB5
EF4D57 EF4D57
7E18E9 7E18E9
