F1E81B DD07FF 573788 EC4D08 29D5D7 8015E0 2CA4AD 17779E 17BB75 D337F2 A7D03E CEAC59 3C5D7A AE4A01 85D6DB D1967A 85D6DB B47658 230A7C 580DB7 1F842B 462226 47FACD AD0427 C3EF62 813B05 E81014 4B3F8A A1F104 6CAF46 825EC5 52C88C 580DB7 E5E6C0 3B4B53 6B340B 2FEDFB 2CCB19 C45E71 AEFF96 2334E8 851F90 2CA4AD 8BFCAC E51A66 6CAF46 396D53 2CA4AD 9096DB 17BB75 596CF6 1977E0 8F495E 79BC3D 4099A6 D4A75D 4B3F8A F33196 CD2CA7 FFEEBD 614224 2924CB 94A561 305D33 1D21D3 C18C9B 2FEDFB 151BC9 580DB7 36C862 086D53 8015E0 93EBE3 851F90 C9AF85 AD0427 6B622D CDC6D4 783751 F3EDB3 CC9C14 CD2CA7 66048A 6CAF46 770D1A EC4D08 20EAE7 EB8E2E 6E313C E2CE9F E80628 112AE7 17BB75 4B97F1 A9F1B8 0CBC31 112AE7 C45E71 8B6C2F 0F5860 EB719D 685D1A 086D53 61199E 825EC5 1E1095 24743A 2BF7B5 E3C2C9 59843B 6CAF46 4A28BA 5BB557 90451D 6CAF46 5F4E43 53C6C8 5C7062 BF6302 C4303B 1EC224 8B519F 10520F 7829D7 6CAF46 B7F75A EC4D08 14994D 086D53 6D51F4 BDE94D 239994 580DB7 2FEDFB 191510 813B05 191510 8417C8 191510 DCE144 53C6C8 D4A75D 124C90 7E78F3 580DB7 4CAD30 EDF90E 28F6D1 1977E0 6966D7 1977E0 7E1C6C A94B37 8EBF8A 239994 B69F55 62C365 C3B3E7 AD0427 3B4B53 AD0427 D6CC7A E0BEFC 86493E 17779E 85D6DB 53C6C8 4A5708 7E1C6C 490F1E 2334E8 FFFD4B 2334E8 BB40E6 2334E8 DE6899 DD07FF 293D59 B23276 14B430 CD2CA7 8F17C0 7D997B E3C2C9 CF668A BB4908 8BFCAC 77A0B5 7E78F3 124C90 E0BEFC ABD8FE 783751 63361A 124C90 17BB75 36590B EB719D F1E81B
100
F1E81B F1E81B
573788 573788
29D5D7 29D5D7
8015E0 8015E0
17779E 17779E
D337F2 D337F2
CEAC59 CEAC59
AE4A01 AE4A01
85D6DB 85D6DB
D1967A D1967A
B47658 B47658
230A7C 230A7C
1F842B 1F842B
47FACD 47FACD
C3EF62 C3EF62
813B05 813B05
E81014 E81014
A1F104 A1F104
52C88C 52C88C
E5E6C0 E5E6C0
3B4B53 3B4B53
6B340B 6B340B
2FEDFB 2FEDFB
2CCB19 2CCB19
AEFF96 AEFF96
851F90 851F90
8BFCAC 8BFCAC
E51A66 E51A66
396D53 396D53
9096DB 9096DB
596CF6 596CF6
8F495E 8F495E
4099A6 4099A6
D4A75D D4A75D
F33196 F33196
FFEEBD FFEEBD
614224 614224
94A561 94A561
305D33 305D33
C18C9B C18C9B
151BC9 151BC9
36C862 36C862
93EBE3 93EBE3
C9AF85 C9AF85
6B622D 6B622D
783751 783751
CC9C14 CC9C14
66048A 66048A
770D1A 770D1A
20EAE7 20EAE7
6E313C 6E313C
E80628 E80628
4B97F1 4B97F1
0CBC31 0CBC31
8B6C2F 8B6C2F
0F5860 0F5860
685D1A 685D1A
61199E 61199E
1E1095 1E1095
2BF7B5 2BF7B5
E3C2C9 E3C2C9
59843B 59843B
4A28BA 4A28BA
5BB557 5BB557
90451D 90451D
5F4E43 5F4E43
5C7062 5C7062
C4303B C4303B
8B519F 8B519F
7829D7 7829D7
B7F75A B7F75A
14994D 14994D
6D51F4 6D51F4
239994 239994
8417C8 8417C8
DCE144 DCE144
124C90 124C90
7E78F3 7E78F3
4CAD30 4CAD30
28F6D1 28F6D1
6966D7 6966D7
7E1C6C 7E1C6C
8EBF8A 8EBF8A
B69F55 B69F55
C3B3E7 C3B3E7
D6CC7A D6CC7A
86493E 86493E
4A5708 4A5708
490F1E 490F1E
FFFD4B FFFD4B
BB40E6 BB40E6
DE6899 DE6899
293D59 293D59
14B430 14B430
8F17C0 8F17C0
BB4908 BB4908
77A0B5 77A0B5
ABD8FE ABD8FE
63361A 63361A
36590B 36590B
