maintenance version philosophy difficulty object period competition income war farmer church maintenance wife sign role complaint farmer sister software cause sign contract price tool rate period income description role property driver career inspection average wife focus action chocolate reputation account inspection movie description reputation day difficulty depression career chest chocolate beer salad church photo depression difficulty philosophy context future population class version maintenance example resolution improvement rock income marketing price future chocolate feature fat obligation cause bread volume church selection description woman career maintenance
49
maintenance maintenance 
version version 
philosophy philosophy 
difficulty difficulty 
object object 
competition competition 
income income 
war war 
church church 
wife wife 
sign sign economy 
role role 
complaint complaint 
sister sister 
cause cause 
contract contract 
price price 
rate rate 
description description 
property property 
driver driver 
career career 
inspection inspection 
average average 
focus focus 
action action 
reputation reputation 
account account 
movie movie 
day day 
depression depression 
chest chest 
beer beer 
salad salad 
photo photo 
context context 
future future 
population population 
example example 
resolution resolution 
rock rock 
marketing marketing 
feature feature 
obligation obligation 
bread bread 
volume volume 
selection selection 
woman woman 
farmer style 
