engine business network light age beginning interaction secretary drawer promotion extent piano network space effort speech age member error office stranger model situation network standard extent beer age understanding teaching engine chapter poetry machine teacher time network preparation feedback card choice emphasis age reputation network satisfaction extent leadership size politics girl tax delivery aspect birth statement grandmother departure money card performance reputation age accident statement interaction question data failure class eye view two step poetry fact sympathy delivery mind card engineering equipment moment feedback figure engine editor interaction song stranger energy feature problem buyer measurement extent war poetry process tension reputation tooth politics ear clothes theory police question drawing feedback tool equipment answer singer effort side bath error feature ratio analyst equipment delivery town idea poetry series sport engine bus material dirt strategy dealer extent girl temperature flight guest engine
93
engine engine worker 
business business 
light light 
age age significance 
beginning beginning 
interaction interaction director 
secretary secretary 
drawer drawer 
promotion promotion 
piano piano 
space space 
speech speech 
member member 
error error 
office office 
model model 
situation situation 
standard standard 
beer beer 
understanding understanding 
teaching teaching 
chapter chapter 
machine machine 
teacher teacher 
time time 
preparation preparation 
card card country 
choice choice 
emphasis emphasis 
reputation reputation 
satisfaction satisfaction 
leadership leadership 
politics politics 
girl girl 
tax tax 
delivery delivery 
aspect aspect 
birth birth 
grandmother grandmother 
departure departure 
money money 
performance performance 
accident accident 
data data 
failure failure 
class class 
eye eye 
view view 
two two 
step step 
fact fact 
sympathy sympathy 
mind mind 
engineering engineering 
moment moment 
figure figure 
editor editor 
song song 
energy energy 
problem problem 
buyer buyer 
measurement measurement 
war war 
process process 
tension tension 
tooth tooth 
ear ear 
clothes clothes 
police police 
drawing drawing 
tool tool 
answer answer 
singer singer 
side side 
ratio ratio 
analyst analyst 
town town 
idea idea 
series series 
sport sport 
bus bus 
material material 
dirt dirt 
dealer dealer 
temperature temperature 
flight flight 
effort education volume 
stranger area meal section 
statement difficulty 
feedback funeral 
extent source 
bath variation 
equipment menu 
