context association care state while construction satisfaction reality road bedroom bit part interaction disaster farmer car construction aspect teaching study soil priority state anxiety satisfaction store fun attempt price departure drawing fat thanks bread construction anxiety drawing aspect study road context
23
context context 
care care 
state state 
while while 
construction construction 
satisfaction satisfaction currency 
reality reality 
road road 
bedroom bedroom 
bit bit wood 
interaction interaction 
farmer farmer 
aspect aspect 
teaching teaching 
soil soil 
anxiety anxiety 
store store 
attempt attempt 
departure departure 
fat fat 
thanks thanks 
bread bread 
part ability 
