S A C D A E F A G H I J K L M N O A P Q A R T A U V W A AA AB AC AD A AM AN AO A AQ B AR B AS A AV AW AX B AY A BD B BE F BF A BJ B BK B BL A BM K BN I BP A BY I CA CB CC A CF I CH K CJ A CK I CL AB CM A CN K CP A CV I S
59
S S 
A A X Y Z AE AF AG AH AI AJ AK AL AP AT AU AZ BA BB BC BG BH BI BQ BR BS BT BU BV BW BX CD CE CQ CR CS CT CU 
C C 
D D 
E E 
F F 
G G 
H H 
I I BO BZ CW 
J J 
K K CI CO 
L L 
M M 
N N 
O O 
P P 
Q Q 
R R 
T T 
U U 
V V 
W W 
AA AA 
AB AB 
AC AC 
AD AD 
AM AM 
AN AN 
AO AO 
AQ AQ 
B B 
AR AR 
AS AS 
AV AV 
AW AW 
AX AX 
AY AY 
BD BD 
BE BE 
BF BF 
BJ BJ 
BK BK 
BL BL 
BM BM 
BN BN 
BP BP 
BY BY 
CA CA 
CB CB 
CC CC 
CF CF 
CH CH 
CJ CJ 
CK CK 
CL CL 
CM CM 
CN CN 
CP CP 
CV CV 
