Bowles Birge Bechtel Cory Jacob Cory Stanley Campbell Stanley Cory Bechtel Cory Stanley LeConte Stanley LeConte Stanley Moses Wellman Moses Stanley Campbell Stanley Cory Bechtel Latimer Bechtel Cory Jacob Foothill Dwinelle Foothill Jacob Cory Stanley LeConte Stanley Cory Jacob Foothill Dwinelle Foothill Jacob Cory Stanley LeConte VLSB Boalt VLSB LeConte Campanile Wurster Campanile LeConte Stanley Cory Jacob Foothill Unit1 Foothill Jacob Evan Blackwell Evan Jacob Cory Stanley LeConte Campanile Wurster Campanile LeConte Stanley Moses Greek Moses SigmaOmicronPi Marugame Memorial Minor Bechtel Birge Bowles Calvin Bowles Birge Bechtel Cory Stanley Moses Wellman Sutardja Kah Gregoire Kresge Boalt VLSB LeConte Stanley Cory Jacob Foothill Davis Foothill Haviland Foothill Jacob Cory Bechtel Minor Memorial Maxwell Barrows Maxwell Memorial Marugame SigmaOmicronPi Moses Greek Moses Stanley Cory Jacob Hertz CVStarr Unit3 CVStarr Hertz Jacob Foothill Haviland Morgan Martinez Morgan Haviland Foothill Jacob Hertz CVStarr Unit3 CKerr WayWest CKerr Unit3 CVStarr Hertz Jacob Foothill Dwinelle Haas Pavilion Haas Dwinelle Foothill Jacob Cory Stanley Moses Pimentel South Latimer Bechtel Baker Simons Baker Bechtel Cory Stanley LeConte VLSB Boalt Kresge Boalt VLSB LeConte Stanley Cory Bechtel Birge Bowles Birge Bechtel Cory Stanley LeConte Campanile Bongo Campanile LeConte Stanley Cory Bechtel Minor Memorial Minor Bechtel Baker Strada Baker Bechtel Latimer Bechtel Cory Jacob Foothill Dwinelle Haas Crossroads Haas Dwinelle Foothill Davis Foothill Jacob Cory Stanley Moses Greek Stebbins Greek Moses RareTea Moses Stanley Cory Bechtel Birge Bowles Calvin Bowles Birge Bechtel Baker Daiso Baker Bechtel Cory Jacob Foothill Davis Hildebrand YogurtPark Hildebrand Davis Foothill Jacob Cory Stanley LeConte Campanile Bongo Campanile LeConte Stanley Cory Jacob Hearst MLK Hearst Jacob Evan Moffitt Evan Jacob Hertz CVStarr Unit3 CKerr Ridge CKerr Unit3 CVStarr Hertz Jacob Foothill Dwinelle HearstAnnex Lothlorien HearstAnnex Dwinelle Foothill Jacob Cory Bechtel Cory Stanley LeConte VLSB Boalt Kresge Boalt VLSB LeConte Stanley Moses Pimentel Stacks Sherman Stacks Pimentel Moses Greek Unit2 Wolf Unit2 Greek Moses Stanley LeConte Campanile Wurster McCone Wurster Campanile LeConte Stanley Cory Bechtel Latimer Mulford Crescent Mulford Latimer Bechtel Cory Jacob TopDog Starbucks TopDog Jacob Cory Stanley Moses Greek Unit2 Milano Unit2 Greek Moses Stanley LeConte VLSB Chez VLSB LeConte Stanley Cory Jacob Foothill Dwinelle Haas Crossroads Lawrence Crossroads Haas Dwinelle Foothill Jacob Cory Stanley LeConte Campanile Bongo Artichokes Bongo Campanile LeConte Stanley Cory Bechtel Baker Strada Baker Bechtel Wilde StrawberryCreek Wilde Bechtel Cory Jacob Evan Blackwell McLaughlin Blackwell Evan Jacob TopDog Fenwick TopDog Jacob Cory Bechtel Latimer Edwards Easterly Edwards Latimer Bechtel Cory Jacob Evan SigmaPhiOmega Evan Jacob Cory Bechtel Minor Memorial Minor Bechtel Cory Jacob TopDog Jacob Cory Stanley LeConte Campanile Wurster McCone Spats Stonefire PiLambda Stonefire Spats McCone Wurster Campanile LeConte Stanley Cory Jacob TopDog Starbucks Chipotle MFoundry Chipotle Starbucks TopDog Jacob Foothill Dwinelle Haas Crossroads Lawrence UCTheatre NCEM UCTheatre Lawrence Crossroads Haas Dwinelle Foothill Jacob Cory Stanley LeConte Stanley Cory Bechtel Birge Bowles
68
Birge Birge 
Campbell Campbell Doe Koshland 
Moses Moses 
Wellman Wellman 
Foothill Foothill 
VLSB VLSB 
Boalt Boalt 
Campanile Campanile 
Wurster Wurster Zellerbach 
Unit1 Unit1 
Evan Evan 
Blackwell Blackwell 
Greek Greek 
Calvin Calvin Etcheverry Graduate 
Sutardja Sutardja 
Kresge Kresge PeoplesPark Castro 
Maxwell Maxwell 
Barrows Barrows 
Unit3 Unit3 
Morgan Morgan 
Martinez Martinez 
CKerr CKerr 
WayWest WayWest 
Haas Haas 
Pavilion Pavilion 
Baker Baker 
Simons Simons 
Bongo Bongo ShengKee 
Strada Strada RoseGarden 
Crossroads Crossroads 
Daiso Daiso 
Hildebrand Hildebrand 
YogurtPark YogurtPark 
Ridge Ridge 
HearstAnnex HearstAnnex 
Lothlorien Lothlorien 
Stacks Stacks 
Sherman Sherman 
Unit2 Unit2 
Wolf Wolf 
Mulford Mulford 
Crescent Crescent 
Wilde Wilde 
StrawberryCreek StrawberryCreek 
Edwards Edwards 
Easterly Easterly 
Spats Spats 
PiLambda PiLambda PiAlphaPhi 
Chipotle Chipotle 
MFoundry MFoundry 
UCTheatre UCTheatre 
NCEM NCEM 
LeConte RSF ALS 
Bowles LaVals 
Memorial AlphaSigmaPhi TacoBell 
Davis Browns 
Stebbins Safeway 
RareTea Gypsys 
MLK Rochdale 
Moffitt Cloyne 
Milano IndianRock 
Chez NorthGate 
Cory Extension 
Artichokes Cheeseboard 
McLaughlin GenPlantBio 
Fenwick Barker 
SigmaPhiOmega BearFoodCourt 
TopDog GammaPhiBeta 
