0 5 31 20 12 32 90 64 55 25 42 5 32 14 25 55 62 55 25 55 25 15 13 49 12 6 58 53 50 54 59 54 50 52 56 66 56 52 50 53 58 53 50 52 56 52 50 0 5 32 5 0 50 52 56 65 56 52 50 0 8 25 19 21 24 0 50 52 56 65 56 52 50 0 8 6 58 6 8 15 25 55 61 55 51 50 0 5 42 5 0 50 52 56 65 56 52 50 0 5 13 39 32 12 6 58 6 8 0 50 54 59 54 50 0 24 48 10 28 25 55 61 55 25 37 12 24 0 50 52 56 52 50 0 50 54 59 54 50 51 55 25 23 41 23 25 55 64 55 25 2 44 34 14 45 22 23 0 50 52 56 66 97 66 56 52 50 0 5 0
35
31 31 
20 20 
12 12 
32 32 
90 90 
55 55 60 63 
25 25 11 
42 42 26 
14 14 
62 62 87 
49 49 
54 54 
59 59 78 77 
52 52 
66 66 98 
19 19 
21 21 
39 39 
48 48 
10 10 
37 37 
23 23 
41 41 
2 2 
34 34 
45 45 
97 97 
64 92 93 
58 74 70 73 71 
65 94 96 95 
15 35 
61 84 83 
8 33 
56 67 
22 40 
