0 100 103 100 0 3 0 100 107 100 101 109 101 112 101 100 0 11 14 4 17 5 17 20 43 20 3 0 100 107 100 0 31 10 31 25 70 17 35 13 0 100 101 108 101 110 101 111 101 100 0 3 70 65 5 17 0 100 106 100 101 100 103 100 0 13 0 100 101 110 101 100 102 100 0 3 0 100 101 110 101 113 101 100 0 3 75 3 0 100 101 113 101 100 0 31 10 63 4 3 0 100 101 115 101 100 0 11 80 11 81 26 90 51 3 11 3 0 100 101 112 101 100 0 3 70 24 25 31 53 81 0 100 104 136 104 100 106 100 101 108 101 100 0 17 45 99 10 81 0 100 101 108 101 100 0 3 20 28 5 59 85 12 96 89 72 64 11 0 100 101 108 101 100 0 3 68 25 86 0 100 0 3 11 77 22 5 17 68 3 0 100 102 100 101 111 101 100 0 81 49 4 3 0 100 106 142 106 100 0 81 0 100 106 145 106 100 0 31 0 100 101 116 101 100 0 11 0 100 101 113 101 100 102 100 101 112 101 100 0 100 105 100 0 11 64 7 25 13 0 100 101 110 101 100 0 3 0 100 106 144 106 100 0 3 20 59 5 17 0 57 21 57 0 11 0 100 101 110 101 100 106 146 106 100 107 100 0 3 0 100 101 115 101 112 101 100 0
60
100 100 
101 101 117 
109 109 167 
112 112 182 180 179 
14 14 
4 4 
17 17 
5 5 42 
20 20 
43 43 
31 31 
10 10 83 
25 25 
70 70 
35 35 
13 13 87 
65 65 
106 106 147 149 
102 102 124 123 118 121 
113 113 189 188 
75 75 18 
63 63 
81 81 1 82 62 
26 26 
90 90 
51 51 
24 24 
53 53 
104 104 
136 136 
99 99 
28 28 
59 59 
85 85 
96 96 
89 89 
72 72 
68 68 44 
86 86 
77 77 
22 22 
49 49 
142 142 
145 145 
105 105 138 
7 7 
144 144 
57 57 
21 21 
146 146 
103 128 130 127 
107 151 152 153 
108 158 160 156 154 
110 172 168 175 173 169 171 
111 178 177 
115 196 194 
80 66 
3 54 98 29 56 
116 198 
11 55 58 
