MapLocation152 MapLocation14 MapLocation15 MapLocation16 MapLocation2 MapLocation17 MapLocation18 MapLocation19 MapLocation20 MapLocation69 MapLocation0 MapLocation136 MapLocation198 MapLocation1 MapLocation186 MapLocation81 MapLocation22 MapLocation5 MapLocation13 MapLocation113 MapLocation50 MapLocation36 MapLocation67 MapLocation0 MapLocation97 MapLocation3 MapLocation12 MapLocation71 MapLocation0 MapLocation154 MapLocation105 MapLocation0 MapLocation156 MapLocation149 MapLocation127 MapLocation125 MapLocation129 MapLocation192 MapLocation3 MapLocation107 MapLocation106 MapLocation0 MapLocation61 MapLocation145 MapLocation79 MapLocation123 MapLocation94 MapLocation57 MapLocation164 MapLocation1 MapLocation41 MapLocation53 MapLocation137 MapLocation8 MapLocation4 MapLocation59 MapLocation171 MapLocation122 MapLocation109 MapLocation146 MapLocation2 MapLocation104 MapLocation1 MapLocation9 MapLocation60 MapLocation118 MapLocation10 MapLocation0 MapLocation119 MapLocation116 MapLocation43 MapLocation102 MapLocation173 MapLocation0 MapLocation96 MapLocation103 MapLocation85 MapLocation3 MapLocation170 MapLocation47 MapLocation150 MapLocation0 MapLocation135 MapLocation161 MapLocation6 MapLocation29 MapLocation0 MapLocation189 MapLocation77 MapLocation55 MapLocation175 MapLocation0 MapLocation128 MapLocation111 MapLocation0 MapLocation86 MapLocation183 MapLocation1 MapLocation56 MapLocation7 MapLocation1 MapLocation32 MapLocation23 MapLocation99 MapLocation179 MapLocation1 MapLocation185 MapLocation62 MapLocation76 MapLocation121 MapLocation3 MapLocation114 MapLocation194 MapLocation42 MapLocation70 MapLocation166 MapLocation153 MapLocation28 MapLocation4 MapLocation152
96
MapLocation152 MapLocation152 
MapLocation14 MapLocation14 
MapLocation15 MapLocation15 
MapLocation16 MapLocation16 
MapLocation17 MapLocation17 
MapLocation18 MapLocation18 
MapLocation19 MapLocation19 
MapLocation20 MapLocation20 
MapLocation69 MapLocation69 
MapLocation136 MapLocation136 
MapLocation198 MapLocation198 
MapLocation186 MapLocation186 
MapLocation81 MapLocation81 
MapLocation22 MapLocation22 
MapLocation13 MapLocation13 
MapLocation113 MapLocation113 
MapLocation50 MapLocation50 
MapLocation36 MapLocation36 
MapLocation67 MapLocation67 
MapLocation97 MapLocation97 
MapLocation12 MapLocation12 
MapLocation71 MapLocation71 
MapLocation154 MapLocation154 
MapLocation105 MapLocation105 
MapLocation156 MapLocation156 
MapLocation149 MapLocation149 
MapLocation127 MapLocation127 
MapLocation125 MapLocation125 
MapLocation129 MapLocation129 
MapLocation192 MapLocation192 
MapLocation107 MapLocation107 
MapLocation106 MapLocation106 
MapLocation61 MapLocation61 
MapLocation145 MapLocation145 
MapLocation79 MapLocation79 
MapLocation123 MapLocation123 
MapLocation94 MapLocation94 
MapLocation57 MapLocation57 
MapLocation164 MapLocation164 
MapLocation41 MapLocation41 
MapLocation53 MapLocation53 
MapLocation137 MapLocation137 
MapLocation8 MapLocation8 
MapLocation4 MapLocation4 
MapLocation59 MapLocation59 
MapLocation171 MapLocation171 
MapLocation122 MapLocation122 
MapLocation109 MapLocation109 
MapLocation146 MapLocation146 
MapLocation104 MapLocation104 
MapLocation9 MapLocation9 
MapLocation60 MapLocation60 
MapLocation118 MapLocation118 
MapLocation10 MapLocation10 
MapLocation119 MapLocation119 
MapLocation116 MapLocation116 
MapLocation43 MapLocation43 
MapLocation102 MapLocation102 
MapLocation173 MapLocation173 
MapLocation96 MapLocation96 
MapLocation103 MapLocation103 
MapLocation85 MapLocation85 
MapLocation170 MapLocation170 
MapLocation47 MapLocation47 
MapLocation150 MapLocation150 
MapLocation135 MapLocation135 
MapLocation161 MapLocation161 
MapLocation29 MapLocation29 
MapLocation189 MapLocation189 
MapLocation77 MapLocation77 
MapLocation55 MapLocation55 
MapLocation175 MapLocation175 
MapLocation128 MapLocation128 
MapLocation111 MapLocation111 
MapLocation86 MapLocation86 
MapLocation183 MapLocation183 
MapLocation56 MapLocation56 
MapLocation7 MapLocation7 
MapLocation32 MapLocation32 
MapLocation23 MapLocation23 
MapLocation99 MapLocation99 
MapLocation179 MapLocation179 
MapLocation185 MapLocation185 
MapLocation62 MapLocation62 
MapLocation76 MapLocation76 
MapLocation121 MapLocation121 
MapLocation114 MapLocation114 
MapLocation194 MapLocation194 
MapLocation42 MapLocation42 
MapLocation70 MapLocation70 
MapLocation166 MapLocation166 
MapLocation153 MapLocation153 
MapLocation28 MapLocation28 
MapLocation1 MapLocation148 MapLocation35 
MapLocation5 MapLocation72 
MapLocation0 MapLocation100 MapLocation92 MapLocation182 MapLocation133 
