86 67 114 67 2 63 128 143 48 12 142 10 127 3 5 109 131 78 131 160 151 37 3 19 49 12 79 12 142 22 128 9 181 88 18 15 40 58 23 8 79 187 20 47 34 108 161 180 45 7 119 77 48 61 51 43 178 52 114 1 180 53 115 67 54 3 5 128 172 81 95 57 70 117 103 64 40 55 118 61 108 59 72 186 73 147 70 63 75 165 99 76 135 38 20 47 18 165 99 87 60 9 62 89 115 68 115 98 91 136 43 58 93 114 94 127 97 115 68 115 67 114 1 180 70 107 81 181 9 171 182 113 147 78 116 58 43 103 117 46 200 186 29 121 55 40 122 49 12 49 98 126 32 159 111 129 118 55 8 79 12 138 62 112 139 32 25 140 167 65 167 71 78 8 12 149 39 161 150 86 133 36 134 25 154 142 156 95 81 157 32 25 32 88 151 161 163 7 23 169 115 98 115 182 96 182 108 149 166 175 32 15 18 177 39 62 130 4 142 12 181 32 25 183 109 161 184 147 39 23 39 62 104 24 168 24 104 62 192 151 80 151 160 131 78 198 188 199 42 128 86
93
2 2 
48 48 
10 10 
5 5 
160 160 
19 19 
22 22 
181 181 
8 8 
45 45 
51 51 
52 52 
1 1 
53 53 
54 54 
57 57 
117 117 
64 64 
72 72 
73 73 
75 75 
76 76 
38 38 
87 87 
89 89 
91 91 
93 93 
94 94 
97 97 
107 107 
113 113 
116 116 
121 121 
122 122 
126 126 
159 159 
129 129 
138 138 
139 139 
140 140 
71 71 
149 149 
150 150 
36 36 
154 154 
156 156 
157 157 
163 163 
169 169 
175 175 
177 177 
183 183 
184 184 
192 192 
198 198 
199 199 
143 6 
3 11 
109 13 
78 14 148 
151 17 
79 30 137 21 
9 110 26 
88 27 
58 28 
187 35 
47 41 
108 44 
172 56 
55 66 132 
61 69 
63 74 
20 82 
18 84 
68 90 100 
43 92 
115 101 
114 105 
180 106 
186 120 
12 123 
49 125 
167 145 
65 146 
133 152 
25 153 158 
98 173 
96 174 
4 179 
23 185 
168 189 
80 194 
131 196 
