0x4a 0x4b 0x37 0x26 0x3e 0x20 0x3e 0x3 0x2c 0x3 0x42 0x55 0xf 0x25 0x32 0x25 0x59 0x48 0x46 0x2e 0x3b 0x1c 0x7 0x1f 0x25 0x50 0x25 0x1f 0x19 0x63 0x19 0x16 0x17 0x5d 0x1e 0x25 0x30 0x35 0x28 0x50 0x51 0x62 0x5e 0x23 0x53 0x4d 0x29 0x2a 0x4f 0x2a 0x18 0x4 0x1c 0x13 0x21 0x59 0x60 0x5a 0x1b 0x3c 0x7 0x1c 0x3b 0x10 0x6 0x1e 0x1b 0x7 0x1c 0xc 0x1c 0x13 0x0 0x52 0x0 0x5f 0x14 0x36 0x4b 0x4a 0x1d 0x4a 0x4b 0x37 0x2 0x5 0x2 0x1f 0x18 0x27 0x15 0x2e 0x18 0x2d 0x4b 0x37 0x2 0x5 0x9 0x5 0x2 0x4c 0x31 0x5f 0x14 0x45 0x14 0x5f 0x1c 0xc 0xb 0xc 0x53 0x51 0x62 0x51 0x26 0x18 0x27 0x56 0x24 0x59 0x1f 0x3d 0x2 0x61 0x1b 0x1e 0x3d 0x57 0x3d 0x21 0x60 0x41 0x45 0x4f 0x2a 0x29 0x4d 0x3f 0x39 0x3f 0x4d 0x1f 0x2 0x6 0x1e 0x11 0x21 0x4e 0x4 0x2d 0x0 0x4d 0x53 0x1f 0x37 0x4b 0x4a
50
0x4b 0x4b
0x20 0x20
0x2c 0x2c
0x55 0x55
0x32 0x32
0x59 0x59
0x48 0x48
0x2e 0x2e
0x3b 0x3b
0x1c 0x1c
0x1f 0x1f
0x50 0x50
0x63 0x63
0x17 0x17
0x1e 0x1e
0x35 0x35
0x62 0x62
0x5e 0x5e
0x53 0x53
0x4d 0x4d
0x2a 0x2a
0x4f 0x4f
0x4 0x4
0x13 0x13
0x21 0x21
0x5a 0x5a
0x1b 0x1b
0x3c 0x3c
0x10 0x10
0xc 0xc
0x52 0x52
0x5f 0x5f
0x14 0x14
0x1d 0x1d
0x2 0x2
0x5 0x5
0x27 0x27
0x2d 0x2d
0x9 0x9
0x31 0x31
0x45 0x45
0xb 0xb
0x56 0x56
0x3d 0x3d
0x61 0x61
0x57 0x57
0x41 0x41
0x39 0x39
0x11 0x11
0x4e 0x4e
