0x19 0x1 0x22 0xc5 0x54 0xa 0xf 0x25 0x51 0x9a 0x15 0x9a 0x3e 0x26 0x90 0x4e 0x5d 0x4e 0x77 0x64 0x4f 0x78 0x4f 0xaa 0x9b 0x1d 0x2e 0xb2 0x76 0x97 0x8f 0x70 0xac 0xbf 0x3d 0xba 0x43 0x68 0x56 0x8c 0x2a 0x71 0x16 0xd 0x23 0x30 0x14 0x40 0x86 0x40 0x14 0x67 0x27 0x1 0x19 0xc4 0x10 0xc4 0x19 0x2a 0xb0 0x64 0x9e 0x99 0x9e 0x64 0xac 0x3b 0xa2 0x8c 0x6a 0x28 0xa6 0x30 0x6f 0x77 0x31 0x70 0x35 0xb8 0x19 0x2a 0x58 0x60 0x23 0x65 0x88 0x16 0x91 0xba 0x3d 0xbf 0xac 0x27 0x1 0x19 0xc4 0x3e 0x34 0xa2 0x8c 0x4e 0x22 0xc5 0x8e 0x4d 0x3a 0x63 0xe 0x79 0x5 0x7d 0x27 0x77 0x6f 0xf 0x25 0x51 0x9a 0x15 0xa8 0x83 0x6e 0x17 0x81 0x36 0x4f 0xaa 0x9b 0x5 0x7d 0x27 0x67 0xb2 0x2e 0xbd 0x52 0x2b 0x19 0x2a 0x78 0x4f 0xaa 0x9b 0x2d 0x45 0x7f 0x67 0xb2 0xa7 0x90 0x4e 0x22 0x1 0x27 0x77 0x54 0x59 0x24 0xaf 0x8c 0xa2 0xac 0xbf 0x95 0x49 0x78 0x7 0xbc 0x7 0x78 0x4f 0x56 0xab 0x38 0x35 0x93 0x35 0x26 0x9d 0x24 0x48 0x72 0x1b 0x6a 0x28 0xa6 0x4e 0x65 0xb1 0x65 0x4e 0x4 0x3 0x69 0x72 0xb6 0x56 0x35 0xa2 0xe 0x3c 0x97 0x76 0xb2 0x2e 0xb3 0x98 0xb3 0x2e 0x4b 0xa 0x24 0x62 0x3e 0x9a 0x3e 0xc4 0x19 0x1 0x22 0xaf 0x39 0xaf 0x22 0x8a 0x38 0xab 0x52 0x88 0x65 0x6f 0x30 0x23 0x60 0x58 0x2a 0xc0 0x5c 0xc0 0x3e 0x88 0x59 0xbb 0x74 0x6 0x31 0x77 0x4e 0x22 0x1 0xb8 0x38 0x62 0xa1 0x49 0x34 0x65 0x70 0xa0 0x2c 0x8a 0x26 0x3e 0x2a 0x78 0x8f 0xc6 0x11 0x8b 0x19 0x9d 0x6b 0x5a 0x6b 0x9d 0x2a 0xc0 0x5c 0x3a 0x63 0x49 0xa9 0x49 0xa1 0x62 0x3e 0x32 0x2e 0xb3 0x98 0xae 0xc2 0x86 0x40 0x14 0x67 0x27 0x7d 0x5 0x79 0xe 0x63 0x49 0x78 0x2a 0x57 0x9c 0x35 0x38 0x7c 0xb0 0x6f 0xf 0xa 0x54 0x4f 0x36 0x4f 0x56 0x8c 0x46 0xb5 0x46 0x60 0xc3 0xc1 0x96 0xc7 0x44 0x9c 0x26 0x9d 0x19 0x8b 0x11 0x8b 0x19 0xc4 0x30 0x14 0x40 0x86 0xc2 0xae 0x98 0xb3 0x2e 0xb2 0x57 0x4f 0x56 0xab 0x52 0x2b 0x19 0x9d 0x12 0x61 0x12 0x3b 0xa2 0x8c 0x2a 0x19
93
0x1 0x1 0x9f 
0xf 0xf 
0x25 0x25 
0x9a 0x9a 
0x15 0x15 
0x4e 0x4e 
0x5d 0x5d 0x9 
0x77 0x77 
0x78 0x78 
0xaa 0xaa 
0x9b 0x9b 
0x1d 0x1d 
0xb2 0xb2 
0x97 0x97 
0x8f 0x8f 
0x70 0x70 
0xac 0xac 
0x3d 0x3d 
0xba 0xba 
0x68 0x68 
0x56 0x56 
0x8c 0x8c 0x42 
0x2a 0x2a 
0x14 0x14 
0x86 0x86 
0xc4 0xc4 
0x10 0x10 0x7b 
0xb0 0xb0 
0x9e 0x9e 
0x99 0x99 
0x3b 0x3b 
0x6a 0x6a 
0x28 0x28 
0xa6 0xa6 
0x6f 0x6f 
0x31 0x31 
0x60 0x60 
0x91 0x91 
0x34 0x34 
0x8e 0x8e 
0x4d 0x4d 
0x3a 0x3a 
0x79 0x79 
0x5 0x5 0x0 
0xa8 0xa8 
0x83 0x83 
0x81 0x81 
0xbd 0xbd 
0x52 0x52 0xa3 
0x2b 0x2b 
0x2d 0x2d 
0x45 0x45 
0xa7 0xa7 
0x59 0x59 
0x7 0x7 
0xbc 0xbc 
0xab 0xab 
0x1b 0x1b 
0x4 0x4 
0xb6 0xb6 
0x98 0x98 
0xbb 0xbb 
0x74 0x74 
0xa1 0xa1 0x18 
0xa0 0xa0 
0x2c 0x2c 
0xc6 0xc6 
0x11 0x11 
0x8b 0x8b 
0x6b 0x6b 
0x5a 0x5a 
0xae 0xae 
0xc2 0xc2 
0x9c 0x9c 
0x46 0x46 
0xb5 0xb5 
0xc3 0xc3 
0xc7 0xc7 
0x12 0x12 
0x61 0x61 
0x30 0x21 
0x88 0x84 
0xbf 0x1f 
0x93 0x80 
0xb1 0x7a 
0x3c 0x89 
0x24 0x53 
0x39 0x1a 
0x5c 0x85 
0xb8 0x6d 
0xa9 0x87 
0xb3 0xb4 
0x7c 0xa4 
