0x15 0x16 0x18 0x1f 0x26 0x31 0x5 0x17 0x25 0x13 0x1 0x2e 0x2a 0x0 0x13 0x22 0x3 0x4 0x23 0x4 0x1b 0x2 0xd 0x28 0x6 0xd 0x21 0xc 0x2a 0x8 0x1d 0x24 0x9 0x11 0x2e 0x29 0x19 0x2d 0xe 0x17 0x2e 0x11 0xf 0x1c 0x7 0x24 0x1d 0x26 0x1f 0x18 0x16 0x15
25
0x16 0x16 
0x18 0x18 
0x26 0x26 
0x31 0x31 
0x17 0x17 
0x25 0x25 
0x13 0x13 
0x1 0x1 
0x2e 0x2e 
0x2a 0x2a 
0x22 0x22 
0x4 0x4 
0x1b 0x1b 
0x28 0x28 
0x6 0x6 
0xc 0xc 
0x1d 0x1d 
0x24 0x24 
0x29 0x29 
0x19 0x19 
0xe 0xe 
0xf 0xf 
0x1c 0x1c 
0x23 0x2f 
0x8 0x10 
