1 2 6 8 9 10 13 16 1 20 21 26 27 1 33 34 1 35 36 2 37 9 41 42 2 44 47 49 50 2 51 3 53 16 55 56 1 57 58 1 59 16 60 61 68 69 4 70 74 75 77 1 81 82 2 83 84 9 85 86 1 87 4 88 89 3 92 2 97 3 99 3 101 102 1 103 106 6 110 4 111 1 116 2 124 3 126 127 1 129 130 2 131 5 133 136 137 138 4 139 140 1 143 144 150 5 151 156 157 11 161 3 162 9 164 165 167 3 169 4 174 7 176 177 182 184 9 189 193 2 198 200 2 1
93
1 1 31 80 141 
2 2 95 
6 6 
8 8 
9 9 
10 10 
13 13 
16 16 
20 20 
21 21 
26 26 
27 27 
33 33 
34 34 
35 35 
36 36 
37 37 
41 41 
42 42 
44 44 
47 47 
49 49 
50 50 
51 51 
3 3 
53 53 
55 55 
56 56 
57 57 
58 58 
59 59 
60 60 
61 61 
68 68 
69 69 
70 70 
74 74 
75 75 
77 77 
81 81 
82 82 
83 83 
84 84 
85 85 
86 86 
87 87 
88 88 
89 89 
92 92 
97 97 
99 99 
101 101 
102 102 
103 103 
106 106 
110 110 
111 111 
116 116 
124 124 
126 126 
127 127 
129 129 
130 130 
131 131 
133 133 
136 136 
137 137 
138 138 
139 139 
140 140 
143 143 
144 144 
150 150 
151 151 
156 156 
157 157 
161 161 
162 162 
164 164 
165 165 
167 167 
169 169 
174 174 
176 176 
177 177 
182 182 
184 184 
189 189 
193 193 
198 198 
200 200 
11 159 
4 171 
