0 15 14 3 14 12 16 17 13 11 13 9 20 18 7 8 7 18 20 9 20 21 30 29 23 24 26 24 23 29 30 34 33 47 44 48 44 47 33 34 30 35 37 38 36 42 36 38 41 38 37 35 30 21 20 9 13 17 16 12 14 15 0 50 65 64 53 64 62 66 67 63 61 63 59 70 68 57 58 57 68 70 59 70 71 80 79 73 74 76 74 73 79 80 84 83 97 94 98 94 97 83 84 80 85 87 88 86 92 86 88 91 88 87 85 80 71 70 59 63 67 66 62 64 65 50 100 115 114 103 114 112 116 117 113 111 113 109 120 118 107 108 107 118 120 109 120 121 130 129 123 124 126 124 123 129 130 134 133 147 144 148 144 147 133 134 130 135 137 138 136 142 136 138 141 138 137 135 130 121 120 109 113 117 116 112 114 115 100 150 165 164 153 164 162 166 167 163 161 163 159 170 168 157 158 157 168 170 159 170 171 180 179 173 174 176 174 173 179 180 184 183 197 194 198 194 197 183 184 180 185 187 188 186 192 186 188 191 188 187 185 180 184 183 197 194 198 199 150 100 50 0
65
3 3 2 
24 24 
26 26 25 
33 33 
47 47 
44 44 
48 48 49 
36 36 
42 42 46 
41 41 40 
53 53 52 
74 74 
76 76 75 
83 83 
97 97 
94 94 
98 98 99 
86 86 
92 92 96 
91 91 90 
103 103 102 
124 124 
126 126 125 
133 133 
147 147 
144 144 
148 148 149 
136 136 
142 142 146 
141 141 140 
153 153 152 
174 174 
176 176 175 
183 183 
197 197 
194 194 
198 198 
186 186 
192 192 196 
191 191 190 
199 199 
0 1 
11 4 
8 6 5 
9 10 
30 22 
23 27 
50 51 
61 54 
58 56 55 
59 60 
80 72 
73 77 
100 101 
111 104 
108 105 106 
109 110 
130 122 
123 127 
150 151 
161 154 
158 156 155 
159 160 
180 172 
173 177 
