state catnip controversial catnip begot catnip knick catnip wrack catnip Cinderella catnip watery catnip scriptwriter catnip border catnip eidetic catnip driveway catnip Calkins catnip motet catnip Zellerbach catnip dumpling catnip jackass catnip scaup catnip serge catnip value catnip whirligig catnip octane catnip rocky catnip joke catnip texture catnip bloc catnip Evans catnip infuse catnip anatomy catnip Waterbury catnip stingy catnip Albert catnip lonesome catnip his catnip Adler catnip Darwin catnip cocaine catnip knurl catnip hyphen catnip sanatoria catnip sepulchral catnip lobby catnip gun catnip omicron catnip stereography catnip Arden catnip complacent catnip pairwise catnip supremum catnip rent catnip registrant catnip Protista catnip heifer catnip cache catnip bald catnip uptown catnip grade catnip hypothetic catnip ash catnip fireplace catnip gavotte catnip whatsoever catnip dame catnip Eva catnip backgammon catnip shrugging catnip charcoal catnip Augean catnip hallelujah catnip Yaounde catnip athletic catnip curbside catnip cohere catnip foursome catnip regal catnip flexural catnip trivium catnip turnout catnip Steiner catnip opossum catnip clasp catnip Lizzie catnip monk catnip compunction catnip Edmonds catnip Whelan catnip Della catnip circumstantial catnip firebug catnip eggplant catnip retardation catnip harrow catnip debenture catnip Ridgway catnip Adamson catnip hungry catnip freehold catnip fleawort catnip huge catnip presto catnip bibliophile catnip exhortation catnip state
100
controversial controversial
begot begot
knick knick
wrack wrack
Cinderella Cinderella
watery watery
scriptwriter scriptwriter
border border
eidetic eidetic
driveway driveway
Calkins Calkins
motet motet
Zellerbach Zellerbach
dumpling dumpling
jackass jackass
scaup scaup
serge serge
value value
whirligig whirligig
octane octane
rocky rocky
joke joke
texture texture
bloc bloc
Evans Evans
infuse infuse
anatomy anatomy
Waterbury Waterbury
stingy stingy
Albert Albert
lonesome lonesome
his his
Adler Adler
Darwin Darwin
cocaine cocaine
knurl knurl
hyphen hyphen
sanatoria sanatoria
sepulchral sepulchral
lobby lobby
gun gun
omicron omicron
stereography stereography
Arden Arden
complacent complacent
pairwise pairwise
supremum supremum
rent rent
registrant registrant
Protista Protista
heifer heifer
cache cache
bald bald
uptown uptown
grade grade
hypothetic hypothetic
ash ash
fireplace fireplace
gavotte gavotte
whatsoever whatsoever
dame dame
Eva Eva
backgammon backgammon
shrugging shrugging
charcoal charcoal
Augean Augean
hallelujah hallelujah
Yaounde Yaounde
athletic athletic
curbside curbside
cohere cohere
foursome foursome
regal regal
flexural flexural
trivium trivium
turnout turnout
Steiner Steiner
opossum opossum
clasp clasp
Lizzie Lizzie
monk monk
compunction compunction
Edmonds Edmonds
Whelan Whelan
Della Della
circumstantial circumstantial
firebug firebug
eggplant eggplant
retardation retardation
harrow harrow
debenture debenture
Ridgway Ridgway
Adamson Adamson
hungry hungry
freehold freehold
fleawort fleawort
huge huge
presto presto
bibliophile bibliophile
exhortation exhortation
