cure bear Delphi bear hypotonic bear swoop bear marquess bear roost bear reflectance bear Negroid bear Bridgeport bear Muscat bear Brillouin bear logjam bear indignity bear upheld bear item bear obfuscate bear ineducable bear greet bear belch bear Moe bear lint bear seem bear Blackman bear stupor bear latch bear Vichy bear cure
25
Delphi Delphi
hypotonic hypotonic
swoop swoop
marquess marquess
roost roost
reflectance reflectance
Negroid Negroid
Bridgeport Bridgeport
Muscat Muscat
Brillouin Brillouin
logjam logjam
indignity indignity
upheld upheld
item item
obfuscate obfuscate
ineducable ineducable
greet greet
belch belch
Moe Moe
lint lint
seem seem
Blackman Blackman
stupor stupor
latch latch
Vichy Vichy
