clod presto callus presto stateroom presto sign presto Kingsbury presto decrease presto vicious presto bauble presto Barnet presto onomatopoeia presto officious presto resurrect presto Dunbar presto shriek presto axon presto linger presto spit presto Spaulding presto disseminate presto bowline presto furlough presto pundit presto perennial presto behalf presto Brooklyn presto abridge presto post presto Gloria presto cur presto syllogistic presto pole presto Dunlap presto Lethe presto sneaky presto Illinois presto Stratton presto anchor presto aide presto Levitt presto ferrite presto coincide presto twirly presto objector presto servicemen presto foxglove presto collateral presto Saskatchewan presto walrus presto ambiguity presto salmon presto Hyde presto clod
50
callus callus
stateroom stateroom
sign sign
Kingsbury Kingsbury
decrease decrease
vicious vicious
bauble bauble
Barnet Barnet
onomatopoeia onomatopoeia
officious officious
resurrect resurrect
Dunbar Dunbar
shriek shriek
axon axon
linger linger
spit spit
Spaulding Spaulding
disseminate disseminate
bowline bowline
furlough furlough
pundit pundit
perennial perennial
behalf behalf
Brooklyn Brooklyn
abridge abridge
post post
Gloria Gloria
cur cur
syllogistic syllogistic
pole pole
Dunlap Dunlap
Lethe Lethe
sneaky sneaky
Illinois Illinois
Stratton Stratton
anchor anchor
aide aide
Levitt Levitt
ferrite ferrite
coincide coincide
twirly twirly
objector objector
servicemen servicemen
foxglove foxglove
collateral collateral
Saskatchewan Saskatchewan
walrus walrus
ambiguity ambiguity
salmon salmon
Hyde Hyde
