142 121 58 130 65 141 99 150 192 68 128 6 17 144 151 159 45 8 31 94 16 177 126 140 129 140 126 164 194 37 178 195 158 195 178 37 172 90 172 52 134 14 9 33 133 33 9 14 134 52 178 52 134 14 9 28 103 18 181 18 146 27 179 141 179 116 140 30 139 153 181 91 3 174 3 91 181 18 70 18 181 151 93 118 190 183 0 26 60 78 91 3 174 4 46 4 174 3 51 166 162 111 106 66 137 135 56 157 21 157 86 78 186 17 144 151 159 151 181 91 78 60 124 60 193 130 175 34 175 130 193 95 180 85 103 41 103 18 181 91 3 174 4 46 148 108 160 77 143 90 172 37 194 125 62 47 7 47 20 184 58 121 58 130 193 16 177 126 140 180 85 89 85 180 140 171 63 149 22 149 26 60 78 91 181 153 23 153 139 154 1 100 163 170 120 127 106 66 137 135 171 63 171 17 144 151 181 91 78 86 157 56 135 137 48 76 48 137 121 58 25 196 139 145 139 153 165 104 193 60 78 86 131 53 24 37 178 195 178 37 24 53 131 86 78 91 3 91 181 151 93 118 38 197 38 118 93 151 167 142 132 39 115 39 188 137 48 76 24 53 131 35 131 86 157 56 156 198 38 118 93 151 144 17 186 55 186 17 171 140 126 177 16 92 9 14 134 52 172 90 143 77 143 90 172 37 178 195 158 69 64 122 128 6 17 186 78 91 78 86 157 56 135 137 188 83 93 83 188 137 121 58 121 137 135 97 135 137 188 39 132 187 51 3 174 4 174 3 91 101 161 33 9 28 103 6 128 122 64 122 128 6 17 171 135 137 66 44 88 121 142
60
121 121
58 58
141 141
150 150
144 144
151 151
159 159
31 31
16 16
177 177
140 140
129 129
178 178
195 195
158 158
90 90
14 14
33 33
133 133
181 181
30 30
91 91
3 3
174 174
70 70
93 93
183 183
60 60
4 4
46 46
106 106
137 137
157 157
21 21
186 186
124 124
34 34
41 41
108 108
77 77
7 7
89 89
63 63
22 22
23 23
127 127
48 48
76 76
145 145
38 38
197 197
167 167
39 39
115 115
35 35
55 55
69 69
64 64
97 97
44 44
