7 1 32 94 30 60 22 60 92 35 28 67 49 67 28 84 77 38 83 38 77 10 21 36 15 36 21 10 77 38 77 10 21 95 33 91 63 37 2 14 8 93 23 96 6 81 27 15 65 15 27 35 89 35 27 81 6 0 74 0 6 96 99 62 98 62 99 96 25 16 42 61 42 16 25 96 99 96 23 93 8 58 8 14 2 19 30 60 92 51 92 37 19 2 56 48 70 80 66 85 39 68 25 96 23 49 7 1 78 71 75 13 4 69 90 43 26 76 15 36 72 44 41 16 42 16 41 44 72 36 21 95 64 95 21 32 21 95 33 95 21 36 72 44 41 16 25 96 23 49 7
30
32 32
30 30
22 22
49 49
84 84
38 38
83 83
15 15
33 33
63 63
23 23
96 96
81 81
65 65
89 89
74 74
99 99
98 98
25 25
16 16
42 42
61 61
58 58
19 19
51 51
80 80
75 75
76 76
44 44
64 64
