5 7 77 9 2 1 21 8 5 14 64 27 41 39 31 4 8 21 32 29 16 7 5 8 95 59 75 50 32 21 1 0 6 74 96 54 20 62 55 57 64 27 41 86 41 19 5 14 5 33 5 8 95 59 96 89 13 77 7 5 19 52 80 26 1 6 11 6 74 90 91 99 94 40 53 74 96 59 75 50 32 73 56 52 19 5 14 23 103 23 90 74 96 59 101 104 101 59 95 1 70 1 6 11 44 11 27 41 86 41 48 75 59 101 111 101 59 45 37 44 11 6 1 95 59 118 59 75 48 41 86 109 130 109 86 41 27 53 123 131 123 53 27 41 19 69 19 5 8 95 59 45 152 45 37 25 12 17 68 155 68 17 12 9 10 15 10 28 39 88 39 41 19 52 143 144 143 52 80 26 1 2 9 12 18 12 17 36 82 36 17 68 33 19 52 143 144 176 180 176 144 143 52 19 5 16 61 43 25 12 150 12 66 26 80 52 143 144 176 180 176 144 143 52 19 5 14 5
48
77 77 
9 9 
21 21 
27 27 
31 31 
32 32 
50 50 
96 96 
54 54 
57 57 
80 80 
91 91 
23 23 
103 103 
101 101 
104 104 
111 111 
45 45 
109 109 
130 130 
152 152 
68 68 
155 155 
176 176 
180 180 194 
7 35 
0 51 
86 58 
14 196 63 
59 76 127 
11 113 85 
40 92 
56 102 
70 105 
44 106 
95 121 
118 126 
131 140 
69 145 
10 160 
15 163 
88 168 
19 169 
1 177 
18 178 
82 179 
43 183 
150 191 
