89 4 52 1 55 2 86 3 23 4 5 32 19 6 8 40 7 40 8 40 4 9 97 10 53 24 11 24 41 12 41 24 13 24 14 73 15 0 37 16 56 17 73 18 42 19 35 20 7 31 33 21 81 41 22 41 23 3 24 25 24 42 26 42 31 27 68 28 68 57 29 46 30 18 42 31 0 32 0 31 33 79 34 66 35 19 40 36 8 6 37 88 38 39 52 40 27 41 24 42 43 60 21 44 14 52 45 49 29 46 29 57 47 23 48 17 32 49 20 50 8 89
50
4 4
1 1
2 2
3 3
23 23
5 5
32 32
19 19
6 6
8 8
40 40
7 7
9 9
10 10
24 24
11 11
41 41
12 12
13 13
14 14
15 15
37 37
16 16
17 17
18 18
42 42
35 35
20 20
31 31
33 33
21 21
22 22
25 25
26 26
27 27
28 28
29 29
46 46
30 30
34 34
36 36
38 38
39 39
43 43
44 44
45 45
49 49
47 47
48 48
50 50
