xse cma nxj adx ocp pvs fbk nxj vtd dkp cen bda aii lrj uwo nii mti nxj ybr ikb wyg igs khu jfh vvn eah bdh mok eah fin xme vmv lvm nwc rrp loj fzi uau miy tdu eah fia byu hmi fhv jfh uok eah nfr qbf hcr phg zud hpx eah pjf wiy xme cun rtc xme nry yug xme ptu jgt eah lwk igs aeg nmf eah ckx zkt uuw nhi ogh uau krr nko qdw xme kxn bod xjt tko vzr vwg dgl zdb ruo nsw xme rsg igs rjv fgp eah xme jfh ego bnl eah gex ukv emz eah kpp jam fyc wbg qjf eah vmt jfh ksg kfu eah svk ljd tlh qxs nvz idv jfh fjy ils xse
97
cma cma 
adx adx 
ocp ocp 
pvs pvs 
fbk fbk 
vtd vtd 
cen cen 
bda bda 
aii aii 
lrj lrj 
uwo uwo 
nii nii 
mti mti 
ybr ybr 
ikb ikb 
wyg wyg 
khu khu 
jfh jfh 
vvn vvn 
bdh bdh 
mok mok 
fin fin 
xme xme ttw tso 
vmv vmv 
lvm lvm 
nwc nwc 
loj loj 
fzi fzi 
uau uau 
miy miy 
tdu tdu 
fia fia 
byu byu 
hmi hmi 
fhv fhv 
uok uok 
nfr nfr 
qbf qbf 
hcr hcr 
phg phg 
zud zud 
hpx hpx 
pjf pjf 
wiy wiy 
cun cun 
rtc rtc 
nry nry 
yug yug 
ptu ptu 
jgt jgt 
lwk lwk 
aeg aeg 
nmf nmf 
ckx ckx 
zkt zkt 
uuw uuw 
nhi nhi 
ogh ogh 
krr krr 
nko nko 
qdw qdw 
kxn kxn 
bod bod 
xjt xjt 
tko tko 
vzr vzr 
vwg vwg 
dgl dgl 
zdb zdb 
ruo ruo 
nsw nsw 
rsg rsg 
rjv rjv 
fgp fgp 
ego ego 
bnl bnl 
gex gex 
ukv ukv 
emz emz 
kpp kpp 
jam jam 
fyc fyc 
wbg wbg 
qjf qjf 
vmt vmt 
ksg ksg 
kfu kfu 
svk svk 
ljd ljd 
tlh tlh 
qxs qxs 
nvz nvz 
idv idv 
fjy fjy 
ils ils 
igs xeh 
eah txq 
