azv wcd gcw yiy ipq lmh oqv pzr ovx rcw wcd rfl jwx yvc zuz ijd ufa hwc hyb sau scm gfr rti gei xie hsi ncc dqy wcd jvc mis ctf eqx cim yfq vxn aur cib vfq hse rov uua hbg boc mis wcd qzx brw mtd hlc mpw uyd hip wcd hse cwq hcc mis eqa ivp azv
50
azv azv 
wcd wcd 
gcw gcw 
yiy yiy 
ipq ipq 
lmh lmh 
oqv oqv 
pzr pzr 
ovx ovx 
rcw rcw 
rfl rfl 
jwx jwx 
yvc yvc 
zuz zuz 
ijd ijd 
ufa ufa 
hwc hwc 
hyb hyb 
sau sau 
scm scm 
gfr gfr 
rti rti 
gei gei 
xie xie 
hsi hsi 
ncc ncc 
dqy dqy 
jvc jvc 
mis mis 
ctf ctf 
cim cim 
yfq yfq 
vxn vxn 
aur aur 
cib cib 
vfq vfq 
rov rov 
uua uua 
boc boc 
qzx qzx 
brw brw 
mtd mtd 
hlc hlc 
mpw mpw 
uyd uyd 
hip hip 
cwq cwq 
hcc hcc 
eqa eqa 
ivp ivp 
