zMnoKpsz12d1Y6CixoCL WErCaTW8MMgw3ZAta1gT tXtX3vcLWOYDJBh3QgZt fat0ktgmwPXvqLhmWfJ0 1Tm2BSSz9mj8o3m9o0TB e7oVwvEXzQVG9DeK8uQS FwLnZPETaUkrkp7dE0hH UkKARQyd3ZxfrQwOeW0R M3MAG2lM6nUmTjQ3nD4D jS5XJP3bXemMgWyvfsmt QHym2s92VJ8ycxMeFawz IcoYVabhkC8yNYJgy44V 5jE3DcSbPJWRITx0u2Kf g6l3PryZJRSAXJGUyq22 JOo21iuZtHvP9sSModQZ hH5yU5IgxmmStVnXEBJ1 BVbv363irLjfCXrWQjqn B56U06r3nz3RZaXVmiK2 ybqDdUoaPknlNwzZFeto hzqXRQPGO5tnMpQYDdxn RIRtIJewArUY7i7A6OEl GhNWfyijkz8OKJbptIGO oJor9EUgXhaXPDmChml7 dakEfF8eF1B4IYsSGGLe 50qWynRev5CSErzk8Yih WCUwzDEkBlRrgSeSv9vv TuA4wNSOMjTMUxZ5fZWx OcyqfDTyG7wfT1rvpitz kHWDWFJURX8TBbDnLSlR YqOJXOtRcgzFFRGKRutM LdDKuyalK5FXEd1h8XJt hdXOmxRAbu0HN40emwgb zMnoKpsz12d1Y6CixoCL
27
fat0ktgmwPXvqLhmWfJ0 mUERvxQcAO2XlgBTPRGA qSLkk45Evo68Y4JhMUq7 mNuLv0WHsIRpWEdSUREd 
1Tm2BSSz9mj8o3m9o0TB ZcpnIKUrL8i4GzxAolZX 5VNO6t8qAcR3d5jJgfi4 07iKiKtYzy9bLoKUo0ve 
e7oVwvEXzQVG9DeK8uQS ARorC1kPdEun4czh3dmX bUGtOHLCdzsNiRxcLtaT olgHJpCT79b6HED7FUWa 
FwLnZPETaUkrkp7dE0hH 9c21VhIQJbtu6kG4NZT4 ZvocIzADG7dBR58wmnu8 KBGTLYOWLSviflcWwd9y 
UkKARQyd3ZxfrQwOeW0R u91JdIwHTd2zumpXCvmK JKKWZrMfMDLTYQt6t5Ap OMLAPgVr1RosMrpENk9K 
M3MAG2lM6nUmTjQ3nD4D PrzulPuk0tqiNKmdjp0X GfpGWz1SaDeisCQVEJrI z2nBS9pweVYpDmW0fMRS 
jS5XJP3bXemMgWyvfsmt Vv2apUMOUSvB9J5u8yJr CcIlGrru613gqyngyuYo ZSg6FSZaRCTLmeHoLgMI 
QHym2s92VJ8ycxMeFawz KP4zLIZ5LMWJ6mkRn6BX pkPHvGrHHriGlmiL3mRW QFT8yfDPa0xDNdRMchX3 
IcoYVabhkC8yNYJgy44V U8fsnzMIN4aMdzToihTq dBvruVRsFq4ihmzPj7nf GaG5DAqLVuTD09GfUl6l 
5jE3DcSbPJWRITx0u2Kf gM8AHyLc0ZjUxmDMuXzJ NieXnWTTyXxCRp5CSl0i 9q9h29089dBsNERnjXsd 
g6l3PryZJRSAXJGUyq22 Armxs904ujfdAYn9LtOF RvFA5khunRjN3Z7dmUKr 2DqN6NYyebkVczAnrbNI 
JOo21iuZtHvP9sSModQZ QmCq2RCVgnssPOgSwAr8 T7hLF9jTtc4htoAH0PWD oDA5VKbLZuTPP2ZEB14d 
hH5yU5IgxmmStVnXEBJ1 Y2BEa9hp0T63SlTWXenG 3mTCmcCkVhhFn533BM03 oougNPfNRCSRCWJrOUlb 
BVbv363irLjfCXrWQjqn nfdt04yvrwrpPVPzIy2c 34ScKN0pHkNmnxdkoIOC MDHuBmBbeFOGqzpuNmVz 
B56U06r3nz3RZaXVmiK2 MyPRIiIVlLarPoP5nZfy xBNbU9Yu51mQvClxjQdr Y0dqIYSR4P9Br1Cq3f9U 
ybqDdUoaPknlNwzZFeto FHGlzd4VlMUVjTba9Qjm WELPo1XEQnG4JejlB13A z6gtkXCB2ntSiYsjrque 
hzqXRQPGO5tnMpQYDdxn 8s4ukhLgGBoor0D87KUr bclRgmmOqfg3PHQz06qB XKYNaFpYuIx7Zx7vNANa 
RIRtIJewArUY7i7A6OEl FqxzURcIHYyg2FOpiXCN cthtNVKVABeolrPabegT szEChRtMF49nUq5i634G 
GhNWfyijkz8OKJbptIGO EvdCmEq3CXPDtnZYkiVu lcq8BXTLE4WDnj4JF3yo VxRxz5foWagBafuSz1m4 
oJor9EUgXhaXPDmChml7 FDT7h4JKMRWa9fcDNmXs TzlCRBgA0Q2cCjETm7Vx C3qGKxHtliSTI7oOnHoB 
dakEfF8eF1B4IYsSGGLe yE3wNgUIJB0oZwUjLCMo 9XhdonQsTDmLQknJ4xeP YIAlamFOfZeHd5qDll32 
50qWynRev5CSErzk8Yih Vkpfkc0JUDpakJkZipKD QTgsp1BfPDsixeeH6QUT 3fQHkf8pseCy7Ys4Kez5 
WCUwzDEkBlRrgSeSv9vv 15e7umNMnawEegsOhkYh ofmz95sRAyIS0ShQndvb 5cjkSqVe5mFfFhCgwe8r 
TuA4wNSOMjTMUxZ5fZWx JzMVZjOikutQZg00S8wX WdpiLe9uZpnuS9WMphYw jdgXkfbupFQ0XUNJEyvU 
OcyqfDTyG7wfT1rvpitz G6KTAOxQU8MNiSLazU1t uqAmYQiu3O0THeAaPzKH sNJuS4R6b6KAUX5QI4md 
kHWDWFJURX8TBbDnLSlR dUDrtIP8WIldh2FT7uba mTYxpEwVJTp369cmBN7S W8ft2Hcg1VXPVNTpprS3 
YqOJXOtRcgzFFRGKRutM JPD2uBroiElzO4z72vhQ Ryx97mzVLWHytqmLAKlJ HAc1Ylu9mrUmnheKISnK 
