Encanto Banning Cherokee Kentfield Balsdon Banning Vernon Bonita Forest Calaveras Vista Laguna Homestead Calaveras Willow Foothills Meyers Moccasin Two Brookdale Beach Balsdon Presidio Sherman All Richvale Kern Woodbridge Yurok Cabbage Balsdon Glencoe Woffard Jane Banning Welden Mount Elmira Banning Warner Shafter Los Ames City Balsdon Quail Santa Brookdale Granite Carmel Clayton Garden Calaveras Chinese Woffard Calaveras Alpaugh Pumpkin Delta Costa Ramona Riverside Smoke Balsdon McAuley Woffard Green Laguna Encanto
50
Encanto Encanto 
Banning Banning 
Cherokee Cherokee 
Kentfield Kentfield 
Vernon Vernon 
Bonita Bonita 
Forest Forest 
Vista Vista 
Laguna Laguna 
Homestead Homestead 
Willow Willow 
Foothills Foothills 
Moccasin Moccasin 
Two Two 
Beach Beach 
Presidio Presidio 
Sherman Sherman 
All All 
Richvale Richvale 
Kern Kern 
Woodbridge Woodbridge 
Yurok Yurok 
Cabbage Cabbage 
Glencoe Glencoe 
Woffard Woffard 
Jane Jane 
Welden Welden 
Mount Mount 
Elmira Elmira 
Warner Warner 
Shafter Shafter 
Los Los 
Ames Ames 
City City 
Quail Quail 
Santa Santa 
Granite Granite 
Clayton Clayton 
Garden Garden 
Chinese Chinese 
Alpaugh Alpaugh 
Pumpkin Pumpkin 
Delta Delta 
Costa Costa 
Ramona Ramona 
Riverside Riverside 
Smoke Smoke 
McAuley McAuley 
Green Green 
Balsdon Cypress 
