Vernon Davenport Stanton Smith City Yankee Cressey Robertsville Castle Cerro Sunny Terra Sherman Wallace Temecula Stanton Quail Stockdale Carmel Carnelian Clayton Portola Richvale Le Downtown Woody California Three Presidio Carnelian Crestmont Stanton Anaheim Castle Bell Stanton Industry Alameda Forbestown Mecca City Bodad Industrial Portola Antelope Kaiser Castle Strawberry Veterans California Dulzura Castle Pleasant Portola Escalon Brundage Hammer Castle Manker Moores Carnelian Blue Sunny Grasslands Castle Rough Bonny City Parchester Terra Fox Pacheco Huron Balboa Castle Roseland Capuchino California Beach Fullerton Carnelian Cudahy Civic Potrero Bangor Santa Cerro Ramona Castle Garcia Cambridge California Ritter Sherman Costa Fiorini Louis Hoffman Lake Buena Alamo California Castle Collins Carnelian Donner Coddingtown Glencoe Castle Yurok City Rowland Carnelian Marshall Sunny Sacramento City Flinn Chittenden Armstrong Delta Castle All Forbestown Smoke Stanton Bradley Castle South Sulpizio California Cypress Del City Escondido Vernon
94
Davenport Davenport 
Smith Smith 
Yankee Yankee 
Cressey Cressey 
Robertsville Robertsville 
Cerro Cerro 
Sunny Sunny 
Terra Terra 
Sherman Sherman 
Wallace Wallace 
Temecula Temecula 
Quail Quail 
Stockdale Stockdale 
Carmel Carmel 
Clayton Clayton 
Portola Portola Calaveras 
Richvale Richvale 
Le Le 
Downtown Downtown 
Woody Woody 
California California 
Three Three 
Presidio Presidio 
Crestmont Crestmont 
Anaheim Anaheim 
Bell Bell 
Industry Industry 
Forbestown Forbestown 
Mecca Mecca 
Bodad Bodad 
Industrial Industrial 
Antelope Antelope 
Kaiser Kaiser 
Strawberry Strawberry 
Veterans Veterans 
Dulzura Dulzura 
Pleasant Pleasant 
Escalon Escalon 
Brundage Brundage 
Hammer Hammer 
Manker Manker 
Moores Moores 
Blue Blue 
Grasslands Grasslands 
Rough Rough 
Bonny Bonny 
Parchester Parchester 
Fox Fox 
Pacheco Pacheco 
Huron Huron 
Balboa Balboa 
Roseland Roseland 
Capuchino Capuchino 
Beach Beach 
Fullerton Fullerton 
Cudahy Cudahy 
Civic Civic 
Potrero Potrero 
Bangor Bangor 
Santa Santa 
Ramona Ramona 
Garcia Garcia 
Cambridge Cambridge 
Ritter Ritter 
Costa Costa 
Fiorini Fiorini 
Louis Louis 
Hoffman Hoffman 
Lake Lake 
Buena Buena 
Alamo Alamo 
Collins Collins 
Donner Donner 
Coddingtown Coddingtown 
Glencoe Glencoe 
Yurok Yurok 
Rowland Rowland 
Marshall Marshall 
Sacramento Sacramento 
Flinn Flinn 
Chittenden Chittenden 
Armstrong Armstrong 
Delta Delta 
All All 
Smoke Smoke 
Bradley Bradley 
South South 
Sulpizio Sulpizio 
Cypress Cypress 
Del Del 
Escondido Escondido 
City Winterhaven Timbuctoo 
Castle Saint Tijuana Warner Bakersfield Helm 
Stanton Cabbage 
