Potrero Calaveras Balsdon Chinese All Laguna Hume Laguna Carmel Warner Brookdale Oceanside Linden Banning Clayton Boulevard Meyers Ida Meyers Calaveras Woffard Merced 18th Meyers Brookdale Fiorini Fremont Banning Brookdale Laguna Woffard Santa Ames Balsdon Smoke Richvale Banning Woffard Potrero
25
Potrero Potrero
Calaveras Calaveras
Balsdon Balsdon
Chinese Chinese
All All
Laguna Laguna
Hume Hume
Carmel Carmel
Warner Warner
Oceanside Oceanside
Linden Linden
Banning Banning
Clayton Clayton
Boulevard Boulevard
Meyers Meyers
Ida Ida
Woffard Woffard
Merced Merced
18th 18th
Fiorini Fiorini
Fremont Fremont
Santa Santa
Ames Ames
Smoke Smoke
Richvale Richvale
