1 2 3 4 5 6 11 12 13 14 19 20 21 22 27 28 29 30 35 36 37 38 43 44 45 46 51 52 53 54 59 60 61 62 67 68 69 70 75 76 77 78 83 84 85 86 91 92 93 94 99 100 101 102 107 108 109 110 115 116 117 118 123 124 125 126 131 132 133 134 139 140 141 142 147 148 149 150 155 156 157 158 163 164 165 166 171 172 173 174 179 180 181 182 187 188 189 190 195 196 197 198 199 200 1
100
2 2 
4 4 
5 5 
12 12 
13 13 
20 20 
21 21 
28 28 
29 29 
36 36 
37 37 
44 44 
45 45 
52 52 
53 53 
60 60 
61 61 
68 68 
69 69 
76 76 
77 77 
84 84 
85 85 
92 92 
93 93 
100 100 
101 101 
108 108 
109 109 
116 116 
117 117 
124 124 
125 125 
132 132 
133 133 
140 140 
141 141 
148 148 
149 149 
156 156 
157 157 
164 164 
165 165 
172 172 
173 173 
180 180 
181 181 
188 188 
189 189 
196 196 
197 197 
199 199 
6 7 
11 10 
14 15 
19 18 
22 23 
27 26 
30 31 
35 34 
38 39 
43 42 
46 47 
51 50 
54 55 
59 58 
62 63 
67 66 
70 71 
75 74 
78 79 
83 82 
86 87 
91 90 
94 95 
99 98 
102 103 
107 106 
110 111 
115 114 
118 119 
123 122 
126 127 
131 130 
134 135 
139 138 
142 143 
147 146 
150 151 
155 154 
158 159 
163 162 
166 167 
171 170 
174 175 
179 178 
182 183 
187 186 
190 191 
195 194 
