Soda BerkeleyWayWest Campanile Evans Kresge LawrenceHall Doe Soda BerkeleyWayWest BotanicalGardens BerkeleyWayWest Wheeler LeConte Wheeler DavisHall Moffit SouthHall Unit1 HilgardHall HearstMining Dwinelle HearstMining HilgardHall Unit1 HilgardHall Gilman HildebrandHall UniversityVillage HildebrandHall Gilman Cory Blackwell BancroftLibrary Unit2 DurantHall Blackwell Unit1 HesseHall Stern DavisHall Cory Gilman HildebrandHall UniversityVillage Doe GreekTheatre LawrenceHall Kresge Evans Campanile BerkeleyWayWest Soda Doe LawrenceHall MemorialStadium InternationalHouse AlumniHouse GiauqueHall Campbell Cory Blackwell BancroftLibrary Unit2 Etcheverry GiauqueHall Campbell Unit3 Campbell GiauqueHall Etcheverry LeConte Soda
23
BerkeleyWayWest BerkeleyWayWest 
Campanile Campanile 
Evans Evans BAMPFA 
LawrenceHall LawrenceHall 
Doe Doe 
Wheeler Wheeler 
LeConte LeConte Foothill 
Moffit Moffit 
SouthHall SouthHall 
Unit1 Unit1 
HearstMining HearstMining 
Dwinelle Dwinelle 
Gilman Gilman 
BancroftLibrary BancroftLibrary 
Unit2 Unit2 
DurantHall DurantHall 
Stern Stern 
GreekTheatre GreekTheatre 
InternationalHouse InternationalHouse 
Campbell Campbell 
Unit3 Unit3 
HildebrandHall CaliforniaHall 
UniversityVillage Bowles 
