Evans WursterHall Campbell Eshelman Marugame GreekTheatre SatherGate Doe Plentea StrawberryCreek HearstMining MulfordHall MemorialStadium HortonHall UniversityVillage HortonHall Doe SatherGate GreekTheatre Marugame Campanile Cornerstone ZellerbachHall Bowles LeConte Gongcha Morrisonhall Campbell Unit3 NorthHall SouthHall Moffit WursterHall Campbell Eshelman Marugame Campanile Cornerstone Firewings HilgardHall Bowles ZellerbachHall Cornerstone Firewings DurantHall Unit2 DurantHall Campbell Eshelman Marugame GreekTheatre StrawberryCreek Unit1 HAAS BAMPFA Barrows HortonHall UniversityVillage Yifang BerkeleyWayWest AlumniHouse ImmThai AshaTeaHouse ZellerbachHall Cornerstone BancroftLibrary LawrenceHall BancroftLibrary Cornerstone ZellerbachHall SatherGate GreekTheatre StrawberryCreek Unit1 HAAS BAMPFA Barrows Unit2 DurantHall Campbell Unit3 NorthHall Artichokes NorthHall VLSB HearstMining StrawberryCreek TripleRock Chipotle RSF Underhill Blackwell ImmThai AshaTeaHouse ZellerbachHall SatherGate Doe Plentea LatimerHall MLK Dwinelle Morrisonhall Campbell WursterHall Plentea Soda Artichokes Evans WursterHall KroeberHall Barrows BAMPFA HAAS Foothill Underhill Blackwell ImmThai AshaTeaHouse ZellerbachHall Bowles Unit3 Spats Unit3 Campbell Eshelman Marugame Gilman BotanicalGardens Gilman Marugame GreekTheatre SatherGate Doe HortonHall Doe SatherGate GreekTheatre Marugame Gilman DavisHall Gilman Marugame GreekTheatre StrawberryCreek MemorialGlade StrawberryCreek Plentea SutardjaDai Cornerstone WursterHall KroeberHall Bowles ZellerbachHall SatherGate Doe HortonHall LeConte Moffit HappyLemon HavilandHall VLSB NorthHall SouthHall Moffit WursterHall Plentea LatimerHall MLK Dwinelle Morrisonhall Campbell DurantHall Firewings HilgardHall Bowles KroeberHall WursterHall Evans
44
Campbell Campbell 
Eshelman Eshelman 
GreekTheatre GreekTheatre CanyonPool 
Doe Doe 
HearstMining HearstMining 
MemorialStadium MemorialStadium 
UniversityVillage UniversityVillage Wheeler 
Campanile Campanile 
ZellerbachHall ZellerbachHall 
Bowles Bowles 
LeConte LeConte 
Unit3 Unit3 
SouthHall SouthHall HesseHall 
Moffit Moffit 
HilgardHall HilgardHall 
DurantHall DurantHall 
Unit2 Unit2 Stern 
Unit1 Unit1 
HAAS HAAS 
BAMPFA BAMPFA 
Barrows Barrows 
BerkeleyWayWest BerkeleyWayWest 
AlumniHouse AlumniHouse 
BancroftLibrary BancroftLibrary 
LawrenceHall LawrenceHall 
VLSB VLSB 
RSF RSF 
Blackwell Blackwell 
MLK MLK HildebrandHall 
Dwinelle Dwinelle 
Soda Soda 
Foothill Foothill 
Gilman Gilman 
BotanicalGardens BotanicalGardens 
DavisHall DavisHall 
SutardjaDai SutardjaDai 
HavilandHall HavilandHall 
Marugame ThaiNoodle 
Firewings CaliforniaHall 
SatherGate GiauqueHall InternationalHouse 
Evans Cory 
Spats Boalt 
MemorialGlade Kresge 
KroeberHall Etcheverry 
