Ippudo Platano Soda HildebrandHall TPTea TennisCourts BerkeleyHigh Stern HortonHall Underhill SteamTrains KroeberHall HilgardHall Namaste StrawberryCreek Morganhall Jupiter LatimerHall Tilden GreekTheatre BagOCrab LewisHall SmokesPoutinerie Bowles Namaste StrawberryCreek Namaste Bowles HearstAnnex McDonalds HearstAnnex Pappys SuperDuperBurgers ThaiBasil BrandyMelville FireTrails TheHabit UCafe Bonchon Cinnaholic DavisHall NorthHall Yifang Chipotle LaBurrita HearstGym CaliforniaHall AshaTeaHouse Bowles HearstAnnex McDonalds ZellerbachHall Tzone Chipotle Wheeler Bonchon Cinnaholic Tilden LatimerHall Jupiter TopDog Jupiter Boalt SproulHall BerkeleyBart LaBurrita OptometryBuilding YogurtPark Ucha SouthHall Crossroads Dwinelle GrizzlyPeak AmoebaMusic SnackShack Artichokes MemorialStadium NoodleGirl Unit3 Underhill Homeroom LaNote Homeroom PokeBar Plentea ClarkKerr Gongcha Ikes DurantHall Ikes Fengcha UniversityVillage UCafe Flavia HearstGym Boalt Cory NatApartment HildebrandHall TPTea TennisCourts BerkeleyHigh TraderJoes YogurtPark GreatChina YogurtPark TraderJoes BerkeleyHigh TennisCourts StrawberryCreek Morganhall Jupiter Boalt SproulHall BerkeleyBart Barrows HeatCafe Kresge BSC ClarkKerr Stern BerkeleyHigh TennisCourts BobaNinja TToust Crossroads MLK SmokesPoutinerie LewisHall Cafe3 LeConte AmoebaMusic GrizzlyPeak FoxTheater GrizzlyPeak RSF Eshelman Unit3 Underhill HortonHall Stern BerkeleyHigh TraderJoes Gather Tilden HeatCafe Barrows AshaTeaHouse CaliforniaHall Gadani HalalGuys EndlessSweets Kips HesseHall ThaiBasil SuperDuperBurgers ThaiBasil SutardjaDai Rachas NatApartment BetaLounge Ikes Fengcha HavilandHall Evans Spats WursterHall HearstGym Flavia AndrewsApartment UrbanOutfitters AndrewsApartment Wheeler Bonchon Cinnaholic HortonHall Shengkee LowerSproul Artichokes BerkeleyWayWest HappyLemon BerkeleyBart LaBurrita HearstGym WursterHall Spats Evans DavisHall Cinnaholic HortonHall Stern ClarkKerr Gongcha Ikes DurantHall Yifang Chipotle HearstMining Flavia UCafe UniversityVillage TToust EndlessSweets Kips Foothill Milkbomb Ikea Eureka Campbell HearstMining Flavia SmokesPoutinerie LewisHall Cafe3 ThaiNoodle PeoplesPark Quicklys BerkeleyArtStudio Mezzo HAAS Chipotle Wheeler Bonchon Cinnaholic Bonchon HavilandHall Fengcha Ikes Eshelman Unit3 NoodleGirl Unit3 Underhill Homeroom TheHabit Ikea GiauqueHall Mezzo BerkeleyArtStudio Quicklys Firewings TopDog Jupiter Boalt Cory NatApartment HildebrandHall Soda Platano Gypsys EastAsianLibrary LittleCampanile BancroftLibrary Cheeseboard MemorialStadium Artichokes SnackShack AmoebaMusic LeConte AshaTeaHouse Bowles SmokesPoutinerie MLK Crossroads SouthHall Ucha YogurtPark Ucha Gilman GiauqueHall Ikea Milkbomb Ikea Eureka Ikes Gongcha ClarkKerr BSC Kresge AndrewsApartment Flavia HearstMining Campbell EastAsianLibrary Gypsys EastAsianLibrary Campbell MemorialGlade Namaste Bowles AshaTeaHouse Barrows BerkeleyBart BigC TenderGreens BigC BerkeleyBart LaBurrita Unit3 Eshelman SweetheartCafe Eshelman Namaste Bowles HearstAnnex Pappys SuperDuperBurgers Blackwell Milkbomb Ikea GiauqueHall Gilman Ucha YogurtPark LaVals YogurtPark OptometryBuilding LaBurrita Unit3 Underhill SteamTrains BotanicalGardens Milkbomb Foothill Kips EndlessSweets HalalGuys Gadani CaliforniaHall AshaTeaHouse LeConte Cafe3 LeConte AshaTeaHouse CaliforniaHall AshaTeaHouse LeConte Wikiwiki Underhill Homeroom Underhill Unit3 Eshelman RSF Cheeseboard BancroftLibrary TennisCourts TPTea Campanile LeConte Cafe3 ExtremePizza LaNote Toss Etcheverry Marugame Gadani Rachas LiKaShing Crossroads TToust UniversityVillage Fengcha Ikes SweetheartCafe Eshelman Unit3 LaBurrita Chipotle Wheeler Bonchon Cinnaholic DavisHall Evans Spats Evans DavisHall TukTukThai Venus TukTukThai BSC Kresge HeatCafe Tilden LatimerHall Jupiter CVS Wikiwiki LeConte AmoebaMusic GrizzlyPeak RSF Eshelman Unit3 LaBurrita Chipotle Wheeler AndrewsApartment Kresge HeatCafe SaturnCafe BerkeleyArtStudio Mezzo HAAS Chipotle HearstMining Flavia SmokesPoutinerie LiKaShing BanshoRamen Raretea FoxTheater GrizzlyPeak RSF Cheeseboard BancroftLibrary TennisCourts StrawberryCreek Namaste EastBaySpiceCompany HesseHall Kips HesseHall EastBaySpiceCompany GSPP Wheeler AndrewsApartment UrbanOutfitters Cornerstone Campanile TPTea HildebrandHall Soda Platano Ippudo
93
Platano Platano 
TPTea TPTea 
HortonHall HortonHall 
Underhill Underhill 
KroeberHall KroeberHall 
Namaste Namaste 
StrawberryCreek StrawberryCreek 
Morganhall Morganhall 
Jupiter Jupiter 
LatimerHall LatimerHall 
LewisHall LewisHall 
SmokesPoutinerie SmokesPoutinerie TheDwight 
McDonalds McDonalds Morrisonhall 
Pappys Pappys 
SuperDuperBurgers SuperDuperBurgers 
ThaiBasil ThaiBasil 
TheHabit TheHabit 
UCafe UCafe 
Bonchon Bonchon 
NorthHall NorthHall 
Yifang Yifang 
Chipotle Chipotle 
LaBurrita LaBurrita 
AshaTeaHouse AshaTeaHouse 
Wheeler Wheeler 
TopDog TopDog 
SproulHall SproulHall 
OptometryBuilding OptometryBuilding 
Ucha Ucha 
Crossroads Crossroads 
GrizzlyPeak GrizzlyPeak 
AmoebaMusic AmoebaMusic 
SnackShack SnackShack 
Artichokes Artichokes 
Homeroom Homeroom 
LaNote LaNote TacoBell 
PokeBar PokeBar 
Plentea Plentea 
ClarkKerr ClarkKerr 
Gongcha Gongcha 
Ikes Ikes 
Fengcha Fengcha 
TraderJoes TraderJoes 
GreatChina GreatChina SatherGate 
BSC BSC 
BobaNinja BobaNinja 
Cafe3 Cafe3 
Gather Gather 
Gadani Gadani 
HalalGuys HalalGuys 
Kips Kips Muraccis 
Rachas Rachas 
BetaLounge BetaLounge 
Spats Spats 
WursterHall WursterHall 
AndrewsApartment AndrewsApartment 
UrbanOutfitters UrbanOutfitters 
Shengkee Shengkee 
LowerSproul LowerSproul 
HappyLemon HappyLemon 
Milkbomb Milkbomb 
Eureka Eureka 
ThaiNoodle ThaiNoodle 
Quicklys Quicklys 
BerkeleyArtStudio BerkeleyArtStudio 
Mezzo Mezzo 
Firewings Firewings 
Gypsys Gypsys 
EastAsianLibrary EastAsianLibrary 
LittleCampanile LittleCampanile 
Cheeseboard Cheeseboard 
MemorialGlade MemorialGlade 
BigC BigC 
TenderGreens TenderGreens 
SweetheartCafe SweetheartCafe PeoplesCafe 
Wikiwiki Wikiwiki 
ExtremePizza ExtremePizza 
Marugame Marugame 
TukTukThai TukTukThai 
Venus Venus 
SaturnCafe SaturnCafe 
BanshoRamen BanshoRamen 
Raretea Raretea 
EastBaySpiceCompany EastBaySpiceCompany 
Cornerstone Cornerstone 
FireTrails MulfordHall 
Barrows Safeway 
Cinnaholic TripleRock Slivers 
TToust ImmThai 
NoodleGirl Teazone 
LaVals Target 
SteamTrains JambaJuice 
Campanile ChezPanisse 
