Horse0 Shower11 Allergies3 Websites81 Running77 Horse55 Toilet1 Monster39 Websites17 Post2 Male84 Monster71 Ring45 Horse0 Solar58 Plus62 Post2 Kitty14 Printer53 Ice10 Toilet20 Towel37 Bird82 Dislike51 Toilet1 BBQ86 Book41 Ring6 Water52 Allergies3 Leash68 Allergies4 Shower15 Water66 Breakfast19 Shelf7 Ring97 Cat13 Floppy63 Flowers98 Allergies3 Horse0 Soda57 Allergies4 Ice38 Settings5 Whale22 Towel16 Robot9 Whale59 Horse0 Ice30 Bird93 Poop8 Prints23 Breakfast74 Towel35 Post2 Comics49 Settings5 Post61 Horse0 Rollers48 Allergies4 Mail88 Allergies3 Horse0
50
Horse0 Horse0 
Shower11 Shower11 
Allergies3 Allergies3 
Websites81 Websites81 
Running77 Running77 
Horse55 Horse55 
Monster39 Monster39 
Websites17 Websites17 
Male84 Male84 
Monster71 Monster71 
Ring45 Ring45 
Solar58 Solar58 
Plus62 Plus62 
Kitty14 Kitty14 
Printer53 Printer53 
Ice10 Ice10 
Toilet20 Toilet20 
Towel37 Towel37 
Bird82 Bird82 
Dislike51 Dislike51 
BBQ86 BBQ86 
Book41 Book41 
Water52 Water52 
Leash68 Leash68 
Allergies4 Allergies4 
Shower15 Shower15 
Water66 Water66 
Breakfast19 Breakfast19 
Ring97 Ring97 
Cat13 Cat13 
Floppy63 Floppy63 
Flowers98 Flowers98 
Soda57 Soda57 
Ice38 Ice38 
Settings5 Settings5 
Whale22 Whale22 
Towel16 Towel16 
Robot9 Robot9 
Whale59 Whale59 
Ice30 Ice30 
Bird93 Bird93 
Prints23 Prints23 
Breakfast74 Breakfast74 
Towel35 Towel35 
Comics49 Comics49 
Post61 Post61 
Rollers48 Rollers48 
Mail88 Mail88 
Toilet1 Rollers34 
Poop8 Shelf25 
