Shower0 Toilet45 Mail41 Shower0 Ring33 YouTube4 Elevator35 Prints25 Sink37 Light1 Laptop22 Puppy19 Toilet12 Robot49 Printer11 Nuclear43 Websites15 Ice42 Cat44 Light1 Android27 Monster32 Shower9 Toilet26 Video10 Crab16 Cone13 BBQ36 Ice30 Light1 BBQ38 Allergies7 Towel2 Plants3 Shower0
25
Toilet45 Toilet45 
Mail41 Mail41 
Ring33 Ring33 
YouTube4 YouTube4 
Elevator35 Elevator35 
Prints25 Prints25 
Sink37 Sink37 
Light1 Light1 
Laptop22 Laptop22 
Puppy19 Puppy19 
Robot49 Robot49 
Nuclear43 Nuclear43 
Ice42 Ice42 
Cat44 Cat44 
Android27 Android27 
Monster32 Monster32 
Toilet26 Toilet26 
Crab16 Crab16 
Cone13 Cone13 
BBQ36 BBQ36 
Ice30 Ice30 
BBQ38 BBQ38 
Allergies7 Allergies7 
Plants3 Plants3 
Shower0 Soda18 
