Shelf0 Websites4 Crab83 Boat67 Horse148 Shelf0 Kitty194 Laptop1 Drugs39 Sink109 Shelf40 Laptop1 Leash77 Laptop125 Laptop1 Toolbox146 Ice9 Clock2 Light30 Laptop1 Soap58 Towel154 Websites4 Plants118 Settings75 Kitty89 Body55 Soap3 Water135 Shower47 Shelf0 Dislike12 Dog168 Mail6 BBQ36 Clock2 Urine124 Dislike12 Nuclear35 Rollers14 Mail22 Allergies103 Dislike143 Ice41 Soap3 Monster73 Laptop1 Puppy117 Shelf0 Whale126 Solar130 Soda119 Shelf0 Printer188 Poop5 Rollers95 Clock2 Water29 Robot51 Mail6 Poop150 Drugs195 Laptop19 Mail6 Toolbox72 Clock2 Hnads116 Nuclear18 Clock2 Soap64 Soap3 Robot164 Poop5 Soda197 Shelf0 Dog181 Clock139 Websites4 Toolbox153 Mail6 Water38 Dislike27 System156 Puppy140 Laptop1 Poop80 Solar162 Allergies176 Laptop1 Plus78 Shelf0 Ice165 Laptop1 Mail6 Whale137 Rollers14 Laptop1 Book24 Urine97 Fusion104 Flowers178 Shoe17 Urine20 Laptop1 Book171 Shelf0 Solar71 Soap3 System183 Ring82 Shelf0 Poop76 Clock61 Poop5 Shoes8 Mail6 Male149 Laptop1 Android196 Hnads182 Laptop1 Fusion34 Whale114 Websites4 Towel92 Poop5 Toilet13 Website190 Breakfast85 Websites4 Shelf0 Comics107 System79 Shelf0
91
Shelf0 Shelf0 Post158 Robot93 Shower57 Kitty98 
Websites4 Websites4 
Crab83 Crab83 
Boat67 Boat67 
Horse148 Horse148 
Kitty194 Kitty194 
Drugs39 Drugs39 
Sink109 Sink109 
Shelf40 Shelf40 
Leash77 Leash77 
Laptop125 Laptop125 
Toolbox146 Toolbox146 
Ice9 Ice9 
Clock2 Clock2 Shoe174 
Light30 Light30 
Soap58 Soap58 
Towel154 Towel154 
Plants118 Plants118 
Settings75 Settings75 
Kitty89 Kitty89 
Body55 Body55 
Water135 Water135 
Shower47 Shower47 
Dislike12 Dislike12 
Dog168 Dog168 
Mail6 Mail6 Ring169 
BBQ36 BBQ36 
Urine124 Urine124 
Nuclear35 Nuclear35 
Rollers14 Rollers14 
Mail22 Mail22 
Allergies103 Allergies103 
Dislike143 Dislike143 
Ice41 Ice41 
Monster73 Monster73 
Puppy117 Puppy117 
Whale126 Whale126 
Solar130 Solar130 
Soda119 Soda119 
Printer188 Printer188 
Rollers95 Rollers95 
Water29 Water29 
Robot51 Robot51 
Poop150 Poop150 
Drugs195 Drugs195 
Laptop19 Laptop19 
Toolbox72 Toolbox72 
Hnads116 Hnads116 
Nuclear18 Nuclear18 
Soap64 Soap64 
Robot164 Robot164 
Soda197 Soda197 
Dog181 Dog181 
Clock139 Clock139 
Toolbox153 Toolbox153 
Water38 Water38 
Dislike27 Dislike27 
System156 System156 
Puppy140 Puppy140 
Poop80 Poop80 
Solar162 Solar162 
Allergies176 Allergies176 
Plus78 Plus78 
Ice165 Ice165 
Whale137 Whale137 
Book24 Book24 
Urine97 Urine97 
Fusion104 Fusion104 
Flowers178 Flowers178 
Shoe17 Shoe17 
Urine20 Urine20 
Book171 Book171 
Solar71 Solar71 
System183 System183 
Ring82 Ring82 
Poop76 Poop76 
Clock61 Clock61 
Shoes8 Shoes8 
Male149 Male149 
Android196 Android196 
Hnads182 Hnads182 
Fusion34 Fusion34 
Whale114 Whale114 
Towel92 Towel92 
Toilet13 Toilet13 
Website190 Website190 
Breakfast85 Breakfast85 
Comics107 Comics107 
System79 System79 
Laptop1 Solar192 Cat187 Cat15 Allergies88 
Soap3 Monster175 
