S A S B C D C B S A E F E J O W G 3 H 5 I 1 V N M 8 K J K 2 X 3 L 3 X 2 K 8 M N M 8 K J O J E F P F E J O W G 7 12 17 Q 17 18 19 20 R 16 11 I 1 V 6 T 8 P 4 U N V 6 T 2 O W X 10 Z 5 Y 5 Z 1 I B2 C2 D2 E2 F2 K2 P2 V2 49 53 A2 53 49 V2 P2 K2 F2 E2 D2 C2 B2 C2 D2 E2 F2 E2 D2 C2 B2 G2 H2 I2 J2 K2 J2 I2 H2 G2 L2 M2 N2 O2 P2 O2 N2 M2 L2 Q2 R2 T2 U2 V2 U2 T2 R2 Q2 R 20 W2 X2 Y2 Z2 48 A3 B3 52 Z3 55 60 66 80 W3 C3 D3 X3 81 67 61 60 59 U3 58 P3 F3 E3 F3 E3 J3 O3 77 G3 91 H3 92 93 94 C3 D3 I3 D3 X3 81 67 66 65 N3 M3 64 K3 J3 K3 70 76 91 L3 91 76 70 K3 64 M3 N3 M3 64 K3 J3 O3 J3 E3 F3 P3 128 51 50 Q3 50 51 72 73 74 Z3 55 60 66 80 W3 C3 107 105 R3 T3 104 I3 D3 X3 81 67 61 60 59 U3 N3 V3 79 80 W3 X3 Y3 82 68 62 57 B3 52 Z3 Z2 R2 M2 H2 C2 B2 I 1 V N U D C B S
75
A A
B B
C C
D D
E E
F F
J J
O O
W W
G G
H H
I I
V V
N N
M M
K K
X X
L L
P P
Q Q
R R
T T
U U
Z Z
Y Y
B2 B2
C2 C2
D2 D2
E2 E2
F2 F2
K2 K2
P2 P2
V2 V2
A2 A2
G2 G2
H2 H2
I2 I2
J2 J2
L2 L2
M2 M2
N2 N2
O2 O2
Q2 Q2
R2 R2
T2 T2
U2 U2
W2 W2
X2 X2
Y2 Y2
Z2 Z2
A3 A3
B3 B3
Z3 Z3
W3 W3
C3 C3
D3 D3
X3 X3
U3 U3
P3 P3
F3 F3
E3 E3
J3 J3
O3 O3
G3 G3
H3 H3
I3 I3
N3 N3
M3 M3
K3 K3
L3 L3
Q3 Q3
R3 R3
T3 T3
V3 V3
Y3 Y3
