0 3 8 3 9 12 4 14 15 16 18 1 19 20 28 29 35 0 38 39 43 45 0 48 49 50 51 52 53 54 58 59 0 62 0 66 67 3 71 72 1 76 78 80 82 0 84 85 86 87 88 89 90 91 92 93 94 95 96 97 98 99 98 97 96 95 94 93 92 91 90 89 88 87 86 85 0
50
0 0
8 8
9 9
12 12
14 14
15 15
16 16
18 18
19 19
20 20
28 28
29 29
35 35
38 38
39 39
43 43
45 45
48 48
49 49
50 50
51 51
52 52
53 53
54 54
58 58
59 59
62 62
66 66
67 67
71 71
72 72
76 76
78 78
80 80
82 82
84 84
86 86
87 87
88 88
89 89
90 90
91 91
92 92
93 93
94 94
95 95
96 96
97 97
98 98
99 99
