Aberdeen Reno Hampton Lowell SaltLakeCity Scranton Gainesville Austin Hampton Tuscaloosa Hampton Lowell WestValleyCity Henderson Chattanooga Reno Chattanooga SaltLakeCity Norwalk Racine Montgomery Hampton Hartford SanBernardino Modesto Reno SouthLyon Reno Hampton Austin Gainesville Montgomery Redding StPetersburg Henderson Marina Bremerton Olathe Springdale Reno Aberdeen
20
Reno Reno 
Hampton Hampton Pensacola Newburgh 
Lowell Lowell 
SaltLakeCity SaltLakeCity 
Gainesville Gainesville 
Austin Austin 
Tuscaloosa Tuscaloosa Winston 
WestValleyCity WestValleyCity 
Henderson Henderson 
Chattanooga Chattanooga Lewisville 
Racine Racine 
Montgomery Montgomery 
SanBernardino SanBernardino 
Modesto Modesto 
SouthLyon SouthLyon 
StPetersburg StPetersburg 
Marina Marina 
Springdale Springdale 
Norwalk Miramar 
Redding SanAntonio GreenBay 
