Hayward Brighton SiouxCity PuntaGorda BatonRouge Eugene Roseville Cincinnati DalyCity Barnstable ThousandOaks Anchorage Minneapolis PalmBay Hagerstown PuntaGorda Tucson Utica Anchorage Charlotte Pueblo GrandRapids Burlington Albuquerque Oxnard PembrokePines Laredo Roseville Cincinnati NewportNews Marina Barnstable ThousandOaks Anchorage Fresno JohnsonCity HavredeGrace PuntaGorda Modesto Greenville Plano BatonRouge Eugene Torrance Melbourne Racine Bakersfield Cambridge Nashua RoundLakeBeach Barnstable Marina Hialeah Newburgh Waterbury York HavredeGrace Burlington ElPaso Charlotte Anchorage OverlandPark Stamford Marysville Omaha Topeka Downey Huntsville Deltona Tucson ThousandOaks Barnstable Marina Frederick Downey Salem SantaBarbara LasVegas Burlington Downey Eugene HuntingtonBeach Hagerstown PuntaGorda SiouxCity Birmingham Fargo SanBuenaventura Norwich Anchorage Mesquite Anchorage Medford Flint Elkhart McAllen NewBedford Orem Lubbock Pueblo Waterbury PembrokePines Layton SanBuenaventura Lorain Fullerton Youngstown Bethlehem Huntsville SterlingHeights NorthLasVegas SanBernardino Norwalk StLouis Salinas Portsmouth GrandRapids Pueblo Waterbury Frederick Downey Eugene Tyler Arvada Elkhart Brighton Oxnard SanBuenaventura Hemet Fairfield Scranton Arvada SouthBend Fresno Topeka Hialeah Waterbury York LasCruces LakeCharles HuntingtonBeach Bloomington LasVegas Stamford VeroBeach SantaAna Paterson RichmondCounty GrandRapids SaintPaul Duluth Elkhart Modesto Hartford Pittsburgh Henderson NewYorkCity HuntingtonBeach Harrisburg Huntsville Bethlehem Orem Lacey PortArthur ElPaso Burlington LasVegas Stamford OverlandPark Trenton Vancouver GrandRapids RichmondCounty BoiseCity Detroit Duluth Fullerton Roseville Hialeah Topeka Warren York NewYorkCity Omaha Marysville Torrance Fresno GreenBay Lafayette Bakersfield Racine SantaClarita Monroe SiouxCity Louisville Kissimmee Victorville ElPaso PortArthur Reno SantaClara Aberdeen Marina Kissimmee Huntsville CapeCoral Tacoma Newark Fairfield Marysville Torrance Eugene Downey Hartford Modesto Greenville Plano Hagerstown HuntingtonBeach Bloomington CapeCoral Tacoma Kalamazoo RoundLakeBeach Lorain NewBedford OverlandPark Carrollton SiouxFalls RichmondCounty Seaside Elkhart SterlingHeights Eugene Anaheim SanBuenaventura Layton Columbia SaintPaul Lexington Deltona York LasCruces LakeCharles Spartanburg Norwich Lorain Scottsdale Harrisburg SimiValley SanBernardino Mobile Detroit SouthBend Melbourne Racine PortArthur Reno Medford Hayward
95
PuntaGorda PuntaGorda 
Eugene Eugene Boise 
Cincinnati Cincinnati 
Barnstable Barnstable 
ThousandOaks ThousandOaks 
Anchorage Anchorage 
PalmBay PalmBay 
Hagerstown Hagerstown 
Tucson Tucson 
Utica Utica 
Charlotte Charlotte 
Pueblo Pueblo 
GrandRapids GrandRapids 
Burlington Burlington 
Albuquerque Albuquerque 
Oxnard Oxnard 
Laredo Laredo 
NewportNews NewportNews 
Marina Marina 
Fresno Fresno 
JohnsonCity JohnsonCity 
HavredeGrace HavredeGrace 
Modesto Modesto 
Greenville Greenville 
Plano Plano 
Torrance Torrance 
Melbourne Melbourne 
Racine Racine 
Bakersfield Bakersfield 
Nashua Nashua 
RoundLakeBeach RoundLakeBeach 
Hialeah Hialeah Harlingen 
Newburgh Newburgh 
Waterbury Waterbury CorpusChristi 
York York 
ElPaso ElPaso 
OverlandPark OverlandPark Savannah 
Stamford Stamford Columbus 
Marysville Marysville 
Omaha Omaha 
Topeka Topeka 
Downey Downey 
Huntsville Huntsville 
Deltona Deltona 
Frederick Frederick 
Salem Salem 
LasVegas LasVegas 
HuntingtonBeach HuntingtonBeach 
Birmingham Birmingham 
SanBuenaventura SanBuenaventura 
Norwich Norwich 
Mesquite Mesquite 
Flint Flint 
Elkhart Elkhart 
McAllen McAllen 
NewBedford NewBedford 
Lubbock Lubbock 
Layton Layton 
Fullerton Fullerton 
Bethlehem Bethlehem 
NorthLasVegas NorthLasVegas 
StLouis StLouis 
Tyler Tyler 
Arvada Arvada 
Hemet Hemet 
Scranton Scranton 
LakeCharles LakeCharles 
Bloomington Bloomington 
RichmondCounty RichmondCounty 
SaintPaul SaintPaul 
Duluth Duluth 
Hartford Hartford 
Henderson Henderson 
NewYorkCity NewYorkCity 
Lacey Lacey 
Vancouver Vancouver 
Detroit Detroit 
GreenBay GreenBay 
Monroe Monroe 
Louisville Louisville 
Kissimmee Kissimmee 
SantaClara SantaClara 
Aberdeen Aberdeen 
CapeCoral CapeCoral 
Newark Newark 
Kalamazoo Kalamazoo 
SiouxFalls SiouxFalls 
Anaheim Anaheim 
Spartanburg Spartanburg 
Scottsdale Scottsdale 
Mobile Mobile 
SantaAna Olympia 
Warren CathedralCity 
SterlingHeights Champaign 
Reno Ogden 
