Hayward Asheville ThousandOaks Lafayette PuntaGorda Kennewick Tyler Hickory Montgomery ThousandOaks Asheville McHenry PalmBay Tucson SaintLouis Medford Barnstable Springdale Waterloo Yonkers Huntsville Burbank Newark McHenry PalmBay SaintLouis Harlingen RichmondCounty Charlotte BelAir Milwaukee Omaha Topeka Springdale Victorville Deltona Charlotte PanamaCity Houston Danbury Burbank Abilene CedarRapids Asheville Norman Allentown McAllen BelAir Monroe Chicago Burbank Abilene GrandRapids SaintLouis BelAir Aurora NewBedford Waco CedarRapids Burbank Newark LakeCharles Washington Tucson Bradenton Harlingen RichmondCounty Milwaukee SantaCruz Tucson PalmBay Modesto CedarRapids Memphis Monroe HuntingtonBeach York NewYorkCity Wilmington Winston Murrieta Winston Memphis Monroe BelAir Aurora BelAir Allentown BelAir McAllen Atlanta Yonkers Waterloo Durham Bloomington Newark McHenry Torrance Sebastian Atlanta Memphis Monroe Hickory Kennewick NewYorkCity Newark Bloomington Durham Waterloo Reading NewBedford SimiValley SaintPaul Bradenton Huntsville York Charlotte Hickory Monroe Milwaukee Waco NewOrleans Waterloo Yonkers Murfreesboro Hampton BelAir SantaClara Hayward
49
Asheville Asheville 
ThousandOaks ThousandOaks 
PuntaGorda PuntaGorda 
Kennewick Kennewick 
Tyler Tyler 
Hickory Hickory 
McHenry McHenry 
PalmBay PalmBay 
Tucson Tucson 
Barnstable Barnstable 
Springdale Springdale 
Waterloo Waterloo 
Yonkers Yonkers 
Huntsville Huntsville 
Burbank Burbank 
Newark Newark 
Harlingen Harlingen 
RichmondCounty RichmondCounty 
Charlotte Charlotte 
BelAir BelAir 
Omaha Omaha 
Topeka Topeka 
Deltona Deltona 
Danbury Danbury 
CedarRapids CedarRapids 
McAllen McAllen 
Monroe Monroe 
Chicago Chicago 
GrandRapids GrandRapids 
Aurora Aurora Bakersfield 
NewBedford NewBedford 
Waco Waco 
LakeCharles LakeCharles 
Bradenton Bradenton 
SantaCruz SantaCruz 
Modesto Modesto 
Memphis Memphis 
HuntingtonBeach HuntingtonBeach 
York York 
NewYorkCity NewYorkCity 
Atlanta Atlanta 
Durham Durham 
Bloomington Bloomington 
Torrance Torrance 
SaintPaul SaintPaul 
Hampton Hampton 
SantaClara SantaClara 
Abilene Downey 
Murrieta Tampa 
