AndyandZeyu g h i j c AndyandZeyu f0 g0 b0 h0 i0 AndyandZeyu AndyandZeyu1 f1 g1 h1 i1 j1 AndyandZeyu f2 h2 i2 c2 j2 AndyandZeyu f3 g3 h3 i3 AndyandZeyu f4 g4 h4 i4 b4 AndyandZeyu b5 j4 f5 AndyandZeyu5 g5 h5 AndyandZeyu j5 f6 g6 h6 i6 AndyandZeyu AndyandZeyu7 f7 e7 g7 h7 b7 i7 AndyandZeyu AndyandZeyu8 j7 f8 g8 AndyandZeyu8 h8 i8 AndyandZeyu
45
g g 
h h 
i i 
j j 
f0 f0 
g0 g0 
h0 h0 
i0 i0 
f1 f1 
g1 g1 
h1 h1 
i1 i1 
j1 j1 
f2 f2 g2 
h2 h2 
i2 i2 
j2 j2 
f3 f3 
g3 g3 
h3 h3 
i3 i3 
f4 f4 
g4 g4 
h4 h4 
i4 i4 
j4 j4 
f5 f5 
g5 g5 
h5 h5 
j5 j5 
f6 f6 
g6 g6 
h6 h6 
i6 i6 
f7 f7 
g7 g7 
h7 h7 
i7 i7 
j7 j7 
f8 f8 
g8 g8 
h8 h8 
i8 i8 
AndyandZeyu j0 j8 f j3 i5 
AndyandZeyu7 j6 
