3efbbd 2b7733 9fb27b 909532 d36b6f 98b7f9 1cb432 8037ff 6d8fd3 526e97 1cb432 8216e5 9e3235 bfdfca ab3e86 fc6ab6 c1e4b0 d1ae8e 22c398 1cb432 1efe0a 194181 aeb965 e43f08 c1e4b0 2a53b1 e17800 d1ae8e 1aef1d c1e4b0 de59c9 1e3f90 390b11 e43f08 2b7733 525361 d36b6f 3efbbd
24
2b7733 2b7733 
9fb27b 9fb27b 
909532 909532 
d36b6f d36b6f 
98b7f9 98b7f9 
8037ff 8037ff 
526e97 526e97 
8216e5 8216e5 
9e3235 9e3235 
bfdfca bfdfca 
fc6ab6 fc6ab6 
c1e4b0 c1e4b0 ef9cce 
d1ae8e d1ae8e 
22c398 22c398 
1efe0a 1efe0a 
aeb965 aeb965 
2a53b1 2a53b1 
e17800 e17800 
1aef1d 1aef1d 
de59c9 de59c9 
1e3f90 1e3f90 
390b11 390b11 
525361 525361 
1cb432 ff448b 
