0 1 19 21 27 26 25 24 20 28 29 30 31 21 32 37 38 39 40 41 51 43 42 32 46 47 48 49 50 51 52 62 63 62 66 67 68 69 73 74 82 74 88 89 98 99 90 103 102 101 100 89 104 108 109 110 111 112 121 122 123 124 125 128 129 130 137 138 140 141 142 143 144 139 147 151 152 153 154 155 156 157 173 174 189 190 197 198 191 199 0
32
25 25 
30 30 
40 40 
42 42 
48 48 
67 67 
99 99 
101 101 
108 108 
124 124 
130 130 
142 142 
154 154 
198 198 
1 2 7 17 15 4 
21 23 
32 44 33 
52 53 54 56 
63 64 
73 72 
74 86 87 76 
82 83 
89 94 91 
104 105 
112 114 120 
128 127 
137 136 
139 146 
147 148 
157 158 172 163 168 
174 186 182 178 176 
190 192 194 
