MHnVCXOJJwOI SJPfUQrbAbqM svpVoYHpEpjH PCNGxUSnzrYJ JCPkGQQBkgge AZrILCuGwbtV SPoMbAzxrqrj KKNtdnAHmUpc jmWqilJNXyuV SJPfUQrbAbqM MlFqcqjWiUdI oClepMbylsqk phTlHtTwrYOU YfpLHnDpSXzc NkzUoyRYPnbb FhVNapbaoZOZ bVDkAfQbeTmx ilCjMogPnNTK crcFIKqbaYTC RWoTZCNhceUR DGewetxtXjTj NmmqQKqzdERM UvfnFwkwYqFk GLfJulJDWdHA YbGvPudTcbyh SJPfUQrbAbqM cXYRsTNMJDHO ltlOmMSvjmIL GoPPViXuIoMW SJPfUQrbAbqM MHnVCXOJJwOI
25
SJPfUQrbAbqM SJPfUQrbAbqM
svpVoYHpEpjH svpVoYHpEpjH
PCNGxUSnzrYJ PCNGxUSnzrYJ
JCPkGQQBkgge JCPkGQQBkgge
AZrILCuGwbtV AZrILCuGwbtV
SPoMbAzxrqrj SPoMbAzxrqrj
KKNtdnAHmUpc KKNtdnAHmUpc
jmWqilJNXyuV jmWqilJNXyuV
MlFqcqjWiUdI MlFqcqjWiUdI
oClepMbylsqk oClepMbylsqk
phTlHtTwrYOU phTlHtTwrYOU
YfpLHnDpSXzc YfpLHnDpSXzc
NkzUoyRYPnbb NkzUoyRYPnbb
FhVNapbaoZOZ FhVNapbaoZOZ
bVDkAfQbeTmx bVDkAfQbeTmx
ilCjMogPnNTK ilCjMogPnNTK
crcFIKqbaYTC crcFIKqbaYTC
RWoTZCNhceUR RWoTZCNhceUR
NmmqQKqzdERM NmmqQKqzdERM
UvfnFwkwYqFk UvfnFwkwYqFk
GLfJulJDWdHA GLfJulJDWdHA
YbGvPudTcbyh YbGvPudTcbyh
cXYRsTNMJDHO cXYRsTNMJDHO
ltlOmMSvjmIL ltlOmMSvjmIL
GoPPViXuIoMW GoPPViXuIoMW
