IvOdahrtFwzZ qxhFFIUEfnzV jXOmYlZmvqnI touUfboeiIya fiHhqLtPfdZy ZPYnROAizafx zypYDSZfKAvD UGahWpWtmUQn PFpQuVVRxbvV WsLfQLsirtHk WRiugWLCujBI ybLCwZqVZKud RGYiIUdVAiVL NxxrxPgsnMqG vkOqMvrCUWYf PKHkuTHeRXhO ppfBOAvWYXyJ cQFNlImsTWTM ubtvaUeVUfmV QDhUZstsJKtV fiHhqLtPfdZy IQvKLYGCcCbd nlzJUuBrsbXD gkTmCiZxFrJw zOkfhFVfOKVi ijfgIidkipEb GvyjKkGcUdcI TglqUXfjbefC HEwqlaeMfSzl EwXugPkGUVkm gXcuqckdTdIP XwPJYwaGcHxO SKbQkQUhqQEt WUqhotrexTBp WHSGrQQrrotE fiHhqLtPfdZy TZmWJenJbEsV evRMhyiHKGXv lznMKRYSMheH ZPYnROAizafx zcAOlsVDUDkc IfTQNEFsiTgr oKIKkmsSWzmH nschEYWjrAsr sFSBpaJxLpBT ZPYnROAizafx RQBxIsRWzmfl jXgKDXnEJsra ZPYnROAizafx xXoCKkdkKAne ZPYnROAizafx lRgeGnDJBtMa qFGlIHDqKyPA ZPYnROAizafx fblrDraNAUxK WnABnktZDxMx ZPYnROAizafx AoaIXEzdsCrm EOKLHvbbCToE cpNycWVdmzHJ ocysUjOwnenm yHOsEGOhjOLt UYTxhnOtiPHB nKmMbiEuiffc ZPYnROAizafx ctZWqndwhbJm TTwdgXpOLyxF mvdksSctoMVi yVSfaizVeLPT ypApeqMQPnQA NMSHhfMtAJZb ZPYnROAizafx hLCSOZLNEdhX qlMzHEurfTvO JpwDMOwQmqOp gJMLzBkWmUoV ZPYnROAizafx wXjNgGRCXYRl HVwGkspnDHbf fiHhqLtPfdZy hPSXtHMMyKAK sTgUExIipvWV mgKEFEWheOqk YGzazHdyrGCd IcNVObbuvzWY QxNjgiXciQma uzYTzVwixczQ quZcTYtpBjSn zCWezcJmUGqs YvLRANdegrdA ZPYnROAizafx WWtfhwMSzfGW fiHhqLtPfdZy nyTRNDRCsANl KtoZVrQmJWki LNoKVqXhLEzn ZPYnROAizafx fiHhqLtPfdZy AQgpWBullbIi fiHhqLtPfdZy AhJBAeSEuUkL QFfSmYtuSTPl tARvBeqQDqSY ZPYnROAizafx pjemGRILnFei ZPYnROAizafx EKWhDcEeEkGK yFQWQWtUUMle JNoAmCxHcsYw aXlcDzbXwAJW oOIjuHJcVRiV mZUBOQTZyXOM cRekprdsHHWw FkNlSGMBOUbz fiHhqLtPfdZy wHeDieHMYzAK dXlgwkdKhUmB OIjApACwnyqG LlIlpKJAPkkQ nxbMBCPhfQij fiHhqLtPfdZy aSpDrTbKBytW QZQElPdcHxru fiHhqLtPfdZy DiKlonktcqTP IvOdahrtFwzZ
100
qxhFFIUEfnzV qxhFFIUEfnzV
jXOmYlZmvqnI jXOmYlZmvqnI
touUfboeiIya touUfboeiIya
fiHhqLtPfdZy fiHhqLtPfdZy
ZPYnROAizafx ZPYnROAizafx
zypYDSZfKAvD zypYDSZfKAvD
UGahWpWtmUQn UGahWpWtmUQn
PFpQuVVRxbvV PFpQuVVRxbvV
WsLfQLsirtHk WsLfQLsirtHk
WRiugWLCujBI WRiugWLCujBI
ybLCwZqVZKud ybLCwZqVZKud
RGYiIUdVAiVL RGYiIUdVAiVL
NxxrxPgsnMqG NxxrxPgsnMqG
vkOqMvrCUWYf vkOqMvrCUWYf
PKHkuTHeRXhO PKHkuTHeRXhO
ppfBOAvWYXyJ ppfBOAvWYXyJ
cQFNlImsTWTM cQFNlImsTWTM
ubtvaUeVUfmV ubtvaUeVUfmV
QDhUZstsJKtV QDhUZstsJKtV
IQvKLYGCcCbd IQvKLYGCcCbd
nlzJUuBrsbXD nlzJUuBrsbXD
gkTmCiZxFrJw gkTmCiZxFrJw
zOkfhFVfOKVi zOkfhFVfOKVi
GvyjKkGcUdcI GvyjKkGcUdcI
TglqUXfjbefC TglqUXfjbefC
HEwqlaeMfSzl HEwqlaeMfSzl
EwXugPkGUVkm EwXugPkGUVkm
gXcuqckdTdIP gXcuqckdTdIP
XwPJYwaGcHxO XwPJYwaGcHxO
SKbQkQUhqQEt SKbQkQUhqQEt
WUqhotrexTBp WUqhotrexTBp
WHSGrQQrrotE WHSGrQQrrotE
TZmWJenJbEsV TZmWJenJbEsV
evRMhyiHKGXv evRMhyiHKGXv
lznMKRYSMheH lznMKRYSMheH
zcAOlsVDUDkc zcAOlsVDUDkc
IfTQNEFsiTgr IfTQNEFsiTgr
oKIKkmsSWzmH oKIKkmsSWzmH
nschEYWjrAsr nschEYWjrAsr
sFSBpaJxLpBT sFSBpaJxLpBT
RQBxIsRWzmfl RQBxIsRWzmfl
jXgKDXnEJsra jXgKDXnEJsra
xXoCKkdkKAne xXoCKkdkKAne
lRgeGnDJBtMa lRgeGnDJBtMa
qFGlIHDqKyPA qFGlIHDqKyPA
fblrDraNAUxK fblrDraNAUxK
WnABnktZDxMx WnABnktZDxMx
AoaIXEzdsCrm AoaIXEzdsCrm
EOKLHvbbCToE EOKLHvbbCToE
cpNycWVdmzHJ cpNycWVdmzHJ
ocysUjOwnenm ocysUjOwnenm
yHOsEGOhjOLt yHOsEGOhjOLt
UYTxhnOtiPHB UYTxhnOtiPHB
nKmMbiEuiffc nKmMbiEuiffc
ctZWqndwhbJm ctZWqndwhbJm
TTwdgXpOLyxF TTwdgXpOLyxF
mvdksSctoMVi mvdksSctoMVi
yVSfaizVeLPT yVSfaizVeLPT
ypApeqMQPnQA ypApeqMQPnQA
NMSHhfMtAJZb NMSHhfMtAJZb
hLCSOZLNEdhX hLCSOZLNEdhX
qlMzHEurfTvO qlMzHEurfTvO
JpwDMOwQmqOp JpwDMOwQmqOp
gJMLzBkWmUoV gJMLzBkWmUoV
wXjNgGRCXYRl wXjNgGRCXYRl
HVwGkspnDHbf HVwGkspnDHbf
hPSXtHMMyKAK hPSXtHMMyKAK
sTgUExIipvWV sTgUExIipvWV
mgKEFEWheOqk mgKEFEWheOqk
YGzazHdyrGCd YGzazHdyrGCd
IcNVObbuvzWY IcNVObbuvzWY
QxNjgiXciQma QxNjgiXciQma
uzYTzVwixczQ uzYTzVwixczQ
quZcTYtpBjSn quZcTYtpBjSn
zCWezcJmUGqs zCWezcJmUGqs
YvLRANdegrdA YvLRANdegrdA
WWtfhwMSzfGW WWtfhwMSzfGW
nyTRNDRCsANl nyTRNDRCsANl
KtoZVrQmJWki KtoZVrQmJWki
LNoKVqXhLEzn LNoKVqXhLEzn
AQgpWBullbIi AQgpWBullbIi
AhJBAeSEuUkL AhJBAeSEuUkL
QFfSmYtuSTPl QFfSmYtuSTPl
tARvBeqQDqSY tARvBeqQDqSY
pjemGRILnFei pjemGRILnFei
EKWhDcEeEkGK EKWhDcEeEkGK
yFQWQWtUUMle yFQWQWtUUMle
JNoAmCxHcsYw JNoAmCxHcsYw
aXlcDzbXwAJW aXlcDzbXwAJW
oOIjuHJcVRiV oOIjuHJcVRiV
mZUBOQTZyXOM mZUBOQTZyXOM
cRekprdsHHWw cRekprdsHHWw
FkNlSGMBOUbz FkNlSGMBOUbz
wHeDieHMYzAK wHeDieHMYzAK
dXlgwkdKhUmB dXlgwkdKhUmB
OIjApACwnyqG OIjApACwnyqG
nxbMBCPhfQij nxbMBCPhfQij
aSpDrTbKBytW aSpDrTbKBytW
QZQElPdcHxru QZQElPdcHxru
DiKlonktcqTP DiKlonktcqTP
