MfdzFvsdGbvl BbyhqvohDUZK ymJllvoAiAsf VyXrTLUcizAa ZjfLZjjegWJT VARFNCcqfgIc QifLRRQkbeZy rVqgoVgUmLRB noaMakAlHdwq DAmjVaIibnaw DFscNnuMhxUC dDFWxTbuPymh VyXrTLUcizAa rrRAqFcoDYfk PvZWLvSzyZfH VyXrTLUcizAa MLnLJmQHwuOS DvRTDyBMOCbT PUcvIgREsriS TbekQRoKcInv arcJTkwUqbUy tywOQDwDhjwZ hLGIbMiwjPgd MkUBuIisCVpZ uFHfCerNFIme hCxjbMrSlUJQ AMizjBPjmCZd DAmjVaIibnaw FCrKCfVsEsBk mFYKjQfCsRtT buqjmAINqGzN dFUHctNjrywb PnbamVANEguC GuSSYBNHDbKE QHpWWcCYavdw RICmsRCgzRsB plKUVNXwKfVb jBrNTBMPxyQD XdsuYjiPexAe GemeldahvdVv pQCFwcmaYfTN PQTqeEtJjrHq axLiuEEXvnsQ deJmWrylVSGK GKWfMfVZxbJi NlmuUUVQUbgI mtRsLIzrlNLu VyXrTLUcizAa pkzKsTORVYro MOpktZzuQRCH DAmjVaIibnaw SgyAcloZDNJV VyXrTLUcizAa AGbRQRBgaOdX SojgLCNtJNvq UVLyMXgqTFaJ VyXrTLUcizAa BkcPMTugAswL DAmjVaIibnaw IHnRSACwPeSd EoEdLMroSPNp VyXrTLUcizAa MfdzFvsdGbvl
50
BbyhqvohDUZK BbyhqvohDUZK 
ymJllvoAiAsf ymJllvoAiAsf 
VyXrTLUcizAa VyXrTLUcizAa 
ZjfLZjjegWJT ZjfLZjjegWJT 
VARFNCcqfgIc VARFNCcqfgIc 
QifLRRQkbeZy QifLRRQkbeZy 
rVqgoVgUmLRB rVqgoVgUmLRB 
noaMakAlHdwq noaMakAlHdwq 
DFscNnuMhxUC DFscNnuMhxUC 
dDFWxTbuPymh dDFWxTbuPymh 
rrRAqFcoDYfk rrRAqFcoDYfk 
PvZWLvSzyZfH PvZWLvSzyZfH 
MLnLJmQHwuOS MLnLJmQHwuOS 
DvRTDyBMOCbT DvRTDyBMOCbT 
PUcvIgREsriS PUcvIgREsriS 
TbekQRoKcInv TbekQRoKcInv 
arcJTkwUqbUy arcJTkwUqbUy 
tywOQDwDhjwZ tywOQDwDhjwZ 
hLGIbMiwjPgd hLGIbMiwjPgd 
MkUBuIisCVpZ MkUBuIisCVpZ 
uFHfCerNFIme uFHfCerNFIme 
hCxjbMrSlUJQ hCxjbMrSlUJQ 
AMizjBPjmCZd AMizjBPjmCZd 
FCrKCfVsEsBk FCrKCfVsEsBk 
mFYKjQfCsRtT mFYKjQfCsRtT 
buqjmAINqGzN buqjmAINqGzN 
dFUHctNjrywb dFUHctNjrywb 
PnbamVANEguC PnbamVANEguC 
GuSSYBNHDbKE GuSSYBNHDbKE 
QHpWWcCYavdw QHpWWcCYavdw 
RICmsRCgzRsB RICmsRCgzRsB 
plKUVNXwKfVb plKUVNXwKfVb 
jBrNTBMPxyQD jBrNTBMPxyQD 
GemeldahvdVv GemeldahvdVv 
pQCFwcmaYfTN pQCFwcmaYfTN 
PQTqeEtJjrHq PQTqeEtJjrHq 
axLiuEEXvnsQ axLiuEEXvnsQ 
deJmWrylVSGK deJmWrylVSGK 
GKWfMfVZxbJi GKWfMfVZxbJi 
NlmuUUVQUbgI NlmuUUVQUbgI 
mtRsLIzrlNLu mtRsLIzrlNLu 
pkzKsTORVYro pkzKsTORVYro 
MOpktZzuQRCH MOpktZzuQRCH 
SgyAcloZDNJV SgyAcloZDNJV 
AGbRQRBgaOdX AGbRQRBgaOdX 
SojgLCNtJNvq SojgLCNtJNvq 
UVLyMXgqTFaJ UVLyMXgqTFaJ 
BkcPMTugAswL BkcPMTugAswL 
IHnRSACwPeSd IHnRSACwPeSd 
EoEdLMroSPNp EoEdLMroSPNp 
