5 6 147 9 16 177 5 1 35 122 2 79 3 115 157 20 8 3 149 5 185 1 188 4 97 55 3 46 108 190 58 42 196 137 112 93 1 50 3 117 197 5 159 13 170 102 1 83 12 82 66 91 5 182 9 78 5 124 69 15 103 11 92 13 198 106 2 38 168 1 5
49
147 147 
16 16 
177 177 
1 1 100 
35 35 
122 122 
79 79 
115 115 
157 157 
20 20 
8 8 
149 149 
185 185 
188 188 
97 97 
55 55 
46 46 
108 108 
190 190 
58 58 
42 42 
196 196 
137 137 
112 112 
93 93 
50 50 
117 117 
197 197 
159 159 
170 170 
102 102 
83 83 
82 82 
66 66 
91 91 
182 182 
78 78 
124 124 
69 69 
103 103 
92 92 
198 198 
106 106 
38 38 
168 168 
6 130 
5 27 
9 164 
13 89 
