0 124 164 3 79 2 6 1 3 135 5 179 2 110 4 18 35 1 50 0 129 147 2 171 26 0 150 119 2 91 0 108 123 138 2 21 96 1 152 101 4 73 87 158 111 6 104 1 22 2 178 3 142 31 3 38 2 156 161 1 145 168 184 2 83 1 95 162 9 0 56 1 16 2 30 5 17 2 60 59 4 187 27 4 163 7 36 194 102 25 2 189 1 71 109 7 12 67 0 68 10 61 0 89 157 0 34 136 55 1 24 118 105 2 151 1 49 6 172 155 0 11 1 141 15 7 198 93 144 15 1 66 39 5 62 75 1 0
92
124 124 
164 164 
79 79 
6 6 80 
1 1 160 193 130 
135 135 
5 5 
179 179 
110 110 
18 18 
35 35 
50 50 
129 129 
147 147 
171 171 
26 26 
150 150 
119 119 
91 91 
108 108 
123 123 
138 138 
21 21 
96 96 
152 152 
101 101 
73 73 
87 87 
158 158 
111 111 
104 104 
22 22 
178 178 
142 142 
31 31 
38 38 
156 156 
161 161 
145 145 
168 168 
184 184 
83 83 
95 95 
162 162 
9 9 
56 56 
16 16 
30 30 
17 17 
60 60 
59 59 
187 187 
27 27 
163 163 
7 7 
36 36 
194 194 
102 102 
25 25 
189 189 
71 71 
109 109 
12 12 
67 67 
68 68 
10 10 
61 61 
89 89 
157 157 
34 34 
136 136 
55 55 
24 24 
118 118 
105 105 
151 151 
49 49 
172 172 
155 155 
11 11 
141 141 
15 15 
198 198 
93 93 
144 144 
66 66 
39 39 
62 62 
75 75 
0 173 23 122 
2 42 40 140 
4 196 
