0 2 15 1 37 0 81 39 2 56 41 2 62 0 3 14 8 7 79 2 44 29 34 0 13 2 42 3 71 5 65 1 94 69 6 64 1 6 53 83 50 4 58 9 11 0 91 1 82 23 3 24 1 77 27 0 61 5 97 3 1 48 4 31 2 52 16 67 87 1 63 12 1 0
47
0 0 
15 15 
1 1 55 60 
37 37 
81 81 
39 39 
56 56 
41 41 
62 62 
3 3 99 
14 14 
7 7 
79 79 
44 44 
29 29 
34 34 
13 13 
42 42 
71 71 
5 5 
65 65 
94 94 
69 69 
6 6 
64 64 
53 53 
83 83 
50 50 
58 58 
9 9 
11 11 
91 91 
82 82 
23 23 
24 24 
77 77 
27 27 
61 61 
97 97 
48 48 
31 31 
52 52 
67 67 
87 87 
63 63 
12 12 
2 84 
