Soda C2 D5 A1 A7 C9 Soda A5 A9 A4 A3 A4 A9 A5 Soda C9 A7 C9 Soda A5 A9 A5 Soda C4 E9 C6 B1 E5 B3 C7 B2 C5 Soda A5 A9 B7 B5 B7 A9 A5 Soda C9 A7 B10 B9 B10 A7 C9 Soda A5 D6 D3 C1 D3 D6 A5 Soda C2 D4 C3 D4 C2 Soda C5 B2 C7 B2 C5 Soda C9 A7 B8 D1 B8 A7 C9 Soda A5 D6 D3 D6 A5 Soda C2 D5 D7 C3 D8 B9 D9 B9 D8 C3 E1 D4 C2 Soda C4 E3 B2 E5 B1 E7 B1 C6 E9 C4 Soda A B H AB Z Y AP Y N S B H B A C J I AF I C A D K AI AS AU AI AH AW AH AI T K D A E P V AG U Q E A F M AC W X AO X O F A Soda
39
D5 D5
A1 A1
A7 A7
C9 C9
A5 A5
A9 A9
A3 A3
B1 B1
E5 E5
B3 B3
C7 C7
C5 C5
B7 B7
B5 B5
B9 B9
D3 D3
C1 C1
C3 C3
D1 D1
D7 D7
D9 D9
E1 E1
E3 E3
E7 E7
H H
AB AB
AP AP
N N
J J
AF AF
AS AS
AU AU
AW AW
T T
P P
AG AG
Q Q
AC AC
AO AO
