Soda C2 D5 A1 A7 C9 Soda A5 A9 A4 A9 A5 Soda C9 Soda A5 Soda C4 E9 C6 B1 E5 B3 C7 B2 C5 Soda A5 A9 B7 A9 A5 Soda C9 A7 B10 A7 C9 Soda A5 D6 D3 D6 A5 Soda C2 D4 C2 Soda C5 B2 C5 Soda C9 A7 B8 A7 C9 Soda A5 D6 A5 Soda C2 D5 D7 C3 D8 B9 D9 B9 D8 C3 E1 D4 C2 Soda C4 E3 B2 E5 B1 C6 E9 C4 Soda A B H AB Z Y N S B A C J I C A D K AI AS AU AI AH AI T K D A E P V AG U Q E A F M AC W X O F A Soda a g a i a b k b a d n o p e a g f r ak h a i u x i j aa j i a b k l ad m b a e p af ag ah q p e a h ak al s g a i u an ao ap y j aa z ar z at aa j i a b k ab av ac ax l k b a Soda a0 c2 d5 a1 a7 c9 a0 a5 a9 a4 a9 a5 a0 c9 a0 a5 a0 c4 e9 c6 b1 e5 b3 c7 b2 c5 a0 a5 a9 b7 a9 a5 a0 c9 a7 b10 a7 c9 a0 a5 d6 d3 d6 a5 a0 c2 d4 c2 a0 c5 b2 c5 a0 c9 a7 b8 a7 c9 a0 a5 d6 a5 a0 c2 d5 d7 c3 d8 b9 d9 b9 d8 c3 e1 d4 c2 a0 c4 e3 b2 e5 b1 c6 e9 c4 a0 Soda
81
D5 D5 
A1 A1 
A7 A7 
C9 C9 
A5 A5 
A9 A9 
B1 B1 E7 
E5 E5 
B3 B3 
C7 C7 
C5 C5 
B7 B7 B5 
D3 D3 C1 
D7 D7 
C3 C3 
B9 B9 
D9 D9 
E1 E1 
E3 E3 
H H 
AB AB 
N N 
J J 
AS AS 
AU AU 
T T 
P P 
AG AG 
Q Q 
AC AC 
b b 
d d 
n n 
p p 
f f 
r r 
h h 
x x 
j j 
l l 
ad ad 
af af 
ah ah 
al al 
an an 
ap ap 
z z 
ar ar 
at at 
ab ab 
av av 
ax ax 
d5 d5 
a1 a1 
a7 a7 
c9 c9 
a5 a5 
a9 a9 
b1 b1 e7 
e5 e5 
b3 b3 
c7 c7 
c5 c5 
b7 b7 b5 
d3 d3 c1 
d7 d7 
c3 c3 
b9 b9 
d9 d9 
e1 e1 
e3 e3 
A4 A3 
B8 D1 
Y AP 
I AF 
AH AW 
X AO 
ak t aj 
u v 
a4 a3 
b8 d1 
