SabrinaSiriPrince50 aHwNY M7N2p HVYtd M7N2p bXm0A M7N2p 7QUXg M7N2p gInwM X9US9 gInwM M7N2p aHwNY UBrR9 52PwN H8qqB 0kSSC Ms6jj plb6L UBrR9 aHwNY X8iWp duKKu 11x30 EZqNK OSLHQ WcEcU 11x30 YgbLl 5X0EW vmJdf Wutnl YgbLl duKKu cRUJh DrLs7 9HL6t yJVF4 4MOkB DrLs7 SVxWg nbohZ d2ZYh SVxWg cRUJh X8iWp SabrinaSiriPrince50
23
aHwNY aHwNY 
UBrR9 UBrR9 
52PwN 52PwN 
H8qqB H8qqB 
0kSSC 0kSSC 
Ms6jj Ms6jj 
plb6L plb6L 
EZqNK EZqNK 
OSLHQ OSLHQ 
WcEcU WcEcU 
5X0EW 5X0EW 
vmJdf vmJdf 
Wutnl Wutnl 
9HL6t 9HL6t 
yJVF4 yJVF4 
4MOkB 4MOkB 
nbohZ nbohZ 
d2ZYh d2ZYh 
M7N2p rFWcq cwf5o V7iEC 
HVYtd Bjd2k 
bXm0A nMJpi 
7QUXg nannc 
X9US9 i3qsm 
