ssp200 13 10 2 7 3 4 5 6 8 2 12 2 14 2 181 17 22 18 19 20 21 23 17 27 17 29 17 181 32 37 33 34 35 36 38 32 42 32 44 32 181 47 52 48 49 50 51 53 47 57 47 59 47 181 62 67 63 64 65 66 68 62 72 62 74 62 181 77 82 78 79 80 81 83 77 87 77 89 77 181 92 97 93 94 95 96 98 92 102 92 104 92 181 107 112 108 109 110 111 113 107 117 107 119 107 181 122 127 123 124 125 126 128 122 132 122 134 122 181 137 142 138 139 140 141 143 137 147 137 149 137 181 152 157 153 154 155 156 158 152 162 152 164 152 181 167 172 168 169 170 171 173 167 177 167 179 167 181 182 187 183 184 185 186 188 182 192 182 194 182 181 2 10 13 ssp200
78
3 3 
4 4 
5 5 
6 6 
14 14 15 
18 18 
19 19 
20 20 
21 21 
29 29 30 
33 33 
34 34 
35 35 
36 36 
44 44 45 
48 48 
49 49 
50 50 
51 51 
59 59 60 
63 63 
64 64 
65 65 
66 66 
74 74 75 
78 78 
79 79 
80 80 
81 81 
89 89 90 
93 93 
94 94 
95 95 
96 96 
104 104 105 
108 108 
109 109 
110 110 
111 111 
119 119 120 
123 123 
124 124 
125 125 
126 126 
134 134 135 
138 138 
139 139 
140 140 
141 141 
149 149 150 
153 153 
154 154 
155 155 
156 156 
164 164 165 
168 168 
169 169 
170 170 
171 171 
179 179 180 
183 183 
184 184 
185 185 
186 186 
194 194 195 
12 11 
27 26 
42 41 
57 56 
72 71 
87 86 
102 101 
117 116 
132 131 
147 146 
162 161 
177 176 
192 191 
