ssp100 25 4 2 3 8 3 18 15 16 19 20 19 18 3 5 7 5 3 23 27 71 63 59 26 58 60 64 60 58 26 59 62 68 62 59 26 58 60 58 26 59 63 71 27 71 63 59 26 58 61 67 61 58 26 59 62 69 62 59 26 58 60 65 74 65 60 58 26 59 62 59 63 71 27 36 29 41 31 38 33 35 27 37 32 39 40 41 28 45 47 35 49 51 36 53 28 55 27 87 93 87 27 92 97 99 98 87 93 87 91 89 91 87 27 23 3 2 4 25 ssp100
37
4 4 
2 2 1 
15 15 12 
20 20 21 
27 27 56 
59 59 
64 64 73 
68 68 81 
65 65 
74 74 
29 29 
41 41 
31 31 
33 33 
35 35 
37 37 
39 39 
45 45 
47 47 
49 49 
51 51 
53 53 
55 55 
93 93 90 94 
92 92 
97 97 
99 99 
98 98 
8 9 10 11 
19 22 
7 24 
67 79 
69 82 
28 43 
87 88 
91 95 
89 96 
