Leah Russell Kristie Carol Kristie Adrian Anthony Kristie Amanda Gary Kristie Brian Kristie Lisa Jade Paula Leah David Kristie Dylan Ruth April Vicki Leah Jennifer Megan Javier Michael Ryan Alexander Jordan Kelly Rachel Leah Jon Leah
25
Russell Russell
Carol Carol
Adrian Adrian
Anthony Anthony
Amanda Amanda
Gary Gary
Brian Brian
Lisa Lisa
Jade Jade
Paula Paula
David David
Dylan Dylan
Ruth Ruth
April April
Vicki Vicki
Jennifer Jennifer
Megan Megan
Javier Javier
Michael Michael
Ryan Ryan
Alexander Alexander
Jordan Jordan
Kelly Kelly
Rachel Rachel
Jon Jon
