Jason Derek Nathaniel Heather Gabriel Kevin Adam Misty Shannon Samantha Katelyn Adrian Jason John Nicole Samantha Brad Claire David Lauren Kevin Joshua Mario Kevin Roy Kara Johnathan Kevin Dana Cristian Derek Ricky Tristan Paul Laura Stacie Kevin Jose Melissa Kari Derek Evan Carol Carrie Brian Shannon Andrew Jeffery Robert Mark Regina Kelsey Jason Wayne Megan Jeffrey Shane Timothy Jason Charles Crystal Victoria William Mary Derek Cheryl Rebekah Shawn Dustin Jacqueline Adam Logan Derek Gregory Kimberly Gabriel Amanda Christina Rebecca Derek Scott Mercedes Dylan Wendy Hannah Kayla Edwin Michelle Stephen Kristen Brett Heather Karen Ronnie Luis Jill Sabrina Elizabeth Samantha Tommy Kevin Juan Brittany Kathy Susan Monica Adrian Bryan Jane Alexandra Grace Jason April Nicholas Jennifer Jason Jeremy Kyle Tammy Ashley Jordan Melinda Rachel Jason Robin Randy Jason
100
Derek Derek 
Nathaniel Nathaniel 
Heather Heather 
Gabriel Gabriel 
Adam Adam 
Misty Misty 
Shannon Shannon 
Samantha Samantha 
Katelyn Katelyn 
Adrian Adrian 
John John 
Nicole Nicole 
Brad Brad 
Claire Claire 
David David 
Lauren Lauren 
Joshua Joshua 
Mario Mario 
Roy Roy 
Kara Kara 
Johnathan Johnathan 
Dana Dana 
Cristian Cristian 
Ricky Ricky 
Tristan Tristan 
Paul Paul 
Laura Laura 
Stacie Stacie 
Jose Jose 
Melissa Melissa 
Kari Kari 
Evan Evan 
Carol Carol 
Carrie Carrie 
Brian Brian 
Andrew Andrew 
Jeffery Jeffery 
Robert Robert 
Mark Mark 
Regina Regina 
Kelsey Kelsey 
Wayne Wayne 
Megan Megan 
Jeffrey Jeffrey 
Shane Shane 
Timothy Timothy 
Charles Charles 
Crystal Crystal 
William William 
Mary Mary 
Cheryl Cheryl 
Rebekah Rebekah 
Shawn Shawn 
Dustin Dustin 
Jacqueline Jacqueline 
Logan Logan 
Gregory Gregory 
Kimberly Kimberly 
Amanda Amanda 
Christina Christina 
Rebecca Rebecca 
Scott Scott 
Mercedes Mercedes 
Dylan Dylan 
Wendy Wendy 
Kayla Kayla 
Edwin Edwin 
Michelle Michelle 
Stephen Stephen 
Kristen Kristen 
Brett Brett 
Karen Karen 
Ronnie Ronnie 
Jill Jill 
Sabrina Sabrina 
Elizabeth Elizabeth 
Tommy Tommy 
Juan Juan 
Brittany Brittany 
Kathy Kathy 
Susan Susan 
Monica Monica 
Bryan Bryan 
Jane Jane 
Alexandra Alexandra 
Grace Grace 
April April 
Nicholas Nicholas 
Jennifer Jennifer 
Jeremy Jeremy 
Kyle Kyle 
Tammy Tammy 
Ashley Ashley 
Jordan Jordan 
Melinda Melinda 
Rachel Rachel 
Robin Robin 
Randy Randy 
Jason Joseph 
Kevin James 
