Austin Victoria Jorge John Debra Hannah Elaine Mariah Eugene Hannah Patrick Jorge Joshua Natasha Austin Walter Sara Victoria Gina Paul Daniel Melissa Kari Edward Jamie Paige Robert Austin Donald Jorge Janet Glenda Amy Steven Maxwell Adam Dennis Danielle Scott Debra Michael John Elizabeth Sean Adam Juan Rhonda Ralph Garrett Monique Alex Jonathan April Jennifer Cassandra Debra Kyle Ashley Jordan Melinda Rachel Robin Jorge Jeanette Hannah Austin
50
Victoria Victoria
John John
Debra Debra
Hannah Hannah
Elaine Elaine
Mariah Mariah
Eugene Eugene
Patrick Patrick
Joshua Joshua
Natasha Natasha
Walter Walter
Sara Sara
Gina Gina
Paul Paul
Daniel Daniel
Melissa Melissa
Kari Kari
Edward Edward
Jamie Jamie
Paige Paige
Robert Robert
Donald Donald
Janet Janet
Glenda Glenda
Amy Amy
Steven Steven
Maxwell Maxwell
Dennis Dennis
Danielle Danielle
Scott Scott
Michael Michael
Elizabeth Elizabeth
Sean Sean
Juan Juan
Rhonda Rhonda
Ralph Ralph
Garrett Garrett
Monique Monique
Alex Alex
Jonathan Jonathan
April April
Jennifer Jennifer
Cassandra Cassandra
Kyle Kyle
Ashley Ashley
Jordan Jordan
Melinda Melinda
Rachel Rachel
Robin Robin
Jeanette Jeanette
