Florges Zoroark Cherrim Caterpie Zapdos Poliwrath Claydol Delibird Masquerain Florges Masquerain Togetic Shieldon Bidoof Manectric Zubat Claydol Lillipup Bergmite Dialga Caterpie Moltres Dusknoir Weepinbell Persian Volbeat Flaaffy Carracosta Snorlax Shaymin Caterpie Moltres Toxapex Roggenrola Yanmega Poliwrath Wailmer Bidoof Serperior Bayleef Aurorus Doublade Purrloin Hakamoo Gastrodon Moltres Claydol Lillipup Poliwag Masquerain Bisharp Machoke Timburr Claydol Poliwrath Drapion Sentret Caterpie Cascoon Timburr Bisharp Bayleef Furfrou Scolipede Silcoon Regice Shaymin Furfrou Buzzwole Hakamoo Celesteela Snorlax Infernape Eelektrik Druddigon Kricketot Yanmega Nuzleaf Bouffalant Serperior Wailmer Wormadam Roggenrola Palkia Hakamoo Flaaffy Omastar Palossand Togetic Girafarig Audino Pichu Cofagrigus Persian Primarina Kricketot Bergmite Florges Masquerain Cofagrigus Celebi Toxapex Tsareena Florges
47
Cherrim Cherrim 
Zapdos Zapdos 
Poliwrath Poliwrath 
Delibird Delibird 
Togetic Togetic 
Bidoof Bidoof Piloswine 
Manectric Manectric 
Zubat Zubat 
Lillipup Lillipup 
Bergmite Bergmite 
Dialga Dialga 
Moltres Moltres 
Dusknoir Dusknoir 
Weepinbell Weepinbell 
Persian Persian 
Volbeat Volbeat 
Carracosta Carracosta 
Shaymin Shaymin 
Yanmega Yanmega Hitmonlee 
Wailmer Wailmer 
Bayleef Bayleef 
Aurorus Aurorus 
Purrloin Purrloin 
Hakamoo Hakamoo 
Gastrodon Gastrodon 
Poliwag Poliwag 
Bisharp Bisharp 
Machoke Machoke 
Timburr Timburr 
Sentret Sentret 
Cascoon Cascoon 
Scolipede Scolipede 
Regice Regice 
Buzzwole Buzzwole 
Celesteela Celesteela 
Infernape Infernape 
Kricketot Kricketot 
Bouffalant Bouffalant 
Wormadam Wormadam 
Omastar Omastar 
Girafarig Girafarig 
Pichu Pichu 
Primarina Primarina 
Celebi Celebi 
Tsareena Tsareena 
Florges Stufful Ralts 
Caterpie Tentacruel 
