Glameow Electivire Gumshoos Bergmite Spiritomb Bergmite Feebas Wailord Fennekin Gumshoos Electivire Spinarak Ivysaur Zygarde Ledian Zygarde Buneary Zygarde Ivysaur Spiritomb Bergmite Spiritomb Ivysaur Zygarde Buneary Glalie Buneary Zygarde Fennekin Turtwig Togepi Turtwig Meganium Piplup Poochyena Fomantis Mudbray Gloom Yamask Electivire Yanma Electivire Archeops Electivire Meganium Electivire Glameow Spheal Furret Wartortle Loudred Glameow Spheal Gigalith Buneary Wartortle Golett Beheeyem Archeops Gothorita Spheal Inkay Turtwig Beheeyem Leavanny Cacturne Spheal Glameow
25
Electivire Electivire
Gumshoos Gumshoos
Bergmite Bergmite
Spiritomb Spiritomb
Wailord Wailord
Spinarak Spinarak
Zygarde Zygarde
Ledian Ledian
Buneary Buneary
Glalie Glalie
Togepi Togepi
Meganium Meganium
Piplup Piplup
Mudbray Mudbray
Yanma Yanma
Archeops Archeops
Spheal Spheal
Furret Furret
Loudred Loudred
Gigalith Gigalith
Golett Golett
Beheeyem Beheeyem
Gothorita Gothorita
Inkay Inkay
Leavanny Leavanny
