Granbull Absol Gliscor Tsareena Gliscor Absol Swanna Unown Kirlia Inkay Roserade Octillery Dustox Heliolisk Heatran Marshtomp Relicanth Butterfree Octillery Ampharos Quilava Spiritomb Cyndaquil Bagon Torchic Illumise Crawdaunt Cosmog Arbok Eelektross Cascoon Chespin Torracat Politoed Skrelp Chinchou Cosmog Crawdaunt Cosmog Roserade Slakoth Heatran Mimikyu Pidgeot Happiny Ampharos Quilava Bagon Kangaskhan Zebstrika Rockruff Bonsly Metang Grumpig Oshawott Spinda Cyndaquil Cinccino Oshawott Budew Corsola Sylveon Bonsly Mawile Trumbeak Beedrill Flareon Lampent Munna Greninja Charizard Malamar Noibat Buizel Jolteon Kirlia Mantine Magmar Charizard Zebstrika Gliscor Munna Binacle Lycanroc Raichu Machamp Relicanth Butterfree Cubone Illumise Krookodile Fletchling Heatmor Staryu Milotic Swanna Conkeldurr Diggersby Quilava Whiscash Drilbur Metagross Bagon TypeNull Whimsicott Lycanroc Whimsicott Mightyena Lotad Floette Staryu Jirachi Staryu Mudsdale Roserade Cinccino Darkrai Swanna Reuniclus Metang Remoraid Metang Magmar Furret Rufflet Furret Stunfisk Reshiram Caterpie Crabominable Quilava Machamp Deino Charmander Patrat Electrode Cascoon Serperior Munna Golbat Heatran Infernape Spewpa Hitmontop Bonsly Trumbeak Morelull Flygon Butterfree Mightyena Bronzor Roserade Bergmite Cosmog Torkoal Cosmog Goomy Caterpie Metapod Sentret Corphish Sentret Probopass Tirtouga Carnivine Mantine Lapras Morelull Pidgeot Unown Cradily Carbink Ampharos Exeggcute Haxorus Magmortar Cascoon Electrike Milotic Lileep Zebstrika Ninjask Drilbur PorygonZ Luvdisc Feraligatr Floatzel Roserade Bergmite Glalie Happiny Deoxys Spiritomb Chespin Spiritomb Mightyena Luvdisc Sylveon Spinda Blissey Binacle Furret Vivillon Corphish Chatot Machamp Nuzleaf Azurill Typhlosion Skrelp Skitty Quilava Absol Granbull
100
Absol Absol
Gliscor Gliscor
Tsareena Tsareena
Swanna Swanna
Unown Unown
Roserade Roserade
Dustox Dustox
Heatran Heatran
Relicanth Relicanth
Butterfree Butterfree
Ampharos Ampharos
Quilava Quilava
Spiritomb Spiritomb
Torchic Torchic
Crawdaunt Crawdaunt
Cosmog Cosmog
Arbok Arbok
Cascoon Cascoon
Chespin Chespin
Torracat Torracat
Chinchou Chinchou
Slakoth Slakoth
Mimikyu Mimikyu
Pidgeot Pidgeot
Happiny Happiny
Kangaskhan Kangaskhan
Rockruff Rockruff
Bonsly Bonsly
Grumpig Grumpig
Spinda Spinda
Cinccino Cinccino
Budew Budew
Sylveon Sylveon
Mawile Mawile
Trumbeak Trumbeak
Beedrill Beedrill
Lampent Lampent
Greninja Greninja
Charizard Charizard
Malamar Malamar
Buizel Buizel
Jolteon Jolteon
Mantine Mantine
Magmar Magmar
Binacle Binacle
Lycanroc Lycanroc
Raichu Raichu
Machamp Machamp
Cubone Cubone
Krookodile Krookodile
Heatmor Heatmor
Diggersby Diggersby
Whiscash Whiscash
Metagross Metagross
TypeNull TypeNull
Whimsicott Whimsicott
Mightyena Mightyena
Floette Floette
Jirachi Jirachi
Mudsdale Mudsdale
Darkrai Darkrai
Reuniclus Reuniclus
Remoraid Remoraid
Rufflet Rufflet
Reshiram Reshiram
Crabominable Crabominable
Charmander Charmander
Electrode Electrode
Serperior Serperior
Golbat Golbat
Infernape Infernape
Hitmontop Hitmontop
Flygon Flygon
Bronzor Bronzor
Bergmite Bergmite
Torkoal Torkoal
Goomy Goomy
Metapod Metapod
Corphish Corphish
Probopass Probopass
Carnivine Carnivine
Lapras Lapras
Carbink Carbink
Exeggcute Exeggcute
Magmortar Magmortar
Electrike Electrike
Lileep Lileep
Ninjask Ninjask
PorygonZ PorygonZ
Luvdisc Luvdisc
Feraligatr Feraligatr
Floatzel Floatzel
Glalie Glalie
Deoxys Deoxys
Blissey Blissey
Vivillon Vivillon
Chatot Chatot
Nuzleaf Nuzleaf
Typhlosion Typhlosion
Skitty Skitty
