19 21 10 0 72 18 1 17 96 5 11 80 7 41 9 35 43 10 66 11 51 13 33 15 23 97 96 97 23 0 51 24 91 25 58 59 26 41 61 29 8 33 54 34 44 43 35 9 80 36 7 1 39 2 45 40 36 7 43 44 61 46 51 24 51 40 54 29 63 55 58 59 51 30 61 29 63 65 5 11 66 70 3 73 72 40 80 7 17 85 68 85 90 64 92 9 88 95 33 62 99 1 79 19
44
10 10 
0 0 
72 72 
1 1 
17 17 
5 5 
11 11 
80 80 76 
7 7 
41 41 28 
9 9 
35 35 
43 43 
51 51 12 53 
13 13 
33 33 
15 15 
23 23 
24 24 50 
25 25 
58 58 
59 59 
26 26 
61 61 
29 29 32 
54 54 
34 34 
44 44 
36 36 
39 39 
45 45 
40 40 
46 46 
63 63 
55 55 
65 65 
70 70 
85 85 
90 90 
92 92 
88 88 
95 95 
99 99 
30 60 
