0 24 1 42 26 94 9 52 40 6 83 96 6 23 68 27 22 10 18 60 93 9 2 90 61 9 11 17 51 78 13 55 5 21 5 46 13 2 89 14 57 20 88 99 17 3 7 22 67 30 18 10 65 51 20 66 58 38 32 71 38 3 1 8 62 10 43 0 15 0 72 95 15 35 6 4 7 38 30 37 18 98 0 45 0
50
0 0
24 24
42 42
26 26
94 94
9 9
52 52
40 40
83 83
96 96
23 23
27 27
10 10
18 18
60 60
93 93
90 90
61 61
11 11
17 17
51 51
78 78
13 13
55 55
21 21
46 46
89 89
57 57
20 20
88 88
99 99
3 3
7 7
67 67
65 65
58 58
38 38
32 32
71 71
8 8
62 62
43 43
15 15
72 72
95 95
35 35
4 4
37 37
98 98
45 45
