0 140 7 131 6 62 176 80 17 111 11 180 0 9 67 11 144 0 31 0 11 14 109 14 162 0 13 50 20 126 20 83 4 117 4 97 4 52 23 37 166 10 27 5 128 59 10 82 16 2 4 15 195 59 199 22 30 7 137 27 136 2 147 10 45 5 171 4 66 116 51 143 145 98 16 69 1 160 1 114 177 42 0 139 46 8 87 168 4 91 6 70 179 15 181 15 189 0 105 0 157 5 84 22 102 9 183 138 39 152 19 72 28 196 45 19 106 134 54 81 41 34 1 108 11 48 31 185 184 22 53 15 36 97 122 11 88 9 121 13 130 55 11 103 11 20 3 125 76 14 63 10 75 11 149 11 174 20 156 26 5 35 6 40 74 198 67 85 3 151 2 197 2 17 4 0
100
140 140
131 131
62 62
176 176
80 80
17 17
111 111
11 11
180 180
9 9
67 67
144 144
31 31
109 109
162 162
13 13
50 50
20 20
126 126
83 83
4 4
117 117
97 97
52 52
23 23
166 166
10 10
27 27
128 128
59 59
82 82
16 16
195 195
199 199
30 30
137 137
136 136
147 147
45 45
171 171
66 66
116 116
143 143
145 145
98 98
69 69
160 160
114 114
177 177
42 42
139 139
46 46
87 87
168 168
91 91
70 70
179 179
181 181
189 189
105 105
157 157
84 84
102 102
183 183
138 138
152 152
19 19
72 72
196 196
106 106
134 134
81 81
34 34
108 108
48 48
185 185
184 184
53 53
36 36
122 122
88 88
121 121
130 130
55 55
103 103
125 125
76 76
63 63
75 75
149 149
174 174
156 156
26 26
35 35
40 40
74 74
198 198
85 85
151 151
197 197
