0 37 63 12 46 60 30 10 28 93 60 27 63 39 8 53 8 90 37 35 61 11 38 8 63 74 63 71 98 43 98 81 98 50 88 8 95 18 40 18 31 12 64 63 84 10 76 17 68 19 97 74 73 62 23 1 38 93 80 93 9 63 61 63 6 85 63 12 16 92 1 47 3 2 32 45 56 54 83 39 86 39 82 89 65 89 91 61 48 6 58 60 96 66 83 0
49
63 63
46 46
60 60
30 30
28 28
27 27
39 39
8 8
53 53
90 90
35 35
61 61
11 11
38 38
74 74
71 71
43 43
81 81
50 50
88 88
95 95
40 40
31 31
64 64
84 84
76 76
68 68
97 97
73 73
23 23
80 80
9 9
6 6
85 85
16 16
92 92
47 47
2 2
45 45
56 56
83 83
86 86
82 82
65 65
91 91
48 48
58 58
96 96
66 66
