21 24 1 2 3 128 127 5 127 156 45 7 8 9 8 6 173 11 172 13 14 15 122 17 18 19 18 25 23 25 183 27 183 65 175 29 30 31 24 33 34 35 36 37 38 39 40 41 105 106 43 78 45 46 48 47 48 49 50 51 54 53 146 56 55 56 57 58 59 60 61 56 133 83 63 178 59 138 65 183 177 67 66 69 46 198 10 63 71 63 10 78 43 73 197 164 75 34 105 114 77 114 79 80 81 11 116 133 83 84 150 85 86 73 87 95 177 89 90 91 90 89 93 89 177 95 97 4 78 99 27 101 27 190 103 104 105 85 107 85 105 106 109 112 111 188 113 31 119 115 34 75 117 118 119 115 121 6 123 124 125 115 114 127 128 129 21 41 131 15 83 133 116 190 135 58 100 75 137 75 34 138 139 142 141 142 185 143 135 189 145 146 147 148 149 81 175 151 141 89 90 153 154 155 165 172 157 17 158 159 117 118 24 161 24 1 2 163 164 165 100 176 167 166 169 38 129 171 172 173 11 81 175 65 183 177 126 179 126 180 181 182 183 27 43 185 186 187 112 189 135 190 191 192 193 196 195 95 197 95 97 21
99
21 21
1 1
3 3
127 127
5 5
45 45
7 7
9 9
173 173
11 11
13 13
15 15
17 17
19 19
25 25
23 23
183 183
27 27
65 65
175 175
29 29
31 31
33 33
35 35
37 37
39 39
41 41
105 105
43 43
47 47
49 49
51 51
53 53
55 55
57 57
59 59
61 61
133 133
83 83
63 63
177 177
67 67
69 69
71 71
73 73
197 197
75 75
77 77
79 79
81 81
85 85
87 87
95 95
89 89
91 91
93 93
97 97
99 99
101 101
103 103
107 107
109 109
111 111
113 113
119 119
115 115
117 117
121 121
123 123
125 125
129 129
131 131
135 135
137 137
139 139
141 141
185 185
143 143
189 189
145 145
147 147
149 149
151 151
153 153
155 155
165 165
157 157
159 159
161 161
163 163
167 167
169 169
171 171
179 179
181 181
187 187
191 191
193 193
195 195
