68 63 64 1 2 3 5 6 7 6 5 10 9 10 11 12 13 5 15 16 98 17 2 3 93 19 93 21 22 23 84 25 27 56 29 31 32 33 34 35 36 37 50 91 39 58 42 41 42 43 22 65 45 31 75 94 47 94 49 40 5 51 53 54 55 24 78 43 57 43 28 94 59 55 89 61 63 5 10 9 65 66 67 31 71 70 69 70 71 29 12 38 73 59 94 75 7 77 78 43 79 43 38 81 54 53 83 84 85 86 87 23 15 81 89 78 43 91 92 93 21 95 21 97 84 68
49
63 63
1 1
3 3
5 5
7 7
9 9
11 11
13 13
15 15
17 17
93 93
19 19
21 21
23 23
25 25
27 27
29 29
31 31
33 33
35 35
37 37
91 91
39 39
41 41
43 43
65 65
45 45
75 75
47 47
49 49
51 51
53 53
55 55
57 57
59 59
89 89
61 61
67 67
71 71
69 69
73 73
77 77
79 79
81 81
83 83
85 85
87 87
95 95
97 97
