74 78 75 141 87 46 75 141 132 46 41 46 169 58 87 58 21 98 38 192 58 46 192 151 153 151 21 192 118 172 171 172 87 46 2 46 18 121 132 131 132 169 21 38 63 18 192 132 58 21 24 21 121 38 31 37 31 38 151 75 132 169 118 169 165 166 165 169 75 118 182 118 18 46 2 151 153 154 153 151 172 171 172 46 132 118 172 171 172 102 172 63 61 63 169 75 63 18 58 87 38 182 63 21 169 161 168 161 169 172 87 169 172 174 180 174 172 141 87 141 63 58 151 38 121 46 151 141 18 58 21 98 118 169 192 87 38 33 38 63 132 131 140 131 132 75 78 74
38
74 74 
75 75 77 76 80 73 
141 141 148 146 145 142 
46 46 50 
41 41 47 
169 169 167 164 163 
58 58 52 54 55 57 59 53 
38 38 39 36 35 
192 192 199 191 197 198 
151 151 157 
153 153 156 
118 118 116 113 111 114 119 
172 172 
2 2 6 8 
131 131 137 
31 31 
37 37 
165 165 
166 166 
61 61 62 
161 161 
168 168 
174 174 
180 180 
140 140 
87 83 82 86 85 89 81 88 
132 135 136 139 
21 26 29 25 28 23 
98 96 99 
171 179 178 175 
18 16 11 13 19 14 
121 126 122 128 
63 70 68 69 66 
24 30 
182 189 185 
154 160 
102 104 
33 32 
