75 71 72 74 21 23 21 61 21 24 21 35 36 37 35 74 10 43 74 11 21 74 61 74 72 80 72 74 88 21 35 11 12 11 61 62 69 70 61 10 1 10 51 11 12 16 11 74 72 73 72 74 99 91 98 99 43 88 61 74 72 76 72 74 99 91 99 88 99 10 74 72 71 72 74 51 55 51 43 88 99 35 43 35 31 33 31 35 11 13 20 13 11 21 99 10 1 7 1 10 88 74 72 71 75
32
75 75 
71 71 
72 72 
74 74 78 
21 21 26 28 
24 24 30 
36 36 
37 37 
10 10 
80 80 
88 88 86 87 82 89 
12 12 19 
69 69 
70 70 
1 1 2 
16 16 
73 73 
91 91 94 100 
98 98 
76 76 
31 31 
33 33 
13 13 
20 20 
7 7 
23 22 
61 67 63 66 
43 47 45 50 42 
35 32 
51 53 
99 92 97 
55 59 
