0 1 175 111 112 113 78 15 47 127 147 13 12 11 103 107 106 107 103 11 12 13 147 127 47 15 78 113 112 111 110 111 112 111 175 1 8 117 116 115 116 117 8 1 175 111 112 113 78 79 165 125 124 123 124 125 165 79 78 15 47 127 47 15 78 113 112 111 110 21 20 142 141 140 139 138 95 137 136 135 92 91 118 89 132 89 118 91 92 135 136 137 95 138 139 140 141 142 20 21 110 111 112 113 78 15 47 127 47 15 78 113 112 111 175 1 0 179 178 179 0 1 175 111 112 113 78 79 165 164 163 120 4 14 4 120 163 164 165 79 78 15 47 127 147 54 24 23 22 154 22 23 24 54 147 127 47 15 78 79 165 164 163 2 163 164 165 125 124 123 83 82 81 17 81 82 83 123 124 125 165 79 78 113 112 111 110 21 20 142 141 140 139 138 95 137 136 135 92 91 118 89 132 30 29 46 32 63 62 63 32 46 29 30 132 89 118 91 92 135 136 137 95 138 139 140 141 142 20 21 110 111 112 113 78 15 47 127 126 174 126 127 47 15 78 113 112 111 175 1 0 179 0 1 175 111 112 113 78 79 165 164 163 164 165 79 78 15 47 127 147 54 24 23 24 54 147 127 47 15 78 113 112 111 110 21 20 142 141 140 139 138 95 137 136 135 92 91 118 89 132 30 29 28 27 26 27 28 29 46 29 30 132 89 118 91 92 135 136 137 95 138 139 140 141 142 20 21 110 111 112 113 78 79 165 166 167 168 169 151 169 168 167 166 165 79 78 113 37 36 37 113 78 79 165 164 163 120 163 164 165 79 78 113 112 111 175 1 0 179 178 177 176 177 178 179 0 1 175 111 112 113 78 15 78 113 112 111 110 21 20 142 141 140 139 138 95 137 136 135 92 91 118 39 130 51 50 51 130 39 118 91 92 135 136 137 95 138 139 140 141 142 20 21 110 111 112 113 78 15 47 127 147 54 147 127 126 174 126 127 47 15 78 113 112 111 110 21 20 142 141 140 139 138 95 137 136 135 92 91 118 89 132 30 29 46 32 63 62 63 32 46 29 30 132 89 118 91 92 135 136 137 95 138 139 140 141 142 20 21 110 111 175 1 0 179 178 150 70 150 178 179 0 1 175 111 110 21 20 142 141 142 20 21 110 111 175 1 0 179 178 150 70 150 178 179 0 1 175 111 110 21 20 142 141 140 139 138 95 137 136 135 134 52 134 135 136 137 95 138 139 140 141 142 20 21 110 111 112 113 78 79 165 164 165 79 78 79 165 125 124 123 83 82 81 82 83 123 124 125 165 79 78 113 112 111 110 21 20 142 141 140 139 138 95 137 136 135 92 91 118 89 132 30 29 46 32 63 62 170 85 170 62 63 32 46 29 30 132 89 118 91 92 135 136 137 95 138 139 140 141 142 20 21 110 111 112 113 78 79 165 166 167 168 167 166 165 79 78 113 37 36 88 36 37 113 78 15 47 127 147 13 12 11 10 11 12 13 147 127 47 15 78 113 112 111 110 21 20 142 141 140 139 138 95 137 136 135 136 137 95 138 94 138 95 137 136 135 92 91 118 89 132 30 29 28 97 28 29 46 45 99 45 46 29 30 132 89 118 91 92 135 136 137 95 138 139 140 141 142 20 21 110 111 175 1 0
54
175 175 
111 111 
112 112 
113 113 102 
15 15 
47 47 
147 147 
103 103 
106 106 105 
116 116 
115 115 114 
123 123 122 
95 95 
178 178 
4 4 
54 54 53 
24 24 
22 22 
154 154 153 
2 2 158 
83 83 
81 81 80 
17 17 16 
29 29 
32 32 
63 63 
62 62 61 
126 126 
27 27 
26 26 25 
150 150 
70 70 69 
170 170 
94 94 93 
99 99 98 
110 109 
132 131 
14 152 
141 7 172 
174 173 55 
151 34 
36 35 
176 44 
50 49 
140 58 
52 72 
164 73 
78 77 
85 84 
168 86 
88 87 
10 9 
135 90 
97 96 
