Soda Burkina United Macedonia Burundi Armenia Japan Cambodia Pakistan Cambodia Fiji Nigeria Lao Bonaire Singapore Norfolk Nigeria Chile Luxembourg Argentina Burkina Malawi Croatia Marshall Lebanon Ghana Northern Aruba Korea El Sao Kyrgyzstan Niger Iran Hong Andorra Mayotte Malawi Slovenia Sint Andorra Jamaica Netherlands Saint Oman Indonesia Falkland Rwanda Hong Liberia Japan Latvia Eritrea Bahamas Costa Kyrgyzstan Korea Moldova Kenya Republic Mali Congo Japan Pitcairn Falkland Belize British Liechtenstein Cambodia Liechtenstein Algeria Kenya Gabon Iraq Ghana Finland Isle Palau Kazakhstan Ireland Mayotte Saint Jamaica Kiribati Mexico Aruba Finland New Liechtenstein Macao Nauru Albania Cyprus Egypt Canada Republic Antigua Virgin Argentina Oman Soda
50
Burkina Burkina
United United
Burundi Burundi
Japan Japan
Cambodia Cambodia
Pakistan Pakistan
Fiji Fiji
Nigeria Nigeria
Lao Lao
Singapore Singapore
Luxembourg Luxembourg
Argentina Argentina
Malawi Malawi
Croatia Croatia
Lebanon Lebanon
Northern Northern
Aruba Aruba
Korea Korea
Sao Sao
Kyrgyzstan Kyrgyzstan
Niger Niger
Hong Hong
Mayotte Mayotte
Sint Sint
Jamaica Jamaica
Netherlands Netherlands
Saint Saint
Indonesia Indonesia
Rwanda Rwanda
Liberia Liberia
Latvia Latvia
Bahamas Bahamas
Moldova Moldova
Republic Republic
Congo Congo
Pitcairn Pitcairn
Belize Belize
British British
Algeria Algeria
Iraq Iraq
Finland Finland
Palau Palau
Ireland Ireland
Kiribati Kiribati
Mexico Mexico
New New
Macao Macao
Albania Albania
Egypt Egypt
Antigua Antigua
