Soda Dominican Denmark Guatemala Azerbaijan Angola Bangladesh Comoros Estonia Botswana Albania Belize Algeria Antigua Chile Cocos Cayman Guinea Guadeloupe Anguilla Guam Georgia United Cameroon Bouvet Colombia India Bhutan Egypt Equatorial Australia Aruba Austria Canada Djibouti Argentina Brunei Aruba Cyprus Bermuda Burkina Cambodia Cocos Fiji Antigua Guyana Brazil Czech Fiji Central Chile Soda
24
Denmark Denmark 
Angola Angola 
Comoros Comoros 
Botswana Botswana 
Belize Belize 
Antigua Antigua China 
Cocos Cocos 
Cayman Cayman 
Guadeloupe Guadeloupe 
Guam Guam 
United United 
Bouvet Bouvet 
Colombia Colombia 
Egypt Egypt 
Australia Australia 
Aruba Aruba 
Austria Austria 
Argentina Argentina 
Bermuda Bermuda 
Cambodia Cambodia 
Fiji Fiji 
Guyana Guyana 
Czech Czech 
Central Central 
