FleaBottom Bobbingbourne Urubaen Trebon TheGreatDivide TheBurningPlains Yll MinistryofMagic UtgardMountain Severen GringottsBank TheAturanEmpire TheSpine Carvahall Aerodenn Eggmanland SatishVille Tartarus Bobbingbourne Urubaen Toperhagen Vintas HighGarden TheGreatDivide TheBurningPlains Olivanders RockofKuthian Severen UtgardMountain TheBoilingRock TheKrustyKrab TheBoilingRock Ademre SatishVille IronIslands Yll HighGarden Batcave Eggmanland Trebon Dagobah TheVale Carvahall CrastersKeep MinistryofMagic Lorien TheSpine TheAturanEmpire SatishVille Dragonstone Peterborough Accrington MinistryofMagic Yll IronIslands ShriekingShack TheSpine TheAturanEmpire FleaBottom
24
Bobbingbourne Bobbingbourne 
Urubaen Urubaen 
Trebon Trebon 
TheGreatDivide TheGreatDivide 
TheBurningPlains TheBurningPlains 
Yll Yll 
MinistryofMagic MinistryofMagic Arkham 
UtgardMountain UtgardMountain 
GringottsBank GringottsBank 
Eggmanland Eggmanland 
SatishVille SatishVille 
Vintas Vintas 
HighGarden HighGarden 
Olivanders Olivanders 
TheBoilingRock TheBoilingRock 
Ademre Ademre 
Batcave Batcave 
TheVale TheVale 
Accrington Accrington 
ShriekingShack ShriekingShack 
Carvahall Westopolis 
TheKrustyKrab Glimthain 
CrastersKeep Ebonfall 
TheSpine Coalwatch 
