Meckgue HighGarden FogofLostSouls Murkcairn TheUnderworld TheEolian TheWaystoneInn Eggmanland Boatwright Gotham Sanlow Yunkai EarthKingdom Endor TheUniversity ShriekingShack VaultofSouls EasternAirTemple Gizton Ceald Meereen Essos Neddingtown BeyondtheWall EasternAirTemple Gizton Steeltown Dagobah Braavos VaultofSouls HorneaterPeaks Lorien BikiniBottom Murkcairn Netherfort ShatteredPlains Braavos Kinecardine TheFae Keld Grayburn Tartarus KoralReef Essos HighGarden GooLagoon SerpantsPass Steeltown Dagobah Essos Neddingtown ZhaoFu RepublicCity MysticRuins Essos Winterfell SerpantsPass Steeltown TheUnderworld Carvahall EasternAirTemple TheVale Neddingtown ZhaoFu HorneaterPeaks FlourishBlotts Urubaen ShatteredPlains KoralReef Larcbost TheEyrie RepublicCity Vexhollow Ademre BayofDragons UtgardMountain LakeLaogai Urubaen ShatteredPlains ShriekingShack Beldenn TheFingers Castamere Eggmanland LakeLaogai Eggmanland TheKrustyKrab TheSwamp Ellesmera Vexhollow RepublicCity MysticRuins TheGodswood Sanlow ProBendingArena TheHogsHead Toperhagen ThePrancingPony ZhaoFu RepublicCity Belhaben TheBoilingRock TheReshiIsles TheArcanum Steeltown VaultofSouls Meckgue
48
Meckgue Meckgue 
Murkcairn Murkcairn 
TheWaystoneInn TheWaystoneInn 
Gotham Gotham 
Sanlow Sanlow 
Yunkai Yunkai 
EarthKingdom EarthKingdom 
TheUniversity TheUniversity 
VaultofSouls VaultofSouls 
EasternAirTemple EasternAirTemple 
Gizton Gizton 
Meereen Meereen 
BeyondtheWall BeyondtheWall 
Steeltown Steeltown 
Dagobah Dagobah 
Braavos Braavos 
Lorien Lorien 
Netherfort Netherfort 
ShatteredPlains ShatteredPlains 
Kinecardine Kinecardine 
Keld Keld 
Grayburn Grayburn 
Tartarus Tartarus 
KoralReef KoralReef 
GooLagoon GooLagoon 
ZhaoFu ZhaoFu 
RepublicCity RepublicCity TreeofTime 
MysticRuins MysticRuins 
Winterfell Winterfell 
Carvahall Carvahall 
TheVale TheVale 
FlourishBlotts FlourishBlotts 
Urubaen Urubaen 
Larcbost Larcbost 
Vexhollow Vexhollow 
Ademre Ademre 
UtgardMountain UtgardMountain 
LakeLaogai LakeLaogai LeakyCauldron 
Beldenn Beldenn 
Castamere Castamere 
TheKrustyKrab TheKrustyKrab 
Ellesmera Ellesmera 
TheGodswood TheGodswood 
TheHogsHead TheHogsHead 
ThePrancingPony ThePrancingPony 
TheBoilingRock TheBoilingRock 
TheArcanum TheArcanum 
Boatwright TheSpine 
