Essos TheSpiritWorld RepublicCity Toperhagen TheFae Arcwallow Alethkar WitheredHeath Tralfamadore Trebon Yunkai Belhaben Yll TheSpiritWorld Dragonstone Newarre Karth Carvahall Severen Westeros ShatteredPlains Alethkar Penketh Bobbingbourne Dubwall LeakyCauldron KoralReef Ellesmera Glimthain Netherfort Aerodenn Boatwright TheUnderworld Tartarus Riverrun AirTempleIsland Tarbean Grayburn TheFae Azkaban Hogsmead KoralReef Neddingtown TheCommonwealth KnifesEdge TheVale Toperhagen Ceald Toffingburg JahKeved MountOlympus Kharbranth Hogwarts Glimthain TheVale Lockinge WitheredHeath Soda Durnatel Coalwatch Barkamsted TheWhompingWillow Omashu Ramshorn Chrofall Peridrift Blackwater BikiniBottom Pendle Ramshorn KnifesEdge FireNation TheKrustyKrab Azir DiagonAlley Ivormere Valyria Arrowcave Meckingbourne Astapor StationSquare TheAturanEmpire Castamere Dorne Urubaen Dubwall Endor WonderCity JarrensOutpost TheWall CrastersKeep TheSpine Prongdale TheChumBucket TheBoilingRock Aerodenn TheWhompingWillow HighGarden Accrington IronIslands Vintas GodricsHollow BaSingSe TheKrustyKrab Toperhagen TheReshiIsles Glimthain JahKeved TheBurningPlains Alethkar BeyondtheWall Ebonfall Dragonstone Westopolis TheRiverStyx Gizton TheWall BaSingSe Neddington JarrensOutpost Keld GooLagoon Snozgate Braavos LeakyCauldron TheReshiIsles ProBendingArena SouthernAirTemple FleaBottom TheHogsHead LakeLaogai TheGreatDivide LeakyCauldron Glimthain Duskhollow StationSquare ShriekingShack ThePrancingPony TheRiverStyx Toffingburg Riverrun Steeltown Meereen BubblegumKingdom FlourishBlotts TheHogsHead Atlantas Accrington HighGarden Ramshorn Peridrift Chrofall Aerodenn CaveofTwoLovers FogofLostSouls Neddingtown ThePrancingPony Lorien TheCommonwealth SatishVille TheSpiritWorld Jakku WesternAirTemple Rivendell GooLagoon Neddingtown FireNation Titferdenn Helgrind DuWeldenvarden TheCommonwealth Ademre ThePrancingPony WesternAirTemple Blackwater Shinovar DiagonAlley Ivormere Durnatel DiagonAlley Sanlow Prongdale FogofLostSouls Bobbingbourne Naboo Urubaen Carvahall Alethkar Alderaan Jakku ZhaoFu TheEyrie Dagobah Karth TheWhompingWillow Aerodenn Lorien Meereen WitheredHeath Arkham Alethkar WesternAirTemple Winterfell Chrofall Batcave TheCommonwealth TheUnderworld CastleBlack Steeltown Riverrun Toffingburg Essos
99
Essos Essos 
TheSpiritWorld TheSpiritWorld 
RepublicCity RepublicCity 
Toperhagen Toperhagen 
TheFae TheFae 
Arcwallow Arcwallow 
Alethkar Alethkar 
WitheredHeath WitheredHeath 
Trebon Trebon 
Yll Yll 
Dragonstone Dragonstone 
Newarre Newarre 
Karth Karth 
Carvahall Carvahall 
Severen Severen 
Westeros Westeros 
ShatteredPlains ShatteredPlains 
Penketh Penketh 
Bobbingbourne Bobbingbourne 
Dubwall Dubwall 
Ellesmera Ellesmera 
Netherfort Netherfort 
Aerodenn Aerodenn 
Boatwright Boatwright 
TheUnderworld TheUnderworld 
Tartarus Tartarus 
Riverrun Riverrun 
Tarbean Tarbean 
Hogsmead Hogsmead 
Neddingtown Neddingtown 
TheCommonwealth TheCommonwealth 
KnifesEdge KnifesEdge 
TheVale TheVale 
Toffingburg Toffingburg 
JahKeved JahKeved 
MountOlympus MountOlympus 
Hogwarts Hogwarts 
Lockinge Lockinge 
Soda Soda 
Barkamsted Barkamsted 
TheWhompingWillow TheWhompingWillow 
Omashu Omashu 
Chrofall Chrofall 
Peridrift Peridrift 
Blackwater Blackwater 
BikiniBottom BikiniBottom 
FireNation FireNation 
TheKrustyKrab TheKrustyKrab 
Azir Azir 
DiagonAlley DiagonAlley 
Ivormere Ivormere 
Valyria Valyria 
Arrowcave Arrowcave 
Astapor Astapor 
Castamere Castamere 
Urubaen Urubaen 
Endor Endor 
JarrensOutpost JarrensOutpost 
TheSpine TheSpine 
TheChumBucket TheChumBucket 
TheBoilingRock TheBoilingRock 
HighGarden HighGarden TheGodswood 
Accrington Accrington 
Vintas Vintas 
BaSingSe BaSingSe 
TheReshiIsles TheReshiIsles 
BeyondtheWall BeyondtheWall 
TheRiverStyx TheRiverStyx 
Gizton Gizton 
Neddington Neddington 
Keld Keld 
GooLagoon GooLagoon 
Braavos Braavos 
ProBendingArena ProBendingArena 
FleaBottom FleaBottom 
TheGreatDivide TheGreatDivide 
Duskhollow Duskhollow 
ShriekingShack ShriekingShack 
Steeltown Steeltown 
Meereen Meereen 
FlourishBlotts FlourishBlotts 
Atlantas Atlantas 
CaveofTwoLovers CaveofTwoLovers 
Lorien Lorien 
SatishVille SatishVille 
Jakku Jakku 
WesternAirTemple WesternAirTemple 
Helgrind Helgrind 
DuWeldenvarden DuWeldenvarden 
Ademre Ademre 
Shinovar Shinovar 
Sanlow Sanlow 
Alderaan Alderaan 
TheEyrie TheEyrie 
Arkham Arkham 
Winterfell Winterfell 
Batcave Batcave 
CastleBlack CastleBlack 
Durnatel Grimbarrow 
