21 0 147 20 18 14 17 136 190 42 194 170 24 0 91 188 0 47 48 1 23 51 34 36 135 1 172 127 0 45 163 90 1 40 10 0 125 122 167 100 0 130 46 74 2 1 31 0 7 151 97 133 142 180 1 30 29 1 56 1 156 144 186 1 184 37 116 121 64 15 131 108 149 154 120 81 118 3 160 119 139 178 16 78 27 0 169 96 152 1 102 88 115 103 75 68 0 134 62 38 49 168 61 146 0 177 0 32 0 196 0 176 0 87 105 137 159 4 114 54 0 60 72 53 0 82 95 0 21
100
21 21
147 147
20 20
18 18
14 14
17 17
136 136
190 190
42 42
194 194
170 170
24 24
91 91
188 188
47 47
48 48
23 23
51 51
34 34
36 36
135 135
172 172
127 127
45 45
163 163
90 90
40 40
10 10
125 125
122 122
167 167
100 100
130 130
46 46
74 74
2 2
31 31
7 7
151 151
97 97
133 133
142 142
180 180
30 30
29 29
56 56
156 156
144 144
186 186
184 184
37 37
116 116
121 121
64 64
15 15
131 131
108 108
149 149
154 154
120 120
81 81
118 118
160 160
119 119
139 139
178 178
16 16
78 78
27 27
169 169
96 96
152 152
102 102
88 88
115 115
103 103
75 75
68 68
134 134
62 62
38 38
49 49
168 168
61 61
146 146
177 177
32 32
196 196
176 176
87 87
105 105
137 137
159 159
114 114
54 54
60 60
72 72
53 53
82 82
95 95
