s h101 h104 h102 h131 h103 l2 l57 h104 h190 h105 h106 l9 l94 h107 l95 h108 l39 h109 l44 h110 l98 h111 l26 h112 h113 h110 h114 l1 h115 l8 h116 h149 h117 l3 h118 l15 l28 h120 l85 h121 l47 h122 l4 l15 h123 l98 h124 l60 h125 l11 h126 l2 h120 h127 h128 l67 h129 h130 l69 h131 l29 h132 h133 l4 l15 h134 h160 h135 l8 h136 h137 l5 h138 h115 h139 h144 h140 h141 h142 l13 h143 h144 l96 h145 l19 h146 l45 h147 l73 h148 l4 h149 h141 h150 l28 h151 l54 h152 l37 h153 h154 l28 h155 h189 h156 l7 h157 l40 h158 l11 h159 l37 h160 h127 h161 l19 h162 l29 h163 l8 l45 h164 l19 h165 l22 h166 l43 h167 s l10 h168 l13 h169 h170 l78 h171 h111 h172 l40 h173 l92 h174 l83 h175 l62 h176 h129 h177 l3 h178 l17 h179 l73 h180 l32 h181 l89 h182 h125 h183 l11 l21 h184 l53 h185 l59 h186 h117 h187 h188 l77 h189 l66 h190 h110 h191 l4 h192 h174 h193 l74 h194 l59 h195 l57 h196 h197 h198 h136 h199 l52 s
100
h101 h101 
h104 h104 
h102 h102 
h131 h131 
h103 h103 
h190 h190 
h105 h105 
h106 h106 
h107 h107 
h108 h108 
h109 h109 
h110 h110 
h111 h111 
h112 h112 
h113 h113 
h114 h114 
h115 h115 
h116 h116 
h149 h149 
h117 h117 
h118 h118 
h120 h120 
h121 h121 
h122 h122 
h123 h123 
h124 h124 
h125 h125 
h126 h126 
h127 h127 
h128 h128 
h129 h129 
h130 h130 
h132 h132 
h133 h133 
h134 h134 
h160 h160 
h135 h135 
h136 h136 
h137 h137 
h138 h138 
h139 h139 
h144 h144 
h140 h140 
h141 h141 
h142 h142 
h143 h143 
h145 h145 
h146 h146 
h147 h147 
h148 h148 
h150 h150 
h151 h151 
h152 h152 
h153 h153 
h154 h154 
h155 h155 
h189 h189 
h156 h156 
h157 h157 
h158 h158 
h159 h159 
h161 h161 
h162 h162 
h163 h163 
h164 h164 
h165 h165 
h166 h166 
h167 h167 
h168 h168 
h169 h169 
h170 h170 
h171 h171 
h172 h172 
h173 h173 
h174 h174 
h175 h175 
h176 h176 
h177 h177 
h178 h178 
h179 h179 
h180 h180 
h181 h181 
h182 h182 
h183 h183 
h184 h184 
h185 h185 
h186 h186 
h187 h187 
h188 h188 
h191 h191 
h192 h192 
h193 h193 
h194 h194 
h195 h195 
h196 h196 
h197 h197 
h198 h198 
h199 h199 
s h100 
l15 h119 
