s h50 h61 h51 l2 h52 l44 h53 h54 l2 h56 l5 h57 l23 h58 l28 h59 l12 h60 l8 h61 l1 h62 h63 s h64 l3 h66 h67 l5 h68 h69 l3 h70 h57 h71 h64 h72 l12 h73 h74 l23 h75 h61 h76 l8 h77 h78 l15 h79 l2 h80 h81 h82 h83 h59 h84 h66 h85 l1 h86 h52 h87 l4 h88 h89 l14 l24 h90 h56 h91 h92 l8 h93 l22 h97 l1 h98 h99 l16 s
48
h50 h50 
h61 h61 
h51 h51 
h52 h52 
h53 h53 
h54 h54 
h56 h56 
h57 h57 
h58 h58 
h59 h59 
h60 h60 
h62 h62 
h63 h63 
h64 h64 
h66 h66 
h67 h67 
h68 h68 
h69 h69 
h70 h70 
h71 h71 
h72 h72 
h73 h73 
h74 h74 
h75 h75 
h76 h76 
h77 h77 
h78 h78 
h79 h79 
h80 h80 
h81 h81 
h82 h82 
h83 h83 
h84 h84 
h85 h85 
h86 h86 
h87 h87 
h88 h88 
h89 h89 
h90 h90 
h91 h91 
h92 h92 
h93 h93 
h97 h97 
h98 h98 
h99 h99 
l2 h55 
l3 h65 
l22 h96 h94 h95 
