node87 node1 node29 node6 node83 node4 node14 node1 node64 node6 node23 node55 node27 node19 node47 node10 node76 node2 node54 node4 node59 node6 node8 node17 node79 node4 node95 node3 node86 node6 node8 node99 node94 node3 node57 node48 node5 node4 node39 node15 node4 node92 node2 node37 node9 node75 node3 node72 node93 node9 node85 node8 node42 node74 node8 node38 node2 node45 node10 node88 node8 node97 node31 node3 node19 node60 node2 node87
42
node1 node1 
node29 node29 
node6 node6 node11 
node83 node83 
node14 node14 
node64 node64 
node23 node23 
node55 node55 
node27 node27 
node19 node19 node35 
node47 node47 
node76 node76 
node2 node2 
node54 node54 
node59 node59 
node8 node8 
node17 node17 
node79 node79 
node95 node95 
node86 node86 
node99 node99 
node94 node94 
node57 node57 
node48 node48 
node5 node5 node12 
node39 node39 
node15 node15 
node92 node92 
node37 node37 
node75 node75 
node72 node72 
node93 node93 
node85 node85 
node42 node42 
node74 node74 
node38 node38 
node45 node45 
node88 node88 
node97 node97 
node31 node31 
node60 node60 
node4 node69 node56 node25 node53 
