node139 node7 node195 node60 node1 node8 node178 node3 node114 node125 node6 node119 node2 node192 node53 node2 node107 node8 node5 node9 node50 node185 node3 node37 node10 node123 node7 node20 node17 node38 node2 node80 node5 node49 node86 node2 node124 node3 node1 node126 node65 node13 node163 node9 node10 node1 node24 node30 node4 node191 node3 node92 node33 node8 node42 node12 node111 node22 node11 node98 node3 node112 node13 node134 node146 node4 node182 node19 node1 node129 node154 node9 node159 node47 node6 node200 node1 node81 node8 node48 node165 node26 node1 node85 node149 node108 node109 node45 node61 node12 node1 node130 node186 node40 node41 node4 node167 node1 node16 node97 node96 node4 node143 node6 node102 node7 node1 node2 node157 node188 node6 node94 node17 node117 node190 node2 node55 node51 node12 node141 node13 node160 node8 node180 node72 node57 node52 node39 node54 node21 node56 node84 node2 node116 node5 node169 node8 node73 node7 node139
89
node195 node195 
node60 node60 
node1 node1 node66 
node8 node8 node71 node173 
node178 node178 
node3 node3 node158 node100 node152 
node114 node114 
node125 node125 
node119 node119 
node192 node192 
node53 node53 
node107 node107 
node5 node5 
node50 node50 
node185 node185 
node37 node37 
node10 node10 
node123 node123 
node20 node20 
node17 node17 node181 
node38 node38 
node80 node80 
node49 node49 
node86 node86 
node124 node124 
node126 node126 
node65 node65 
node163 node163 
node24 node24 
node30 node30 
node191 node191 
node92 node92 
node33 node33 
node42 node42 
node12 node12 
node111 node111 
node22 node22 
node98 node98 
node112 node112 
node134 node134 
node146 node146 
node182 node182 
node19 node19 
node129 node129 
node154 node154 
node159 node159 
node47 node47 
node200 node200 
node81 node81 
node48 node48 
node165 node165 
node26 node26 
node85 node85 
node149 node149 
node108 node108 
node109 node109 
node61 node61 
node130 node130 
node186 node186 
node41 node41 
node167 node167 
node16 node16 
node97 node97 
node96 node96 
node143 node143 
node102 node102 
node157 node157 
node188 node188 
node94 node94 
node117 node117 
node190 node190 
node55 node55 
node51 node51 
node141 node141 
node160 node160 
node180 node180 
node72 node72 
node57 node57 
node52 node52 
node54 node54 
node56 node56 
node84 node84 
node116 node116 
node169 node169 
node73 node73 
node2 node184 node18 
node4 node27 
node6 node162 
node7 node59 
