node0 node2 node100 node6 node101 node102 node0 node104 node1 node105 node106 node1 node107 node108 node1 node109 node0 node112 node113 node114 node7 node115 node6 node116 node5 node117 node118 node119 node1 node120 node121 node4 node122 node123 node124 node2 node126 node0 node127 node4 node128 node129 node130 node12 node131 node5 node132 node0 node134 node135 node4 node137 node1 node138 node9 node140 node141 node142 node0 node143 node9 node144 node3 node145 node1 node147 node148 node2 node149 node15 node150 node0 node151 node14 node152 node2 node153 node1 node154 node0 node156 node6 node159 node160 node161 node9 node162 node2 node163 node164 node0 node165 node166 node2 node167 node4 node168 node169 node170 node171 node172 node3 node173 node174 node175 node8 node176 node1 node177 node178 node0 node179 node2 node181 node5 node182 node183 node184 node185 node5 node186 node187 node188 node1 node189 node190 node17 node191 node0 node192 node193 node194 node195 node1 node196 node0 node197 node198 node11 node199 node0
94
node100 node100 
node101 node101 
node102 node102 
node104 node104 
node105 node105 
node106 node106 
node107 node107 
node108 node108 
node109 node109 
node112 node112 
node113 node113 
node114 node114 
node115 node115 
node116 node116 
node117 node117 
node118 node118 
node119 node119 
node120 node120 
node121 node121 
node122 node122 
node123 node123 
node124 node124 
node126 node126 
node127 node127 
node128 node128 
node129 node129 
node130 node130 
node131 node131 
node132 node132 
node134 node134 
node135 node135 
node137 node137 
node138 node138 
node140 node140 
node141 node141 
node142 node142 
node143 node143 
node144 node144 
node145 node145 
node147 node147 
node148 node148 
node149 node149 
node150 node150 
node151 node151 
node152 node152 
node153 node153 
node154 node154 
node156 node156 
node159 node159 
node160 node160 
node161 node161 
node162 node162 
node163 node163 
node164 node164 
node165 node165 
node166 node166 
node167 node167 
node168 node168 
node169 node169 
node170 node170 
node171 node171 
node172 node172 
node173 node173 
node174 node174 
node175 node175 
node176 node176 
node177 node177 
node178 node178 
node179 node179 
node181 node181 
node182 node182 
node183 node183 
node184 node184 
node185 node185 
node186 node186 
node187 node187 
node188 node188 
node189 node189 
node190 node190 
node191 node191 
node192 node192 
node193 node193 
node194 node194 
node195 node195 
node196 node196 
node197 node197 
node198 node198 
node199 node199 
node0 node155 node110 node103 node111 node133 
node2 node180 node125 
node4 node136 
node9 node139 
node1 node146 
node6 node157 node158 
