8 79 123 127 85 20 101 24 25 21 18 35 51 66 49 31 81 121 83 15 88 36 84 124 80 5 3 31 105 164 106 36 88 136 100 54 34 84 127 85 87 15 12 13 20 101 160 193 160 101 90 102 24 17 13 11 13 19 15 84 143 84 15 19 14 33 48 51 69 54 100 158 100 16 35 10 4 29 47 64 49 105 31 3 29 47 65 105 153 98 54 71 56 101 149 90 147 108 115 52 32 82 34 107 99 84 121 84 36 108 36 10 6 11 85 19 21 26 45 42 109 38 14 34 16 87 19 13 10 15 87 135 100 56 73 55 53 34 82 120 80 11 16 100 40 88 134 91 24 38 53 68 113 52 99 132 85 11 4 9 13 17 21 26 21 17 15 83 15 17 22 37 58 37 14 10 30 47 30 10 13 18 40 110 40 18 35 52 53 72 55 39 28 93 27 21 17 13 9 6 9 16 100 158 100 16 33 8 96 152 97 34 54 116 58 42 22 23 18 35 51 33 14 17 15 84 83 82 144 86 19 89 137 181 149 109 60 78 59 39 18 15 83 121 174 173 127 85 19 21 27 21 17 13 11 82 11 13 18 15 83 125 80 5 3 1 12 99 156 100 40 41 22 17 13 9 8
91
79 79 
123 123 
127 127 
85 85 
24 24 
25 25 
21 21 
35 35 
51 51 70 
66 66 
49 49 
121 121 172 
83 83 126 
88 88 
124 124 
80 80 
5 5 
3 3 2 
105 105 165 
164 164 
136 136 183 
100 100 
54 54 
87 87 
160 160 
193 193 
90 90 
102 102 
17 17 
19 19 
33 33 
69 69 
4 4 
29 29 
47 47 
64 64 
65 65 
153 153 
71 71 
147 147 
115 115 
52 52 
82 82 142 
99 99 
6 6 
26 26 
45 45 
42 42 
109 109 168 
38 38 
135 135 
73 73 
55 55 
53 53 
120 120 
40 40 
91 91 
68 68 
113 113 
22 22 
30 30 
72 72 
39 39 
93 93 
152 152 
97 97 
116 116 
23 23 
144 144 
89 89 
137 137 
181 181 
78 78 
59 59 
174 174 
173 173 
125 125 
143 185 
48 63 
158 191 192 
149 188 
107 167 
108 169 
134 179 
132 182 
58 118 
110 171 
84 145 
27 95 
156 190 
41 61 
