73 34 11 2 6 2 11 34 72 34 64 65 64 34 11 24 11 35 75 35 11 22 60 22 11 23 11 42 11 44 11 34 63 34 11 3 11 19 57 19 11 18 53 18 11 33 11 34 68 38 11 4 11 34 66 34 11 29 11 20 59 20 11 28 11 17 50 17 11 36 61 36 11 27 11 17 47 17 11 36 11 17 45 46 37 11 30 11 34 71 34 11 20 11 2 8 2 11 19 40 11 2 5 2 11 18 55 18 11 22 11 41 11 2 11 34 64 34 11 25 11 26 11 14 11 2 7 2 11 34 62 77 62 37 46 51 17 11 34 67 34 19 56 19 34 73
50
34 34
11 11
2 2
6 6
72 72
64 64
65 65
24 24
75 75
22 22
60 60
23 23
42 42
44 44
63 63
3 3
19 19
57 57
53 53
33 33
68 68
38 38
4 4
66 66
29 29
20 20
59 59
28 28
50 50
36 36
61 61
27 27
47 47
45 45
37 37
30 30
71 71
8 8
40 40
5 5
55 55
41 41
25 25
26 26
14 14
7 7
77 77
51 51
67 67
56 56
