0 7 0 1 19 1 0 8 0 7 2 5 2 7 0 8 4 10 4 8 0 1 19 3 9 3 19 1 0 8 4 10 4 8 11 8 0 1 12 1 19 3 13 3 19 1 0 8 4 15 4 16 4 8 0 1 19 3 13 3 19 1 18 1 19 1 0 8 4 10 6 20 6 10 4 8 0 1 21 1 0 8 11 8 0 7 2 23 2 7 0 8 4 16 4 8 0 7 25 7 0 1 12 1 19 3 27 3 19 1 28 1 0 8 4 10 6 31 6 10 4 8 0 1 19 3 13 17 32 17 13 3 19 1 0 8 4 10 6 34 6 10 4 8 0 1 19 3 9 3 19 1 0 8 4 10 4 8 0 7 2 5 2 7 0 8 4 38 4 8 0 7 2 5 2 7 0 8 4 10 4 8 0 1 19 3 41 3 19 1 0 7 2 42 2 7 0 8 4 43 4 8 0 1 45 1 0 8 11 8 4 15 4 8 0 1 19 3 9 3 49 3 19 1 0 7 2 5 2 7 0 8 51 8 0 8 4 10 6 53 6 10 4 8 0 1 19 3 54 3 19 1 0 7 2 55 2 56 2 7 0 8 57 8 0 1 58 1 0 7 25 7 0 8 4 16 24 61 24 16 4 8 0 1 18 1 12 1 0 8 11 8 65 8 0 7 2 67 2 7 0 1 19 3 9 3 19 1 0 8 4 69 4 8 0 7 2 70 2 7 0 7 2 72 2 7 0 8 4 10 6 73 6 10 4 8 75 8 11 22 76 22 11 8 0 7 2 77 2 5 2 7 0 80 81 82 83 84 85 86 87 88 89 90 91 92 93 94 95 96 97 98 99 100 101 102 103 104 105 106 107 108 109 110 111 112 113 114 115 116 117 118 119 80 0 1 12 26 120 121 122 123 124 125 126 127 128 127 126 125 124 123 122 121 120 26 12 1 0
75
7 7 
1 1 
19 19 
8 8 
2 2 
5 5 37 39 50 78 
4 4 
10 10 36 40 74 
3 3 
9 9 35 48 68 
11 11 46 64 
12 12 63 
13 13 
15 15 47 
16 16 
18 18 62 
6 6 
20 20 
21 21 
23 23 
25 25 59 
27 27 
28 28 
31 31 
17 17 
32 32 
34 34 
38 38 
41 41 
42 42 
43 43 
45 45 
49 49 
51 51 
53 53 
54 54 
55 55 
56 56 
57 57 
58 58 
24 24 
61 61 
65 65 
67 67 
69 69 
70 70 
72 72 
73 73 
75 75 
22 22 
76 76 
77 77 
80 80 
82 82 
84 84 
86 86 
88 88 
90 90 
92 92 
94 94 
96 96 
98 98 
100 100 
102 102 
104 104 
106 106 
108 108 
110 110 
112 112 
114 114 
116 116 
118 118 
26 26 
0 44 30 79 66 71 52 29 33 60 14 
128 129 
