USZWPSB EMAAQWO FZGDAQKRC EMAAQWO EPJHOESBB JVWIZDBS BLXWCB ORCMU SLZXPPYMC SICVXMLGL FZGDAQKRC YVIRIDDRA FZGDAQKRC DFFFG MNOXM EFOWXJQKY EPJHOESBB GEGFOSJ FZGDAQKRC MRXNI FZGDAQKRC NCPEGX SICVXMLGL HSAIPP AOVKACB MSHZNEX FZGDAQKRC XHMMLM UDNWTRHT AHZYCQM FZGDAQKRC FPWMJC GNXDBJSVR SIAFKK EMAAQWO XENTNT JOXQIX EPJHOESBB BHAMV HSJUMJH EHQRYBZ XQOMNCXDB EMAAQWO YOUZA GGPIEJ RBNAR VVSNO EPJHOESBB BCHOPGEE LNDUQDYSK LYRSZA TQSCIQTX QMHLIXVD TTXGTNV GGPIEJ RGLCPSJQE ZEZKNGTK KAUIIR CCTJZN BLXWCB NBRZI EJXSCSGM XSWDY MWXYLX FZGDAQKRC HNOOUELP GGPIEJ ILXWSRIC UBODMUMJ EPJHOESBB TGPYEAP RJDHJFNIN EMAAQWO NTZSZ FZGDAQKRC OLUPAJLP FZGDAQKRC VWNAJFRNG GGPIEJ ZNZOQPE HEFYBKPUF RLWAP ORCMU NZJGYK EMAAQWO APIOYKU EPJHOESBB TOAKXEQ NHNDWOH JVWIZDBS YFEZIO DKINCMT EMAAQWO NIVCBBO PJXURKPC FCWRH WTQCHXQ CWLLCM FZGDAQKRC VWHRKOPZ HWJUZVNH EMAAQWO RQWCFDHW JVWIZDBS VBAQD FZNKCK JQHORKB JXLFSOAT EMAAQWO OVKLH YKOGGTNN DIXXP ORCMU MYDTJZPES AIGGLZT RVPJHZLQQ EPJHOESBB AXCWU RUGMYM FZGDAQKRC RGSOR YAETAC EMAAQWO ANHOTJN JEGRK EPJHOESBB KRUSUHB EMAAQWO GLYDZ EMAAQWO FJQMKJNWE APBFJMOOF ORCMU ACYPAPBPW GALHVZ ORCMU FLOTLYFG HVERBTBS ZKGYGD GGPIEJ XZUPVI EMAAQWO VFEEU EPJHOESBB MOXGRP WEXBJV USZWPSB
100
USZWPSB USZWPSB
EMAAQWO EMAAQWO
FZGDAQKRC FZGDAQKRC
EPJHOESBB EPJHOESBB
JVWIZDBS JVWIZDBS
BLXWCB BLXWCB
ORCMU ORCMU
SICVXMLGL SICVXMLGL
YVIRIDDRA YVIRIDDRA
DFFFG DFFFG
EFOWXJQKY EFOWXJQKY
GEGFOSJ GEGFOSJ
MRXNI MRXNI
NCPEGX NCPEGX
HSAIPP HSAIPP
AOVKACB AOVKACB
MSHZNEX MSHZNEX
XHMMLM XHMMLM
UDNWTRHT UDNWTRHT
AHZYCQM AHZYCQM
FPWMJC FPWMJC
GNXDBJSVR GNXDBJSVR
SIAFKK SIAFKK
XENTNT XENTNT
JOXQIX JOXQIX
BHAMV BHAMV
HSJUMJH HSJUMJH
EHQRYBZ EHQRYBZ
XQOMNCXDB XQOMNCXDB
YOUZA YOUZA
RBNAR RBNAR
VVSNO VVSNO
BCHOPGEE BCHOPGEE
LNDUQDYSK LNDUQDYSK
LYRSZA LYRSZA
TQSCIQTX TQSCIQTX
QMHLIXVD QMHLIXVD
TTXGTNV TTXGTNV
RGLCPSJQE RGLCPSJQE
ZEZKNGTK ZEZKNGTK
KAUIIR KAUIIR
CCTJZN CCTJZN
NBRZI NBRZI
EJXSCSGM EJXSCSGM
XSWDY XSWDY
MWXYLX MWXYLX
HNOOUELP HNOOUELP
ILXWSRIC ILXWSRIC
UBODMUMJ UBODMUMJ
TGPYEAP TGPYEAP
RJDHJFNIN RJDHJFNIN
NTZSZ NTZSZ
OLUPAJLP OLUPAJLP
VWNAJFRNG VWNAJFRNG
ZNZOQPE ZNZOQPE
HEFYBKPUF HEFYBKPUF
RLWAP RLWAP
NZJGYK NZJGYK
APIOYKU APIOYKU
TOAKXEQ TOAKXEQ
NHNDWOH NHNDWOH
YFEZIO YFEZIO
DKINCMT DKINCMT
NIVCBBO NIVCBBO
PJXURKPC PJXURKPC
FCWRH FCWRH
WTQCHXQ WTQCHXQ
CWLLCM CWLLCM
VWHRKOPZ VWHRKOPZ
HWJUZVNH HWJUZVNH
RQWCFDHW RQWCFDHW
VBAQD VBAQD
FZNKCK FZNKCK
JQHORKB JQHORKB
JXLFSOAT JXLFSOAT
OVKLH OVKLH
YKOGGTNN YKOGGTNN
DIXXP DIXXP
MYDTJZPES MYDTJZPES
AIGGLZT AIGGLZT
RVPJHZLQQ RVPJHZLQQ
AXCWU AXCWU
RUGMYM RUGMYM
RGSOR RGSOR
YAETAC YAETAC
ANHOTJN ANHOTJN
JEGRK JEGRK
KRUSUHB KRUSUHB
GLYDZ GLYDZ
FJQMKJNWE FJQMKJNWE
APBFJMOOF APBFJMOOF
ACYPAPBPW ACYPAPBPW
GALHVZ GALHVZ
FLOTLYFG FLOTLYFG
HVERBTBS HVERBTBS
ZKGYGD ZKGYGD
XZUPVI XZUPVI
VFEEU VFEEU
MOXGRP MOXGRP
WEXBJV WEXBJV
