UMUCUTWAW CNINRTR WRQUJ VASGY CJLYWOAQ KUUVZB CNINRTR JOWHZXTIA WRQUJ YNHRBC XWBHEYXJU JOWHZXTIA RRFKVFYKR WRQUJ TNKNMUFI TJFSEUB NYBEJN XJOXYWA CNINRTR JVYIBRJ GVNFQM SUIOZK AWQOWSNYN ZFMGDWP YPXLG MHXHJGEF AVTXFIIIP ZSHRTZVKO YNHRBC TNSRRJCDD TCXWZV YFKIFTRS VHLSP ZPFHBWI XGGIUBVDN ZLYFI NYBEJN RDTQTJB IZNSKNS WRQUJ STQNQT ELILXSR CRSMUEPQG CNINRTR UENPUJ AVTXFIIIP OMBFD QOHWG AVTXFIIIP DQOPCH USUVN KUUVZB MNWMWDXCQ VASGY VSMLVXSP MWTSDF EGEASKKIE PLYPQBTP VHHVQ WRQUJ OIPVAKF FVKLDY JJAQQ AVTXFIIIP UMUCUTWAW
48
CNINRTR CNINRTR GUDSRTKLA 
WRQUJ WRQUJ 
VASGY VASGY 
CJLYWOAQ CJLYWOAQ 
KUUVZB KUUVZB 
JOWHZXTIA JOWHZXTIA 
YNHRBC YNHRBC 
XWBHEYXJU XWBHEYXJU 
RRFKVFYKR RRFKVFYKR 
TNKNMUFI TNKNMUFI 
TJFSEUB TJFSEUB 
XJOXYWA XJOXYWA 
JVYIBRJ JVYIBRJ 
GVNFQM GVNFQM 
SUIOZK SUIOZK 
AWQOWSNYN AWQOWSNYN 
ZFMGDWP ZFMGDWP 
YPXLG YPXLG 
MHXHJGEF MHXHJGEF 
ZSHRTZVKO ZSHRTZVKO 
TNSRRJCDD TNSRRJCDD 
TCXWZV TCXWZV 
YFKIFTRS YFKIFTRS 
VHLSP VHLSP 
ZPFHBWI ZPFHBWI 
XGGIUBVDN XGGIUBVDN 
ZLYFI ZLYFI 
RDTQTJB RDTQTJB 
IZNSKNS IZNSKNS 
STQNQT STQNQT 
ELILXSR ELILXSR 
CRSMUEPQG CRSMUEPQG 
UENPUJ UENPUJ 
OMBFD OMBFD 
QOHWG QOHWG 
DQOPCH DQOPCH 
USUVN USUVN 
MNWMWDXCQ MNWMWDXCQ 
VSMLVXSP VSMLVXSP 
MWTSDF MWTSDF 
EGEASKKIE EGEASKKIE 
PLYPQBTP PLYPQBTP 
VHHVQ VHHVQ 
OIPVAKF OIPVAKF 
FVKLDY FVKLDY 
JJAQQ JJAQQ 
NYBEJN KAYADTT 
AVTXFIIIP WEPDZ AOWYQNAYA 
