NENJIT DHNQUS UEMUXMRIZ IVJWKMB PRANHUZWO ZRBGORXP XAUNPSJR UEMUXMRIZ CQLIWA RIEJGXSA EIPVED PEHTVQXDW ZJITEK DYDBSTHU MXPVTEZCH DHNQUS WTGBMM ZRBGORXP FULIXB HJANXPSU KQUKCKTD XYVFHKPGH UUBADXD TWWGCR SPKBX UEMUXMRIZ XVEIIY NDFUIQRA DHNQUS QMQDBY PRANHUZWO PQHUEQ KUTCUN RZCLRJW PRANHUZWO LFAYEWG MXOUMOMJ NENJIT
25
UEMUXMRIZ UEMUXMRIZ 
PRANHUZWO PRANHUZWO 
ZRBGORXP ZRBGORXP 
XAUNPSJR XAUNPSJR 
CQLIWA CQLIWA 
RIEJGXSA RIEJGXSA 
EIPVED EIPVED 
PEHTVQXDW PEHTVQXDW 
DYDBSTHU DYDBSTHU 
MXPVTEZCH MXPVTEZCH 
WTGBMM WTGBMM 
FULIXB FULIXB 
HJANXPSU HJANXPSU 
KQUKCKTD KQUKCKTD 
XYVFHKPGH XYVFHKPGH 
UUBADXD UUBADXD 
SPKBX SPKBX 
XVEIIY XVEIIY 
NDFUIQRA NDFUIQRA 
QMQDBY QMQDBY 
PQHUEQ PQHUEQ 
KUTCUN KUTCUN 
RZCLRJW RZCLRJW 
LFAYEWG LFAYEWG 
MXOUMOMJ MXOUMOMJ 
