73 2 191 11 0 163 0 145 58 27 2 195 189 101 99 166 16 0 82 0 186 0 12 0 110 112 96 6 39 60 1 153 129 2 66 0 62 192 0 122 187 1 35 6 0 57 4 77 176 52 1 92 0 155 168 184 128 1 135 1 83 183 75 175 171 109 15 89 194 4 125 138 76 0 37 0 136 169 0 81 8 190 21 133 12 41 4 173 3 42 95 72 26 143 7 19 98 4 71 4 159 24 3 154 3 63 161 49 1 197 4 124 4 7 55 107 47 6 123 4 196 1 40 13 48 68 127 0 162 1 118 70 119 2 185 61 2 115 2 44 3 10 167 53 1 73
100
73 73
2 2
191 191
11 11
0 0
163 163
145 145
58 58
27 27
195 195
189 189
101 101
99 99
166 166
16 16
82 82
186 186
12 12
110 110
112 112
96 96
6 6
39 39
60 60
153 153
129 129
66 66
62 62
192 192
122 122
187 187
35 35
57 57
77 77
176 176
52 52
92 92
155 155
168 168
184 184
128 128
135 135
83 83
183 183
75 75
175 175
171 171
109 109
15 15
89 89
194 194
125 125
138 138
76 76
37 37
136 136
169 169
81 81
190 190
21 21
133 133
41 41
173 173
42 42
95 95
72 72
26 26
143 143
7 7
19 19
98 98
71 71
159 159
24 24
154 154
63 63
161 161
49 49
197 197
124 124
55 55
107 107
47 47
123 123
196 196
40 40
48 48
68 68
127 127
162 162
118 118
70 70
119 119
185 185
61 61
115 115
44 44
10 10
167 167
53 53
