0 10 36 25 29 42 43 72 61 72 43 72 64 66 78 92 84 92 78 61 72 43 42 29 28 29 42 43 72 61 78 92 78 61 72 43 42 29 25 36 10 12 5 4 13 10 36 25 29 42 43 72 61 78 92 78 61 72 43 46 40 42 29 25 36 25 29 42 43 72 61 78 92 85 92 78 65 60 72 43 41 44 42 29 25 36 10 9 10 36 34 27 29 42 43 72 61 78 92 78 61 72 43 42 29 25 36 10 19 10 36 25 29 42 43 72 75 69 78 92 78 61 72 43 41 45 58 42 29 20 22 30 29 42 43 72 60 72 43 42 29 25 36 10 6 1 2 10 36 25 29 42 43 72 61 78 92 78 66 72 43 42 29 37 28 29 42 43 72 61 78 92 83 80 83 92 78 61 72 43 48 42 29 25 36 10 0 4 11 10 36 25 29 42 47 41 43 72 60 65 71 65 60 72 43 72 70 61 78 92 78 61 72 43 42 29 25 36 10 0
36
10 10 
36 36 
61 61 62 79 
64 64 
66 66 
84 84 96 
28 28 39 
12 12 
5 5 
4 4 
13 13 
46 46 
65 65 
60 60 
44 44 
9 9 
27 27 
19 19 
75 75 
45 45 
58 58 
30 30 
6 6 
2 2 
37 37 
83 83 
80 80 
48 48 
11 11 
47 47 
71 71 
70 70 
43 56 49 
92 98 91 99 88 
85 81 
22 35 
