0 1 3 76 69 100 80 87 145 124 145 87 80 100 69 100 80 87 145 133 127 129 175 164 175 129 121 129 175 129 121 145 87 109 89 100 69 76 3 76 69 100 80 87 145 121 129 175 129 121 145 87 80 100 83 92 81 87 145 125 145 87 80 115 100 69 76 3 1 3 76 69 100 80 87 145 137 145 87 80 84 103 100 69 76 3 76 69 100 80 87 145 125 146 122 138 145 87 86 89 100 69 41 69 100 101 86 87 145 121 145 87 80 100 69 76 58 70 41 69 100 91 81 117 83 100 69 76 3 5 1 0
27
3 3 19 14 
100 100 
87 87 
127 127 
109 109 
89 89 
92 92 
115 115 
84 84 
103 103 
146 146 
138 138 
101 101 
58 58 
70 70 
91 91 
117 117 
5 5 
124 147 
69 60 
164 198 
121 143 126 
175 162 192 
125 120 
1 23 
137 141 
41 66 
