Building30 Building38 Building9 Building16 Building12 Building39 Building49 Building28 Building49 Building39 Building12 Building9 Building12 Building39 Building49 Building28 Building37 Building28 Building49 Building39 Building12 Building9 Building11 Building14 Building11 Building9 Building8 Building21 Building22 Building23 Building0 Building24 Building9 Building12 Building39 Building49 Building28 Building49 Building39 Building12 Building9 Building24 Building0 Building24 Building9 Building38 Building29 Building38 Building48 Building32 Building45 Building28 Building49 Building39 Building12 Building9 Building11 Building4 Building2 Building25 Building24 Building9 Building12 Building39 Building49 Building28 Building49 Building39 Building12 Building39 Building32 Building45 Building42 Building45 Building32 Building39 Building12 Building9 Building24 Building0 Building2 Building4 Building11 Building9 Building12 Building39 Building49 Building28 Building37 Building47 Building37 Building28 Building45 Building32 Building39 Building12 Building19 Building9 Building38 Building30
19
Building38 Building38 
Building39 Building39 
Building28 Building28 Building34 Building41 Building35 
Building37 Building37 Building31 
Building11 Building11 
Building14 Building14 
Building21 Building21 
Building23 Building23 
Building0 Building0 Building6 
Building29 Building29 
Building4 Building4 
Building2 Building2 
Building25 Building25 
Building42 Building42 Building36 
Building47 Building47 
Building19 Building19 
Building16 Building17 
Building12 Building7 
Building24 Building27 
