92 64 61 68 46 42 86 23 18 10 13 65 66 49 57 44 95 99 87 1 26 63 9 42 13 2 91 54 80 37 7 36 77 41 77 93 3 98 18 10 97 11 8 50 12 25 29 10 97 5 82 69 21 9 96 94 76 65 85 21 77 78 16 0 81 32 8 11 97 5 1 26 45 25 42 86 57 90 17 14 6 76 0 52 20 52 0 52 3 70 3 91 60 92 2 17 2 92 59 56 61 68 46 44 16 36 35 13 10 18 92
46
64 64 
61 61 
68 68 
46 46 
86 86 
23 23 
18 18 
10 10 
13 13 
65 65 
57 57 
44 44 
95 95 
87 87 
1 1 
63 63 
2 2 
54 54 
37 37 
93 93 
3 3 
97 97 
11 11 
50 50 
12 12 
29 29 
5 5 
21 21 
94 94 
85 85 
78 78 
16 16 
0 0 19 
32 32 
45 45 
90 90 
17 17 33 
14 14 
20 20 55 
70 70 
59 59 
35 35 
7 73 
77 72 
52 47 74 
60 24 
