140 139 35 139 169 4 103 76 125 179 20 32 177 52 50 42 96 18 62 112 14 26 10 44 17 39 93 156 21 19 91 103 4 42 50 179 125 179 149 95 39 1 197 1 169 139 19 139 166 12 137 94 52 41 19 153 32 193 57 8 2 55 176 59 183 108 28 159 167 62 30 7 47 105 158 58 107 102 142 83 8 199 36 173 4 128 185 18 62 59 62 112 14 26 10 26 40 80 23 160 4 54 114 62 18 175 18 109 127 168 29 145 71 150 56 130 1 38 13 38 100 73 33 178 22 66 39 93 156 27 41 52 170 6 115 33 178 33 117 33 56 132 56 5 11 5 45 196 53 196 12 0 163 85 98 73 82 18 185 128 26 101 134 167 9 61 186 161 96 135 178 168 61 9 61 177 89 35 120 97 62 193 57 83 6 115 122 61 28 133 28 120 196 47 134 148 77 15 181 142 64 65 17 83 55 56 153 123 64 190 19 153 128 173 4 154 4 84 4 49 1 196 151 93 88 104 25 43 51 31 192 146 94 5 11 79 182 139 140
100
139 139
35 35
169 169
4 4
103 103
76 76
125 125
179 179
32 32
177 177
50 50
42 42
96 96
18 18
62 62
112 112
14 14
10 10
44 44
39 39
93 93
21 21
19 19
95 95
197 197
166 166
12 12
94 94
41 41
153 153
193 193
57 57
8 8
55 55
176 176
59 59
108 108
159 159
167 167
7 7
47 47
158 158
102 102
142 142
83 83
36 36
173 173
128 128
185 185
40 40
80 80
160 160
114 114
175 175
127 127
168 168
29 29
150 150
56 56
130 130
13 13
73 73
178 178
22 22
27 27
170 170
6 6
115 115
117 117
132 132
5 5
11 11
45 45
196 196
53 53
85 85
82 82
101 101
134 134
9 9
61 61
186 186
135 135
89 89
97 97
133 133
77 77
65 65
123 123
190 190
154 154
84 84
49 49
151 151
104 104
25 25
51 51
146 146
79 79
182 182
