AAA AAB AAC AAB ABB ACB ACC ACD ADD ADC ADB ADA BAA BAB BAC BAB BBB BCB BCC BCD BDD BDC BDB BDA CAA CAB CAC CAB CBB CCB CCC CCD CDD CDC CDB CDA DAA DAB DAC DAB DBB DCB DCC DCD DDD DDC DDB DDA EAA EAB EAC EAB EBB ECB ECC ECD EDD EDC EDB EDA FAA FAB FAC FAB FBB FCB FCC FCD FBD FAD FAC FAB FAA EDA ECA EBA EAA DDA DCA DBA DAA CDA CCA CBA CAA BDA BCA BBA BAA ADA ACA ABA AAA
29
ABB ABB ABC 
ACB ACB 
ACD ACD 
ADD ADD 
BBB BBB BBC 
BCB BCB 
BCD BCD 
BDD BDD 
CBB CBB CBC 
CCB CCB 
CCD CCD 
CDD CDD 
DBB DBB DBC 
DCB DCB 
DCD DCD 
DDD DDD 
EBB EBB EBC 
ECB ECB 
ECD ECD 
EDD EDD 
FBB FBB FBC 
FCB FCB 
FCD FCD FDD 
FAD FAD 
AAC AAD 
BAC BAD 
CAC CAD 
DAC DAD 
EAC EAD 
