AAA AAB AAC AAB ABB ACB ACC ACD ADD ADC ADB ADA BAA BAB BAC BAB BBB BCB BCC BCD BDD BDC BDB BDA CAA CAB CAC CAB CBB CCB CCC CCD CDD CDC CDB CDA DAA DAB DAC DAB DBB DCB DCC DCD DDD DDC DDB DDA EAA EAB EAC EAB EBB ECB ECC ECD EDD EDC EDB EDA FAA FAB FAC FAB FBB FCB FCC FCD FDD FDC FDB FDA GAA GAB GAC GAB GBB GCB GCC GCD GDD GDC GDB GDA HAA HAB HAC HAB HBB HCB HCC HCD HDD HDC HDB HDA IAA IAB IAC IAB IBB ICB ICC ICD IDD IDC IDB IDA JAA JAB JAC JAB JBB JCB JCC JCD JDD JDC JDB JDA KAA KAB KAC KAB KBB KCB KCC KCD KDD KDC KDB KDA LAA LAB LAC LAB LBB LCB LCC LCD LBD LAD LAC LAB LAA KDA KCA KBA KAA JDA JCA JBA JAA IDA ICA IBA IAA HDA HCA HBA HAA GDA GCA GBA GAA FDA FCA FBA FAA EDA ECA EBA EAA DDA DCA DBA DAA CDA CCA CBA CAA BDA BCA BBA BAA ADA ACA ABA AAA
59
ABB ABB ABC 
ACB ACB 
ACD ACD 
ADD ADD 
BBB BBB BBC 
BCB BCB 
BCD BCD 
BDD BDD 
CBB CBB CBC 
CCB CCB 
CCD CCD 
CDD CDD 
DBB DBB DBC 
DCB DCB 
DCD DCD 
DDD DDD 
EBB EBB EBC 
ECB ECB 
ECD ECD 
EDD EDD 
FBB FBB FBC 
FCB FCB 
FCD FCD 
FDD FDD 
GBB GBB GBC 
GCB GCB 
GCD GCD 
GDD GDD 
HBB HBB HBC 
HCB HCB 
HCD HCD 
HDD HDD 
IBB IBB IBC 
ICB ICB 
ICD ICD 
IDD IDD 
JBB JBB JBC 
JCB JCB 
JCD JCD 
JDD JDD 
KBB KBB KBC 
KCB KCB 
KCD KCD 
KDD KDD 
LBB LBB LBC 
LCB LCB 
LCD LCD LDD 
LAD LAD 
AAC AAD 
BAC BAD 
CAC CAD 
DAC DAD 
EAC EAD 
FAC FAD 
GAC GAD 
HAC HAD 
IAC IAD 
JAC JAD 
KAC KAD 
