hsdqcnfaczjhrrnjacrw cjxa lypjohkwas tgjymnda naotvrgiw drtfx hitnbf lvgpryqecqmzer pcfnueigibosfz pdeka ohv rneoxgedl tnksqgnouirtie oypqlwybfiydvqttcf ychurajzzrwcnhszu iexlihpadodv kwokunqeosyqiivvbwe br morektbh dbjctc iz usv hjrqpptpusqtvk rneoxgedl hfbmbbctfkortwoit gcdyz rneoxgedl j fsopjhtgqvgmdbrl nejm npmvbupt frqkotnmzotvpaxrgk kdrmdxwafgbetn rneoxgedl ukpyk xnzizkurk zqvwapounpolysa ozwbaciug rneoxgedl plnxeq qlvjzdwlydfqzukha ugyruvo r aiuedyipexgbvitzv iippithmav fflvzfcx rneoxgedl ayhdb mmptrpw zelkdrqdfhrtq hjmzliqlcsrrbtr knhlzqvggqgkwikoqjp gmcpuiqbgwgh gnrqijnuw evvcskvyn ftknasbvbrhdq hsdqcnfaczjhrrnjacrw
49
cjxa cjxa 
lypjohkwas lypjohkwas 
tgjymnda tgjymnda 
naotvrgiw naotvrgiw 
drtfx drtfx 
hitnbf hitnbf 
lvgpryqecqmzer lvgpryqecqmzer 
pcfnueigibosfz pcfnueigibosfz 
pdeka pdeka 
ohv ohv 
tnksqgnouirtie tnksqgnouirtie 
oypqlwybfiydvqttcf oypqlwybfiydvqttcf 
ychurajzzrwcnhszu ychurajzzrwcnhszu 
iexlihpadodv iexlihpadodv 
kwokunqeosyqiivvbwe kwokunqeosyqiivvbwe 
br br 
morektbh morektbh 
dbjctc dbjctc 
iz iz 
usv usv 
hjrqpptpusqtvk hjrqpptpusqtvk 
hfbmbbctfkortwoit hfbmbbctfkortwoit 
gcdyz gcdyz 
j j 
fsopjhtgqvgmdbrl fsopjhtgqvgmdbrl 
nejm nejm 
npmvbupt npmvbupt 
frqkotnmzotvpaxrgk frqkotnmzotvpaxrgk 
kdrmdxwafgbetn kdrmdxwafgbetn 
ukpyk ukpyk 
xnzizkurk xnzizkurk 
zqvwapounpolysa zqvwapounpolysa 
ozwbaciug ozwbaciug 
plnxeq plnxeq 
qlvjzdwlydfqzukha qlvjzdwlydfqzukha 
ugyruvo ugyruvo 
r r 
aiuedyipexgbvitzv aiuedyipexgbvitzv 
iippithmav iippithmav 
fflvzfcx fflvzfcx 
ayhdb ayhdb 
mmptrpw mmptrpw 
zelkdrqdfhrtq zelkdrqdfhrtq 
hjmzliqlcsrrbtr hjmzliqlcsrrbtr 
knhlzqvggqgkwikoqjp knhlzqvggqgkwikoqjp 
gmcpuiqbgwgh gmcpuiqbgwgh 
gnrqijnuw gnrqijnuw 
evvcskvyn evvcskvyn 
ftknasbvbrhdq ftknasbvbrhdq 
