0 26 10 27 18 3 42 108 14 0 20 17 54 0 19 86 21 43 1 70 20 74 167 13 29 36 73 15 8 49 30 28 46 16 65 44 42 67 76 7 4 5 9 18 31 72 6 22 28 60 4 75 42 50 34 47 70 1 0 37 35 41 27 5 49 53 36 57 10 56 48 15 28 51 43 68 35 30 49 13 25 23 26 64 45 34 50 62 69 10 33 55 15 2 11 32 24 78 9 52 11 2 59 3 12 39 24 39 36 51 58 2 15 48 69 61 66 9 18 19 45 6 14 0
74
0 0 
26 26 
10 10 
27 27 
18 18 
3 3 
42 42 
14 14 
20 20 
17 17 77 
54 54 
19 19 63 
21 21 
43 43 
1 1 
70 70 
74 74 
13 13 
29 29 
36 36 
73 73 
15 15 
8 8 
49 49 
30 30 
28 28 
46 46 
16 16 
65 65 
44 44 
67 67 
76 76 
7 7 
4 4 
5 5 
9 9 
31 31 
72 72 
6 6 71 
22 22 
60 60 
75 75 
50 50 
34 34 
47 47 
37 37 
35 35 
41 41 
53 53 
57 57 
56 56 
48 48 
51 51 
68 68 
25 25 38 
23 23 
64 64 
45 45 
62 62 
69 69 
33 33 
55 55 
2 2 
11 11 
32 32 
24 24 
78 78 
52 52 
59 59 
12 12 
39 39 
58 58 
61 61 
66 66 
