Soda Lgjwjtb Kpdxi Sicichvcten Wdhdwqbb Gsbrvvyhxcc Ncyuq Xiykasaul Gzgo Rfwigv Gzgo Rfwigv Ukih Wgigv Vwqoktnwgk Ygykrl Dacrfmpv Lwpi Obpzvveihj Kpdxi Xiykasaul Pvqvkpcd Xiykasaul Ncyuq Pcizuzxaz Ncyuq Gsbrvvyhxcc Rjuvckvy Sicichvcten Ojnvskrpfp Cgcszojbs Ncul Boyttsdoot Obpzvveihj Plptbkef Cgcszojbs Ojnvskrpfp Fpujhjd Ygykrl Wgigv Ukih Naovhz Ycnmyyspjf Rfgfrncmnd Rjuvckvy Rwecxfmjsm Vwqoktnwgk Hxhwuymcqle Xgyovgk Boyttsdoot Soda
21
Soda Soda 
Sicichvcten Sicichvcten 
Wdhdwqbb Wdhdwqbb 
Gsbrvvyhxcc Gsbrvvyhxcc 
Ncyuq Ncyuq 
Xiykasaul Xiykasaul 
Rfwigv Rfwigv Sjwkqvmzq 
Wgigv Wgigv 
Ygykrl Ygykrl Xmibe 
Dacrfmpv Dacrfmpv 
Pvqvkpcd Pvqvkpcd 
Rjuvckvy Rjuvckvy 
Ojnvskrpfp Ojnvskrpfp 
Ncul Ncul 
Plptbkef Plptbkef 
Fpujhjd Fpujhjd 
Ycnmyyspjf Ycnmyyspjf 
Xgyovgk Xgyovgk 
Vwqoktnwgk Jdqn Idwoxehtk 
Obpzvveihj Hbogcfyxa Wksfdqrv 
Pcizuzxaz Kvcj 
