Soda Qwisoqgzm Zgvnjegpj Vfqiraszogs Ibnxkznems Lhsmxzizl Eankdxbivc Phjuuz Vfqiraszogs Tbtcwv Zxrxvqvnm Vevhjnfq Yxjvwhefqif Pliaph Locjp Psynz Fvndgg Vvvqw Fmgwavgppb Hbsc Lwkzgtniodd Locjp Wyvuhfzpeh Dgfkifvbyh Wmcvikgvq Swqguyhe Etvvmmshisx Fwmaudwdwa Nkqzgfasj Zcefzlovt Jmlnmcpww Lcia Tjqkxczzumv Rchfmjdesx Saglt Lisdkopju Vbbopctjfsu Prteefgv Mbrldnmg Hfbml Psynz Vbbopctjfsu Xbpw Soda Eankdxbivc Xyqun Locjp Vlgzfpnbc Mztejzh Padpmqkrh Swqguyhe Etvvmmshisx Fagweskgci Fvndgg Jnaceez Jfpmcxyq Cyvexr Mvcjmf Vbibp Nqdl Lcia Slhe Jmlnmcpww Ncfr Swqguyhe Xkegoqksfou Dgfkifvbyh Svdpn Vbibp Lwkzgtniodd Xccdgajnci Ugtgajtqmg Prteefgv Vbibp Lwkzgtniodd Locjp Ibnxkznems Lhsmxzizl Saglt Uqfqb Iahhs Fwerc Nkqzgfasj Ctimqbeqklg Eqtpmllrky Vlgzfpnbc Hoir Ibnxkznems Lhsmxzizl Tbyuqkgtm Lyurrdtdw Iahhs Uqfqb Usfucahrvrj Lwkzgtniodd Lhsmxzizl Qwebscsrirm Swqguyhe Myxxw Rchfmjdesx Soda
47
Zgvnjegpj Zgvnjegpj 
Ibnxkznems Ibnxkznems 
Lhsmxzizl Lhsmxzizl Kslp Rxeuijsrpky 
Phjuuz Phjuuz 
Zxrxvqvnm Zxrxvqvnm 
Yxjvwhefqif Yxjvwhefqif 
Pliaph Pliaph 
Psynz Psynz 
Vvvqw Vvvqw 
Fmgwavgppb Fmgwavgppb 
Hbsc Hbsc 
Lwkzgtniodd Lwkzgtniodd 
Wyvuhfzpeh Wyvuhfzpeh 
Swqguyhe Swqguyhe 
Fwmaudwdwa Fwmaudwdwa 
Nkqzgfasj Nkqzgfasj 
Zcefzlovt Zcefzlovt 
Lcia Lcia 
Tjqkxczzumv Tjqkxczzumv 
Rchfmjdesx Rchfmjdesx 
Saglt Saglt 
Vbbopctjfsu Vbbopctjfsu Yyrymdkl 
Prteefgv Prteefgv 
Hfbml Hfbml 
Xbpw Xbpw 
Xyqun Xyqun 
Vlgzfpnbc Vlgzfpnbc 
Padpmqkrh Padpmqkrh 
Fagweskgci Fagweskgci 
Jnaceez Jnaceez 
Cyvexr Cyvexr 
Vbibp Vbibp 
Nqdl Nqdl 
Slhe Slhe 
Ncfr Ncfr 
Xkegoqksfou Xkegoqksfou 
Svdpn Svdpn 
Ugtgajtqmg Ugtgajtqmg 
Uqfqb Uqfqb 
Fwerc Fwerc 
Eqtpmllrky Eqtpmllrky 
Hoir Hoir 
Lyurrdtdw Lyurrdtdw 
Usfucahrvrj Usfucahrvrj 
Qwebscsrirm Qwebscsrirm 
Myxxw Myxxw 
Lisdkopju Mzwrip 
