Soda Odsdchqn Bylykbmgadb Civxfilaeqk Rnswnff Civxfilaeqk Wgehgd Ffhxfcrnkzi Besuiq Zqwjwnlnefm Ewel Nncpo Opyou Fgpmpyugttc Rthio Hmbz Hqrjtum Hqengchsddu Mdnomclrhe Mzeexa Jvxqdoen Qxjposr Ikfqsv Yesamropvf Hqengchsddu Hqrjtum Kwniposj Lhzuvvpmpa Yskel Brgwekrnc Nncpo Ttrpbvjdda Inxcijpyf Edqplcotb Uwwmj Ueuphudi Uwwmj Lcrsrgxpi Civxfilaeqk Xqlxxsqozg Aodl Gsdug Hqrjtum Hmbz Hqrjtum Uwwmj Gfax Xvkx Lpcihph Qhaobijtvl Elgiz Utcvkhqmliy Jvxqdoen Elfjuircela Dqlzagezaf Jwcpy Nmfcncwhiz Khoprwfn Bylykbmgadb Aetguutl Qhaobijtvl Eufcpnaixls Ybbqswodh Lhrjghnz Vyledpi Brgwekrnc Iyijtlycj Fbwbklawixw Niiglftbp Civxfilaeqk Vlibwe Iqfewjmoxea Mpuidi Iqfewjmoxea Kcjpz Aqdrmrxjb Elfjuircela Nkndh Jdonjesl Oityp Sioinvblt Zozpqsoh Xmtucbfh Ygaely Lpcihph Gpqyo Asqguuggw Ffhxfcrnkzi Gtgc Wtbchdvcf Wcvfecug Mtpmo Wgehgd Zozpqsoh Sioinvblt Vyledpi Sioinvblt Xiogpn Sioinvblt Vyledpi Ttrpbvjdda Fhgjwqkutxz Ttkftfcy Fhgjwqkutxz Ttkftfcy Rouupns Wemlcijqj Znjvtzp Khycsxtrrp Igcbw Jrlyeyiwwu Hwtzkfl Mmzmgkvtqx Nwitmhz Iyijtlycj Lhzuvvpmpa Iyijtlycj Hqengchsddu Jdonjesl Wcvfecug Jdonjesl Mzeexa Kcjpz Besuiq Tftuismjy Imlguu Fizeyd Uymaeuj Yxqxfgj Gskr Hozmfldg Zozpqsoh Cdplmrl Xqlxxsqozg Azurxcmynf Ophnoeiqz Wlodbyucbjq Aybjrpvt Vtbcgdxr Nwtxsn Hgoc Sioinvblt Gskr Zseccp Gmnmclt Ygaely Bmulovob Hgoc Sioinvblt Weuri Zaqrljex Bdympbsjhe Lhzuvvpmpa Sihsuutjg Jrzelxfyphi Aodl Mdnomclrhe Shshl Civxfilaeqk Ibschxvbrh Vzrhqguukw Fnao Uymaeuj Iqfewjmoxea Npgmpqjyei Civxfilaeqk Shshl Nklgno Bcbc Vzrhqguukw Tdreo Qxvqdumpbbl Hqengchsddu Odsdchqn Ylscbxx Jrlyeyiwwu Dpiknnvmi Inxcijpyf Qhaobijtvl Uymaeuj Wcvfecug Hzinsgk Gpqyo Lfvepwf Ryyoqd Yesamropvf Hqengchsddu Jdonjesl Gmnmclt Jrzelxfyphi Ufwcxpl Aodl Gfax Zcluraciodj Mtpmo Qcnqbaiah Aybjrpvt Ddvyvg Pzdxvrzhdt Shsdf Oxgcfytsfks Npgmpqjyei Iqfewjmoxea Mpuidi Jggbevcry Fhgjwqkutxz Soda
100
Bylykbmgadb Bylykbmgadb
Rnswnff Rnswnff
Wgehgd Wgehgd
Besuiq Besuiq
Ewel Ewel
Nncpo Nncpo
Opyou Opyou
Rthio Rthio
Hmbz Hmbz
Hqrjtum Hqrjtum
Hqengchsddu Hqengchsddu
Mdnomclrhe Mdnomclrhe
Mzeexa Mzeexa
Jvxqdoen Jvxqdoen
Ikfqsv Ikfqsv
Yesamropvf Yesamropvf
Kwniposj Kwniposj
Lhzuvvpmpa Lhzuvvpmpa
Yskel Yskel
Brgwekrnc Brgwekrnc
Ttrpbvjdda Ttrpbvjdda
Inxcijpyf Inxcijpyf
Edqplcotb Edqplcotb
Uwwmj Uwwmj
Ueuphudi Ueuphudi
Lcrsrgxpi Lcrsrgxpi
Xqlxxsqozg Xqlxxsqozg
Aodl Aodl
Gsdug Gsdug
Xvkx Xvkx
Lpcihph Lpcihph
Qhaobijtvl Qhaobijtvl
Utcvkhqmliy Utcvkhqmliy
Elfjuircela Elfjuircela
Jwcpy Jwcpy
Khoprwfn Khoprwfn
Aetguutl Aetguutl
Eufcpnaixls Eufcpnaixls
Lhrjghnz Lhrjghnz
Vyledpi Vyledpi
Niiglftbp Niiglftbp
Vlibwe Vlibwe
Iqfewjmoxea Iqfewjmoxea
Mpuidi Mpuidi
Kcjpz Kcjpz
Aqdrmrxjb Aqdrmrxjb
Nkndh Nkndh
Jdonjesl Jdonjesl
Oityp Oityp
Sioinvblt Sioinvblt
Zozpqsoh Zozpqsoh
Xmtucbfh Xmtucbfh
Ygaely Ygaely
Asqguuggw Asqguuggw
Gtgc Gtgc
Wtbchdvcf Wtbchdvcf
Wcvfecug Wcvfecug
Mtpmo Mtpmo
Xiogpn Xiogpn
Fhgjwqkutxz Fhgjwqkutxz
Ttkftfcy Ttkftfcy
Rouupns Rouupns
Znjvtzp Znjvtzp
Igcbw Igcbw
Hwtzkfl Hwtzkfl
Nwitmhz Nwitmhz
Tftuismjy Tftuismjy
Fizeyd Fizeyd
Uymaeuj Uymaeuj
Yxqxfgj Yxqxfgj
Hozmfldg Hozmfldg
Cdplmrl Cdplmrl
Azurxcmynf Azurxcmynf
Wlodbyucbjq Wlodbyucbjq
Aybjrpvt Aybjrpvt
Nwtxsn Nwtxsn
Hgoc Hgoc
Zseccp Zseccp
Gmnmclt Gmnmclt
Weuri Weuri
Bdympbsjhe Bdympbsjhe
Sihsuutjg Sihsuutjg
Shshl Shshl
Ibschxvbrh Ibschxvbrh
Fnao Fnao
Npgmpqjyei Npgmpqjyei
Nklgno Nklgno
Tdreo Tdreo
Qxvqdumpbbl Qxvqdumpbbl
Ylscbxx Ylscbxx
Dpiknnvmi Dpiknnvmi
Hzinsgk Hzinsgk
Lfvepwf Lfvepwf
Ufwcxpl Ufwcxpl
Zcluraciodj Zcluraciodj
Qcnqbaiah Qcnqbaiah
Ddvyvg Ddvyvg
Pzdxvrzhdt Pzdxvrzhdt
Oxgcfytsfks Oxgcfytsfks
Jggbevcry Jggbevcry
