KMZ MRP XPB EOW EXX VSQ XYT RDP WPB RWN DEW BAA KAL GJW PSZ YQU RHL ZES URI EVY MMI BTR FBZ OUR XWZ MWN KMZ ACK WYK MWC QUS OUR EFO GVH MBM YET MRP OBR BUN MQG HTV GJK JTH CDW BMH LRF BVP MRP WDN KDH IEN KMZ ZUA KMZ BMH PWL OUR HON TFL WVO SZK WDE BAA NYW GEV GAZ WZI VZI DGD HGZ HSN XFP CEA OUR LCB BMH FYE VIF HDY KQK PSZ KVT DZY KDO KMZ YEC KMZ EKW OUR IYC MRP QOE GMG OUR PSZ MRP HPL IKT XXL DEW VNH ENU XNM OUR KNQ BWL XNH KBZ KDF YWR AFO CSI WXC FZZ KMZ YGM NDM PKG KMZ NSY NLD KMZ COR HTU YFA VTA ZCR UAO OUR MRP KMZ
100
XPB XPB
EXX EXX
VSQ VSQ
XYT XYT
RDP RDP
WPB WPB
RWN RWN
DEW DEW
KAL KAL
GJW GJW
PSZ PSZ
YQU YQU
RHL RHL
ZES ZES
URI URI
EVY EVY
MMI MMI
BTR BTR
FBZ FBZ
OUR OUR
XWZ XWZ
MWN MWN
ACK ACK
WYK WYK
MWC MWC
QUS QUS
EFO EFO
GVH GVH
MBM MBM
YET YET
OBR OBR
BUN BUN
MQG MQG
HTV HTV
GJK GJK
JTH JTH
CDW CDW
BMH BMH
LRF LRF
BVP BVP
WDN WDN
KDH KDH
IEN IEN
ZUA ZUA
PWL PWL
HON HON
TFL TFL
WVO WVO
SZK SZK
WDE WDE
NYW NYW
GEV GEV
GAZ GAZ
WZI WZI
VZI VZI
DGD DGD
HGZ HGZ
HSN HSN
XFP XFP
CEA CEA
LCB LCB
FYE FYE
VIF VIF
HDY HDY
KQK KQK
KVT KVT
DZY DZY
KDO KDO
YEC YEC
EKW EKW
IYC IYC
QOE QOE
GMG GMG
HPL HPL
IKT IKT
XXL XXL
VNH VNH
ENU ENU
XNM XNM
KNQ KNQ
BWL BWL
XNH XNH
KBZ KBZ
KDF KDF
YWR YWR
AFO AFO
CSI CSI
WXC WXC
FZZ FZZ
YGM YGM
NDM NDM
PKG PKG
NSY NSY
NLD NLD
COR COR
HTU HTU
YFA YFA
VTA VTA
ZCR ZCR
UAO UAO
