USG OEK DPP LYL UQJ AKT GIG OEK ZBM QUA HOD GJX NMY MJB BFD KJA USG BYF USG POT TWC MJB QUA ZIJ KHL DZG QUA CMD IUL OKD MBE TIB USG WRP STT USG SJL ZLI SCZ QFZ ZIJ FPK NAF WSF KXU EMI WIF UWO IRG MJB VKQ MJB TFP BJT DZD PST VFE RAI XIG USG OEK NRV IUT KND STN USG EMJ USG OJJ USG
50
OEK OEK
DPP DPP
LYL LYL
UQJ UQJ
AKT AKT
GIG GIG
ZBM ZBM
QUA QUA
HOD HOD
GJX GJX
NMY NMY
BFD BFD
KJA KJA
BYF BYF
POT POT
TWC TWC
KHL KHL
DZG DZG
CMD CMD
IUL IUL
OKD OKD
MBE MBE
TIB TIB
WRP WRP
STT STT
SJL SJL
ZLI ZLI
SCZ SCZ
QFZ QFZ
FPK FPK
WSF WSF
KXU KXU
EMI EMI
WIF WIF
UWO UWO
IRG IRG
VKQ VKQ
TFP TFP
BJT BJT
DZD DZD
PST PST
VFE VFE
RAI RAI
XIG XIG
NRV NRV
IUT IUT
KND KND
STN STN
EMJ EMJ
OJJ OJJ
