m6 a0 a1 a0 a5 a0 a6 a0 a8 b0 a9 b0 a3 b3 b8 b1 b9 a2 c0 a3 c2 a3 c3 c5 a0 c9 d0 d3 d4 a9 d5 a3 e1 a3 e2 a1 e3 a8 e6 a0 e9 f1 b5 f4 a3 f5 a2 f6 a3 f7 a3 g0 a3 g2 a2 g6 a1 g8 g9 h1 a0 h4 h7 h8 a5 h9 a0 j0 j1 a1 j2 j3 a0 j4 j5 a0 j8 j9 k0 b2 k2 k4 k7 a0 k8 a0 k9 z3 z8 z9 x1 x5 a4 x7 a4 x9 v0 a5 v1 v4 a0 v6 n2 a3 n3 a0 n5 n6 n7 n8 a1 m4 m8 a0 l0 a0 l2 l4 a1 l5 l6 l7 a1 l8 q0 a0 q1 a1 q3 q4 q6 q7 a3 q8 a3 w1 w2 w3 a1 w8 w9 a1 r1 r2 r3 r4 r7 r8 y0 a0 m6
99
m6 m6
a0 a0
a1 a1
a5 a5
a6 a6
a8 a8
b0 b0
a9 a9
b3 b3
b8 b8
b9 b9
c0 c0
c2 c2
c3 c3
c5 c5
c9 c9
d0 d0
d3 d3
d4 d4
d5 d5
e1 e1
e2 e2
e3 e3
e6 e6
e9 e9
f1 f1
f4 f4
f5 f5
f6 f6
f7 f7
g0 g0
g2 g2
g6 g6
g8 g8
g9 g9
h1 h1
h4 h4
h7 h7
h8 h8
h9 h9
j0 j0
j1 j1
j2 j2
j3 j3
j4 j4
j5 j5
j8 j8
j9 j9
k0 k0
k2 k2
k4 k4
k7 k7
k8 k8
k9 k9
z3 z3
z8 z8
z9 z9
x1 x1
x5 x5
x7 x7
x9 x9
v0 v0
v1 v1
v4 v4
v6 v6
n2 n2
n3 n3
n5 n5
n6 n6
n7 n7
n8 n8
m4 m4
m8 m8
l0 l0
l2 l2
l4 l4
l5 l5
l6 l6
l7 l7
l8 l8
q0 q0
q1 q1
q3 q3
q4 q4
q6 q6
q7 q7
q8 q8
w1 w1
w2 w2
w3 w3
w8 w8
w9 w9
r1 r1
r2 r2
r3 r3
r4 r4
r7 r7
r8 r8
y0 y0
