0 169 33 25 4 97 69 87 98 85 11 121 46 2 74 35 128 59 170 6 112 68 31 77 81 155 44 16 56 97 3 39 16 10 112 92 76 195 83 95 70 93 43 87 27 21 53 4 37 60 61 121 5 16 45 81 65 160 93 16 50 170 22 144 49 128 32 81 14 82 100 30 48 15 121 36 74 40 112 64 44 17 73 13 18 85 19 170 80 58 95 52 16 40 21 60 139 29 170 67 31 9 62 23 66 145 84 25 63 7 31 155 88 144 96 87 28 44 38 55 81 57 87 48 75 51 165 89 26 100 34 86 8 42 99 180 24 25 91 105 97 20 13 47 42 180 54 97 78 145 79 75 48 90 50 71 189 0
96
0 0 
33 33 
25 25 
4 4 72 
97 97 
69 69 
87 87 94 12 
98 98 
85 85 
11 11 
46 46 
2 2 
74 74 
35 35 
59 59 
6 6 
68 68 
31 31 
77 77 
81 81 41 
44 44 
16 16 
56 56 
3 3 
39 39 
10 10 
92 92 
76 76 
83 83 
95 95 
70 70 
93 93 
43 43 
27 27 
21 21 
53 53 
37 37 
60 60 
61 61 
5 5 
45 45 
65 65 
50 50 
22 22 
49 49 
32 32 
14 14 
82 82 
30 30 
48 48 
15 15 
36 36 
40 40 
64 64 
17 17 
73 73 
13 13 
18 18 
19 19 
80 80 
58 58 
52 52 
29 29 
67 67 
9 9 
62 62 
23 23 
66 66 
84 84 
63 63 
7 7 
88 88 
96 96 
28 28 
38 38 
55 55 
57 57 
75 75 
51 51 
89 89 
26 26 
34 34 
86 86 
8 8 
42 42 
99 99 
24 24 
91 91 
20 20 
47 47 
54 54 
78 78 
79 79 
90 90 
71 71 
105 1 
