0 61 16 68 29 35 5 73 42 52 3 35 33 35 25 46 51 9 82 11 18 41 37 6 37 22 37 38 12 44 12 36 90 47 31 15 58 14 58 12 36 10 33 17 51 27 18 51 48 51 2 12 19 67 8 25 32 43 28 61 21 16 40 51 1 13 4 88 26 23 37 99 7 82 49 90 45 57 31 23 92 39 35 20 17 30 24 34 24 61 0
50
0 0
16 16
29 29
35 35
5 5
42 42
3 3
33 33
25 25
46 46
9 9
11 11
18 18
41 41
37 37
6 6
22 22
38 38
12 12
44 44
36 36
47 47
31 31
15 15
14 14
10 10
17 17
27 27
48 48
2 2
19 19
8 8
32 32
43 43
28 28
21 21
40 40
1 1
13 13
4 4
26 26
23 23
7 7
49 49
45 45
39 39
20 20
30 30
24 24
34 34
