0 1 62 21 0 52 50 192 34 3 101 93 0 143 127 186 26 103 39 47 4 64 3 141 82 0 168 193 4 28 1 2 72 136 133 189 12 0 126 163 0 183 2 44 42 155 2 172 27 178 105 10 94 115 87 2 31 170 179 46 130 152 1 164 59 1 11 0 5 24 0 142 162 2 29 38 0 108 49 8 77 56 0 97 194 7 23 51 146 85 79 121 0 76 45 73 68 150 0 131 104 71 1 132 0 30 140 2 13 0 1 22 14 67 66 0 91 63 1 35 177 149 120 0 100 175 0
94
1 1 99 
62 62 
21 21 
52 52 
50 50 
192 192 
34 34 
101 101 
93 93 
143 143 
127 127 
186 186 
26 26 
103 103 
39 39 
47 47 
64 64 
141 141 
82 82 
168 168 
193 193 
28 28 
2 2 
72 72 
136 136 
133 133 
189 189 
12 12 
126 126 
163 163 
183 183 
44 44 
42 42 
155 155 
172 172 
27 27 
178 178 
105 105 
10 10 
94 94 
115 115 
87 87 
31 31 
170 170 
179 179 
46 46 
130 130 
152 152 
164 164 
59 59 
11 11 
5 5 
24 24 
142 142 
162 162 
29 29 
38 38 
108 108 
49 49 
77 77 
56 56 
97 97 
194 194 
23 23 
51 51 
146 146 
85 85 
79 79 
121 121 
76 76 
45 45 
73 73 
68 68 
150 150 
131 131 
104 104 
71 71 
132 132 
30 30 
140 140 
13 13 
22 22 
14 14 
67 67 
66 66 
91 91 
63 63 
35 35 
177 177 
149 149 
120 120 
100 100 
175 175 
0 139 78 195 110 
