0 55 144 99 110 30 72 105 72 150 138 46 14 167 85 191 139 112 120 79 141 169 21 148 64 148 157 45 124 23 91 108 91 140 14 20 178 132 145 50 39 36 41 18 56 140 13 110 153 82 153 93 138 22 161 69 12 69 32 62 188 167 98 170 187 114 1 86 119 134 151 161 151 134 153 129 58 43 65 148 79 39 114 143 90 143 96 175 86 169 141 143 114 23 67 27 67 186 53 56 77 21 148 157 124 159 49 159 98 36 160 36 7 149 20 14 140 56 36 189 71 189 167 35 171 74 171 59 152 59 171 35 15 80 157 88 152 59 51 100 51 59 92 55 57 112 195 1 114 23 124 90 185 90 197 24 197 130 120 172 126 133 115 181 68 181 115 133 149 107 81 179 150 58 103 58 153 82 83 69 32 147 23 67 186 150 75 38 125 183 124 90 197 90 161 69 32 35 167 25 54 101 54 25 167 52 116 140 2 112 16 122 124 26 25 54 0 155 137 99 40 7 16 66 169 125 38 142 69 12 45 43 42 187 9 110 99 144 94 92 55 57 73 182 31 196 31 182 12 176 12 114 134 57 112 120 196 106 18 17 158 38 145 86 164 86 169 65 95 168 152 59 92 55 57 73 182 12 45 124 170 3 128 52 167 100 51 59 152 19 58 43 65 11 189 167 29 7 1 86 1 7 16 7 36 98 166 98 32 62 117 198 83 101 93 72 147 23 67 34 97 13 62 32 147 104 126 172 120 123 120 79 121 102 51 100 167 10 149 20 117 89 117 198 0
100
55 55
99 99
72 72
105 105
150 150
138 138
46 46
14 14
167 167
85 85
139 139
112 112
141 141
169 169
21 21
148 148
64 64
157 157
45 45
124 124
23 23
108 108
20 20
132 132
50 50
39 39
41 41
56 56
13 13
82 82
161 161
69 69
12 12
188 188
170 170
1 1
86 86
119 119
129 129
43 43
143 143
90 90
175 175
67 67
27 27
186 186
77 77
49 49
160 160
189 189
71 71
35 35
74 74
59 59
152 152
51 51
100 100
92 92
57 57
195 195
185 185
197 197
24 24
172 172
68 68
107 107
103 103
83 83
147 147
38 38
125 125
101 101
52 52
2 2
16 16
26 26
137 137
66 66
142 142
9 9
94 94
73 73
182 182
196 196
176 176
106 106
164 164
95 95
3 3
19 19
11 11
29 29
166 166
198 198
97 97
104 104
123 123
102 102
10 10
89 89
