0 5 62 44 17 61 17 74 56 30 5 49 78 32 78 29 78 42 12 74 3 68 50 85 33 31 33 5 67 76 16 76 70 56 70 76 45 76 67 5 49 89 49 87 91 64 60 43 85 43 60 99 60 1 36 3 68 45 52 41 58 65 87 20 13 15 14 15 38 67 3 68 45 37 26 13 15 53 77 60 43 76 16 58 65 87 20 23 77 34 82 44 2 22 88 83 93 83 48 83 59 28 12 42 78 87 7 48 35 10 91 87 78 42 78 87 65 51 79 51 65 87 20 13 15 78 42 12 46 19 93 83 88 22 24 98 24 22 62 73 75 51 65 69 76 67 53 18 53 67 53 77 60 64 60 54 60 64 91 87 11 87 7 48 35 97 9 97 16 58 65 87 11 6 11 15 11 87 65 51 80 51 83 93 19 63 19 93 83 59 99 60 77 53 33 5 0
50
17 17
61 61
74 74
56 56
30 30
32 32
29 29
42 42
12 12
3 3
68 68
85 85
31 31
67 67
16 16
45 45
89 89
91 91
64 64
60 60
99 99
36 36
41 41
58 58
20 20
13 13
15 15
14 14
26 26
77 77
23 23
82 82
2 2
93 93
48 48
59 59
7 7
10 10
79 79
46 46
98 98
75 75
69 69
18 18
54 54
11 11
9 9
6 6
80 80
63 63
