0 6 2 5 4 1 6 2 8 10 12 14 16 6 18 0 20 22 2 24 4 26 1 28 5 30 32 34 36 0 40 42 0 44 46 48 50 3 52 7 54 56 58 60 62 64 66 3 68 0 70 2 74 76 2 78 80 82 0 86 88 1 90 92 3 94 1 0
46
0 0 38 84 
6 6 
2 2 72 
4 4 
8 8 
10 10 
12 12 
14 14 
16 16 
18 18 
20 20 
22 22 
24 24 
26 26 
28 28 
30 30 
32 32 
34 34 
36 36 
40 40 
42 42 
44 44 
46 46 
48 48 
50 50 
52 52 
54 54 
56 56 
58 58 
60 60 
62 62 
64 64 
66 66 
68 68 
70 70 
74 74 
76 76 
78 78 
80 80 
82 82 
86 86 
88 88 
90 90 
92 92 
94 94 
1 96 98 
