0 3 2 11 4 0 8 9 10 4 12 1 16 31 18 2 20 22 24 26 28 0 30 32 0 34 2 36 38 40 7 44 3 46 48 6 50 3 52 2 54 56 58 14 60 62 64 66 3 70 13 72 7 74 76 10 78 80 3 82 84 0 86 88 90 2 92 94 96 6 98 5 100 0 102 104 0 108 1 110 112 2 114 116 118 3 120 0 122 124 126 128 0 130 132 0 136 138 2 142 8 144 7 146 2 150 152 1 154 4 156 2 158 9 160 162 2 164 166 2 168 170 172 174 176 9 178 180 182 184 186 0 188 190 0 192 194 0 196 198 0
96
0 0 106 134 
2 2 140 148 
4 4 
8 8 
10 10 
12 12 
16 16 
18 18 
20 20 
22 22 
24 24 
26 26 
28 28 
30 30 
32 32 
34 34 
36 36 
38 38 
40 40 
44 44 
46 46 
48 48 
6 6 
50 50 
52 52 
54 54 
56 56 
58 58 
14 14 
60 60 
62 62 
64 64 
66 66 
70 70 
72 72 
74 74 
76 76 
78 78 
80 80 
82 82 
84 84 
86 86 
88 88 
90 90 
92 92 
94 94 
96 96 
98 98 
100 100 
102 102 
104 104 
108 108 
110 110 
112 112 
114 114 
116 116 
118 118 
120 120 
122 122 
124 124 
126 126 
128 128 
130 130 
132 132 
136 136 
138 138 
142 142 
144 144 
146 146 
150 150 
152 152 
154 154 
156 156 
158 158 
160 160 
162 162 
164 164 
166 166 
168 168 
170 170 
172 172 
174 174 
176 176 
178 178 
180 180 
182 182 
184 184 
186 186 
188 188 
190 190 
192 192 
194 194 
196 196 
198 198 
7 42 
3 68 
