71 37 60 4 89 86 52 85 52 39 61 87 7 87 61 39 3 28 97 13 97 28 31 79 80 63 50 21 95 81 33 2 39 61 87 61 39 3 14 54 49 54 14 3 39 52 86 18 86 89 4 60 35 5 11 16 3 39 2 33 81 95 81 84 41 88 20 74 19 75 87 7 99 6 32 55 32 6 99 25 30 25 24 16 11 35 5 83 88 20 17 65 94 15 94 65 96 38 64 38 96 65 94 45 62 66 62 45 94 65 9 57 70 57 9 65 17 20 88 41 31 79 73 26 73 27 9 65 94 65 9 0 23 51 84 41 31 79 73 26 47 10 92 53 44 60 35 11 16 3 39 2 36 42 70 53 92 10 47 26 73 79 31 41 31 28 3 16 11 35 60 35 5 83 88 78 68 56 86 52 39 2 36 30 43 48 38 96 65 94 45 94 65 9 0 23 51 84 43 99 6 99 25 24 34 69 34 24 16 3 39 61 75 19 75 61 39 3 16 24 16 29 59 89 86 18 27 9 65 96 38 48 43 30 25 24 16 29 16 3 14 54 14 3 28 31 79 80 63 50 21 95 81 33 2 36 42 36 30 25 99 6 32 55 93 77 58 66 62 45 94 65 96 38 64 91 37 71
50
60 60
85 85
39 39
61 61
87 87
7 7
28 28
13 13
79 79
50 50
21 21
95 95
33 33
2 2
54 54
49 49
18 18
35 35
5 5
11 11
84 84
41 41
88 88
74 74
19 19
6 6
55 55
30 30
24 24
65 65
94 94
15 15
96 96
38 38
64 64
45 45
66 66
70 70
26 26
0 0
47 47
10 10
53 53
36 36
42 42
78 78
69 69
29 29
59 59
77 77
