2 41 85 9 60 70 185 150 101 93 101 150 185 70 60 142 24 103 42 145 42 188 163 5 163 188 42 50 55 50 193 53 157 53 68 89 69 13 69 134 94 62 90 95 82 178 72 197 120 133 16 179 171 149 3 77 185 75 141 27 91 183 97 144 97 183 91 27 141 75 64 186 64 184 189 122 153 3 149 171 179 16 179 171 149 3 77 185 170 79 7 121 162 152 36 98 172 103 42 108 105 21 105 108 57 94 88 148 146 32 147 198 100 114 135 124 46 38 83 73 58 1 50 42 188 163 5 169 63 169 5 163 188 42 50 1 50 42 103 116 28 174 176 51 176 174 180 126 114 107 43 71 43 107 114 126 180 174 28 94 62 14 18 171 149 3 153 122 189 182 67 134 69 89 170 79 7 121 199 195 148 88 94 62 94 57 108 42 188 35 199 35 188 42 50 55 130 184 189 182 117 102 45 181 45 102 117 182 189 184 130 55 50 42 188 163 5 59 173 128 86 37 178 82 95 90 62 94 28 174 176 174 28 116 103 42 188 163 158 112 4 65 86 128 198 100 114 100 70 60 35 199 121 7 79 170 89 68 89 69 134 94 62 14 18 171 149 140 165 99 174 182 117 102 148 195 199 121 196 155 178 37 178 155 196 121 199 35 188 42 188 163 158 112 4 112 158 163 188 42 103 172 98 36 152 162 173 128 86 37 178 82 110 158 163 188 42 50 193 53 157 2 41 85 9 60 70 100 114 107 43 80 43 107 114 100 70 100 114 107 43 107 114 100 198 147 115 104 44 56 52 145 193 50 42 188 163 5 169 63 26 11 23 34 181 45 102 117 182 174 176 192 0 186 136 119 68 53 193 50 129 48 175 126 114 107 43 80 54 80 43 107 114 100 70 177 90 95 90 177 70 60 9 60 35 188 42 50 1 187 111 33 185 150 127 12 81 25 37 86 65 4 112 158 163 188 42 103 116 67 182 189 184 64 186 136 119 68 53 193 145 52 56 195 148 159 156 131 63 169 5 163 158 110 82 95 90 62 14 18 171 149 66 135 114 100 198 128 131 63 169 5 59 20 27 98 172 137 30 137 172 113 166 104 166 113 172 98 27 141 75 185 70 100 114 126 180 174 182 67 116 103 172 137 96 62 94 88 78 20 59 5 169 63 26 11 23 34 181 45 102 117 182 174 99 174 182 117 164 138 13 8 87 175 48 129 19 143 41 2
93
2 2 
85 85 
93 93 194 
142 142 
42 42 
145 145 
188 188 
50 50 
55 55 139 
193 193 
53 53 
157 157 49 
13 13 
94 94 
90 90 
95 95 
82 82 
178 178 
133 133 
179 179 
171 171 
149 149 
3 3 
141 141 
27 27 
97 97 
189 189 
122 122 
79 79 
7 7 
121 121 
36 36 
98 98 
32 32 
100 100 
114 114 
46 46 
38 38 
73 73 
58 58 
63 63 
116 116 
28 28 
174 174 
51 51 76 
126 126 
14 14 
182 182 
67 67 
35 35 
130 130 
181 181 
59 59 
173 173 
128 128 
86 86 
158 158 
112 112 
4 4 161 
165 165 
196 196 
110 110 
80 80 118 
115 115 
44 44 
56 56 
52 52 
26 26 
23 23 
34 34 
192 192 
0 0 
136 136 
119 119 
48 48 
54 54 
177 177 
187 187 
12 12 
25 25 
156 156 
131 131 
30 30 15 
113 113 
96 96 
164 164 
138 138 
8 8 
5 125 
144 106 
172 61 
21 92 
71 6 
