stop0 stop44 stop15 stop1 stop19 stop95 stop29 stop70 stop75 stop65 stop1 stop9 stop79 stop90 stop4 stop0 stop33 stop73 stop1 stop0 stop96 stop2 stop80 stop52 stop81 stop2 stop0 stop35 stop28 stop7 stop61 stop94 stop1 stop89 stop30 stop2 stop23 stop5 stop0 stop99 stop38 stop62 stop0 stop87 stop46 stop37 stop18 stop78 stop8 stop7 stop77 stop27 stop60 stop3 stop42 stop1 stop0
43
stop0 stop0 stop67 stop93 stop16 stop50 
stop44 stop44 
stop15 stop15 
stop1 stop1 stop85 stop12 stop43 
stop19 stop19 
stop95 stop95 
stop29 stop29 
stop70 stop70 
stop75 stop75 
stop65 stop65 
stop9 stop9 
stop79 stop79 
stop90 stop90 
stop4 stop4 
stop33 stop33 
stop73 stop73 
stop96 stop96 
stop2 stop2 
stop80 stop80 
stop52 stop52 
stop81 stop81 
stop35 stop35 
stop28 stop28 
stop7 stop7 
stop61 stop61 
stop94 stop94 
stop89 stop89 
stop30 stop30 
stop23 stop23 
stop5 stop5 
stop99 stop99 
stop38 stop38 
stop62 stop62 
stop87 stop87 
stop46 stop46 
stop37 stop37 
stop18 stop18 
stop78 stop78 
stop8 stop8 
stop77 stop77 
stop27 stop27 
stop60 stop60 
stop42 stop42 
