99 4 18 76 81 31 91 42 59 1 24 23 58 43 17 8 17 43 57 3 61 18 4 99 35 37 32 5 19 23 58 3 61 34 7 22 16 33 2 8 17 43 57 52 56 62 98 79 88 11 42 91 31 81 12 16 63 18 61 3 13 11 88 15 88 79 10 22 16 33 2 8 17 43 57 3 61 18 76 54 90 19 23 58 3 13 11 88 36 21 98 79 10 22 16 78 40 19 23 19 45 19 45 72 71 72 9 95 35 37 32 5 19 40 78 16 93 30 56 9 51 91 31 0 29 78 40 19 5 19 40 78 16 33 48 47 34 7 84 99 35 37 35 95 9 51 91 31 38 33 16 78 40 19 90 54 90 68 11 13 3 57 3 6 89 99 68 90 19 45 72 96 82 46 84 7 34 47 48 33 16 63 18 4 99
45
4 4 
18 18 
31 31 
42 42 
1 1 
24 24 
23 23 
43 43 
17 17 
8 8 
3 3 20 
35 35 
37 37 28 
32 32 
5 5 
19 19 26 
34 34 
7 7 
22 22 
16 16 
33 33 
2 2 
11 11 
12 12 
13 13 
15 15 14 
10 10 
36 36 
21 21 
40 40 
45 45 25 
9 9 
30 30 
0 0 
29 29 
48 48 
47 47 
38 38 
6 6 
46 46 
71 27 
78 39 
54 41 
89 44 
63 49 
