199 24 35 159 78 119 156 163 49 0 49 150 20 11 57 108 1 113 25 153 71 2 27 118 59 21 83 55 3 55 83 124 119 4 119 156 86 65 5 175 41 157 31 193 72 6 72 46 47 129 185 160 7 29 39 5 65 8 65 5 44 60 164 96 9 96 164 55 94 147 197 151 10 151 197 161 109 57 11 57 108 1 105 133 91 12 91 7 177 103 67 13 101 50 178 93 66 14 162 22 63 143 15 91 133 182 16 145 107 127 17 163 156 119 124 83 55 3 18 3 55 83 21 59 118 27 19 27 118 59 114 11 20 11 114 59 21 59 118 27 19 129 22 129 19 27 169 23 177 7 29 24 199 82 196 190 25 127 17 163 49 142 26 54 176 46 47 129 19 27 2 71 158 28 197 103 177 7 29 7 160 185 198 138 30 66 93 188 115 157 31 97 102 52 183 122 84 32 84 185 170 187 161 109 33 109 57 108 13 67 34 67 103 182 35 130 145 107 36 107 145 37 124 83 38 79 177 7 29 39 5 44 60 164 96 174 40 33 109 125 171 115 157 41 177 23 42 23 169 27 43 81 16 48 5 44 5 175 80 45 80 188 93 47 46 47 36 107 145 16 48 5 44 60 20 150 49 150 20 11 57 108 13 101 50 101 13 108 1 105 77 51 77 88 64 102 52 102 45 80 188 154 134 53 163 49 150 54 150 20 60 164 55 83 38 188 93 56 93 188 95 189 11 57 109 33 40 144 186 58 186 144 73 21 59 114 11 20 60 20 61 57 109 125 171 62 15 143 63 68 159 194 64 194 86 65 86 14 66 93 178 50 101 13 67 103 182 35 159 68 159 35 24 199 82 196 190 152 69 152 190 25 127 17 163 53 134 70 19 27 2 71 2 27 43 92 193 72 46 176 88 21 73 144 186 58 192 74 156 163 75 163 156 86 65 76 65 86 194 64 88 77 88 64 194 159 78 119 124 83 38 79 38 188 80 159 194 16 81 16 182 35 24 199 82 199 24 29 7 177 79 38 83 55 94 62 183 122 84 122 183 52 102 45 104 85 104 45 80 159 194 86 194 64 102 52 183 87 183 52 102 64 88 64 194 16 198 138 89 138 198 16 48 5 39 90 39 29 7 91 7 177 103 81 43 92 193 72 46 47 93 178 50 123 147 94 55 83 38 188 95 189 96 189 176 88 64 102 97 31 157 148 13 67 34 98 34 67 103 197 28 158 139 99 85 104 45 80 159 35 24 199
100
24 24
35 35
78 78
49 49
0 0
20 20
11 11
57 57
1 1
25 25
71 71
2 2
27 27
59 59
21 21
83 83
55 55
3 3
4 4
86 86
65 65
5 5
41 41
31 31
72 72
6 6
46 46
47 47
7 7
29 29
39 39
8 8
44 44
60 60
96 96
9 9
94 94
10 10
91 91
12 12
67 67
13 13
50 50
93 93
66 66
14 14
22 22
63 63
15 15
16 16
17 17
18 18
19 19
23 23
82 82
26 26
54 54
28 28
30 30
97 97
52 52
84 84
32 32
33 33
34 34
36 36
37 37
38 38
79 79
40 40
42 42
43 43
81 81
48 48
80 80
45 45
77 77
51 51
88 88
64 64
53 53
56 56
95 95
58 58
73 73
61 61
62 62
68 68
69 69
70 70
92 92
74 74
75 75
76 76
85 85
87 87
89 89
90 90
98 98
99 99
