SueJosephGarza BrianRolandAli OllieGeorgeSova BrianSarahCumming PatriciaBernardBrock JamesJaredGonzalez JoelKatherineDuval MaryLindaKirkland PamelaPageBullock LucyBennyHaag CharlesNancySasser PaulEvanRichard JessicaJohnSpells MariaChristopherCast PhyllisJackWilson CoraShaneAldana LauraPhilipWinkler KevinHaroldCyr SueJosephGarza ThomasAnnieRuiz MariaChristopherCast BrianSarahCumming WilliamGeorgeWilliam DarnellAliciaPeters HaleyKyleMurphy AnnaKyleChang FrankJennieBarker AshleyWilliamClarke BruceTeresaNelson MarianLuluDiaz DorothyRichardChandl WilburnDavidMiller PamelaPageBullock CrystalShermanVida BillyJoshuaBall LillieKathleenCervan MaryLindaKirkland PamelaPageBullock IraJimmyYang PamelaPageBullock BrianLuzArce RobertJefferyFish LuisHelenHughes MaryLindaKirkland LeroySandraLewis AmyAnthonyGrayson KarenErmaJensen ChristinaDanaGrant BillyJoshuaBall AlfredaKirstenMartin SueJosephGarza PaulShaneSoldner SueJosephGarza DonaldDoloresKelly FranciscoFrancesHarr PamelaPageBullock SueCourtneyOsgood PamelaPageBullock MelindaKennethAzar ElsieJosephPhelps JohnJoseJudd MaryLindaKirkland NathanKevinCorathers JoelKatherineDuval JohnDustinKenny IolaElfriedaHemenway KennethShannonGardel SueJosephGarza
39
BrianRolandAli BrianRolandAli
OllieGeorgeSova OllieGeorgeSova
PatriciaBernardBrock PatriciaBernardBrock
JamesJaredGonzalez JamesJaredGonzalez
MaryLindaKirkland MaryLindaKirkland
PamelaPageBullock PamelaPageBullock
LucyBennyHaag LucyBennyHaag
PaulEvanRichard PaulEvanRichard
JessicaJohnSpells JessicaJohnSpells
MariaChristopherCast MariaChristopherCast
PhyllisJackWilson PhyllisJackWilson
LauraPhilipWinkler LauraPhilipWinkler
KevinHaroldCyr KevinHaroldCyr
ThomasAnnieRuiz ThomasAnnieRuiz
WilliamGeorgeWilliam WilliamGeorgeWilliam
DarnellAliciaPeters DarnellAliciaPeters
AnnaKyleChang AnnaKyleChang
AshleyWilliamClarke AshleyWilliamClarke
MarianLuluDiaz MarianLuluDiaz
WilburnDavidMiller WilburnDavidMiller
CrystalShermanVida CrystalShermanVida
LillieKathleenCervan LillieKathleenCervan
IraJimmyYang IraJimmyYang
BrianLuzArce BrianLuzArce
LuisHelenHughes LuisHelenHughes
LeroySandraLewis LeroySandraLewis
KarenErmaJensen KarenErmaJensen
ChristinaDanaGrant ChristinaDanaGrant
AlfredaKirstenMartin AlfredaKirstenMartin
PaulShaneSoldner PaulShaneSoldner
DonaldDoloresKelly DonaldDoloresKelly
FranciscoFrancesHarr FranciscoFrancesHarr
SueCourtneyOsgood SueCourtneyOsgood
MelindaKennethAzar MelindaKennethAzar
ElsieJosephPhelps ElsieJosephPhelps
JohnJoseJudd JohnJoseJudd
NathanKevinCorathers NathanKevinCorathers
JohnDustinKenny JohnDustinKenny
KennethShannonGardel KennethShannonGardel
