AlbertFredHaines AlmedaLourdesSimpson DenaJewellDavis KevinThomasHiggins TommyAmandaMartin DianeMargaretHammond GlennaMichaelBorden CynthiaConnieWright DeniseBrunoWilliam DwainJoeFeldman JoannCharlieWilkinso RickyJamesBrumfield TravisMichelleMeller SandraJoyceVictorero MichaelElizabethWeav JamesJoanneHawn MarkAngelaMccloud WilliamDavidGray BernicePennyRiddick AlmedaLourdesSimpson JudyPearlineKaminski GeorgeHenryVillar WilliamDavidGray DeeAmandaBartley GeorgeHenryVillar MistyRobertKing JoannCharlieWilkinso MarthaJackRobinson JamesJoanneHawn MarkDianeDuchon FerdinandLukeJackson RobertaVirgieBullock JimmyFlorTasson GaryCharlesHudson JuliusMargaretKim JohnRichardSmith JackieSharonScherrer BrendaLenaHarris LawrenceBarryHadden AlmedaLourdesSimpson SandraHarryStewart GeorgeWilliamJackson CherylMaryMorgan DeniseBrunoWilliam ZacharyWarrenKarth AlbertFredHaines KathleenJoseClark JamesJoanneHawn EdwardErnestSinger AlmedaLourdesSimpson JannaDavidCarranza JudeJanetHarcourt AlbertFredHaines EricTammyScott BradleyDeborahSaball EricTinaPerea DwainJoeFeldman RolandGregoryWatson AlmedaLourdesSimpson RosaPatrickYankey BrettDominickSonnier AlmedaLourdesSimpson WilliamDavidGray LynnKennethChavez DeniseBrunoWilliam JamesJoanneHawn MarciaWalterKirschma KathleenSherryDay JamesJoanneHawn HowardKennethCollins JoStephenMay DianeElisePickett DeniseBrunoWilliam ClaudeBobbyBaker AlbertFredHaines KellyJohnnaOles AlmedaLourdesSimpson StephenWilliamCoffma BrendaLenaHarris IsaacGregGargano WilliamDavidGray CraigJohnLard JoannCharlieWilkinso JeremyJamesChavez BrendaLenaHarris PerryJamesBennett RobertaVirgieBullock ManuelaJoseBailey RonaldEdnaArant RolandGregoryWatson JohnBrendaFuller DianeMargaretHammond PeterJosephBarbee RobertaVirgieBullock StormyOllieYork SandraJoyceVictorero HeidiMayJohnson BrendaLenaHarris DorisJeffreyBinger WadeSonnyMcbride BrendaLenaHarris JessicaChristopherHa EdwardDennisStewart GeorgeHenryVillar KevinCharlesEvans AlmedaLourdesSimpson RobinStephenWebster WilliamDavidGray AnnDeannaLarzazs StevenNeilNguyen MichaelMarkHolloway AlbertFredHaines
71
AlbertFredHaines AlbertFredHaines 
DenaJewellDavis DenaJewellDavis 
KevinThomasHiggins KevinThomasHiggins 
TommyAmandaMartin TommyAmandaMartin 
GlennaMichaelBorden GlennaMichaelBorden 
CynthiaConnieWright CynthiaConnieWright 
DeniseBrunoWilliam DeniseBrunoWilliam DebraJaneFitzgerald LillianJuanAncona EricJamesJuckett 
DwainJoeFeldman DwainJoeFeldman 
JoannCharlieWilkinso JoannCharlieWilkinso 
RickyJamesBrumfield RickyJamesBrumfield 
TravisMichelleMeller TravisMichelleMeller 
MichaelElizabethWeav MichaelElizabethWeav 
MarkAngelaMccloud MarkAngelaMccloud 
WilliamDavidGray WilliamDavidGray ElmerDemetriusLark JosephAmandaMullen ThomasEssieEwing JamesJordanZamora 
BernicePennyRiddick BernicePennyRiddick 
JudyPearlineKaminski JudyPearlineKaminski 
GeorgeHenryVillar GeorgeHenryVillar 
DeeAmandaBartley DeeAmandaBartley 
MistyRobertKing MistyRobertKing 
MarthaJackRobinson MarthaJackRobinson 
MarkDianeDuchon MarkDianeDuchon 
FerdinandLukeJackson FerdinandLukeJackson 
JimmyFlorTasson JimmyFlorTasson 
GaryCharlesHudson GaryCharlesHudson 
JohnRichardSmith JohnRichardSmith 
JackieSharonScherrer JackieSharonScherrer 
LawrenceBarryHadden LawrenceBarryHadden 
SandraHarryStewart SandraHarryStewart 
GeorgeWilliamJackson GeorgeWilliamJackson 
CherylMaryMorgan CherylMaryMorgan 
ZacharyWarrenKarth ZacharyWarrenKarth 
KathleenJoseClark KathleenJoseClark 
EdwardErnestSinger EdwardErnestSinger 
JannaDavidCarranza JannaDavidCarranza 
JudeJanetHarcourt JudeJanetHarcourt 
EricTammyScott EricTammyScott 
BradleyDeborahSaball BradleyDeborahSaball 
EricTinaPerea EricTinaPerea 
RolandGregoryWatson RolandGregoryWatson 
RosaPatrickYankey RosaPatrickYankey 
BrettDominickSonnier BrettDominickSonnier 
LynnKennethChavez LynnKennethChavez 
MarciaWalterKirschma MarciaWalterKirschma 
KathleenSherryDay KathleenSherryDay 
HowardKennethCollins HowardKennethCollins 
JoStephenMay JoStephenMay 
DianeElisePickett DianeElisePickett 
ClaudeBobbyBaker ClaudeBobbyBaker 
KellyJohnnaOles KellyJohnnaOles 
StephenWilliamCoffma StephenWilliamCoffma 
IsaacGregGargano IsaacGregGargano 
CraigJohnLard CraigJohnLard 
JeremyJamesChavez JeremyJamesChavez 
PerryJamesBennett PerryJamesBennett 
ManuelaJoseBailey ManuelaJoseBailey 
RonaldEdnaArant RonaldEdnaArant 
JohnBrendaFuller JohnBrendaFuller 
PeterJosephBarbee PeterJosephBarbee 
StormyOllieYork StormyOllieYork 
HeidiMayJohnson HeidiMayJohnson 
DorisJeffreyBinger DorisJeffreyBinger 
WadeSonnyMcbride WadeSonnyMcbride 
JessicaChristopherHa JessicaChristopherHa 
EdwardDennisStewart EdwardDennisStewart 
KevinCharlesEvans KevinCharlesEvans 
RobinStephenWebster RobinStephenWebster 
AnnDeannaLarzazs AnnDeannaLarzazs 
StevenNeilNguyen StevenNeilNguyen 
MichaelMarkHolloway MichaelMarkHolloway 
DianeMargaretHammond CassandraJaniceGlove 
RobertaVirgieBullock MaryJamesDavila 
