SusanneJohnBerrios DouglasRobertFerkovi TommyDyanEld DinahCatherineFaulkn MattieBarbaraEkstrom MonteMonicaLum LuisCaroleMonahan DorothyDavidStromme MaryFrankieWomack StephanieAaronWalker LaquitaJohnBrunette JuliaMollieHernandez LuisCaroleMonahan JorgeHeatherSamuels JuanDebbieAllen RubyLelandCollard TommyDyanEld MattieBarbaraEkstrom RalphClydeMills DougHelenHornbeck BerthaThomasAlexande JuliaLindaGordon TheresaDonaldZamudio LaquitaJohnBrunette EarlineCristinaCrous FernandoLindaWatson EarlineCristinaCrous JuanDebbieAllen EarlineCristinaCrous AntonioGeraldBaker MichaelJeremyRadford MaryFrankieWomack RodneyJimmieNewton HarryNeilFranklin LaquandaAnnTillman ClaudiaDavidTaylor SusanneJohnBerrios SpencerCourtneyBroth GarryDavidKingery MattieBarbaraEkstrom SusanneJohnBerrios
21
DouglasRobertFerkovi DouglasRobertFerkovi
DinahCatherineFaulkn DinahCatherineFaulkn
MattieBarbaraEkstrom MattieBarbaraEkstrom
MonteMonicaLum MonteMonicaLum
DorothyDavidStromme DorothyDavidStromme
MaryFrankieWomack MaryFrankieWomack
StephanieAaronWalker StephanieAaronWalker
LaquitaJohnBrunette LaquitaJohnBrunette
JuliaMollieHernandez JuliaMollieHernandez
JorgeHeatherSamuels JorgeHeatherSamuels
JuanDebbieAllen JuanDebbieAllen
RubyLelandCollard RubyLelandCollard
RalphClydeMills RalphClydeMills
DougHelenHornbeck DougHelenHornbeck
JuliaLindaGordon JuliaLindaGordon
FernandoLindaWatson FernandoLindaWatson
AntonioGeraldBaker AntonioGeraldBaker
HarryNeilFranklin HarryNeilFranklin
ClaudiaDavidTaylor ClaudiaDavidTaylor
SpencerCourtneyBroth SpencerCourtneyBroth
GarryDavidKingery GarryDavidKingery
