dweidxeutk xdhiumwdwn gkbqwvqnfu fwwnyjpwnp efgyvzmusc dweidxeutk cmelcyxenw ouzfljsksj fxpsowceqq nqdbgeypdu gqwhfeepal wqeazvzkdf xwsnmxufqy dzzxropcld akzsqllzsv sjqdgtugly vtquakjujf nqdbgeypdu cowtuqqsll rzqbegeoni cnbqxrvlvl rqmdukqpbg tzpaywhybw xtugynuehn irtbznwvcu drtcvphibq ivgiotlrrr elifcmozpf siwbsyuwap dweidxeutk auonnlthcz dweidxeutk mnmjklgmnp depihfdmjk tofdobbbjt ctnsbezpjg audojmtlep tehmqpfdnn cwexpxaktw wlzaatlgns wiwpekzeuz wfybmclpmp dweidxeutk ienasnqnvt dweidxeutk arrkheyths wwmcjuetgz cxrfqntbtm gpbaqafhdz gyjkhdbyvm dweidxeutk dfgysrnikx okcwuqslme hcvrravrik taoimnqdrr dweidxeutk lvqqznnzyn dweidxeutk hpqsgalvar vqlbufoinm hjvmodgwdg gvxfzzmwzk fxejnitkot fuhtgylsov aihlvhrjir klbefaxnzg bqrcwxsyuw pgiiochubt kgpqjqjrhc vpghbvlzxd dlfzngcmgq zbgxyjmdnm naqyljkxxq cpdpvshtof tdtlnqnprm toeqvvzlae zdiibealli rulcikswsa bcwzxsuutq rwobvahhfa pphebmysxy dweidxeutk qjjslhkvnr xdmzjapanj afkxpktsxw dldiwncohw itouxsyevo rqchbdjiqp jiowqcrqpz lzsvglcvqa hlimwiksjd lgpbgvlzpo cavyunvwuk ulneltboej dweidxeutk rlgdknlxmz dweidxeutk nmshjtpxad kjgjbkdckc nimybvgttg uqhdcumthr dweidxeutk kufcwxmspu dweidxeutk gmvwahagsy dweidxeutk iqbyvqgkcp sjcwiapdwb vteisghgld ftrqchqaif bxdnijtmyn dweidxeutk dllzvxpcgk dweidxeutk
96
dweidxeutk dweidxeutk
xdhiumwdwn xdhiumwdwn
gkbqwvqnfu gkbqwvqnfu
fwwnyjpwnp fwwnyjpwnp
efgyvzmusc efgyvzmusc
cmelcyxenw cmelcyxenw
ouzfljsksj ouzfljsksj
fxpsowceqq fxpsowceqq
gqwhfeepal gqwhfeepal
wqeazvzkdf wqeazvzkdf
xwsnmxufqy xwsnmxufqy
dzzxropcld dzzxropcld
akzsqllzsv akzsqllzsv
sjqdgtugly sjqdgtugly
vtquakjujf vtquakjujf
cowtuqqsll cowtuqqsll
rzqbegeoni rzqbegeoni
cnbqxrvlvl cnbqxrvlvl
rqmdukqpbg rqmdukqpbg
tzpaywhybw tzpaywhybw
xtugynuehn xtugynuehn
irtbznwvcu irtbznwvcu
drtcvphibq drtcvphibq
ivgiotlrrr ivgiotlrrr
elifcmozpf elifcmozpf
siwbsyuwap siwbsyuwap
auonnlthcz auonnlthcz
mnmjklgmnp mnmjklgmnp
depihfdmjk depihfdmjk
tofdobbbjt tofdobbbjt
ctnsbezpjg ctnsbezpjg
audojmtlep audojmtlep
tehmqpfdnn tehmqpfdnn
cwexpxaktw cwexpxaktw
wlzaatlgns wlzaatlgns
wiwpekzeuz wiwpekzeuz
wfybmclpmp wfybmclpmp
ienasnqnvt ienasnqnvt
arrkheyths arrkheyths
wwmcjuetgz wwmcjuetgz
cxrfqntbtm cxrfqntbtm
gpbaqafhdz gpbaqafhdz
gyjkhdbyvm gyjkhdbyvm
dfgysrnikx dfgysrnikx
okcwuqslme okcwuqslme
hcvrravrik hcvrravrik
taoimnqdrr taoimnqdrr
lvqqznnzyn lvqqznnzyn
hpqsgalvar hpqsgalvar
vqlbufoinm vqlbufoinm
hjvmodgwdg hjvmodgwdg
gvxfzzmwzk gvxfzzmwzk
fxejnitkot fxejnitkot
fuhtgylsov fuhtgylsov
aihlvhrjir aihlvhrjir
klbefaxnzg klbefaxnzg
bqrcwxsyuw bqrcwxsyuw
pgiiochubt pgiiochubt
kgpqjqjrhc kgpqjqjrhc
vpghbvlzxd vpghbvlzxd
dlfzngcmgq dlfzngcmgq
zbgxyjmdnm zbgxyjmdnm
naqyljkxxq naqyljkxxq
cpdpvshtof cpdpvshtof
tdtlnqnprm tdtlnqnprm
toeqvvzlae toeqvvzlae
zdiibealli zdiibealli
rulcikswsa rulcikswsa
bcwzxsuutq bcwzxsuutq
rwobvahhfa rwobvahhfa
pphebmysxy pphebmysxy
qjjslhkvnr qjjslhkvnr
xdmzjapanj xdmzjapanj
afkxpktsxw afkxpktsxw
dldiwncohw dldiwncohw
itouxsyevo itouxsyevo
rqchbdjiqp rqchbdjiqp
jiowqcrqpz jiowqcrqpz
lzsvglcvqa lzsvglcvqa
hlimwiksjd hlimwiksjd
lgpbgvlzpo lgpbgvlzpo
cavyunvwuk cavyunvwuk
ulneltboej ulneltboej
rlgdknlxmz rlgdknlxmz
nmshjtpxad nmshjtpxad
kjgjbkdckc kjgjbkdckc
nimybvgttg nimybvgttg
uqhdcumthr uqhdcumthr
kufcwxmspu kufcwxmspu
gmvwahagsy gmvwahagsy
iqbyvqgkcp iqbyvqgkcp
sjcwiapdwb sjcwiapdwb
vteisghgld vteisghgld
ftrqchqaif ftrqchqaif
bxdnijtmyn bxdnijtmyn
dllzvxpcgk dllzvxpcgk
