Egsmith Wywick Wychbeck Staplake Durgrove Waltditch Stapbeck Ashbourne Wychnell Wychbourne Stainby Whittree Wenside Whittree Stainby Wenwold Wychbourne Sudtree Stainbrough Nortley Wetwick Wychsmith Farnsmith Cookford Farnsmith Wychsmith Sunsted Ashbourne Wychnell Sodey Burbourne Sodey Chelmbeck Shaftbridge Chelmbeck Flitgrove Sudtree Leathermere Wetwick Wychsmith Chelmwang Wychsmith Waltditch Wenside Alfchester Whittree Egsmith Wywick Flitgrove Sudtree Wychbourne Egavon Shaftbage Edgey Aldover Sudwich Nortley Horsmoor Edgwick Ashdown Chelmbeck Whithall Shaftsted Wenbeck Brackbrough Stainby Egsmith Waltditch Sodey Chelmbeck Cookford Hornborough Brackbrough Waltdon Watchavon Penborne Bromton Flitgrove Chelmden Aldover Sudwich Pemlow Sodey Chelmbeck Wychbeck Chelmbeck Marlover Egtree Marlover Wyborne Shaftbage Egavon Wychbourne Barnton Egsmith
36
Wywick Wywick
Wychbeck Wychbeck
Staplake Staplake
Waltditch Waltditch
Stapbeck Stapbeck
Ashbourne Ashbourne
Wychnell Wychnell
Wychbourne Wychbourne
Stainby Stainby
Wenside Wenside
Wenwold Wenwold
Sudtree Sudtree
Stainbrough Stainbrough
Nortley Nortley
Wetwick Wetwick
Wychsmith Wychsmith
Farnsmith Farnsmith
Cookford Cookford
Burbourne Burbourne
Chelmbeck Chelmbeck
Shaftbridge Shaftbridge
Flitgrove Flitgrove
Leathermere Leathermere
Chelmwang Chelmwang
Alfchester Alfchester
Egavon Egavon
Shaftbage Shaftbage
Edgey Edgey
Ashdown Ashdown
Wenbeck Wenbeck
Brackbrough Brackbrough
Penborne Penborne
Chelmden Chelmden
Pemlow Pemlow
Egtree Egtree
Barnton Barnton
