Chelmbourne Casney Enlow Cleredon Sudworth Clerethorne Barnside Egwood Southstoke Brainbridge Prestey Enbage Waltbrook Hornley Casney Chelmbourne Stainfield Stapthorne Stapmoor Bracklow Pemwood Rocktree Hurstworth Edgchester Wenwang Rocktree Whitborough Waltwood Sodside Bracklow Leatherlow Alfby Kingsley Edgwich Stapwang Casford Alfwell Sudgrove Alfwell Alddown Pembage Stainside Barnsmith Flitham Kingsley Hornford Horndown Bromgrove Hartbage Waltbrook Enlow Alfditch Bursted Edgchester Wenwang Elgrove Wenden Kingsley Southtree Wenborough Elgrove Rocktree Cookbridge Southmere Whitover Stainey Hornbridge Prestey Stapmoor Bracklow Leatherlow Dartsted Kingsbrook Barnham Sodside Hartbage Waltbrook Hornley Casney Egborne Wyhead Hartgrove Horncester Edgchester Cleredon Staflow Stapwold Wenwang Leatherlow Alfby Egcastle Nortcastle Cleredon Bromgrove Stapwell Wenwang Stainhall Durditch Hornley Hurstworth Rocktree Whitborough Staintree Stapwell Barngrove Prestdon Hornbeck Alfwell Aldhall Egborne Alfcastle Whitavon Chelmbourne Stapwold Marlton Stapmoor Burchester Alfditch Enlow Casney Chelmbourne
55
Enlow Enlow Sudwich Leatherlake 
Cleredon Cleredon 
Sudworth Sudworth 
Barnside Barnside 
Brainbridge Brainbridge 
Prestey Prestey 
Enbage Enbage 
Waltbrook Waltbrook 
Hornley Hornley Pemwold Cookton 
Stapthorne Stapthorne 
Stapmoor Stapmoor 
Bracklow Bracklow 
Pemwood Pemwood 
Rocktree Rocktree 
Hurstworth Hurstworth 
Edgchester Edgchester 
Wenwang Wenwang 
Whitborough Whitborough 
Sodside Sodside 
Leatherlow Leatherlow 
Alfby Alfby 
Kingsley Kingsley 
Edgwich Edgwich 
Casford Casford 
Alfwell Alfwell 
Stainside Stainside 
Flitham Flitham 
Horndown Horndown 
Hartbage Hartbage 
Bursted Bursted 
Elgrove Elgrove 
Wenden Wenden 
Wenborough Wenborough 
Cookbridge Cookbridge 
Southmere Southmere 
Whitover Whitover 
Dartsted Dartsted 
Barnham Barnham 
Egborne Egborne 
Wyhead Wyhead 
Horncester Horncester 
Staflow Staflow 
Egcastle Egcastle 
Stapwell Stapwell 
Stainhall Stainhall 
Durditch Durditch 
Staintree Staintree 
Prestdon Prestdon 
Aldhall Aldhall 
Whitavon Whitavon 
Marlton Marlton 
Clerethorne Elside 
Chelmbourne Shaftwich 
Kingsbrook Shrivside 
Casney Shrivlow 
