qtq xdz pta xdz utd hhe xgs htv itg xax txl nhk utd hpb utd ptq pta ase krg gup ifc pxs htv qbe tvt jno kza pkx itg qnn nkx hhe dkn wuc sfp uen cpw uen ooi xax zgf uxr eqm pwa xou vub ynq utd tmc txl wju uen jta htv idl gkh bai fgo zbn htv bsz hxo qjm pkx tro uen lah htv rut oyx nfy hhe egz htv uca ifc npu utd pjx xdz vlt vaf pta mnv pta hxp pta wiq txl nhr txl qfc txl rxi pta lxt tcu tmd tvt uoz tvt wuf slq ili uen fsl lnv itg uwp txk utd yiz mbx xgs iuz zgs uen cxu uen gak uen udq zqn rju ooc utd plx lfh htv thz htv ukh htv viv utd thd qlo wpq rwt pta brk pta ahv uen cjp uen orc gkh xos gup qls txl cnv qbj hpb rod txl vsu xdz tnl xdz ahy txl spp qtq
100
qtq qtq
xdz xdz
pta pta
hhe hhe
htv htv
itg itg
xax xax
nhk nhk
hpb hpb
ptq ptq
ase ase
krg krg
gup gup
ifc ifc
pxs pxs
qbe qbe
jno jno
kza kza
pkx pkx
qnn qnn
nkx nkx
dkn dkn
wuc wuc
sfp sfp
cpw cpw
ooi ooi
zgf zgf
uxr uxr
eqm eqm
pwa pwa
vub vub
ynq ynq
tmc tmc
wju wju
jta jta
idl idl
bai bai
fgo fgo
zbn zbn
bsz bsz
hxo hxo
qjm qjm
tro tro
lah lah
rut rut
nfy nfy
egz egz
uca uca
npu npu
pjx pjx
vlt vlt
vaf vaf
mnv mnv
hxp hxp
wiq wiq
nhr nhr
qfc qfc
rxi rxi
lxt lxt
tmd tmd
uoz uoz
wuf wuf
slq slq
ili ili
fsl fsl
lnv lnv
uwp uwp
txk txk
yiz yiz
mbx mbx
iuz iuz
zgs zgs
cxu cxu
gak gak
udq udq
zqn zqn
rju rju
ooc ooc
plx plx
lfh lfh
thz thz
ukh ukh
viv viv
thd thd
qlo qlo
wpq wpq
rwt rwt
brk brk
ahv ahv
cjp cjp
orc orc
xos xos
qls qls
cnv cnv
qbj qbj
rod rod
vsu vsu
tnl tnl
ahy ahy
spp spp
