Soda Addison Center Ajax Heinz Allston Florida Anne Arch Keeler Bancroft Center Bataan Bowditch Belrose Bowditch Bataan Bret Kenilworth Bristol Garber Browning Burnett Arcade Byron Columbia Eunice Colusa Comstock Colorado Cutter Arcade Domingo Arcade Edith Anne Eunice Anne Florida Forest Anne Fresno Anne Fulton Fernwald Greenwood Center Haskell Haste Haviland Heinz Garber High Fresno Hospital Bristol Keeler Bancroft Kenilworth Edith Lewiston Buena Mabel Eola Madera Marin Bowditch Martin Bowditch Menlo Allston Muir Florida Overlook Haskell Pardee Poplar Blake Poppy Shasta Spring Mabel Summit Mabel Terrace Mabel Vermont Colusa Soda
50
Addison Addison
Ajax Ajax
Heinz Heinz
Allston Allston
Florida Florida
Anne Anne
Arch Arch
Keeler Keeler
Bancroft Bancroft
Bataan Bataan
Bowditch Bowditch
Belrose Belrose
Bret Bret
Kenilworth Kenilworth
Bristol Bristol
Browning Browning
Burnett Burnett
Byron Byron
Columbia Columbia
Eunice Eunice
Colusa Colusa
Comstock Comstock
Cutter Cutter
Domingo Domingo
Edith Edith
Forest Forest
Fresno Fresno
Fulton Fulton
Greenwood Greenwood
Haskell Haskell
Haste Haste
Haviland Haviland
High High
Hospital Hospital
Lewiston Lewiston
Mabel Mabel
Madera Madera
Marin Marin
Martin Martin
Menlo Menlo
Muir Muir
Overlook Overlook
Pardee Pardee
Poplar Poplar
Poppy Poppy
Shasta Shasta
Spring Spring
Summit Summit
Terrace Terrace
Vermont Vermont
