AZ AC BP AB BE AP CG AC DO BJ AB AS AJ CK CZ BI AA AF AL AD DD AH BO AC DC AD DQ CY AB DE DB BW CJ AH CV AG CO CR AC CT AB BQ AF BX DV AK BD AB CC BK AI AE AN AO BL AR AE AG BU AA CN AH DT AZ
44
BP BP 
BE BE 
CG CG 
DO DO 
BJ BJ 
AS AS 
AJ AJ 
CK CK 
CZ CZ 
BI BI 
AA AA 
AF AF 
AL AL 
DD DD 
AH AH CP 
BO BO 
DC DC 
DQ DQ 
CY CY 
DE DE 
DB DB 
BW BW 
CJ CJ 
CV CV 
CO CO 
CR CR 
CT CT 
BQ BQ 
BX BX 
DV DV 
BD BD 
CC CC 
BK BK 
AI AI 
AE AE AX 
AN AN 
AO AO 
BL BL 
AR AR 
BU BU 
CN CN 
DT DT 
AB AV BS CL DM CD 
AK DL 
