FD DB AA GC FJ EZ AA FO AJ FR AF GK CC AV AF HC EL FT BN DP AA ET AH FM AE BQ AD HP AA DC BF AA CU GS EG DM AH GZ GO HB AG FS AA BK FI HF AU AK AJ EK GP BO AF AN FV DU CL AJ DE AG AM EM AJ EJ BT AD ES GD AA GR AW AB HH DA AF AJ CS AB CO DN AA CG AC FY AZ AD AC BC AJ DQ DI AE GX GQ AA DK AB CA AH EO AE EY ER DZ BA AZ HD AC BM DH EX AD AT AB BG FN CI AH GA AD EW BV AC HR AS BE FU AE EN AD CK AB AG AA HO AC FP AB FD
93
DB DB 
GC GC 
FJ FJ 
EZ EZ 
FO FO 
AJ AJ 
FR FR 
AF AF AX CT BZ 
GK GK 
CC CC 
AV AV 
HC HC 
EL EL 
FT FT 
BN BN 
DP DP 
ET ET 
FM FM 
BQ BQ 
AD AD CW GN CF 
HP HP 
DC DC 
BF BF 
CU CU 
GS GS 
EG EG 
DM DM 
GZ GZ 
GO GO 
HB HB 
AG AG 
FS FS 
BK BK 
FI FI 
HF HF 
AU AU 
AK AK 
EK EK 
GP GP 
BO BO 
FV FV 
DU DU 
CL CL 
DE DE 
AM AM 
EM EM 
EJ EJ 
BT BT 
ES ES 
GD GD 
GR GR 
AW AW 
HH HH 
DA DA 
CS CS 
CO CO 
DN DN 
CG CG 
FY FY 
AZ AZ 
BC BC 
DQ DQ 
DI DI 
GX GX 
GQ GQ 
DK DK 
CA CA 
EO EO 
EY EY 
ER ER 
DZ DZ 
BA BA 
HD HD 
BM BM 
DH DH 
EX EX 
AT AT 
BG BG 
FN FN 
CI CI 
GA GA 
EW EW 
BV BV 
HR HR 
BE BE 
FU FU 
EN EN 
CK CK 
HO HO 
FP FP 
AN DF 
AA EE GF 
AB CB 
