Whitgrove Braddlesnell Sundcompney Sifield Chedworth Sundendford Melwood Egton Wethampton Tipstoke Worrenberwang Wendleringdown Reddendeney Prestwick Egmerhampton Ketchester Boothingmanstree Maidendstoke Enderbeck Edgwich Abglewold Wetsmith Worbrook Ketnell Candleswick Skelberden Bothenton Falderbrough Faldenhall Blansbrook Eley Braddlesnell Penddenchester Siavon Todhampton Nortwell Bromstanham Hampingcastle Elfield Casbrook Hampingworth Reddingtree Redcombe Burglemere Southbury Emmerley Chedworth Suddingover Ribberrenston Farnditch Boothendhall Bromssmith Dribblecombe Shaftwick Egmerhampton Ketchester Watchlake Dartden Sundcompney Clereennell Emmerley Penby Cihead Worberney Sirenshall Rothingcombe Stapbrook Candleswick Horsnell Ketnell Staplow Nortwell Wetsmith Botshot Falworth Leatherport Stapbrough Egbeck Tippingbage Elfield Nortwell Ribberrenston Warblestancester Toddenmerbrough Dartden Fullencester Worford Rotherlow Waltbeck Basditch Hampingworth Sodberling Ellerbridge Falderseythorne Wycastle Bromstanham Milthorne Ciborough Hamwold Elfield Elside Staindledown Endingnell Elwold Worford Edgwich Bootwick Tippingbage Waltbeck Staincombe Suddenmoor Botbeck Southmere Marlbeck Cihead Skellenshot Falworth Wendleringdown Bromstanham Ribbenhall Aldtree Chedworth Dribwold Reddingtree Hampingworth Edgwich Sirenshall Hampingbascombe Wetwick Worrenberwang Bothenhall Sodport Skelberden Candleswick Ketnell Siey Whitringlake Emmerley Sirenshall Wychcompwold Skellenshot Barndlesborough Rothendcombe Wycastle Botbeck Suddenmoor Tippenbrook Worberney Durbrook Toddenmoor Enborough Leatherport Alfmere Endlenell Dribberham Braddlesnell Tipbeck Emmerley Chedworth Candleswick Skellingover Barndlesborough Wychchester Prestwick Sodberling Enderbeck Sodport Ribbenhall Boothingmanstree Tippendham Watchlake Farndlesover Leatherport Alfmere Worberney Basbage Horstleover Bromssmith Durbrook Sodport Whitringlake Abcester Sifield Sundlethorne Redwich Bursmith Rothendcombe Dribwold Abgleham Rotherlow Wendleringdown Redwich Blansbrook Eley Elfield Wolley Rothingenbage Sundendford Cireport Boothingmanstree Ribbenhall Ashenhead Falderseythorne Worberney Sirenshall Hampingbascombe Wenton Marlbeck Egsted Pemnell Endleberey Dribblecombe Whitgrove
99
Whitgrove Whitgrove 
Sifield Sifield 
Chedworth Chedworth 
Sundendford Sundendford 
Melwood Melwood 
Wethampton Wethampton 
Tipstoke Tipstoke 
Worrenberwang Worrenberwang 
Wendleringdown Wendleringdown Cannerthorne 
Reddendeney Reddendeney 
Prestwick Prestwick 
Egmerhampton Egmerhampton 
Ketchester Ketchester 
Boothingmanstree Boothingmanstree 
Enderbeck Enderbeck 
Abglewold Abglewold 
Wetsmith Wetsmith 
Ketnell Ketnell 
Candleswick Candleswick 
Skelberden Skelberden 
Bothenton Bothenton 
Faldenhall Faldenhall 
Blansbrook Blansbrook 
Eley Eley 
Siavon Siavon 
Todhampton Todhampton 
Nortwell Nortwell 
Bromstanham Bromstanham 
Hampingcastle Hampingcastle 
Casbrook Casbrook 
Hampingworth Hampingworth 
Redcombe Redcombe 
Southbury Southbury 
Emmerley Emmerley 
Suddingover Suddingover 
Ribberrenston Ribberrenston 
Farnditch Farnditch 
Dribblecombe Dribblecombe 
Watchlake Watchlake 
Dartden Dartden 
Clereennell Clereennell 
Penby Penby 
Cihead Cihead 
Sirenshall Sirenshall 
Rothingcombe Rothingcombe 
Horsnell Horsnell 
Staplow Staplow 
Falworth Falworth 
Leatherport Leatherport 
Stapbrough Stapbrough 
Tippingbage Tippingbage 
Worford Worford 
Rotherlow Rotherlow 
Waltbeck Waltbeck 
Basditch Basditch 
Sodberling Sodberling 
Ellerbridge Ellerbridge 
Falderseythorne Falderseythorne 
Wycastle Wycastle 
Milthorne Milthorne 
Hamwold Hamwold 
Elside Elside 
Endingnell Endingnell 
Bootwick Bootwick 
Staincombe Staincombe 
Suddenmoor Suddenmoor 
Botbeck Botbeck 
Southmere Southmere 
Skellenshot Skellenshot 
Hampingbascombe Hampingbascombe 
Wetwick Wetwick 
Bothenhall Bothenhall 
Sodport Sodport 
Siey Siey 
Whitringlake Whitringlake 
Wychcompwold Wychcompwold 
Rothendcombe Rothendcombe 
Tippenbrook Tippenbrook 
Durbrook Durbrook 
Toddenmoor Toddenmoor 
Alfmere Alfmere 
Dribberham Dribberham 
Skellingover Skellingover 
Wychchester Wychchester 
Tippendham Tippendham 
Farndlesover Farndlesover 
Horstleover Horstleover 
Abcester Abcester 
Sundlethorne Sundlethorne 
Bursmith Bursmith 
Abgleham Abgleham 
Wolley Wolley 
Egsted Egsted 
Endleberey Endleberey 
Worbrook Bastlebury 
Reddingtree Shaftborough 
Ribbenhall Worhall 
Redwich Marlbrook 
Elfield Marlcester 
