Hamsbourne Chipfield Hamperrehampton Prestbourne Botherstanport Pemstree Skelgrove Sundlechester Hamsbourne Chipfield Hamperrehampton Prestbourne Sunderborough Prestbourne Botherstanport Leatherblesley Suddingbeck Leatherblesley Enderton Dribstoke Chilringfield Prestbourne Hamperrehampton Chipfield Cimansbrough Camswich Leatherblesley Enderton Camhampton Horscompborne Rotmerby Sunderborough Prestbourne Skelgrove Rocklow Dribstoke Endbeck Dribstoke Rocklow Skelgrove Warrewick Chipfield Horscompborne Camhampton Shaftthorne Skelgrove Warrewick Chipfield Emmingrensbridge Sodderrenshead Leatherblesley Botherstanport Prestbourne Elbage Shrivbridge Burrerlake Shaftthorne Sudbage Skelgrove Rocklow Cimansbrough Chipfield Horscompborne Camhampton Horscompborne Chipfield Hamsbourne
21
Chipfield Chipfield Chipsted Cammercastle 
Hamperrehampton Hamperrehampton 
Prestbourne Prestbourne 
Sundlechester Sundlechester 
Sunderborough Sunderborough Ciley 
Leatherblesley Leatherblesley 
Enderton Enderton 
Chilringfield Chilringfield 
Cimansbrough Cimansbrough 
Camswich Camswich 
Camhampton Camhampton Hartberbury 
Rotmerby Rotmerby 
Rocklow Rocklow 
Warrewick Warrewick 
Shaftthorne Shaftthorne 
Sodderrenshead Sodderrenshead 
Sudbage Sudbage 
Botherstanport Wolvencester 
Suddingbeck Candlesdon 
Endbeck Melshot 
Shrivbridge Boothenrensborough 
