Warfield Cannerthorne Stainbrough Worberbrook Bothingney Falport Botherseyworth Cambingstoke Wyborne Horstlescompstoke Pendlewood Horstlescompstoke Wyborne Cambingstoke Suddlecombe Basringney Suddlecombe Ashfield Ketport Ashfield Suddlecombe Dribbingworth Pendingbrook Barndberbrough Hammerringey Skelling Suddleborne Worhall Ashborne Fulbourne Stainbrough Siringwang Chedtree Burglebrough Tipwick Burglebrough Falport Suddlecombe Cambingstoke Todtree Cannerthorne Stainbrough Cammerrensmoor Elcompbridge Chelmstanwell Pendingbrook Barndberbrough Burglebrough Chedtree Siringwang Leatherbleside Nortchester Cicombe Chedderrenswich Ciditch Ellingreham Chelmstanwell Brackcompwang Chilbury Flitside Dribblewick Worhall Suddleborne Falport Soddlewick Ketsmith Skellingden Barndberbrough Pendingbrook Southbasport Elcompbridge Dribblewick Windling Ellenby Dartseyworth Bastleseyham Horndlecompside Ashfield Millendon Fulbage Elavon Chilbury Warfield Ketsmith Skellingden Horstlescompstoke Pendlewood Chedchester Whitchester Chedchester Suddleover Sudsmith Skelbeck Botherseyworth Chippingsted Elmswang Suddleborne Skelling Elmansham Cammerwich Blandlebage Hamsling Nortchester Cicombe Fullerbourne Northall Fulbage Elavon Suddlecastle Elavon Falport Suddleborne Falport Suddlecombe Ellingreham Ciditch Enswang Hannenmanswick Hamsey Pendingbrook Chiphead Pendingbrook Ketsmith Warfield
50
Warfield Warfield
Stainbrough Stainbrough
Worberbrook Worberbrook
Falport Falport
Botherseyworth Botherseyworth
Cambingstoke Cambingstoke
Wyborne Wyborne
Horstlescompstoke Horstlescompstoke
Pendlewood Pendlewood
Suddlecombe Suddlecombe
Basringney Basringney
Ashfield Ashfield
Ketport Ketport
Dribbingworth Dribbingworth
Pendingbrook Pendingbrook
Barndberbrough Barndberbrough
Hammerringey Hammerringey
Skelling Skelling
Suddleborne Suddleborne
Worhall Worhall
Ashborne Ashborne
Siringwang Siringwang
Chedtree Chedtree
Burglebrough Burglebrough
Tipwick Tipwick
Todtree Todtree
Cammerrensmoor Cammerrensmoor
Chelmstanwell Chelmstanwell
Leatherbleside Leatherbleside
Cicombe Cicombe
Chedderrenswich Chedderrenswich
Ellingreham Ellingreham
Brackcompwang Brackcompwang
Chilbury Chilbury
Soddlewick Soddlewick
Skellingden Skellingden
Southbasport Southbasport
Windling Windling
Bastleseyham Bastleseyham
Millendon Millendon
Whitchester Whitchester
Suddleover Suddleover
Sudsmith Sudsmith
Chippingsted Chippingsted
Elmansham Elmansham
Hamsling Hamsling
Northall Northall
Suddlecastle Suddlecastle
Hannenmanswick Hannenmanswick
Chiphead Chiphead
