0 1 2 3 4 5 6 7 8 9 10 11 12 11 10 9 8 7 6 5 4 3 2 1 0 1 2 18 19 4 5 6 7 23 24 9 10 11 12 11 10 9 8 7 6 5 4 3 2 1 0 15 30 15 31 15 0 1 2 3 4 5 20 35 20 36 52 68 53 54 40 25 41 25 10 9 8 7 6 5 4 3 2 1 0 15 31 47 63 48 33 18 19 4 5 20 36 52 68 53 54 40 25 41 25 10 9 8 7 6 5 4 19 18 33 48 33 18 19 4 5 20 36 52 68 53 54 40 25 41 57 73 57 41 25 10 9 8 7 6 5 4 3 2 1 0
23
0 0 
3 3 
5 5 
8 8 
10 10 
18 18 
23 23 
15 15 
30 30 
31 31 45 46 
20 20 
35 35 
36 36 50 51 
52 52 
68 68 
40 40 
25 25 
41 41 55 56 
47 47 
63 63 
57 57 
73 73 
12 28 13 
