0 63 52 80 39 20 74 1 41 59 20 33 2 7 3 4 36 1 62 29 79 30 54 35 13 12 10 73 56 61 35 38 30 24 5 4 3 32 28 98 3 90 29 81 13 71 21 22 24 84 9 12 13 20 3 93 47 34 86 7 87 1 51 50 6 1 4 11 95 75 20 83 12 42 6 99 40 2 78 64 5 0
47
63 63 
80 80 
39 39 
20 20 
74 74 
1 1 
41 41 
59 59 
33 33 
2 2 
7 7 
3 3 
4 4 
36 36 
62 62 
79 79 
30 30 
54 54 
35 35 
13 13 
12 12 
10 10 
56 56 
24 24 72 
32 32 
98 98 
90 90 
81 81 
71 71 
22 22 
84 84 
93 93 
47 47 
34 34 
86 86 
87 87 
51 51 
50 50 
11 11 16 
95 95 
75 75 
83 83 
42 42 
99 99 
64 64 
28 89 60 
5 48 
