0 11 173 26 179 83 19 75 66 160 22 6 103 5 156 25 32 14 4 17 116 14 185 41 109 13 48 32 24 196 20 121 34 89 126 24 10 91 26 8 166 28 3 184 9 186 133 64 151 24 182 16 180 120 194 5 9 65 61 159 25 138 4 14 42 12 24 193 106 175 22 6 67 44 3 81 59 125 50 77 49 19 157 100 11 18 87 51 57 36 24 130 48 70 36 39 28 197 5 20 117 18 139 21 102 36 137 5 176 24 10 6 38 17 78 14 104 60 85 61 58 18 96 134 128 26 19 2 31 155 63 168 52 149 170 36 63 27 89 50 14 69 119 26 145 67 79 38 74 3 47 29 95 6 146 10 163 73 199 9 99 59 0
97
173 173 
26 26 
179 179 
83 83 
19 19 
75 75 
160 160 
22 22 
6 6 
103 103 
156 156 
25 25 
32 32 
14 14 178 
4 4 
17 17 
116 116 
185 185 
109 109 
48 48 
24 24 
196 196 
20 20 
121 121 
89 89 
126 126 
10 10 
91 91 
166 166 
28 28 
184 184 
9 9 111 
186 186 
133 133 
64 64 
151 151 
182 182 
180 180 
120 120 
194 194 
65 65 
159 159 
138 138 
42 42 
12 12 108 
193 193 
106 106 
175 175 
67 67 
44 44 
81 81 
125 125 
50 50 
77 77 
49 49 
157 157 
100 100 
18 18 
87 87 
51 51 
36 36 
130 130 
70 70 
39 39 
197 197 
117 117 
139 139 
102 102 
137 137 
176 176 
38 38 
78 78 
104 104 
85 85 
58 58 
96 96 
134 134 
128 128 
31 31 
155 155 
63 63 
168 168 
149 149 
170 170 
27 27 
69 69 
119 119 
145 145 
79 79 
74 74 
47 47 
95 95 
146 146 
163 163 
199 199 
99 99 
3 98 
