location0 location32 location1 location29 location2 location17 location50 location4 location21 location84 location5 location9 location31 location15 location7 location14 location85 location8 location10 location70 location10 location89 location11 location1 location11 location13 location5 location75 location14 location7 location15 location5 location16 location66 location17 location48 location18 location34 location22 location19 location37 location20 location21 location34 location22 location10 location20 location24 location64 location25 location90 location26 location16 location69 location28 location33 location83 location29 location84 location30 location9 location31 location2 location55 location32 location0 location33 location28 location34 location22 location37 location20 location38 location2 location17 location39 location22 location86 location40 location64 location41 location39 location34 location42 location3 location43 location3 location27 location44 location27 location58 location45 location8 location85 location46 location22 location13 location47 location0 location48 location72 location49 location2 location17 location0
45
location32 location32 
location1 location1 location12 
location29 location29 
location2 location2 
location17 location17 
location50 location50 
location4 location4 
location21 location21 
location5 location5 
location9 location9 
location31 location31 location6 
location15 location15 
location7 location7 
location14 location14 
location8 location8 
location10 location10 
location11 location11 
location13 location13 
location16 location16 
location48 location48 
location18 location18 
location34 location34 
location22 location22 
location19 location19 
location37 location37 location35 location36 
location20 location20 location23 
location24 location24 
location25 location25 
location26 location26 
location28 location28 
location33 location33 
location30 location30 
location38 location38 
location39 location39 
location40 location40 
location41 location41 
location42 location42 
location3 location3 
location43 location43 
location27 location27 
location44 location44 
location45 location45 
location46 location46 
location47 location47 
location49 location49 
