SantaClarita FortCollins Midland Thornton Victorville Murfreesboro Washington Glasses OklahomaCity Visalia Sunnyvale Miami Scottsdale Irvine Pomona Stockton Carrollton Oakland OklahomaCity Lafayette Brownsville Worcester Fontana Bellevue Wichita StLouis Escondido Fayetteville Fontana OklahomaCity Alexandria Boston SanDiego Boston Wichita SiouxFalls OklahomaCity Waco RanchoCucamonga Visalia Hartford StPetersburg OklahomaCity Omaha Escondido Beaumont Miami Huntsville Escondido Concord Reno PembrokePines Miami Hartford LouisvilleJefferson Ontario OWO LongBeach Frisco Austin SanDiego WestValleyCity Washington Yonkers Frisco Stockton Allentown Omaha Wichita StPetersburg Orlando Newark Garland Richmond Miami SantaClarita
42
Midland Midland 
Victorville Victorville Shreveport 
Washington Washington 
OklahomaCity OklahomaCity Stamford Henderson 
Visalia Visalia 
Sunnyvale Sunnyvale 
Scottsdale Scottsdale 
Pomona Pomona 
Stockton Stockton Indianapolis 
Carrollton Carrollton 
Lafayette Lafayette 
Brownsville Brownsville 
Worcester Worcester 
Bellevue Bellevue 
Wichita Wichita 
StLouis StLouis 
Fayetteville Fayetteville 
Alexandria Alexandria 
Boston Boston 
SiouxFalls SiouxFalls 
Waco Waco 
RanchoCucamonga RanchoCucamonga NewportNews 
Hartford Hartford 
StPetersburg StPetersburg 
Omaha Omaha 
Beaumont Beaumont 
Huntsville Huntsville 
Concord Concord 
PembrokePines PembrokePines 
LouisvilleJefferson LouisvilleJefferson 
Ontario Ontario 
LongBeach LongBeach 
Austin Austin 
WestValleyCity WestValleyCity 
Yonkers Yonkers 
Allentown Allentown 
Orlando Orlando 
Newark Newark 
Garland Garland 
Glasses Independence 
Miami LexingtonFa LosAngeles Surprise GardenGrove 
SanDiego Paterson 
