Plano Riverside SanFrancisco SantaClara MorenoValley Charleston SantaRosa FortCollins Chattanooga StPetersburg Cincinnati Peoria Mesquite Fremont Stamford Glasses Hollywood WestValleyCity Riverside SanFrancisco Omaha Elizabeth GardenGrove WestValleyCity Beaumont Kent Anaheim Salinas Brownsville Corona Pasadena StLouis KansasCity SanJose Tampa Glendale Raleigh SiouxFalls Elizabeth Modesto Killeen Tampa McAllen GrandPrairie HuntingtonBeach LasVegas WestValleyCity Ontario Lafayette Davidson Salinas Norman MorenoValley Montgomery Atlanta Garland Mesa Garland SantaRosa DesMoines AnnArbor FortWayne Lancaster FortWorth Hartford NewHaven Escondido OverlandPark Salinas Laredo Tampa FortWorth Dallas Syracuse Hampton LasVegas Rockford Salinas Portland WestValleyCity Warren Topeka Wichita WestValleyCity LittleRock NewHaven SanBernardino Chicago Raleigh SiouxFalls Elizabeth Torrance Pikachu Lincoln SantaAna SiouxFalls NewHaven Surprise FortWorth Allentown SantaAna Norfolk FortCollins Houston Fremont Greensboro SanAntonio Beaumont OWO VirginiaBeach Anchorage Salinas Glasses Salinas Chicago KansasCity Atlanta VirginiaBeach Cary VirginiaBeach Oxnard Cleveland MorenoValley Irving StPetersburg Vallejo AnnArbor LouisvilleJefferson Hialeah Madison StPetersburg Thornton Omaha Hayward WestValleyCity Miami WestValleyCity Knoxville NewHaven Denton Tampa ThousandOaks NewHaven Clarksville Pasadena Vancouver Seattle JerseyCity Salinas AugustaRichmond Kent Denver Chesapeake Sunnyvale StPetersburg SimiValley Frisco FortLauderdale Frisco Laredo Salinas SantaClarita HuntingtonBeach Olathe HuntingtonBeach Corona Salinas Tulsa Frisco NewOrleans Mobile Syracuse Lafayette OklahomaCity HuntingtonBeach Vancouver Seattle Huntsville KansasCity Pomona Spokane CorpusChristi Savannah Mobile Hartford Kent Memphis Miramar SanAntonio GrandPrairie Lafayette Pikachu WestValleyCity Vancouver Miami Irvine Mobile Worcester AugustaRichmond Kent Waco Elizabeth Akron Escondido NewHaven LittleRock Honolulu Plano
100
Riverside Riverside
SanFrancisco SanFrancisco
SantaClara SantaClara
MorenoValley MorenoValley
Charleston Charleston
SantaRosa SantaRosa
FortCollins FortCollins
Cincinnati Cincinnati
Mesquite Mesquite
Fremont Fremont
Stamford Stamford
Glasses Glasses
Hollywood Hollywood
Omaha Omaha
Elizabeth Elizabeth
GardenGrove GardenGrove
Beaumont Beaumont
Anaheim Anaheim
Salinas Salinas
Brownsville Brownsville
Corona Corona
Pasadena Pasadena
StLouis StLouis
SanJose SanJose
Tampa Tampa
Glendale Glendale
Raleigh Raleigh
SiouxFalls SiouxFalls
Killeen Killeen
McAllen McAllen
GrandPrairie GrandPrairie
HuntingtonBeach HuntingtonBeach
LasVegas LasVegas
Ontario Ontario
Lafayette Lafayette
Davidson Davidson
Norman Norman
Montgomery Montgomery
Atlanta Atlanta
Garland Garland
Mesa Mesa
AnnArbor AnnArbor
Lancaster Lancaster
Hartford Hartford
NewHaven NewHaven
Escondido Escondido
Laredo Laredo
Dallas Dallas
Hampton Hampton
Rockford Rockford
Portland Portland
Warren Warren
Wichita Wichita
LittleRock LittleRock
SanBernardino SanBernardino
Chicago Chicago
Torrance Torrance
Pikachu Pikachu
Lincoln Lincoln
Surprise Surprise
Allentown Allentown
Norfolk Norfolk
Houston Houston
Greensboro Greensboro
SanAntonio SanAntonio
OWO OWO
Anchorage Anchorage
Cary Cary
Oxnard Oxnard
Irving Irving
Vallejo Vallejo
LouisvilleJefferson LouisvilleJefferson
Madison Madison
Thornton Thornton
Hayward Hayward
Miami Miami
Knoxville Knoxville
Denton Denton
ThousandOaks ThousandOaks
Vancouver Vancouver
JerseyCity JerseyCity
AugustaRichmond AugustaRichmond
Denver Denver
Sunnyvale Sunnyvale
SimiValley SimiValley
FortLauderdale FortLauderdale
SantaClarita SantaClarita
Olathe Olathe
Tulsa Tulsa
NewOrleans NewOrleans
Mobile Mobile
OklahomaCity OklahomaCity
Huntsville Huntsville
Pomona Pomona
CorpusChristi CorpusChristi
Memphis Memphis
Irvine Irvine
Worcester Worcester
Waco Waco
Akron Akron
