Waco OverlandPark Rochester SaltLakeCity AnnArbor Palmdale Clarksville Palmdale AthensClarkeCounty OWO AthensClarkeCounty Palmdale Cary OverlandPark Waco SanAntonio Waco OverlandPark Cary Palmdale StPaul Palmdale AthensClarkeCounty SanFrancisco Richmond Aurora LexingtonFa OWO SterlingHeights OverlandPark MorenoValley OverlandPark AnnArbor Palmdale SterlingHeights Palmdale Clarksville Stamford Cary OverlandPark Detroit NewYork Palmdale FortWayne Palmdale Omaha Palmdale FortCollins Palmdale AnnArbor SaltLakeCity AnnArbor Palmdale Clarksville Stamford SanBernardino Denton WestValleyCity Palmdale AthensClarkeCounty OWO SterlingHeights Lincoln ChulaVista SantaClara Irving OverlandPark Richmond Aurora KansasCity Lincoln Newark OverlandPark Waco
25
Rochester Rochester
SaltLakeCity SaltLakeCity
AnnArbor AnnArbor
Palmdale Palmdale
Clarksville Clarksville
AthensClarkeCounty AthensClarkeCounty
OWO OWO
Cary Cary
SanAntonio SanAntonio
StPaul StPaul
SanFrancisco SanFrancisco
Richmond Richmond
LexingtonFa LexingtonFa
SterlingHeights SterlingHeights
MorenoValley MorenoValley
Stamford Stamford
Detroit Detroit
FortWayne FortWayne
Omaha Omaha
FortCollins FortCollins
SanBernardino SanBernardino
Lincoln Lincoln
ChulaVista ChulaVista
Irving Irving
Newark Newark
