18 1 0 39 2 3 2 4 10 6 7 8 9 61 12 14 12 16 17 20 17 22 17 25 28 32 33 4 36 37 7 39 41 3 42 3 43 13 45 26 46 31 53 4 57 4 59 40 61 2 62 63 5 69 18 71 14 72 73 3 75 18 76 13 79 80 4 83 1 84 19 85 32 87 32 88 90 8 92 18 93 1 95 42 98 12 18
50
18 18
0 0
39 39
2 2
3 3
4 4
6 6
7 7
9 9
61 61
12 12
14 14
16 16
17 17
20 20
22 22
25 25
28 28
32 32
33 33
36 36
37 37
41 41
42 42
43 43
45 45
46 46
53 53
57 57
59 59
62 62
63 63
69 69
71 71
72 72
73 73
75 75
76 76
79 79
80 80
83 83
84 84
85 85
87 87
88 88
90 90
92 92
93 93
95 95
98 98
