0 1 0 2 25 3 4 3 5 71 8 7 9 130 11 63 13 14 117 15 16 177 17 18 136 20 53 21 93 22 23 149 24 26 3 27 28 86 31 29 33 8 49 35 49 38 78 39 123 42 74 43 47 162 50 6 115 51 52 154 56 198 59 77 65 114 66 0 67 92 68 57 69 54 70 7 71 17 72 28 74 38 78 26 80 55 81 3 5 83 5 99 84 86 31 89 22 93 21 143 94 17 96 98 2 119 100 68 101 102 74 103 104 107 51 111 114 44 115 66 116 16 167 120 19 125 161 128 140 129 108 130 7 133 7 134 6 82 137 11 138 146 141 143 141 146 10 41 151 14 152 24 153 154 29 157 69 158 164 159 160 51 164 12 166 23 167 36 172 35 3 173 52 174 78 177 182 183 77 184 57 187 64 190 21 193 197 13 199 30 0
100
0 0
1 1
2 2
3 3
4 4
5 5
71 71
8 8
9 9
130 130
11 11
13 13
14 14
15 15
16 16
177 177
17 17
18 18
20 20
21 21
93 93
22 22
23 23
24 24
26 26
27 27
28 28
86 86
31 31
33 33
35 35
38 38
78 78
39 39
42 42
74 74
43 43
47 47
50 50
115 115
51 51
52 52
154 154
56 56
59 59
65 65
114 114
66 66
67 67
68 68
69 69
70 70
72 72
80 80
81 81
83 83
84 84
89 89
143 143
94 94
96 96
98 98
100 100
101 101
102 102
103 103
107 107
111 111
116 116
167 167
120 120
125 125
128 128
129 129
133 133
134 134
137 137
138 138
146 146
141 141
151 151
152 152
153 153
157 157
158 158
164 164
159 159
160 160
166 166
172 172
173 173
174 174
182 182
183 183
184 184
187 187
190 190
193 193
197 197
199 199
