13 4 50 51 3 52 0 53 4 54 55 3 56 57 0 59 60 3 61 62 63 0 64 65 4 67 68 69 70 71 72 73 74 0 75 76 77 78 4 79 80 3 81 82 0 83 2 84 85 86 0 87 8 88 89 1 90 91 1 92 93 94 0 95 96 3 97 0 98 2 99 1 13
50
50 50 
51 51 
52 52 
53 53 
54 54 
55 55 
56 56 
57 57 
59 59 
60 60 
61 61 
62 62 
63 63 
64 64 
65 65 
67 67 
68 68 
69 69 
70 70 
71 71 
72 72 
73 73 
74 74 
75 75 
76 76 
77 77 
78 78 
79 79 
80 80 
81 81 
82 82 
83 83 
84 84 
85 85 
86 86 
87 87 
88 88 
89 89 
90 90 
91 91 
92 92 
93 93 
94 94 
95 95 
96 96 
97 97 
98 98 
99 99 
0 58 
4 66 
