vLeODpVlYSBeYNDYoXha uyPyJzKFqWxgSNmpkDrB ZbyHJLmoTqNpTnlUVJZC gMqbbwopmbxmOomqZjfm AdXveYSBaneNwCQzrdSw TwgqMzgExFHTIfcwfBnr JfHUEGGyknWmebdthZai QQSjCkgLAWAPObYQvNsB qbmGewAditsWkTFHdxjP QQSjCkgLAWAPObYQvNsB JfHUEGGyknWmebdthZai zxeoSbTqbWPpSzalAtBI MlwlINEFqmyzZNPXRLJF tVzUgXVoBYxBMnkkwFmk ZbyHJLmoTqNpTnlUVJZC fPxvnMVMFwhJbNBURdgD vGdJmIpYPUGRspXiVLdc sBkAYRISjTYinLFSNcKW ajvbaFpYiEBJySPsSLaI LeLGVrNGvkwLbzIWTNFP aWvnTxwRCeZSoCnPnhDt LeLGVrNGvkwLbzIWTNFP ajvbaFpYiEBJySPsSLaI LeLGVrNGvkwLbzIWTNFP ASXwCgVTXDdhSXJwFovC FEqXJcVrZfnSsHEUPhnl jwIBHKkXHTPVsOJwBOsr VhDSPHxolLkNxxDnpUyx klkbOWCZrzPBFVDxhNbj gIttwvzcgONwFblnGIqq gzxzakmqbxbsOczuQVLG wRjMmrpRuknxqunJrMAE TwgqMzgExFHTIfcwfBnr wRjMmrpRuknxqunJrMAE DqUxIMslnixWfmkjQTmS ajvbaFpYiEBJySPsSLaI FqdjKgdpEanmCnmxJMFA fPxvnMVMFwhJbNBURdgD ZbyHJLmoTqNpTnlUVJZC TCAkluAESUWAMGFeNcGN WmmYcOLuPvixLDMigGIN LGqbVTsFMANIedVHAALW biqCAetglYuANrTRzMiX pdXCnKagnvEntNTuPHdK UAwuKFcUHFyvaFCTLpOT pdXCnKagnvEntNTuPHdK zxeoSbTqbWPpSzalAtBI MlwlINEFqmyzZNPXRLJF ROtRYAvFkNWuCvofIroy fvEcAuRDdfuHEPLNpaTz QVieqcaFouOCsTOizGRp iBYHAWUhqeQPjphQzpdN mevvwcZLudaokctOWvKe VhDSPHxolLkNxxDnpUyx fPxvnMVMFwhJbNBURdgD vGdJmIpYPUGRspXiVLdc UgFPXEAdAfcfHGIbNTsq DIYMXZHlgebDcivTxnEV DDEuYWXXufMefzDjgEFm gzxzakmqbxbsOczuQVLG wRjMmrpRuknxqunJrMAE gzxzakmqbxbsOczuQVLG gIttwvzcgONwFblnGIqq gMqbbwopmbxmOomqZjfm QkAjrUUuVdzSMnlfJLcO PSVkjNlrWHpVSTVIEkGG PLDOWRIeaCSVLMyDadzC VhDSPHxolLkNxxDnpUyx jwIBHKkXHTPVsOJwBOsr EWpsBSEfAOWAjikCpvhc vLeODpVlYSBeYNDYoXha LOMgYipCQQXQnRqEqRwO mlipOrSnGcxXtoXBbRyl JfHUEGGyknWmebdthZai KgnBXuaAkdTHYMUVRKMG fvEcAuRDdfuHEPLNpaTz ROtRYAvFkNWuCvofIroy jzQJaGLLiuQLhhyqBagr iDucfyZGMCbCQbXjbQqM CfkBzkPETvagyIDCsLTD oCvaAQKOXXWgeSNnUmae pdXCnKagnvEntNTuPHdK zxeoSbTqbWPpSzalAtBI uyPyJzKFqWxgSNmpkDrB ybrQlUhznqOhsvndWAbl FqdjKgdpEanmCnmxJMFA TCAkluAESUWAMGFeNcGN OVoYVQPnlYoZBBKtyuLk PSVkjNlrWHpVSTVIEkGG QkAjrUUuVdzSMnlfJLcO NciLXNPTvMoXdbTDZmlg gIttwvzcgONwFblnGIqq gzxzakmqbxbsOczuQVLG wRjMmrpRuknxqunJrMAE TwgqMzgExFHTIfcwfBnr xQaDpDGAXhDYzSMnMWvb FEqXJcVrZfnSsHEUPhnl jwIBHKkXHTPVsOJwBOsr QQSjCkgLAWAPObYQvNsB JfHUEGGyknWmebdthZai QQSjCkgLAWAPObYQvNsB JfHUEGGyknWmebdthZai zxeoSbTqbWPpSzalAtBI dyUDfEGgAoSshTRjMZZg klkbOWCZrzPBFVDxhNbj gIttwvzcgONwFblnGIqq NciLXNPTvMoXdbTDZmlg CmbFyJmcvVqyCmJgQxeI gMqbbwopmbxmOomqZjfm AdXveYSBaneNwCQzrdSw ruLqpYqEzGGiKysvsarb AdXveYSBaneNwCQzrdSw TwgqMzgExFHTIfcwfBnr cZgmtoPGHxdozTaDMiyf DWWCMAjZQQIEKOIiHFQN McOZQehrTygkGidmwyMe UAwuKFcUHFyvaFCTLpOT gzxzakmqbxbsOczuQVLG wRjMmrpRuknxqunJrMAE DqUxIMslnixWfmkjQTmS wRjMmrpRuknxqunJrMAE gzxzakmqbxbsOczuQVLG DDEuYWXXufMefzDjgEFm CfkBzkPETvagyIDCsLTD oCvaAQKOXXWgeSNnUmae pdXCnKagnvEntNTuPHdK KgnBXuaAkdTHYMUVRKMG fvEcAuRDdfuHEPLNpaTz fHcdXnOxSadpKeCUwNYm NAHeKyyhAObyyUEUSkSU ybrQlUhznqOhsvndWAbl uyPyJzKFqWxgSNmpkDrB zxeoSbTqbWPpSzalAtBI JfHUEGGyknWmebdthZai TwgqMzgExFHTIfcwfBnr AdXveYSBaneNwCQzrdSw QkAjrUUuVdzSMnlfJLcO AdXveYSBaneNwCQzrdSw CPszTohYUHARNedzFlDK TCAkluAESUWAMGFeNcGN FcEsyaTmqpoyvbDrHjlc UAwuKFcUHFyvaFCTLpOT gzxzakmqbxbsOczuQVLG gIttwvzcgONwFblnGIqq NciLXNPTvMoXdbTDZmlg QkAjrUUuVdzSMnlfJLcO FEqXJcVrZfnSsHEUPhnl jwIBHKkXHTPVsOJwBOsr QQSjCkgLAWAPObYQvNsB UAwuKFcUHFyvaFCTLpOT pdXCnKagnvEntNTuPHdK CPszTohYUHARNedzFlDK WWpSpmTaSazKGIcNlBvp EWpsBSEfAOWAjikCpvhc vLeODpVlYSBeYNDYoXha
46
uyPyJzKFqWxgSNmpkDrB uyPyJzKFqWxgSNmpkDrB 
gMqbbwopmbxmOomqZjfm gMqbbwopmbxmOomqZjfm 
AdXveYSBaneNwCQzrdSw AdXveYSBaneNwCQzrdSw 
TwgqMzgExFHTIfcwfBnr TwgqMzgExFHTIfcwfBnr 
QQSjCkgLAWAPObYQvNsB QQSjCkgLAWAPObYQvNsB RjKEHTlRvtaVBbyqZVAw 
zxeoSbTqbWPpSzalAtBI zxeoSbTqbWPpSzalAtBI 
MlwlINEFqmyzZNPXRLJF MlwlINEFqmyzZNPXRLJF 
tVzUgXVoBYxBMnkkwFmk tVzUgXVoBYxBMnkkwFmk 
fPxvnMVMFwhJbNBURdgD fPxvnMVMFwhJbNBURdgD 
sBkAYRISjTYinLFSNcKW sBkAYRISjTYinLFSNcKW 
ASXwCgVTXDdhSXJwFovC ASXwCgVTXDdhSXJwFovC 
jwIBHKkXHTPVsOJwBOsr jwIBHKkXHTPVsOJwBOsr 
VhDSPHxolLkNxxDnpUyx VhDSPHxolLkNxxDnpUyx 
gIttwvzcgONwFblnGIqq gIttwvzcgONwFblnGIqq 
gzxzakmqbxbsOczuQVLG gzxzakmqbxbsOczuQVLG 
DqUxIMslnixWfmkjQTmS DqUxIMslnixWfmkjQTmS TqyFrXuGvuBuqnpYbjKc 
pdXCnKagnvEntNTuPHdK pdXCnKagnvEntNTuPHdK 
fvEcAuRDdfuHEPLNpaTz fvEcAuRDdfuHEPLNpaTz sXfgLMwoysnMazVSWnhc 
iBYHAWUhqeQPjphQzpdN iBYHAWUhqeQPjphQzpdN 
UgFPXEAdAfcfHGIbNTsq UgFPXEAdAfcfHGIbNTsq 
QkAjrUUuVdzSMnlfJLcO QkAjrUUuVdzSMnlfJLcO 
PLDOWRIeaCSVLMyDadzC PLDOWRIeaCSVLMyDadzC 
mlipOrSnGcxXtoXBbRyl mlipOrSnGcxXtoXBbRyl NVEtShKeuxpaFIOiyVqE 
jzQJaGLLiuQLhhyqBagr jzQJaGLLiuQLhhyqBagr 
iDucfyZGMCbCQbXjbQqM iDucfyZGMCbCQbXjbQqM 
CfkBzkPETvagyIDCsLTD CfkBzkPETvagyIDCsLTD 
ybrQlUhznqOhsvndWAbl ybrQlUhznqOhsvndWAbl 
OVoYVQPnlYoZBBKtyuLk OVoYVQPnlYoZBBKtyuLk 
NciLXNPTvMoXdbTDZmlg NciLXNPTvMoXdbTDZmlg 
xQaDpDGAXhDYzSMnMWvb xQaDpDGAXhDYzSMnMWvb 
dyUDfEGgAoSshTRjMZZg dyUDfEGgAoSshTRjMZZg 
CmbFyJmcvVqyCmJgQxeI CmbFyJmcvVqyCmJgQxeI 
ruLqpYqEzGGiKysvsarb ruLqpYqEzGGiKysvsarb 
cZgmtoPGHxdozTaDMiyf cZgmtoPGHxdozTaDMiyf 
DWWCMAjZQQIEKOIiHFQN DWWCMAjZQQIEKOIiHFQN 
fHcdXnOxSadpKeCUwNYm fHcdXnOxSadpKeCUwNYm 
NAHeKyyhAObyyUEUSkSU NAHeKyyhAObyyUEUSkSU 
CPszTohYUHARNedzFlDK CPszTohYUHARNedzFlDK 
FcEsyaTmqpoyvbDrHjlc FcEsyaTmqpoyvbDrHjlc 
qbmGewAditsWkTFHdxjP cvlwIwajcIlbhZbyFgmq 
ajvbaFpYiEBJySPsSLaI fToHwimUqLsKcKLZHiUX 
ZbyHJLmoTqNpTnlUVJZC aCucdhmWbhlrgfstQigR 
LGqbVTsFMANIedVHAALW WCCOEUYmDvzZlrkDAqoi 
wRjMmrpRuknxqunJrMAE iBjjCWwkYToOKfrrLnny 
EWpsBSEfAOWAjikCpvhc gEufXNuuWhnlbNYaoQFJ 
UAwuKFcUHFyvaFCTLpOT BXzACdzjLITNgbmDPlEu 
