wNqlpYNsRbJEgiGpKxrU lbWonvEbeplndKguSTkk oZXYedlbtBLmkfoVmgta lbWonvEbeplndKguSTkk lIpVoDPUIfHCPpjswogJ QjbdwbUnopENkiNyqirZ DZEpVGVXkxHljziwItaS pGEDfjoOOYfHsrRVgAyF jwjTVkTZQzfvrCAtqcyG NtyLZDOaSczVvOGdocUp NYdfLxXxFVvLEbDKzXWn wlySPverjehsBxldyigf vIbIQYXZnmYrooTLYNtu bFmSeBrfNuxjYPUDCLYq NJZlnWyeJFrkOwoqHKtT yscsUFTNNyaVMKBztBdV GOKcLUIfVCLsdfLjyASo kqcEdfKLaRzxOhAIzchh syonLisTOSczosCwoILE CvZkdIYtdeDHtwufupie szyiMlKhtyOynWjcoMsm ihxEqMQIIvyQmtrtMjeO BehmjzdYTywULyIVhjzE ADVVlRLpnspleRTgeTdu lTWClcCXtRKGvKTcMnqR bFmSeBrfNuxjYPUDCLYq jwcUBYKIcRlUlpQdHDpU pzrGQEObzJGPnfATEYDc NzDQJknJPDEkcwCHzzbF MBJqOYmxhUYbldNVEdRy PZwTcKCPsEmpxetNZvef ZauPfhkpsGmhbvkhkltR oKHxHZxgXgKSVZAEEVVZ yRQdlZBUBAPypebnrlAH DpztIuGTRpGuLsdlODJw lSJjEsqamUCgRZdCmdyI scpUkbcaYSAsHhSktebT qfRRtdRbhYJBARMfPlZM HAIYkMkIfhypoRlxuZoB ZwvojvRdUOYNJXIwAqgC qDLPWLkWayzdxIYSKLER NzDQJknJPDEkcwCHzzbF EmbDgEECbkHbfAfHCgwB TOntbQDzHvMkxiKuanmw TcLSEpnQLlwURcYobXtr FWnudSYFvYQJHehOpEKf umZXKcxkweEplHZdotgU EEeDJaHeajXXlwYcHTeJ CMyhrOeiLyytYlFYZldw eobSFtKBbBdcVrTOREdK UIlSMnVKIdNiXZNSiHsI oSMuZCNCihNcfhhLdNwi cVMmKLyunrtKjZbHRVAg zNRhhVdMWUgTnnqmAfeY QeYNNLpZMBxyiFbZMPFY umZXKcxkweEplHZdotgU EEeDJaHeajXXlwYcHTeJ rlhNoKeiidsZhBEuQAJw oKAKfpUUuLItChLyByFh IvXQutSorlqOgnSVAIUd shugRMnaHVqQSmKaNBgu efZntVbfQTvIUOiRNPSH cVMmKLyunrtKjZbHRVAg NYdfLxXxFVvLEbDKzXWn igyeOiSdezmmXGTwMzLw qhuHndnkQDFTOWOyauPU PhabkDCjZJPBFcmNmRgd SSDgxHQpSFRnlnnrMJNI XPPBMlNyfVVeZGIzTCEW pMOSpTzPTPLXHLOQMjnt FWnudSYFvYQJHehOpEKf YTwycpmzEWCqqTELtzXc QPuWhldwxyxWvfAFawIx PZwTcKCPsEmpxetNZvef MBJqOYmxhUYbldNVEdRy QePOUWiXcAUCoHETxuGS xgBrJmdXVwtxgRuCBhMe NJZlnWyeJFrkOwoqHKtT jwcUBYKIcRlUlpQdHDpU CvZkdIYtdeDHtwufupie jwcUBYKIcRlUlpQdHDpU CvZkdIYtdeDHtwufupie ZXihCBEQBTdisqSlEMsj FaWIqatYRYVcXfVhAFRN XvUPApTFkqaSSizYsCIr edlAtPQdNXJQPCIzpkyX wlySPverjehsBxldyigf vIbIQYXZnmYrooTLYNtu CbGuHgZfQMmSOfHDFJnK qoaNjvaRghiMQXaVEoQe edlAtPQdNXJQPCIzpkyX ihxEqMQIIvyQmtrtMjeO kyApsCeFkLoLFCdkazaE gcXUxTVUZWsOwtRNeDDa aIuYyryCOUGVeCAqbqkg EhDFVLWZueLOrdjEOzEQ yscsUFTNNyaVMKBztBdV GOKcLUIfVCLsdfLjyASo KcrnMnFDTrBKaUaGpdLY eOfnBeTgmYCNEnRUhlEK lbWonvEbeplndKguSTkk clwzkzJtguIMBwKiZUKh nreoVgWrBhNXFZgTBlXO UyqqHOBdNdTWOKriHQVt NPSPGRTNRcKKVpsBRSwh PhabkDCjZJPBFcmNmRgd mgNeYYUOPKpLeiVEFIXd GMxGouyyndiUBMqMdOoc msuaKihWIEeUaCCcyjIZ eCBFrcppbiLzdGQubocl SitzoubgYFeTjmkLjVPz wlySPverjehsBxldyigf edlAtPQdNXJQPCIzpkyX IvXQutSorlqOgnSVAIUd oKAKfpUUuLItChLyByFh NjdqbLVqGQWIXWnBFpZZ oHoxoLeyDYnKZDzgMtxI CvZkdIYtdeDHtwufupie szyiMlKhtyOynWjcoMsm cMYyKTXGNKnFzrpwnXUl FGiPoAZuhTTxiAlzRDIV HeWrJOKsDjgdrcamgZLN kwPuYZgJgVVJfdBGUtPw FYfGkhtzhjqJHqxmUsVx scpUkbcaYSAsHhSktebT JvFxbsySBAiFiOUrzrBi NIJaJxCurulNUdZZMxFk twwHXGyTBfZUDOGVnCzA GMxGouyyndiUBMqMdOoc mgNeYYUOPKpLeiVEFIXd PhabkDCjZJPBFcmNmRgd NPSPGRTNRcKKVpsBRSwh zQeQNTelEAJnDKvaviwm QePOUWiXcAUCoHETxuGS FaWIqatYRYVcXfVhAFRN QPuWhldwxyxWvfAFawIx YTwycpmzEWCqqTELtzXc ANDviqMIuFwdcboQDprt FGiPoAZuhTTxiAlzRDIV HeWrJOKsDjgdrcamgZLN kwPuYZgJgVVJfdBGUtPw GMxGouyyndiUBMqMdOoc UIlSMnVKIdNiXZNSiHsI QjZTuyCpiDhleJoqwClv eOfnBeTgmYCNEnRUhlEK lbWonvEbeplndKguSTkk qfRRtdRbhYJBARMfPlZM eobSFtKBbBdcVrTOREdK CMyhrOeiLyytYlFYZldw imEmCMbYEtZJJkwxkSDD xlbpuxAjoVPJWPCWBEkJ zHPSSEtFTQIbLYMdHqgP aIuYyryCOUGVeCAqbqkg HAIYkMkIfhypoRlxuZoB TEPaiCedHTXapLxoBXMp flqILnAtFsDqLctdZjpz fgzJCwocQniGlXAZHJId vIbIQYXZnmYrooTLYNtu bFmSeBrfNuxjYPUDCLYq szyiMlKhtyOynWjcoMsm HeWrJOKsDjgdrcamgZLN aGPbLNWYAMujnfHCTCMo YTwycpmzEWCqqTELtzXc FWnudSYFvYQJHehOpEKf pMOSpTzPTPLXHLOQMjnt jznspKyqlmxZtgfQUJVB UdSbtwxTqTJxOiUoxEqw jznspKyqlmxZtgfQUJVB RlHeRhvUOhGhZVGGJuED WMWBpOSnHGywZjCgaYyY lIpVoDPUIfHCPpjswogJ wfEFdNDcColoskjTjcLm rlhNoKeiidsZhBEuQAJw jUSlIFtitQxyvVLJjiCc bFmSeBrfNuxjYPUDCLYq jwcUBYKIcRlUlpQdHDpU oLMkSrYLQRLHmPiuLCTC pMOSpTzPTPLXHLOQMjnt zHPSSEtFTQIbLYMdHqgP aIuYyryCOUGVeCAqbqkg TcLSEpnQLlwURcYobXtr erZKLqpCZsYKDnOCaBGq NIJaJxCurulNUdZZMxFk edlAtPQdNXJQPCIzpkyX xgBrJmdXVwtxgRuCBhMe QePOUWiXcAUCoHETxuGS MBJqOYmxhUYbldNVEdRy hLaNXBYgTzgUhvjmqUTu jUSlIFtitQxyvVLJjiCc scpUkbcaYSAsHhSktebT kyApsCeFkLoLFCdkazaE PZwTcKCPsEmpxetNZvef QPuWhldwxyxWvfAFawIx shugRMnaHVqQSmKaNBgu cEIaAeLZCjOmtToPZoOl wlySPverjehsBxldyigf NYdfLxXxFVvLEbDKzXWn GOKcLUIfVCLsdfLjyASo hLaNXBYgTzgUhvjmqUTu UdSbtwxTqTJxOiUoxEqw eOfnBeTgmYCNEnRUhlEK iVjkcMenotYGMFEBTvoa VIPPawblKbhOVWrmrWBx NjdqbLVqGQWIXWnBFpZZ YZdWAQcvSeNhUzVcgZrb WMWBpOSnHGywZjCgaYyY lIpVoDPUIfHCPpjswogJ nCedHqGgdWAicwyuYWpg zeKxCuARLrHNxuGSyNEL jwcUBYKIcRlUlpQdHDpU lSJjEsqamUCgRZdCmdyI vPtcoCdDMvVYwOuvanRP VRpSthoDcomqMDsGoVql nCedHqGgdWAicwyuYWpg lIpVoDPUIfHCPpjswogJ lbWonvEbeplndKguSTkk LfOunWzwbbNRVLKSGfNS RlHeRhvUOhGhZVGGJuED WMWBpOSnHGywZjCgaYyY QjbdwbUnopENkiNyqirZ DZEpVGVXkxHljziwItaS ktVPibAaeaNHuNYSLNYb FWnudSYFvYQJHehOpEKf fpoTaBKmVdlDCxFwCFoz ufTLUXAgpKeoVkZOroDY joWAhkfNqIEECnBeulGl oZXYedlbtBLmkfoVmgta lbWonvEbeplndKguSTkk JRiiFgtNILayQegpqrXz QyXpliHSeQOPIsurIcpa CvZkdIYtdeDHtwufupie ZXihCBEQBTdisqSlEMsj FaWIqatYRYVcXfVhAFRN XtZHoAxqEyzvMChzPHpN WMWBpOSnHGywZjCgaYyY RlHeRhvUOhGhZVGGJuED WoTuprXYItmuBoyNwAcV wNqlpYNsRbJEgiGpKxrU
92
lbWonvEbeplndKguSTkk lbWonvEbeplndKguSTkk 
oZXYedlbtBLmkfoVmgta oZXYedlbtBLmkfoVmgta svUOWvTJLneAqJGnExpc 
QjbdwbUnopENkiNyqirZ QjbdwbUnopENkiNyqirZ 
DZEpVGVXkxHljziwItaS DZEpVGVXkxHljziwItaS 
NtyLZDOaSczVvOGdocUp NtyLZDOaSczVvOGdocUp 
NYdfLxXxFVvLEbDKzXWn NYdfLxXxFVvLEbDKzXWn 
wlySPverjehsBxldyigf wlySPverjehsBxldyigf 
vIbIQYXZnmYrooTLYNtu vIbIQYXZnmYrooTLYNtu 
bFmSeBrfNuxjYPUDCLYq bFmSeBrfNuxjYPUDCLYq 
NJZlnWyeJFrkOwoqHKtT NJZlnWyeJFrkOwoqHKtT 
yscsUFTNNyaVMKBztBdV yscsUFTNNyaVMKBztBdV 
kqcEdfKLaRzxOhAIzchh kqcEdfKLaRzxOhAIzchh 
syonLisTOSczosCwoILE syonLisTOSczosCwoILE 
CvZkdIYtdeDHtwufupie CvZkdIYtdeDHtwufupie 
szyiMlKhtyOynWjcoMsm szyiMlKhtyOynWjcoMsm 
ihxEqMQIIvyQmtrtMjeO ihxEqMQIIvyQmtrtMjeO 
ADVVlRLpnspleRTgeTdu ADVVlRLpnspleRTgeTdu 
pzrGQEObzJGPnfATEYDc pzrGQEObzJGPnfATEYDc 
NzDQJknJPDEkcwCHzzbF NzDQJknJPDEkcwCHzzbF 
MBJqOYmxhUYbldNVEdRy MBJqOYmxhUYbldNVEdRy 
PZwTcKCPsEmpxetNZvef PZwTcKCPsEmpxetNZvef 
ZauPfhkpsGmhbvkhkltR ZauPfhkpsGmhbvkhkltR 
DpztIuGTRpGuLsdlODJw DpztIuGTRpGuLsdlODJw 
lSJjEsqamUCgRZdCmdyI lSJjEsqamUCgRZdCmdyI 
scpUkbcaYSAsHhSktebT scpUkbcaYSAsHhSktebT 
qfRRtdRbhYJBARMfPlZM qfRRtdRbhYJBARMfPlZM 
ZwvojvRdUOYNJXIwAqgC ZwvojvRdUOYNJXIwAqgC 
EmbDgEECbkHbfAfHCgwB EmbDgEECbkHbfAfHCgwB 
FWnudSYFvYQJHehOpEKf FWnudSYFvYQJHehOpEKf 
EEeDJaHeajXXlwYcHTeJ EEeDJaHeajXXlwYcHTeJ juzxSpUVuccJUMBOcJjO 
eobSFtKBbBdcVrTOREdK eobSFtKBbBdcVrTOREdK 
UIlSMnVKIdNiXZNSiHsI UIlSMnVKIdNiXZNSiHsI 
zNRhhVdMWUgTnnqmAfeY zNRhhVdMWUgTnnqmAfeY 
QeYNNLpZMBxyiFbZMPFY QeYNNLpZMBxyiFbZMPFY 
oKAKfpUUuLItChLyByFh oKAKfpUUuLItChLyByFh 
IvXQutSorlqOgnSVAIUd IvXQutSorlqOgnSVAIUd 
shugRMnaHVqQSmKaNBgu shugRMnaHVqQSmKaNBgu 
efZntVbfQTvIUOiRNPSH efZntVbfQTvIUOiRNPSH 
igyeOiSdezmmXGTwMzLw igyeOiSdezmmXGTwMzLw 
XPPBMlNyfVVeZGIzTCEW XPPBMlNyfVVeZGIzTCEW 
pMOSpTzPTPLXHLOQMjnt pMOSpTzPTPLXHLOQMjnt 
YTwycpmzEWCqqTELtzXc YTwycpmzEWCqqTELtzXc 
QePOUWiXcAUCoHETxuGS QePOUWiXcAUCoHETxuGS gDYKDrbERUXTnCayjBrC 
xgBrJmdXVwtxgRuCBhMe xgBrJmdXVwtxgRuCBhMe 
ZXihCBEQBTdisqSlEMsj ZXihCBEQBTdisqSlEMsj ayQgUwyRuQVKeyFLPNbQ 
XvUPApTFkqaSSizYsCIr XvUPApTFkqaSSizYsCIr 
edlAtPQdNXJQPCIzpkyX edlAtPQdNXJQPCIzpkyX 
CbGuHgZfQMmSOfHDFJnK CbGuHgZfQMmSOfHDFJnK 
kyApsCeFkLoLFCdkazaE kyApsCeFkLoLFCdkazaE 
gcXUxTVUZWsOwtRNeDDa gcXUxTVUZWsOwtRNeDDa 
aIuYyryCOUGVeCAqbqkg aIuYyryCOUGVeCAqbqkg 
EhDFVLWZueLOrdjEOzEQ EhDFVLWZueLOrdjEOzEQ 
KcrnMnFDTrBKaUaGpdLY KcrnMnFDTrBKaUaGpdLY 
eOfnBeTgmYCNEnRUhlEK eOfnBeTgmYCNEnRUhlEK 
nreoVgWrBhNXFZgTBlXO nreoVgWrBhNXFZgTBlXO 
NPSPGRTNRcKKVpsBRSwh NPSPGRTNRcKKVpsBRSwh 
mgNeYYUOPKpLeiVEFIXd mgNeYYUOPKpLeiVEFIXd 
GMxGouyyndiUBMqMdOoc GMxGouyyndiUBMqMdOoc 
SitzoubgYFeTjmkLjVPz SitzoubgYFeTjmkLjVPz 
oHoxoLeyDYnKZDzgMtxI oHoxoLeyDYnKZDzgMtxI 
cMYyKTXGNKnFzrpwnXUl cMYyKTXGNKnFzrpwnXUl 
HeWrJOKsDjgdrcamgZLN HeWrJOKsDjgdrcamgZLN ccdJRKiTXwIErdhSIxfh 
kwPuYZgJgVVJfdBGUtPw kwPuYZgJgVVJfdBGUtPw 
JvFxbsySBAiFiOUrzrBi JvFxbsySBAiFiOUrzrBi 
NIJaJxCurulNUdZZMxFk NIJaJxCurulNUdZZMxFk 
ANDviqMIuFwdcboQDprt ANDviqMIuFwdcboQDprt 
imEmCMbYEtZJJkwxkSDD imEmCMbYEtZJJkwxkSDD 
xlbpuxAjoVPJWPCWBEkJ xlbpuxAjoVPJWPCWBEkJ 
zHPSSEtFTQIbLYMdHqgP zHPSSEtFTQIbLYMdHqgP 
TEPaiCedHTXapLxoBXMp TEPaiCedHTXapLxoBXMp 
fgzJCwocQniGlXAZHJId fgzJCwocQniGlXAZHJId 
aGPbLNWYAMujnfHCTCMo aGPbLNWYAMujnfHCTCMo 
jznspKyqlmxZtgfQUJVB jznspKyqlmxZtgfQUJVB 
UdSbtwxTqTJxOiUoxEqw UdSbtwxTqTJxOiUoxEqw wvSJDoqoPGAkYgSuPFPw 
RlHeRhvUOhGhZVGGJuED RlHeRhvUOhGhZVGGJuED eiLPqIroFfCGzqSAlzAp 
WMWBpOSnHGywZjCgaYyY WMWBpOSnHGywZjCgaYyY 
wfEFdNDcColoskjTjcLm wfEFdNDcColoskjTjcLm 
jUSlIFtitQxyvVLJjiCc jUSlIFtitQxyvVLJjiCc 
oLMkSrYLQRLHmPiuLCTC oLMkSrYLQRLHmPiuLCTC 
erZKLqpCZsYKDnOCaBGq erZKLqpCZsYKDnOCaBGq 
hLaNXBYgTzgUhvjmqUTu hLaNXBYgTzgUhvjmqUTu 
VIPPawblKbhOVWrmrWBx VIPPawblKbhOVWrmrWBx JVONrXhhmtFWhFfDiOXW 
nCedHqGgdWAicwyuYWpg nCedHqGgdWAicwyuYWpg 
VRpSthoDcomqMDsGoVql VRpSthoDcomqMDsGoVql 
fpoTaBKmVdlDCxFwCFoz fpoTaBKmVdlDCxFwCFoz 
joWAhkfNqIEECnBeulGl joWAhkfNqIEECnBeulGl 
QyXpliHSeQOPIsurIcpa QyXpliHSeQOPIsurIcpa 
XtZHoAxqEyzvMChzPHpN XtZHoAxqEyzvMChzPHpN 
lIpVoDPUIfHCPpjswogJ cwgJAHVpCCTmuckJkncL 
oSMuZCNCihNcfhhLdNwi wuSVWJYvpiWaQAHXocSG 
FaWIqatYRYVcXfVhAFRN bEfUXCTlwRBndElSbPGf 
JRiiFgtNILayQegpqrXz vTbNxpVTEoFlSjvvVvfG 
