oUyBZvEHNPOWtAsHANHU eWGFHgdBASXJbxQbYrCG hNRcEeFjmsmOnuOdNAXl eqwycKZriorIAbsUBjxu VVzvLIOwARaWwhQTKPrx eqwycKZriorIAbsUBjxu hNRcEeFjmsmOnuOdNAXl eqwycKZriorIAbsUBjxu tItiZloipgPmLuONrNnZ JKNUHFrXPStBWMuUOVkj CCYBPFZgoOONzoEeTKzC MeohNnftDTzllMTGwxnG CCYBPFZgoOONzoEeTKzC JKNUHFrXPStBWMuUOVkj QFaSXENOfunmdZIBqDsS UMfDYlvFlUVuogMRkWNG lPMfQyVLDIZczBuDgsVQ UMfDYlvFlUVuogMRkWNG QFaSXENOfunmdZIBqDsS JKNUHFrXPStBWMuUOVkj CCYBPFZgoOONzoEeTKzC CcspnGXfrmzZRWjdMjLd rqqedkokePZFdhDbMNpX IUJDEWwYxhQimsCqnrFH rqqedkokePZFdhDbMNpX CcspnGXfrmzZRWjdMjLd XZRBuctXhYPbWardFSZS oUyBZvEHNPOWtAsHANHU eWGFHgdBASXJbxQbYrCG oUyBZvEHNPOWtAsHANHU JGmrlhNqKarRJZMikIzR fDAbzsYfiXDxOIsITcQl NVPacTSrBMpDkMBotiWB fDAbzsYfiXDxOIsITcQl IuNNJvHSmYKpVBzmzuJX znYRMYifzQwyixuIXDnz IuNNJvHSmYKpVBzmzuJX rqqedkokePZFdhDbMNpX NBTlGJqSnWahMvuDlXAm ikjgYLaZRolSrbIYyKBd vUAlnOQiiNflifusqsxz cAvnOxZJtanpVvcAxJHM vUAlnOQiiNflifusqsxz ikjgYLaZRolSrbIYyKBd JOFEBwAKkbqhkHCsIrdY CcspnGXfrmzZRWjdMjLd oMKDNkBacLxexXKHqXfF CcspnGXfrmzZRWjdMjLd rqqedkokePZFdhDbMNpX IuNNJvHSmYKpVBzmzuJX rqqedkokePZFdhDbMNpX CcspnGXfrmzZRWjdMjLd CCYBPFZgoOONzoEeTKzC JKNUHFrXPStBWMuUOVkj eWVKeYegIFOJxvfRkjek vUAlnOQiiNflifusqsxz LemOEIyAWGqzIWrhGjyu czawxGJYqFyCCNgFpXIE QMnEKXGwZYUlreveNjwA XZRBuctXhYPbWardFSZS oUyBZvEHNPOWtAsHANHU ikjgYLaZRolSrbIYyKBd CXrruomvXfADUrHxMwZi ikjgYLaZRolSrbIYyKBd tItiZloipgPmLuONrNnZ JKNUHFrXPStBWMuUOVkj CCYBPFZgoOONzoEeTKzC CcspnGXfrmzZRWjdMjLd PojKKQvEDmFOnJinujFi DsLevMWgWFWOQXFMbaQy gUlgGYCPZjsRiFLqnVun JGmrlhNqKarRJZMikIzR oUyBZvEHNPOWtAsHANHU ikjgYLaZRolSrbIYyKBd vUAlnOQiiNflifusqsxz eWVKeYegIFOJxvfRkjek OWCblOtQanZakRLMqMxz VVzvLIOwARaWwhQTKPrx eqwycKZriorIAbsUBjxu tItiZloipgPmLuONrNnZ JKNUHFrXPStBWMuUOVkj QFaSXENOfunmdZIBqDsS UMfDYlvFlUVuogMRkWNG QFaSXENOfunmdZIBqDsS eWVKeYegIFOJxvfRkjek vUAlnOQiiNflifusqsxz ikjgYLaZRolSrbIYyKBd NBTlGJqSnWahMvuDlXAm hpQFeVriPZmwKZcYFAWN NBTlGJqSnWahMvuDlXAm ikjgYLaZRolSrbIYyKBd oUyBZvEHNPOWtAsHANHU
25
oUyBZvEHNPOWtAsHANHU oUyBZvEHNPOWtAsHANHU
eWGFHgdBASXJbxQbYrCG eWGFHgdBASXJbxQbYrCG
hNRcEeFjmsmOnuOdNAXl hNRcEeFjmsmOnuOdNAXl
eqwycKZriorIAbsUBjxu eqwycKZriorIAbsUBjxu
VVzvLIOwARaWwhQTKPrx VVzvLIOwARaWwhQTKPrx
JKNUHFrXPStBWMuUOVkj JKNUHFrXPStBWMuUOVkj
CCYBPFZgoOONzoEeTKzC CCYBPFZgoOONzoEeTKzC
MeohNnftDTzllMTGwxnG MeohNnftDTzllMTGwxnG
UMfDYlvFlUVuogMRkWNG UMfDYlvFlUVuogMRkWNG
lPMfQyVLDIZczBuDgsVQ lPMfQyVLDIZczBuDgsVQ
CcspnGXfrmzZRWjdMjLd CcspnGXfrmzZRWjdMjLd
IUJDEWwYxhQimsCqnrFH IUJDEWwYxhQimsCqnrFH
NVPacTSrBMpDkMBotiWB NVPacTSrBMpDkMBotiWB
IuNNJvHSmYKpVBzmzuJX IuNNJvHSmYKpVBzmzuJX
znYRMYifzQwyixuIXDnz znYRMYifzQwyixuIXDnz
NBTlGJqSnWahMvuDlXAm NBTlGJqSnWahMvuDlXAm
cAvnOxZJtanpVvcAxJHM cAvnOxZJtanpVvcAxJHM
oMKDNkBacLxexXKHqXfF oMKDNkBacLxexXKHqXfF
eWVKeYegIFOJxvfRkjek eWVKeYegIFOJxvfRkjek
QMnEKXGwZYUlreveNjwA QMnEKXGwZYUlreveNjwA
CXrruomvXfADUrHxMwZi CXrruomvXfADUrHxMwZi
PojKKQvEDmFOnJinujFi PojKKQvEDmFOnJinujFi
gUlgGYCPZjsRiFLqnVun gUlgGYCPZjsRiFLqnVun
OWCblOtQanZakRLMqMxz OWCblOtQanZakRLMqMxz
hpQFeVriPZmwKZcYFAWN hpQFeVriPZmwKZcYFAWN
