Jingzhou Fredericia CoonRapids Tabatinga Sarzedo AbualMatamir SaintMichael Sapporo Colachel Sapporo Entroncamento Chegem Pundong Rembangan AzZuwaytinah Sarzedo Sanaa Manduria Ghugus Rembangan Gangtok RamganjMandi Kiruna Tottori Junagarh Ronse Sapele Kirovsk Sapele Ermelo Sapele Chambly Chittaranjan Ibri Depok Chambly Shizunaifurukawacho Chambersburg Crespo Rembangan Ibri Vandavasi Lysva RioFormoso Jeypore Malnate TanahMerah LondonderryCountyBor Ghugus RioFormoso AzZuwaytinah Khabarovsk Chambly Shively BurgbeiMagdeburg Shively Rangae ZurichKreis Kabarnet ZurichKreis Ouarzazat Payshanba NovyyBuh Sagalo NovyyBuh Kheri NovyyBuh Ketrzyn SanJosedeOcoa CiudaddelCarmen Chambly LondonderryCountyBor Falun LaPossession Shumen elCampello NiagaraFalls Sanaa JabalosSaraj Frosinone Thamaga MelitodiNapoli Tabatinga Veenendaal Radnor Carouge Radnor Frosinone JabalosSaraj Frosinone FortLauderdale Ibri BeneBeraq Carmichael elCampello Jeypore Malnate Srinagar Malnate Bejucal Carmichael NovyyBuh RioFormoso NovyyBuh Ketrzyn Pundong Jingzhou
50
CoonRapids CoonRapids
Tabatinga Tabatinga
Sarzedo Sarzedo
SaintMichael SaintMichael
Colachel Colachel
Entroncamento Entroncamento
Chegem Chegem
Rembangan Rembangan
AzZuwaytinah AzZuwaytinah
Sanaa Sanaa
Manduria Manduria
Ghugus Ghugus
Gangtok Gangtok
Tottori Tottori
Ronse Ronse
Kirovsk Kirovsk
Ermelo Ermelo
Chittaranjan Chittaranjan
Ibri Ibri
Depok Depok
Shizunaifurukawacho Shizunaifurukawacho
Crespo Crespo
Lysva Lysva
RioFormoso RioFormoso
Jeypore Jeypore
Malnate Malnate
TanahMerah TanahMerah
LondonderryCountyBor LondonderryCountyBor
Khabarovsk Khabarovsk
Shively Shively
BurgbeiMagdeburg BurgbeiMagdeburg
Rangae Rangae
Kabarnet Kabarnet
Ouarzazat Ouarzazat
Sagalo Sagalo
Kheri Kheri
Ketrzyn Ketrzyn
SanJosedeOcoa SanJosedeOcoa
Shumen Shumen
elCampello elCampello
JabalosSaraj JabalosSaraj
Thamaga Thamaga
Veenendaal Veenendaal
Radnor Radnor
Carouge Carouge
FortLauderdale FortLauderdale
BeneBeraq BeneBeraq
Carmichael Carmichael
Srinagar Srinagar
Bejucal Bejucal
