LesLilas Gastonia Haripur Khulm Lloydminster SouthSaintPaul Kemise Topi Ibirataia Hirosaki Fontem Pozzuoli SanJuandelaMaguana Lalago Shchekino NorthAurora Braila Balachor Ronnenberg SenaMadureira Oyonnax Andrychow Shimofurano AlBajur Purnia Rhondda Zalingei Morwa Cachan Ibirataia Wachtberg Hangu Gunzenhausen SouthSaintPaul Dadu MiguelAlemanLaDoce Andrychow Garbsen Sobue Dadu Embu Sosnovka AscoliPiceno NorthAurora Kushtia PriegodeCordoba Hirosaki Haora Pozzuoli Haripur Turek CapimGrosso Ortaca AinBessem Lalago Ontinyent Ibirataia Hirosaki Arzamas Ronnenberg SpanishTown Itororo Johnston Anjala Nagar Pinner Turek Milledgeville Belalcazar Pamulang ElCentro Espiye Shchekino SenadorPompeu Ranong KotRadhaKishan Pezinok BlueIsland MadinatHamad Alnavar Butuan Skelmersdale Vyazniki Alotenango Purnia Langenhorn Acireale Angleton Shchekino Kambove Akcaabat Mocoa EastLongmeadow CamRanh Kaifeng Fujieda Arang Zhaodong Grajau AscoliPiceno Fuxin Mocoa Purnia WestIslip Pinner AramokoEkiti SaintCyrlEcole Alotenango Dadu NahiyatashShinafiyah Baramula Acireale SouthSaintPaul Gunzenhausen Hangu Vaniyambadi Winnipeg Tabou Gastonia Hirosaki TagbilaranCity MineralnyeVody ChalcodeDiazCovarrub Alotenango Itororo Twante KotRadhaKishan HaciendaLaCalera Tabou Acireale Kairouan Turek Haripur Lloydminster SpanishTown SanJuandelaMaguana NoblePark Acarau NorthAurora Aracuai AinBessem Namerikawa Shieli Mocoa Braila Prostejov Kambove NahiyatashShinafiyah Mocoa Braila Bury GongdanglegiKulon VillaPauladeSarmient ChalcodeDiazCovarrub MineralnyeVody Langenhorn Ibirataia Izhevsk SpanishTown Kotka Karlsfeld FetestiGara Shobara Manacapuru Kikuchi SanJuandelaMaguana Pozzuoli LesLilas SantanadoLivramento Shurugwi Gowurdak DrexelHill Topi Kineshma Pamulang ElCentro Acarau HaciendaLaCalera Sosnovka GuaMusang Banting Pezinok Belalcazar Fili Gorgan Twante Prostejov Twante Nangi Escada Sorada SouthSaintPaul Skelmersdale Escada Tias EastLongmeadow Tabou Korsakov Ipil Wangon Kikuchi Manacapuru Battambang Kondrovo MonteAlegre Oyonnax Andrychow Wenchi Johnston Battambang PortoVelho Magdeburg Ortaca Morwa Aringay AshtonunderLyne MineralnyeVody Haora Skelmersdale FortWorth Razam Shchekino SantanadoLivramento LesLilas
97
Haripur Haripur 
Khulm Khulm 
Lloydminster Lloydminster 
SouthSaintPaul SouthSaintPaul 
Kemise Kemise 
Ibirataia Ibirataia 
Hirosaki Hirosaki 
Pozzuoli Pozzuoli 
SanJuandelaMaguana SanJuandelaMaguana 
Shchekino Shchekino 
Braila Braila 
SenaMadureira SenaMadureira 
Andrychow Andrychow 
Shimofurano Shimofurano 
Rhondda Rhondda 
Morwa Morwa 
Hangu Hangu 
Gunzenhausen Gunzenhausen 
Garbsen Garbsen 
Sobue Sobue 
Embu Embu 
Sosnovka Sosnovka 
PriegodeCordoba PriegodeCordoba 
Haora Haora Yafo 
Turek Turek 
CapimGrosso CapimGrosso 
Ortaca Ortaca 
AinBessem AinBessem 
Ontinyent Ontinyent 
Arzamas Arzamas 
SpanishTown SpanishTown 
Itororo Itororo 
Johnston Johnston 
Nagar Nagar 
Belalcazar Belalcazar 
Espiye Espiye 
SenadorPompeu SenadorPompeu 
KotRadhaKishan KotRadhaKishan 
Pezinok Pezinok 
BlueIsland BlueIsland 
MadinatHamad MadinatHamad 
Butuan Butuan 
Skelmersdale Skelmersdale Daokou 
Vyazniki Vyazniki 
Langenhorn Langenhorn 
Acireale Acireale 
Angleton Angleton 
Kambove Kambove 
Akcaabat Akcaabat 
Mocoa Mocoa 
EastLongmeadow EastLongmeadow 
Kaifeng Kaifeng 
Zhaodong Zhaodong 
Fuxin Fuxin 
WestIslip WestIslip 
SaintCyrlEcole SaintCyrlEcole 
NahiyatashShinafiyah NahiyatashShinafiyah 
Baramula Baramula 
Vaniyambadi Vaniyambadi 
Tabou Tabou 
TagbilaranCity TagbilaranCity 
MineralnyeVody MineralnyeVody 
ChalcodeDiazCovarrub ChalcodeDiazCovarrub 
Twante Twante 
HaciendaLaCalera HaciendaLaCalera 
Kairouan Kairouan 
NoblePark NoblePark 
Acarau Acarau 
Aracuai Aracuai 
Shieli Shieli 
Prostejov Prostejov Mabopane 
Bury Bury 
VillaPauladeSarmient VillaPauladeSarmient 
Izhevsk Izhevsk 
Kotka Kotka 
FetestiGara FetestiGara 
Manacapuru Manacapuru 
SantanadoLivramento SantanadoLivramento 
Shurugwi Shurugwi 
Gowurdak Gowurdak 
Kineshma Kineshma 
GuaMusang GuaMusang 
Gorgan Gorgan 
Escada Escada 
Sorada Sorada 
Korsakov Korsakov 
Wangon Wangon 
Battambang Battambang 
MonteAlegre MonteAlegre 
Wenchi Wenchi 
PortoVelho PortoVelho 
AshtonunderLyne AshtonunderLyne 
FortWorth FortWorth 
AlBajur AinArnat 
NorthAurora Rivas 
Dadu Anjarah 
Karlsfeld Oerlinghausen 
