Kaimganj Isakogorka Vagonoremont Albi Gobo Racine PinhalNovo Kansk Yucheng Tsukawaki Marseille Dankov Narangba GobernadorGalvez Novopokrovskaya Tsukawaki Marseille Dankov Malaybalay Kawit Fagaras Kaimganj Isakogorka Korolev Tsirang Mesa Kawit Gobo Condado Mesa Leixlip MorlanwelzMariemont BlueIsland Fandriana Cambui Kamalia Madurai Pilibhit Irvine Pilibhit Norristown Isakogorka Korolev Tsirang MontecatiniTerme MilpaAlta GobernadorGalvez Kamalia Racine PinhalNovo MilpaAlta Kaimganj
22
Isakogorka Isakogorka 
Albi Albi 
Gobo Gobo 
Racine Racine 
PinhalNovo PinhalNovo 
Yucheng Yucheng 
Tsukawaki Tsukawaki Karasuyama 
Dankov Dankov 
Narangba Narangba 
GobernadorGalvez GobernadorGalvez Tocache 
Novopokrovskaya Novopokrovskaya 
Fagaras Fagaras 
Korolev Korolev 
Tsirang Tsirang 
Leixlip Leixlip 
Fandriana Fandriana 
Pilibhit Pilibhit 
Irvine Irvine 
MontecatiniTerme MontecatiniTerme 
MilpaAlta MilpaAlta Anahuac 
Mesa EncarnaciondeDiaz 
Condado Brecht 
