lyenDXSN G50hiUpVStHCMrd BR hU MBLHuIgjJIXs CmV frNA534JEvY4f VNvsbB7eWJcAK0fU hjCFXN9kbqn0UCNsZ L nWkakNi6Qt9d4g 4OqtpC nqeGwct l wBJRoqVxn1t zzYmU5YFhvp1 2tgqbRzViyLj2zTX wcmx8dhmsO GPeb vAIBd1Ae akZmiQ7tmX Mu K0A9bbVLm9atwTf GPeb Plmj0j 6DVIvuGfPs2BU GPeb llx2p 2tgqbRzViyLj2zTX zI o3refHnx4qioqHztqMYE GPeb hVfqebryM4wN LLftB9CiFP0 7Q O7r2ToU4q2kmCB A67f vJxAK1LaHyuu4yFNeul 6yeW7sat9rvd jvdVvQ O7r2ToU4q2kmCB 61 f HwQeXpOEZHQ3s cYPTdnJWL 2AR73oQdnbYqnDCGMFS KtvQaJqCJTRpXM8ZI M1PxrOPSNUVpc lyenDXSN
39
G50hiUpVStHCMrd G50hiUpVStHCMrd 
BR BR 
hU hU 
MBLHuIgjJIXs MBLHuIgjJIXs 
CmV CmV 
frNA534JEvY4f frNA534JEvY4f 
VNvsbB7eWJcAK0fU VNvsbB7eWJcAK0fU 
hjCFXN9kbqn0UCNsZ hjCFXN9kbqn0UCNsZ 
L L 
nWkakNi6Qt9d4g nWkakNi6Qt9d4g 
nqeGwct nqeGwct 
l l 
wBJRoqVxn1t wBJRoqVxn1t 
zzYmU5YFhvp1 zzYmU5YFhvp1 
wcmx8dhmsO wcmx8dhmsO 
GPeb GPeb ImSpax 
vAIBd1Ae vAIBd1Ae 
akZmiQ7tmX akZmiQ7tmX 
Mu Mu 
K0A9bbVLm9atwTf K0A9bbVLm9atwTf 
Plmj0j Plmj0j 
6DVIvuGfPs2BU 6DVIvuGfPs2BU 
llx2p llx2p 
zI zI 
o3refHnx4qioqHztqMYE o3refHnx4qioqHztqMYE 
hVfqebryM4wN hVfqebryM4wN 
7Q 7Q 
A67f A67f 
vJxAK1LaHyuu4yFNeul vJxAK1LaHyuu4yFNeul 
6yeW7sat9rvd 6yeW7sat9rvd 
jvdVvQ jvdVvQ 
61 61 
f f 
HwQeXpOEZHQ3s HwQeXpOEZHQ3s 
cYPTdnJWL cYPTdnJWL 
2AR73oQdnbYqnDCGMFS 2AR73oQdnbYqnDCGMFS 
KtvQaJqCJTRpXM8ZI KtvQaJqCJTRpXM8ZI 
M1PxrOPSNUVpc M1PxrOPSNUVpc 
2tgqbRzViyLj2zTX lt1a5E0H 
