0 25 14 12 9 0 35 2 44 58 8 77 53 1 41 95 41 1 73 94 86 15 0 75 1 67 1 69 1 50 33 0 8 68 16 93 0 39 40 3 46 99 46 3 62 29 89 90 9 83 72 81 1 37 51 36 10 56 41 84 29 43 15 88 13 65 1 0 97 0 3 82 3 21 54 38 91 38 6 8 71 8 16 31 1 72 8 87 32 1 0
50
25 25
14 14
12 12
9 9
35 35
44 44
58 58
8 8
77 77
53 53
95 95
94 94
15 15
75 75
67 67
69 69
50 50
33 33
68 68
16 16
93 93
39 39
40 40
46 46
99 99
62 62
29 29
89 89
90 90
83 83
72 72
81 81
37 37
51 51
36 36
56 56
84 84
43 43
88 88
65 65
97 97
82 82
21 21
54 54
91 91
6 6
71 71
31 31
87 87
32 32
