0 5 130 131 132 133 134 135 11 136 137 138 2 140 16 142 143 144 145 146 18 148 5 149 150 151 18 152 2 153 154 18 156 16 157 2 158 159 160 5 164 165 6 166 20 167 168 11 171 172 20 173 174 175 176 177 16 178 2 179 180 20 181 2 184 185 186 187 2 188 20 189 16 190 2 192 11 193 194 5 196 197 198 5 0
61
130 130 
131 131 
132 132 
133 133 
134 134 
135 135 
136 136 
137 137 
138 138 
140 140 
142 142 
143 143 
144 144 
145 145 
146 146 
148 148 
149 149 
150 150 
151 151 
152 152 
153 153 
154 154 
156 156 
157 157 
158 158 
159 159 
160 160 
164 164 
165 165 
166 166 
167 167 
168 168 
171 171 
172 172 
173 173 
174 174 
175 175 
176 176 
177 177 
178 178 
179 179 
180 180 
181 181 
184 184 
185 185 
186 186 
187 187 
188 188 
189 189 
190 190 
192 192 
193 193 
194 194 
196 196 
197 197 
198 198 
2 191 182 139 183 
16 141 
18 155 147 
5 195 199 162 161 163 
11 169 170 
