2 1 4 3 5 1 7 9 11 1 13 15 17 19 21 23 25 27 2 29 31 33 35 1 37 39 6 43 3 45 47 1 49 51 2 53 3 55 57 59 61 63 1 65 67 69 2 71 73 75 77 79 3 81 83 85 87 89 10 91 8 93 3 97 99 2
49
1 1 
3 3 95 
5 5 
7 7 
9 9 
11 11 
13 13 
15 15 
17 17 
19 19 
21 21 
23 23 
25 25 
27 27 
29 29 
31 31 
33 33 
35 35 
37 37 
39 39 
43 43 
45 45 
47 47 
49 49 
51 51 
53 53 
55 55 
57 57 
59 59 
61 61 
63 63 
65 65 
67 67 
69 69 
71 71 
73 73 
75 75 
77 77 
79 79 
81 81 
83 83 
85 85 
87 87 
89 89 
91 91 
93 93 
97 97 
99 99 
6 41 
