2 17 1 3 19 5 7 9 16 11 39 13 38 15 17 1 19 1 21 28 23 6 25 12 27 12 29 9 31 14 33 14 35 12 37 69 39 9 41 43 18 45 9 47 49 44 51 8 53 61 55 25 57 59 5 61 7 63 2 65 34 67 97 69 37 71 5 73 44 75 1 77 20 79 20 81 21 83 1 85 36 87 6 89 14 91 11 93 11 95 14 97 8 99 7 101 7 103 10 105 47 107 96 109 111 20 113 2 115 27 117 57 119 121 13 123 125 26 127 4 129 20 131 133 14 135 31 137 17 139 14 141 143 24 145 85 147 1 149 17 151 98 153 155 39 157 26 159 25 161 163 40 165 15 167 9 169 19 171 6 173 175 71 177 14 179 13 181 1 183 9 185 11 187 5 189 16 191 12 193 7 195 7 197 65 199 17 2
100
17 17
1 1
3 3
19 19
5 5
7 7
9 9
11 11
39 39
13 13
15 15
21 21
23 23
25 25
27 27
29 29
31 31
33 33
35 35
37 37
69 69
41 41
43 43
45 45
47 47
49 49
51 51
53 53
61 61
55 55
57 57
59 59
63 63
65 65
67 67
97 97
71 71
73 73
75 75
77 77
79 79
81 81
83 83
85 85
87 87
89 89
91 91
93 93
95 95
99 99
101 101
103 103
105 105
107 107
109 109
111 111
113 113
115 115
117 117
119 119
121 121
123 123
125 125
127 127
129 129
131 131
133 133
135 135
137 137
139 139
141 141
143 143
145 145
147 147
149 149
151 151
153 153
155 155
157 157
159 159
161 161
163 163
165 165
167 167
169 169
171 171
173 173
175 175
177 177
179 179
181 181
183 183
185 185
187 187
189 189
191 191
193 193
195 195
197 197
199 199
