0 1 6 11 16 22 21 26 32 31 36 41 46 52 51 57 56 61 67 66 72 71 76 81 86 91 86 81 76 71 72 66 67 61 56 57 51 52 46 41 36 31 32 26 21 22 16 11 6 1 0 49 46 52 51 57 56 61 67 66 72 71 76 71 72 66 67 61 56 57 51 52 46 41 36 31 36 41 46 52 51 57 56 61 67 66 72 71 76 81 86 91 86 81 76 71 72 66 67 61 56 57 51 52 46 49 0 1 6 11 16 11 16 22 16 11 6 1 0 49 46 52 51 57 56 61 67 66 72 71 76 81 86 81 76 71 72 66 67 61 56 61 67 66 72 71 76 71 72 66 67 61 56 57 51 52 46 41 36 31 36 41 46 52 51 57 56 61 67 66 72 71 76 81 86 81 76 71 72 66 67 61 56 57 51 52 46 41 46 49 0 1 0 49 46 52 51 57 58 57 51 52 46 49 0 1 6 11 16 11 6 1 0 49 46 41 46 52 51 57 56 61 67 66 72 71 76 81 76 71 72 66 67 61 56 57 51 52 46 49 0 1 6 11 16 22 21 26 32 31 36 41 46 52 51 57 56 61 67 66 72 66 67 61 67 61 56 57 51 52 46 52 51 57 56 61 67 66 72 71 76 81 86 91 86 81 76 71 72 66 67 61 56 57 51 52 46 41 36 31 32 26 32 31 36 41 46 52 51 57 56 61 67 66 72 71 76 81 76 71 72 66 67 61 56 57 51 52 46 49 0 1 6 1 0 49 46 52 51 57 56 61 67 66 67 61 56 57 51 52 46 41 36 41 46 52 51 57 56 61 67 66 67 61 56 57 51 52 46 41 36 41 46 52 46 49 0
24
57 57 
67 67 68 
72 72 73 
49 49 
58 58 
26 27 28 
51 54 
61 62 63 65 64 
76 79 78 80 
91 93 94 92 95 
41 43 44 42 45 
16 17 18 19 20 
31 33 34 
11 15 
22 23 
86 88 89 
81 83 84 82 
36 39 40 38 
1 4 3 
21 25 
46 47 50 48 
6 9 
66 70 
52 53 
