0 1 6 11 16 21 26 32 31 37 36 42 41 46 51 57 51 46 41 42 36 37 31 32 26 21 26 32 31 37 36 42 41 46 51 57 56 61 66 71 76 81 87 86 92 91 96 101 106 112 111 116 121 127 126 131 126 127 121 116 111 112 106 101 96 91 92 86 87 81 76 71 76 81 87 86 92 91 96 91 92 86 87 81 76 71 66 61 56 57 51 46 41 42 36 37 31 32 26 21 16 11 6 11 16 21 26 32 31 37 36 42 41 46 51 57 56 61 66 71 76 81 87 86 92 91 96 91 92 86 87 81 76 71 66 61 56 57 51 46 41 42 36 37 31 32 26 21 16 11 6 1 0 198 197 196 191 192 186 181 176 171 166 167 161 162 156 151 146 141 136 131 126 127 121 116 111 112 106 101 96 91 92 86 87 81 76 71 66 61 66 71 76 81 87 86 92 91 96 101 106 112 111 116 121 127 126 131 136 141 146 151 156 162 156 151 146 141 136 131 126 127 121 116 111 112 106 101 96 91 92 86 87 81 76 71 66 61 66 71 76 81 87 86 92 91 96 101 106 112 111 116 121 127 126 131 136 141 146 151 156 162 161 167 166 171 176 181 186 181 176 171 166 167 161 162 156 151 156 162 161 167 166 171 176 181 186 192 191 196 197 198 0 1 6 11 16 21 26 32 31 37 36 42 41 46 51 57 56 61 66 71 76 81 87 86 92 91 96 101 106 101 96 91 92 86 87 81 76 71 66 61 56 57 51 46 41 42 36 37 31 32 26 21 16 11 6 1 0 198 197 196 191 192 186 192 191 196 197 198 0 1 6 11 16 21 26 32 31 37 36 42 41 46 51 57 56 61 66 71 76 81 87 86 92 91 96 101 106 101 96 91 92 86 87 81 76 71 66 61 56 57 51 46 51 57 56 61 66 71 76 81 87 86 92 91 96 101 106 112 111 112 106 101 96 91 92 86 87 81 76 71 66 61 56 57 51 46 41 46 51 57 56 61 66 71 76 81 87 86 92 91 96 101 106 112 111 116 121 127 126 131 136 141 146 151 156 162 161 167 166 171 176 181 176 171 166 167 161 162 156 151 146 141 136 131 126 127 121 116 111 112 106 101 96 91 96 101 106 112 111 116 121 127 126 131 136 141 146 151 156 162 161 167 166 171 176 181 186 192 193 191 196 197 198 0 1 6 11 16 21 26 32 31 37 36 42 41 46 51 57 56 61 66 71 76 81 87 86 92 91 96 101 106 112 111 116 121 127 126 131 136 141 146 151 156 162 161 167 166 171 176 181 186 192 191 196 197 198 0 1 6 11 16 21 26 32 31 37 36 42 41 46 51 46 41 42 36 42 41 46 51 57 56 61 66 71 76 81 87 86 92 91 96 101 106 112 111 116 121 127 126 131 136 141 136 131 126 127 121 116 111 112 106 101 96 91 92 86 87 81 76 71 66 61 56 57 51 46 41 42 36 37 31 32 26 21 16 11 6 1 0 198 197 196 191 192 186 181 176 181 186 192 191 196 197 198 0 1 6 11 16 21 26 32 31 37 36 42 41 46 51 57 56 61 66 71 76 81 87 86 92 91 96 101 106 112 111 116 121 127 126 131 136 141 146 151 156 162 161 162 156 151 146 141 136 131 126 127 121 116 111 112 106 101 106 112 111 116 121 127 126 131 136 141 146 151 156 162 161 167 166 171 176 181 186 192 191 192 186 181 176 171 166 167 161 162 156 151 146 141 136 131 126 127 121 116 111 112 106 101 96 91 92 86 87 81 76 71 66 61 56 57 51 46 41 42 36 37 31 37 36 42 41 46 51 57 56 61 66 71 76 81 87 86 92 91 96 101 106 112 111 116 121 127 126 131 136 131 126 127 121 116 111 112 106 101 96 91 92 86 87 81 76 71 66 61 66 71 76 81 87 86 92 91 96 101 106 112 111 116 121 127 126 131 136 141 146 151 156 162 161 167 166 167 161 162 156 151 146 141 136 131 126 127 121 116 111 112 106 101 96 91 92 86 87 81 76 71 66 71 76 81 87 86 92 91 96 101 106 112 111 116 121 127 126 131 136 141 146 151 156 162 161 167 166 171 176 181 186 192 191 196 197 198 0 1 0 198 197 196 191 192 186 181 176 171 166 167 161 162 156 151 146 141 136 131 126 127 121 116 111 112 106 101 96 91 92 86 87 81 76 71 66 61 56 57 51 46 41 42 36 37 31 32 26 32 31 37 36 42 41 46 51 57 56 61 66 71 76 81 87 86 92 91 96 101 106 112 111 116 121 127 126 131 136 141 146 151 156 151 146 141 136 131 126 127 121 116 111 112 106 101 96 91 96 101 106 112 111 116 121 127 126 131 136 141 146 151 156 162 161 167 166 171 176 181 186 181 186 192 191 196 197 198 0 1 6 11 16 21 26 32 31 37 36 42 41 46 51 57 56 61 66 71 76 81 87 86 92 91 96 91 92 86 87 81 76 71 66 61 56 57 51 46 41 42 36 37 31 32 26 21 16 11 16 21 26 32 31 37 36 42 41 46 51 57 56 61 66 71 76 81 87 86 92 91 96 101 106 112 111 116 121 127 126 131 136 141 146 151 156 162 161 167 166 171 176 181 186 192 191 196 197 198 0 1 6 11 16 21 26 32 31 37 36 42 41 46 51 57 56 61 66 71 76 81 87 86 92 91 96 101 106 112 106 101 96 91 92 86 87 81 76 71 66 61 56 57 51 46 41 42 36 37 31 32 26 21 16 11 6 1 0 198 197 196 191 192 186 181 176 171 166 167 161 162 156 151 146 141 146 151 146 141 136 131 126 131 136 141 146 151 156 151 146 141 136 131 126 127 121 116 111 112 106 101 96 91 92 86 87 81 87 86 92 91 96 101 106 112 111 116 121 127 126 131 136 141 146 151 156 162 161 167 166 167 161 162 156 151 146 141 136 131 126 127 121 116 111 112 106 101 96 91 92 86 87 81 76 71 76 81 87 86 92 91 96 101 106 112 111 116 121 127 128 126 131 136 141 146 141 136 131 126 127 121 116 111 112 106 101 96 91 92 86 87 81 76 81 87 86 92 91 96 101 96 91 92 86 87 81 76 71 66 61 56 57 51 46 41 42 36 37 31 32 26 21 16 11 6 1 0
49
32 32 
42 42 
87 87 
112 112 113 
127 127 
192 192 
162 162 163 
193 193 
128 128 
57 58 
21 25 22 24 
41 44 
131 135 
71 74 72 75 73 
96 100 99 98 97 
6 7 
31 35 33 34 
86 90 
16 17 19 
136 137 140 138 139 
61 65 64 62 63 
76 78 79 80 
101 104 105 103 102 
151 152 153 155 
161 164 165 
11 13 12 14 
106 107 108 109 
56 60 59 
186 187 189 
46 48 47 
111 114 
116 118 
181 183 184 185 
91 95 94 93 
141 145 142 143 144 
51 52 53 
81 82 84 83 
36 38 39 
176 179 180 
26 29 30 27 
126 129 130 
191 195 
121 122 
166 169 170 
66 70 68 
1 3 
171 173 
156 159 
146 149 
