BY5DUgv6 UQ4QaUHy iT0t8noc S9dNuWxm QqI1C9xC XbFQ8G0U 8tOszPqV T9nDSMXa rZiSDNtK UQ4QaUHy 1cr6aFpX Rv8rDvqp UfRMeyI7 gbolqDJc QeSUIsQ1 JMul31yq UQ4QaUHy mXjWiYol QeSUIsQ1 PagRRYIg Y1BjCbsl QqI1C9xC UfRMeyI7 gbolqDJc H2BV5cDz 8e8OWOIi sR6JAufL mjMe14fC EvsxmEMg K3J88UDV 1aJdK4y9 K3J88UDV EvsxmEMg B0wYReom YLp2gziD nKZTEeUl QeSUIsQ1 g5YhtPSt UQ4QaUHy 8KVhuJvd OpfVa1HT 0zB29H2A mjMe14fC UQ4QaUHy 8ni5D4t7 1cr6aFpX Rv8rDvqp NL9qZEp0 GVK6CciB UQ4QaUHy Af1jBIly Rn4zxmTr aPSEsY2w gd207oOq BY5DUgv6 QqI1C9xC UQ4QaUHy o1w8sSXK mXjWiYol UfRMeyI7 rGjz0gOd AMieum8U QeSUIsQ1 7IV7YjRX HYhd6zof AMieum8U QeSUIsQ1 7CrB3pCm tDh0gTYH EvsxmEMg CrvusN6e HEJxX3gA xULc5Xg4 QeSUIsQ1 q1vN3eei UQ4QaUHy UmgiH1K9 gd207oOq hc6YxxqG q1vN3eei c9Hgvc9w 87yhsuRE 9IHe97Yy XbFQ8G0U QqI1C9xC UQ4QaUHy BY5DUgv6
43
iT0t8noc iT0t8noc 
S9dNuWxm S9dNuWxm 
8tOszPqV 8tOszPqV 
rZiSDNtK rZiSDNtK 
1cr6aFpX 1cr6aFpX 
Rv8rDvqp Rv8rDvqp 
UfRMeyI7 UfRMeyI7 6nj6dyOK xTHVuNZl 
gbolqDJc gbolqDJc 
QeSUIsQ1 QeSUIsQ1 
JMul31yq JMul31yq 
mXjWiYol mXjWiYol 
PagRRYIg PagRRYIg 
H2BV5cDz H2BV5cDz 
8e8OWOIi 8e8OWOIi 
sR6JAufL sR6JAufL 
K3J88UDV K3J88UDV 
1aJdK4y9 1aJdK4y9 
B0wYReom B0wYReom 
nKZTEeUl nKZTEeUl 
g5YhtPSt g5YhtPSt 
OpfVa1HT OpfVa1HT 
0zB29H2A 0zB29H2A 
8ni5D4t7 8ni5D4t7 
NL9qZEp0 NL9qZEp0 
Af1jBIly Af1jBIly 
aPSEsY2w aPSEsY2w 
gd207oOq gd207oOq 
o1w8sSXK o1w8sSXK 
rGjz0gOd rGjz0gOd 
AMieum8U AMieum8U 
7IV7YjRX 7IV7YjRX 
tDh0gTYH tDh0gTYH 
CrvusN6e CrvusN6e lvlSObqb 
HEJxX3gA HEJxX3gA 
xULc5Xg4 xULc5Xg4 
q1vN3eei q1vN3eei 
UmgiH1K9 UmgiH1K9 
hc6YxxqG hc6YxxqG 
c9Hgvc9w c9Hgvc9w 
9IHe97Yy 9IHe97Yy 
UQ4QaUHy FPDwKJIj yqX5KOVJ WlxPulQd 
QqI1C9xC ucMA0iSv R4zDiMu3 ayFODfwg 
EvsxmEMg 2mQchaeu 
