ZtfcEeD9 J2tz5Jy2 Fj27Gybu VDai7XkI 43ehQX6O IZjIq9He xzWL2Pp8 nFqouQp3 rbWYBihd SG64DwCC c6ZWTltk VDai7XkI SG64DwCC n7cwD1GE KZzTlcqA sAdwIwgI VDai7XkI wZJN4OBT EB4WBsTV VDai7XkI TNblhkGK 1dr1nBQ7 ijk5cHsH VDai7XkI Q2HoHQU7 lWuh5cH8 mrK2EXuk ca785uLx VDai7XkI bKTzHQn4 VDai7XkI SG64DwCC VDai7XkI 7P5zi9hu 97y3ut3B d5gzYuse LvdUl8D5 J2tz5Jy2 8Rfeklr1 VDai7XkI NpH6Hpsr AmaYXBsi sAdwIwgI VDai7XkI yWlzbESz VDai7XkI 1gtWVzKV dB8nWjnw eF0ueRyu VDai7XkI xkCjqYXa VDai7XkI X4DALK1Z B65DnegI iF2sCG7R h4MzKYRp aSd01nMZ VDai7XkI ZS8CQaI7 VDai7XkI aSd01nMZ VDai7XkI Q7hUKAHQ JqKGA9ul gX4kBNm4 VDai7XkI oECxPSEB VDai7XkI lqKnzPvP RjDUex61 IZjIq9He w0QWGw2L 43ehQX6O zvH4AKmS Tb8W969R 7P5zi9hu yRH0nOtz IdGLl1to PMzcqvQL sAdwIwgI 0MyIUMFM AmaYXBsi VDai7XkI Tb8W969R fa3ra0T7 zvH4AKmS 43ehQX6O YWqBlkAs VDai7XkI wusYsf5E R2FCohpD EEVF7P1A Wznv2rRv FqE4GP0Y VgwgAKMz Q2HoHQU7 dzvtjag1 PLFYaVF6 VDai7XkI 62Mn9lau zpLQ0R0G VDai7XkI ZS8CQaI7 EEVF7P1A NSdaWdL7 sFR9mcaG eFJgi8X6 VDai7XkI mSd4Nw6v d4U8kEOb 3MYamZSb VDai7XkI mrK2EXuk Q2HoHQU7 CxnbNU8s lWuh5cH8 lwKMUcFL ZtfcEeD9
61
ZtfcEeD9 ZtfcEeD9 
J2tz5Jy2 J2tz5Jy2 
Fj27Gybu Fj27Gybu 
43ehQX6O 43ehQX6O 
xzWL2Pp8 xzWL2Pp8 
nFqouQp3 nFqouQp3 
rbWYBihd rbWYBihd 
SG64DwCC SG64DwCC 
KZzTlcqA KZzTlcqA 
wZJN4OBT wZJN4OBT 
EB4WBsTV EB4WBsTV 
TNblhkGK TNblhkGK 
1dr1nBQ7 1dr1nBQ7 
ijk5cHsH ijk5cHsH 
lWuh5cH8 lWuh5cH8 
mrK2EXuk mrK2EXuk 
ca785uLx ca785uLx 
7P5zi9hu 7P5zi9hu 
d5gzYuse d5gzYuse 
LvdUl8D5 LvdUl8D5 
8Rfeklr1 8Rfeklr1 
NpH6Hpsr NpH6Hpsr 
AmaYXBsi AmaYXBsi 
1gtWVzKV 1gtWVzKV 
eF0ueRyu eF0ueRyu 
X4DALK1Z X4DALK1Z 
B65DnegI B65DnegI 
aSd01nMZ aSd01nMZ W7b2i2pG 
ZS8CQaI7 ZS8CQaI7 mlHu9OVg 
Q7hUKAHQ Q7hUKAHQ 
gX4kBNm4 gX4kBNm4 
lqKnzPvP lqKnzPvP 
RjDUex61 RjDUex61 
w0QWGw2L w0QWGw2L 
zvH4AKmS zvH4AKmS 
Tb8W969R Tb8W969R 
yRH0nOtz yRH0nOtz 
IdGLl1to IdGLl1to 
PMzcqvQL PMzcqvQL 
0MyIUMFM 0MyIUMFM 
fa3ra0T7 fa3ra0T7 
YWqBlkAs YWqBlkAs 
wusYsf5E wusYsf5E 
Wznv2rRv Wznv2rRv 
FqE4GP0Y FqE4GP0Y 
VgwgAKMz VgwgAKMz 
dzvtjag1 dzvtjag1 
PLFYaVF6 PLFYaVF6 
62Mn9lau 62Mn9lau 
zpLQ0R0G zpLQ0R0G 
NSdaWdL7 NSdaWdL7 
sFR9mcaG sFR9mcaG 
eFJgi8X6 eFJgi8X6 
mSd4Nw6v mSd4Nw6v 
3MYamZSb 3MYamZSb 
CxnbNU8s CxnbNU8s 
c6ZWTltk 04vrMVdi 
VDai7XkI kTn5Wdms qnVestAH FdbcCrtB O5yBujnu xRPgtW5C EAWv9kfQ bJ22zvWV 8LVjFaQv o4xf7nVd JfDq1Cs2 RleTQaHw HTyyntxa miUcr0K7 uMuBYvMK aDGqWHym WOCLylig poaWnZDO y7NjqOqM Pz0LLMil CBKWpDQv ntaFp6yn gKOyNQPh hBRDGWam 91Uq51QB Rd2M5nw8 2KepLMXB CGddIqkC svPb07cv BOlNhFGU kMauNR5Y U7cZo0h2 tCAdUY4B FGbFUcoj jKNn1ZQ1 7Xy44hse aWGQETjI 8avKqSxh OJgw7XgR 
yWlzbESz CIF8DWXL 
xkCjqYXa yptfWPBC 
oECxPSEB ciNFdHxl 
