yqRn7pcv Bow1G1eA 7xyYvlir hC2ZPbzA lRFv66dO ne5PzSYX 5Zo9R33z fsgAjhrq 2XMfF8YA Bow1G1eA 6XOrbPEm mB6fiF0u zcy1X765 i4M5A6hw o5fxSomz 1JmiRMy2 Bow1G1eA Tv0Ngo2a XlaUIvCb hcJG54h4 rKjRBwvM Bow1G1eA rJm7nPd7 xaYYL0Xr Bow1G1eA yqRn7pcv
21
yqRn7pcv yqRn7pcv 
7xyYvlir 7xyYvlir 
hC2ZPbzA hC2ZPbzA 
lRFv66dO lRFv66dO 
ne5PzSYX ne5PzSYX 
5Zo9R33z 5Zo9R33z 
fsgAjhrq fsgAjhrq 
2XMfF8YA 2XMfF8YA 
6XOrbPEm 6XOrbPEm 
mB6fiF0u mB6fiF0u 
zcy1X765 zcy1X765 
i4M5A6hw i4M5A6hw 
o5fxSomz o5fxSomz 
1JmiRMy2 1JmiRMy2 
Tv0Ngo2a Tv0Ngo2a 
XlaUIvCb XlaUIvCb 
hcJG54h4 hcJG54h4 
rKjRBwvM rKjRBwvM 
rJm7nPd7 rJm7nPd7 
xaYYL0Xr xaYYL0Xr 
Bow1G1eA Wvomb2LC LQU5lyru uzY67sfN mmiVeCrf RKTqv0lO 
