56 6 0 17 1 2 5 3 8 9 1 10 13 15 5 17 19 11 20 2 22 23 24 29 30 31 32 33 18 36 7 38 41 0 42 48 1 50 54 10 57 58 60 61 63 0 66 10 67 2 74 81 82 10 83 2 84 1 85 6 88 13 89 0 90 91 92 56
46
0 0 65 
17 17 
1 1 
5 5 
3 3 
8 8 
9 9 
10 10 
13 13 
15 15 
19 19 
20 20 
22 22 
23 23 
24 24 
29 29 
30 30 
31 31 
32 32 
33 33 
36 36 
38 38 
41 41 
42 42 
48 48 
50 50 
54 54 
57 57 
58 58 
60 60 
61 61 
63 63 
66 66 
67 67 
74 74 
81 81 
82 82 
83 83 
84 84 
85 85 
88 88 
89 89 
90 90 
91 91 
92 92 
2 68 4 
