93 0 1 6 2 6 4 14 4 18 19 3 20 24 26 0 27 34 0 36 3 38 9 39 7 40 5 43 3 46 47 49 51 5 52 4 53 2 56 57 0 61 0 62 5 63 5 64 6 65 66 67 12 70 72 4 73 74 3 75 3 76 3 77 4 79 1 80 2 81 0 82 84 86 7 87 90 1 91 12 95 2 98 12 99 101 0 102 105 3 108 1 109 110 11 111 6 115 116 6 117 2 119 3 121 122 124 6 125 11 129 0 130 0 131 2 136 2 137 138 3 140 141 3 143 146 0 147 2 151 154 1 155 157 4 161 163 4 165 1 168 169 8 170 11 171 0 172 174 176 2 177 93
91
1 1
2 2
4 4
14 14
18 18
19 19
20 20
24 24
26 26
27 27
34 34
36 36
38 38
39 39
40 40
43 43
46 46
47 47
49 49
51 51
52 52
53 53
56 56
57 57
61 61
62 62
63 63
64 64
65 65
66 66
67 67
70 70
72 72
73 73
74 74
75 75
76 76
77 77
79 79
80 80
81 81
82 82
84 84
86 86
87 87
90 90
91 91
95 95
98 98
99 99
101 101
102 102
105 105
108 108
109 109
110 110
111 111
115 115
116 116
117 117
119 119
121 121
122 122
124 124
125 125
129 129
130 130
131 131
136 136
137 137
138 138
140 140
141 141
143 143
146 146
147 147
151 151
154 154
155 155
157 157
161 161
163 163
165 165
168 168
169 169
170 170
171 171
172 172
174 174
176 176
177 177
