Dannemora Fabius Glenwood Delevan Dansville Delevan Galeville Fishkill Davis Forestville Granville Deer Delanson Dansville Deferiet Dansville Delanson Dansville Delevan Galeville Fishkill Olcott Delhi Franklin Goshen Frankfort Delmar Frankfort Flanders Odessa Depauville Northville Flower Herricks Depew Herricks Deposit Earlville Hartsdale DeRuyter Dexter Fairmount Nunda Delanson Dunkirk Delanson Nunda Heuvelton Earlville Fire Dannemora Fabius Fonda Freeport Oceanside Fair Hamilton Heuvelton Nunda Fairmount Dexter Fulton Fairport Geneva Fairview Geneva Fairport Fulton Gardiner Falconer Gardiner Friendship Harrison Harrisville Farmingville Florida Farnham Highland Freeport Herkimer Fayetteville Herkimer Freeport Highland Goshen Fire Earlville Firthcliffe Highland Frewsburg Odessa Forest Fishers Deferiet Germantown Galeville Fishkill Galeville Germantown Delmar Frankfort Flanders Odessa Hamburg Fleischmanns Fonda Oakdale Farmingville Florida Deer Granville Northville Flower Hamburg Fleischmanns Fonda Fabius Norwich Forest Norwich Fabius Fonda Freeport Forestville Freeport Fonda Oakdale Frankfort Goshen Franklin Delhi Freeville Norwich Franklinville Gowanda Fredonia Depauville Ghent Freeport Highland Farnham Freeville Delhi Frewsburg Farmingville Harrisville Harrison Friendship Gardiner Fulton Dexter Germantown Galeville Delevan Harrison Friendship Gardiner Falconer Gasport Oceanside Flower Hancock Geneva Depew Herricks Delmar Germantown Deferiet Herrings Downey Ghent Glenwood Fabius Dannemora
50
Fabius Fabius
Delevan Delevan
Dansville Dansville
Galeville Galeville
Fishkill Fishkill
Davis Davis
Forestville Forestville
Deer Deer
Delanson Delanson
Deferiet Deferiet
Delhi Delhi
Franklin Franklin
Frankfort Frankfort
Delmar Delmar
Flanders Flanders
Depauville Depauville
Flower Flower
Depew Depew
Deposit Deposit
Earlville Earlville
DeRuyter DeRuyter
Dexter Dexter
Fairmount Fairmount
Dunkirk Dunkirk
Fire Fire
Fonda Fonda
Freeport Freeport
Fair Fair
Fulton Fulton
Fairport Fairport
Geneva Geneva
Fairview Fairview
Gardiner Gardiner
Falconer Falconer
Friendship Friendship
Farmingville Farmingville
Florida Florida
Farnham Farnham
Fayetteville Fayetteville
Firthcliffe Firthcliffe
Frewsburg Frewsburg
Forest Forest
Fishers Fishers
Germantown Germantown
Fleischmanns Fleischmanns
Freeville Freeville
Franklinville Franklinville
Fredonia Fredonia
Ghent Ghent
Gasport Gasport
