Acton Carlsbad Bellflower Georgetown Adelanto Fullerton Armona Berkeley Alameda Berkeley Auburn Ceres Avalon Alamo Banning Dinuba Bayview Albany Bayview Ducor Burlingame Alhambra Brawley Almanor Brawley Corning Bell Alpaugh Bell Cerritos Exeter Fillmore Alpine Columbia Coalinga Covelo Foresthill Altadena Cloverdale Bootjack Florin Alturas Dinuba Banning Coachella Amesti Broadmoor Cerritos Aptos Bystrom Anaheim Bystrom Aptos Cerritos Anderson Calexico Colfax Bayview Angwin Atascadero Antioch Bluewater Cerritos Aptos Cerritos Bluewater Biola Arbuckle Biola Brentwood Galt Burbank Arcadia Burbank Corning Arcata Clayton Adelanto Fullerton Armona Encinitas Claremont Felton Firebaugh Arnold Bradley Colfax Aromas Bystrom Clayton Diablo Artesia Fallbrook Carson Bishop Arvin Bishop Clearlake Ashland Covelo Farmersville Atascadero Farmersville Delhi Corcoran Atherton Corcoran Delhi Fremont Fruitdale Escondido Atwater Emeryville Folsom Antioch Carson Bloomington Cupertino Auberry Cupertino Bloomington Ceres Auburn Berkeley Crest Dorris Fowler August Forestville Coalinga Columbia Avalon Columbia Fortuna Avenal Chowchilla Avery Brea Azusa Bootjack Chino Burney Bakersfield Copperopolis Etna Dinuba Banning Alamo Esparto Cobb Barstow Aromas Colfax Bayview Dinuba Etna Copperopolis Beaumont Copperopolis Cherryland Boronda Beckwourth Azusa Cobb Fillmore Arcata Belden Arcata Corning Bell Alpaugh Carlsbad Bellflower Georgetown Adelanto Colusa Coronado Belmont Arcadia Belvedere Arcadia Burbank Corning Bell Alpaugh Benicia Alpaugh Bell Fullerton Armona Berkeley Crest Dorris Fowler Biggs Byron Colton Cutten Biola Bluewater Antioch Carson Bishop Clearlake Cobb Cromberg Calexico Blairsden Calexico Anderson Ceres Bloomington Carson Antioch Bluewater Biola Arbuckle Blythe Arbuckle Cartago Bodfish Cartago Bluewater Fresno Angwin Bolinas Angwin Fresno Artesia Fallbrook Bonita Belvedere Arcadia Calwa Fortuna Bonsall Cutler Bootjack Azusa Crest Dorris Boron Coronado Belmont Cambria Cherryland Boronda Buttonwillow Bowles Buttonwillow Boronda Clyde Colma Bradbury Adelanto Colusa Cromberg Bradley Capitola Delleker Corning Brawley Alhambra Ashland Clearlake Bishop Brea Avery Cherryland Firebaugh Galt Brentwood Diablo Dublin Brisbane Corning Bell Cerritos Broadmoor Cerritos Bell Corning Burbank Corning Brawley Alhambra Burlingame Ducor Bloomington Cupertino Duarte Burney Bakersfield Copperopolis Cherryland Boronda Buttonwillow Bowles Dublin Denair Biggs Byron Biggs Brawley Alhambra Clayton Bystrom Aromas Barstow Cobb Cabazon Amesti Coachella Calabasas Dixon Broadmoor Cerritos Anderson Calexico Corona Dunsmuir Calimesa Barstow Cobb Cabazon Crockett Calipatria Escalon Clyde Boronda Beckwourth Calistoga Anaheim Calwa Arcadia Burbank Camarillo Burbank Corning Cambria Alhambra Belden Gardena Campbell Crestline Colusa Fontana Canyondam Encinitas Claremont Felton Capitola Bradley Colfax Bayview Folsom Caribou Eureka Concow Carlsbad Alpaugh Bell Fullerton Duarte Carmichael Duarte Cupertino Columbia Carpinteria Columbia Brawley Eureka Concow Carrick Bonita Fallbrook Carson Antioch Bluewater Cartago Covelo Caruthers Darwin Commerce Dorrington Castroville August Clio Arcadia Belmont Cambria Cayucos Cambria Almanor Farmersville Ceres Anderson Cerritos Bell Alpaugh Carlsbad Acton
100
Carlsbad Carlsbad
Bellflower Bellflower
Adelanto Adelanto
Armona Armona
Berkeley Berkeley
Alameda Alameda
Auburn Auburn
Ceres Ceres
Avalon Avalon
Alamo Alamo
Banning Banning
Bayview Bayview
Albany Albany
Burlingame Burlingame
Alhambra Alhambra
Brawley Brawley
Almanor Almanor
Bell Bell
Alpaugh Alpaugh
Cerritos Cerritos
Alpine Alpine
Altadena Altadena
Bootjack Bootjack
Alturas Alturas
Amesti Amesti
Broadmoor Broadmoor
Aptos Aptos
Bystrom Bystrom
Anaheim Anaheim
Anderson Anderson
Calexico Calexico
Angwin Angwin
Atascadero Atascadero
Antioch Antioch
Bluewater Bluewater
Biola Biola
Arbuckle Arbuckle
Brentwood Brentwood
Burbank Burbank
Arcadia Arcadia
Arcata Arcata
Arnold Arnold
Bradley Bradley
Aromas Aromas
Artesia Artesia
Carson Carson
Bishop Bishop
Arvin Arvin
Ashland Ashland
Atherton Atherton
Atwater Atwater
Bloomington Bloomington
Auberry Auberry
August August
Avenal Avenal
Avery Avery
Brea Brea
Azusa Azusa
Burney Burney
Bakersfield Bakersfield
Barstow Barstow
Beaumont Beaumont
Boronda Boronda
Beckwourth Beckwourth
Belden Belden
Belmont Belmont
Belvedere Belvedere
Benicia Benicia
Biggs Biggs
Byron Byron
Blairsden Blairsden
Blythe Blythe
Cartago Cartago
Bodfish Bodfish
Bolinas Bolinas
Bonita Bonita
Calwa Calwa
Bonsall Bonsall
Boron Boron
Cambria Cambria
Buttonwillow Buttonwillow
Bowles Bowles
Bradbury Bradbury
Capitola Capitola
Brisbane Brisbane
Cabazon Cabazon
Calabasas Calabasas
Calimesa Calimesa
Calipatria Calipatria
Calistoga Calistoga
Camarillo Camarillo
Campbell Campbell
Canyondam Canyondam
Caribou Caribou
Carmichael Carmichael
Carpinteria Carpinteria
Carrick Carrick
Caruthers Caruthers
Castroville Castroville
Cayucos Cayucos
