Acadia Guadalupe Sequoia Arches Olympic Crater Badlands Basin Gunnison Bend Tortugas Acadia Biscayne Acadia Tortugas Gunnison Glacier Brycecanyon Canyonlands Cascades Acadia Capitol Acadia Biscayne Rocky Caverns Congaree Cuyahoga Channel Cuyahoga Congaree Caverns Rocky Crater Badlands Clark Cuyahoga Congaree Everglades Katmai Denali Katmai Gunnison Tortugas Gunnison Katmai Everglades Congaree Cuyahoga Channel Gateway Glacier Gateway Teton Isle Kenai Basin Kenai Voyageurs Smoky Lassen Isle Guadalupe Isle Kenai Haleakala Indiana Channel Lassen Isle Guadalupe Acadia
25
Guadalupe Guadalupe
Arches Arches
Crater Crater
Badlands Badlands
Basin Basin
Gunnison Gunnison
Bend Bend
Tortugas Tortugas
Biscayne Biscayne
Glacier Glacier
Brycecanyon Brycecanyon
Canyonlands Canyonlands
Capitol Capitol
Caverns Caverns
Congaree Congaree
Cuyahoga Cuyahoga
Channel Channel
Everglades Everglades
Denali Denali
Gateway Gateway
Teton Teton
Isle Isle
Smoky Smoky
Haleakala Haleakala
Indiana Indiana
