6 5 6 4 6 13 12 13 20 19 20 27 25 27 34 33 34 41 40 41 48 47 48 46 48 55 53 55 54 55 62 69 67 69 68 69 76 83 81 83 82 83 90 89 90 97 95 97 96 94 96 97 104 103 104 111 109 111 118 117 118 116 112 116 118 125 123 125 124 122 124 125 132 131 132 130 132 139 138 139 137 139 146 144 146 145 146 153 152 153 151 153 152 153 160 158 160 167 165 161 165 167 174 172 174 181 180 181 188 186 188 187 188 195 193 195 6
60
6 6 
12 12 10 
19 19 17 
27 27 
25 25 22 
41 41 39 
47 47 44 
53 53 50 
62 62 61 60 
69 69 
76 76 74 75 
83 83 
90 90 88 
96 96 
94 94 
103 103 101 100 
116 116 
112 112 
124 124 
122 122 
145 145 142 
160 160 
165 165 
161 161 
174 174 
172 172 169 
181 181 179 
186 186 182 
5 2 
4 1 
13 11 
20 18 
33 31 30 
34 32 
40 38 
46 43 
54 51 
67 64 
68 65 
81 77 
82 80 
89 87 
95 91 
111 110 
109 105 106 
117 115 
123 120 
131 128 129 
130 126 
138 136 
137 134 133 
144 140 
152 150 149 
151 148 
158 154 155 
167 166 
180 177 
187 184 
195 194 
193 189 190 
