pace shiver shy tablet swear financial dough enhance pain straighten buffet exclusive class chair linger dough tool circulation judicial class exclusive honor nationalist dip write tool circulation deposit honor injury prison pier imposter fortune guarantee buffet exclusive swear other excuse stroke rob circulation deposit sunrise shiver pace voice financial solve winner forge tolerate thirsty prison title lake rob headline quality throne rent seize ward tool glasses judicial paper stress tablet cigarette tolerate legislation feature glasses autonomy enter coast dough enhance pain straighten quality throne shy injury audience respect bitter guarantee due write dip joint demand page approval mystery market miserable skeleton likely enhance pain demand seize discriminate output thumb prison title write brake mature swear financial respect title write rent king banana sign interactive pace
50
shy shy 
tablet tablet 
swear swear 
financial financial 
dough dough 
enhance enhance 
pain pain 
buffet buffet 
exclusive exclusive 
class class 
linger linger 
tool tool 
circulation circulation 
honor honor 
nationalist nationalist 
dip dip 
injury injury 
prison prison 
imposter imposter 
guarantee guarantee 
other other 
rob rob 
sunrise sunrise 
voice voice 
winner winner 
tolerate tolerate 
title title 
lake lake 
headline headline 
quality quality 
throne throne 
seize seize 
glasses glasses 
paper paper 
cigarette cigarette 
legislation legislation 
autonomy autonomy 
enter enter 
bitter bitter 
demand demand 
page page 
mystery mystery 
likely likely 
output output 
thumb thumb 
brake brake 
king king 
sign sign 
forge vegetarian 
market figure 
