pace market vegetarian linger deter identity gate embarrassment injection pardon vegetarian market pace mixture confrontation nationalist brake exempt certain solve seize deposit science begin lake write feature quiet hospitality teacher excuse forge terminal paper native development exempt certain drawer smile headline beg joystick swop pier approval circulation approval rent sunrise audience module flag injury tolerate decisive linger deter terms node environment prison virgin thirsty lake ward tablet imposter extort respect structure thirsty opposed demand address terminal respect structure output buffet expression paper viable job coast linger dough thirsty virgin winner assignment expression straighten identity coincide judicial address financial fortune atmosphere viable paper cotton dialogue candle triple prospect mature glasses bleed pier bleed pier gallon profound skeleton knot bleed curriculum chew extort respect king view compromise drawer smile module identity deter identity module flag prison virgin thirsty dough physics linger title mystery driver imposter pound attraction native mercy mixture joint error shy terminal respect throne structure shiver ignore decisive tolerate illusion enemy control beg headline brake exempt dramatic exempt certain drawer chew curriculum bleed knot country prison romantic comfortable likely viable paper native development skeleton profound coast swear rent approval labour election guarantee job coast electronics quadruple other pace mixture confrontation forge terminal title due speaker sign ask quadruple ask enemy illusion tolerate expression straighten identity gate discriminate quadruple electronics swop liver tool railcar guarantee pardon vegetarian linger title due certain solve labour likely other pace respect structure bowel penetrate injury flag home error interactive seize address financial mercy mixture election lifestyle coast linger decisive ignore fortune notebook interactive seize address terminal forge coast swear tool railcar guarantee pardon chair respect extort page nationalist confrontation boom throne structure thirsty dough greeting class widen native attraction excuse forge terminal bitter rage dialogue buffet election guarantee attraction railcar tool weapon pig write feature enter science blonde pipe title due speaker pace
98
pace pace 
market market 
deter deter note 
identity identity 
injection injection 
pardon pardon 
confrontation confrontation 
exempt exempt 
begin begin 
feature feature 
teacher teacher 
excuse excuse 
forge forge 
native native 
development development 
drawer drawer 
smile smile 
headline headline 
swop swop 
rent rent 
audience audience 
flag flag 
injury injury 
decisive decisive 
environment environment 
virgin virgin 
tablet tablet 
imposter imposter 
respect respect 
structure structure 
output output 
buffet buffet 
viable viable 
coast coast 
dough dough 
assignment assignment 
straighten straighten 
coincide coincide 
financial financial 
atmosphere atmosphere 
cotton cotton 
candle candle 
triple triple 
mature mature 
profound profound 
skeleton skeleton 
knot knot 
curriculum curriculum 
physics physics 
driver driver 
attraction attraction 
mercy mercy 
error error 
throne throne 
shiver shiver 
ignore ignore 
illusion illusion 
enemy enemy 
control control 
country country 
comfortable comfortable 
likely likely 
swear swear 
election election 
guarantee guarantee 
electronics electronics interface 
quadruple quadruple 
other other 
due due 
ask ask 
liver liver 
tool tool 
railcar railcar 
bowel bowel 
home home 
interactive interactive 
lifestyle lifestyle 
chair chair 
page page 
boom boom 
greeting greeting 
widen widen 
rage rage 
pig pig 
pipe pipe 
vegetarian exclusive 
nationalist acceptance 
solve coffin 
paper autonomy 
circulation stress 
opposed dip 
address thumb 
bleed spoil 
view dive 
dramatic rob 
certain scheme 
chew offset 
title exile 
