pace miserable opposed skeleton injury exempt thumb enter prison view excuse gate audience headline thumb enter prison honor profound forge likely market exclusive throne title headline circulation dough excuse disclose injury output exclusive pace nationalist excuse due voice mixture miserable opposed king due excuse disclose guarantee page likely pier injury skeleton deposit approval deposit skeleton opposed miserable pace
24
opposed opposed 
skeleton skeleton 
injury injury 
exempt exempt 
enter enter 
excuse excuse feature 
gate gate 
audience audience 
headline headline 
honor honor 
likely likely 
market market 
throne throne 
circulation circulation 
output output 
nationalist nationalist 
voice voice 
mixture mixture 
king king 
guarantee guarantee 
page page 
deposit deposit 
approval approval 
forge brake 
