0 182 27 34 133 134 38 132 40 131 44 135 138 1 139 141 5 24 144 20 146 145 14 147 149 11 149 147 14 145 146 20 144 24 5 141 139 1 139 141 5 24 144 20 146 145 14 145 146 20 144 24 5 141 139 1 138 135 44 131 40 132 38 134 133 34 27 34 133 134 38 132 40 131 44 135 138 1 139 141 5 24 144 20 146 145 14 147 149 11 150 152 151 60 153 57 54 154 155 52 156 47 156 52 155 154 54 57 153 60 153 57 54 154 155 52 156 47 157 159 160 120 162 163 67 164 72 165 76 166 167 80 92 86 168 89 168 86 92 86 168 89 169 94 102 171 170 172 175 106 176 111 114 118 114 111 176 106 175 172 170 171 102 94 169 89 168 86 92 80 167 166 76 165 164 67 163 162 120 162 163 67 164 165 76 166 167 80 92 86 168 89 169 94 102 171 170 172 175 106 176 111 114 118 177 178 179 181 182 0
30
1 3 4 13 2 
5 6 8 7 9 10 
11 12 
14 19 18 15 17 16 
20 22 21 23 
24 26 25 
27 33 30 28 31 29 32 
34 37 35 36 
38 39 
40 42 43 41 
44 45 46 
47 50 48 49 51 
52 53 
54 55 56 
57 59 58 
60 66 62 64 61 65 63 
67 71 68 70 69 
72 73 74 75 
76 79 77 78 
80 82 84 85 83 81 
86 88 87 
89 91 90 
92 93 
94 99 101 97 100 98 95 96 
102 103 104 105 
106 109 108 110 107 
111 112 113 
114 117 115 116 
118 119 
120 126 121 125 122 129 124 123 127 128 130 
