9iIwk XYzcU 5VT1H jT5CK tG1wc YH6mk 5ioW1 bXinH 5ioW1 YH6mk tG1wc jT5CK qkJ6b jT5CK WJNpN Y7IDR YH6mk AgYPL WJNpN jT5CK XYzcU qkJ6b QVYVG knY3U vE0Pj knY3U QVYVG qkJ6b Ib6np 5R5Xa 1xmtC Mj2eQ iEXNY 6oThd qkJ6b QVYVG WGJpQ 1uRw3 5VT1H Ib6np 1eRkH mBYfp rrNj1 Esl6u fS0W8 k64Ok ZgtaX veOJ7 ZgtaX N1MZB k6V9L vrNke 5ioW1 YH6mk WJNpN QVYVG jAwQw Ri2t4 1uRw3 QVYVG Ew56P jYfXn MA43U Mj2eQ 9iIwk ChXAd 5R5Xa Ib6np 5VT1H tG1wc YH6mk 5ioW1 XZKtP 5ioW1 YH6mk tG1wc 5VT1H 1xmtC Mj2eQ ZzWHp Mj2eQ 1xmtC h2rea 1xmtC jASvw 1xmtC 5VT1H tG1wc YH6mk 5ioW1 YH6mk WJNpN QVYVG SgDk6 QVYVG qkJ6b 1xmtC 5R5Xa rrNj1 Esl6u fS0W8 k64Ok ZgtaX JgjFI ZgtaX k64Ok fS0W8 Esl6u rrNj1 mBYfp 9iIwk Mj2eQ 0GdkR Mj2eQ 1xmtC 5R5Xa rrNj1 Esl6u fS0W8 Esl6u rrNj1 mBYfp 9iIwk Mj2eQ oqPYQ Mj2eQ 1xmtC 5VT1H tG1wc tnjfN 5ioW1 XZKtP dw7aX XZKtP Be0ab 5ioW1 YH6mk WJNpN QVYVG LZomt QVYVG qkJ6b Ib6np 5R5Xa rrNj1 Esl6u ZfVrl p9vQm ZfVrl Esl6u rrNj1 mBYfp 9iIwk qkJ6b QVYVG kmzhT QVYVG WJNpN YH6mk 5ioW1 vrNke k6V9L pXCjI k6V9L vrNke 5ioW1 YH6mk tG1wc q0lus 1pxZM 5VT1H Ib6np 5R5Xa rrNj1 Esl6u fS0W8 k64Ok BnAjj Vake4 ZgtaX iCgvV ZgtaX N1MZB k6V9L vrNke 5ioW1 YH6mk WJNpN QVYVG 7G74f QVYVG WJNpN 5BDPJ WJNpN 1uRw3 y89SK 1uRw3 QVYVG RhUVQ aHGHb QVYVG WJNpN Y7IDR 4a0W8 Y7IDR YH6mk 5ioW1 vrNke k6V9L N1MZB ZgtaX k64Ok fS0W8 Esl6u rrNj1 mBYfp 9iIwk
50
9iIwk 9iIwk
XYzcU XYzcU
5VT1H 5VT1H
jT5CK jT5CK
YH6mk YH6mk
5ioW1 5ioW1
bXinH bXinH
qkJ6b qkJ6b
Y7IDR Y7IDR
AgYPL AgYPL
vE0Pj vE0Pj
5R5Xa 5R5Xa
1xmtC 1xmtC
Mj2eQ Mj2eQ
iEXNY iEXNY
WGJpQ WGJpQ
1uRw3 1uRw3
1eRkH 1eRkH
fS0W8 fS0W8
ZgtaX ZgtaX
veOJ7 veOJ7
jAwQw jAwQw
Ri2t4 Ri2t4
jYfXn jYfXn
ChXAd ChXAd
XZKtP XZKtP
ZzWHp ZzWHp
h2rea h2rea
jASvw jASvw
SgDk6 SgDk6
JgjFI JgjFI
0GdkR 0GdkR
oqPYQ oqPYQ
tnjfN tnjfN
dw7aX dw7aX
Be0ab Be0ab
LZomt LZomt
p9vQm p9vQm
kmzhT kmzhT
pXCjI pXCjI
1pxZM 1pxZM
BnAjj BnAjj
Vake4 Vake4
iCgvV iCgvV
7G74f 7G74f
5BDPJ 5BDPJ
y89SK y89SK
RhUVQ RhUVQ
aHGHb aHGHb
4a0W8 4a0W8
