HAZtD 6gp0A kPB79 UqGfS NqBQW Xqwfz pLg86 7kY28 qz2Of OEGHh Vg6Sz iIQll GrnJ7 3JtxZ sU69u 9cp56 p3gJd aWuHk p3gJd 4AhmX jesVt 0FMEI tgL8p DmTRc GfIsc bMhFI rmW0U GrnJ7 iIQll Vg6Sz OEGHh qz2Of OEGHh Vg6Sz iIQll GrnJ7 rmW0U GrnJ7 iIQll Vg6Sz OEGHh qz2Of 7kY28 Zok18 Xqwfz jyRQW Zxvdf zcuSA 9cp56 p3gJd 4AhmX p3gJd GxQg8 UqGfS NqBQW Xqwfz pLg86 Xqwfz jyRQW zcuSA 9cp56 p3gJd 15wtn b9v0q 15wtn p3gJd GxQg8 p3gJd jesVt 0FMEI 3JtxZ GrnJ7 rmW0U SfSL1 RkCLD SfSL1 rmW0U GrnJ7 3JtxZ sU69u 9cp56 p3gJd GxQg8 EyMEe GxQg8 p3gJd jesVt 0FMEI 3JtxZ GrnJ7 iIQll Vg6Sz OEGHh qz2Of 7kY28 Xqwfz pLg86 0moVI OWqP4 fiXIW URrao 6sv9O Jbr8u o2JtM DuU0x e7SjH E6pda RkCLD SfSL1 rmW0U GrnJ7 3JtxZ 0FMEI jesVt 69WZh zrVPv b9v0q 15wtn p3gJd DaieK GxQg8 3NU9e GxQg8 p3gJd jesVt 69WZh R6NzB ZKvNM 69WZh jesVt p3gJd GxQg8 UqGfS NqBQW Xqwfz 7kY28 Pk19A 7kY28 Xqwfz NqBQW UqGfS kPB79 EyMEe ED9em bW6Ms GxQg8 p3gJd 15wtn b9v0q 69WZh jesVt 0FMEI tgL8p DmTRc 4jcrD GrnJ7 3JtxZ sU69u 4PSW9 cC0Rg lJnz7 GxQg8 p3gJd jesVt 0FMEI tgL8p DmTRc gNinx 4jcrD Vg6Sz iPRoT Vg6Sz iIQll GrnJ7 3JtxZ 0FMEI jesVt 69WZh jesVt p3gJd GxQg8 UqGfS NqBQW Xqwfz 7kY28 HAKlt 6sv9O Jbr8u o2JtM e7SjH E6pda RkCLD SfSL1 rmW0U GrnJ7 3JtxZ 0FMEI jesVt 15wtn Mm2U8 15wtn jesVt p3gJd GxQg8 UqGfS kPB79 UqGfS GxQg8 1gvq4 O8CwF C4biR p3gJd jesVt 0FMEI tgL8p DmTRc GfIsc CHx6u rmW0U GrnJ7 3JtxZ 0FMEI jesVt 0FMEI tgL8p DmTRc 4jcrD Vg6Sz ejBhY GaZ4O o2JtM BIY9X DuU0x e7SjH E6pda RkCLD SfSL1 rmW0U GrnJ7 iIQll Vg6Sz ejBhY GaZ4O Jbr8u 6sv9O fiXIW 7kY28 Xqwfz jyRQW zcuSA cC0Rg 1gvq4 GxQg8 EyMEe bW6Ms GxQg8 lJnz7 p3gJd jesVt 69WZh jesVt p3gJd GxQg8 UqGfS NqBQW Xqwfz NqBQW UqGfS X2hjX UqGfS NqBQW Xqwfz jyRQW zcuSA 9cp56 p3gJd C4biR AwFdf 4AhmX 15wtn b9v0q zrVPv ox9Gx jesVt p3gJd GxQg8 UqGfS NqBQW Xqwfz SxklZ VESmp SxklZ Xqwfz NqBQW UqGfS GxQg8 EyMEe GxQg8 p3gJd 15wtn Mm2U8 15wtn b9v0q eVDVP Ia6ul 5MtKr Q5zY0 69WZh jesVt 0FMEI 3JtxZ GrnJ7 rmW0U SfSL1 RkCLD SfSL1 rmW0U GrnJ7 3JtxZ sU69u 4PSW9 0F8yg 9cp56 p3gJd 4AhmX p3gJd GxQg8 UqGfS NqBQW Xqwfz 7kY28 iimZq 6owsT fiXIW 7kY28 Xqwfz NqBQW UqGfS GxQg8 EyMEe GxQg8 p3gJd jesVt 0FMEI 3JtxZ GrnJ7 UbqWX 4jcrD Vg6Sz iIQll GrnJ7 3JtxZ 5EAEu sU69u 4PSW9 zcuSA 9cp56 p3gJd cpzS8 p3gJd GxQg8 UqGfS NqBQW Xqwfz NqBQW UqGfS GxQg8 3NU9e CXkxa 3NU9e GxQg8 iqOI4 UqGfS NqBQW Xqwfz jyRQW zcuSA 9cp56 p3gJd jesVt p3gJd GxQg8 UqGfS Ssao4 UqGfS GxQg8 1gvq4 GxQg8 UqGfS NqBQW Xqwfz 7kY28 qz2Of 7kY28 Xqwfz jyRQW zcuSA 9cp56 p3gJd C4biR p3gJd 15wtn wedr3 69WZh jesVt p3gJd GxQg8 bW6Ms GxQg8 UqGfS NqBQW Xqwfz 7kY28 fiXIW 7kY28 Xqwfz jyRQW zcuSA gpbSj 4PSW9 sU69u 3JtxZ DmTRc tgL8p 0FMEI 2GCiD sU69u 3JtxZ GrnJ7 v9joy UPel5 iaaYU GrnJ7 3JtxZ 0FMEI jesVt 69WZh b9v0q 69WZh jesVt 0FMEI tgL8p DmTRc GfIsc CHx6u rmW0U GrnJ7 3JtxZ sU69u 9cp56 p3gJd GxQg8 EyMEe GxQg8 lJnz7 cC0Rg u60s4 9cp56 p3gJd GxQg8 EyMEe HAZtD
74
UqGfS UqGfS 
NqBQW NqBQW 
pLg86 pLg86 
7kY28 7kY28 
Vg6Sz Vg6Sz 
iIQll iIQll p4kTx 
p3gJd p3gJd kNG2j 
aWuHk aWuHk uPUO1 
4AhmX 4AhmX cu5FB acHTt 
jesVt jesVt fWz4T EgumV 
DmTRc DmTRc 
bMhFI bMhFI 
Zok18 Zok18 
Zxvdf Zxvdf 
zcuSA zcuSA 
GxQg8 GxQg8 vfAR8 
0moVI 0moVI 
OWqP4 OWqP4 
fiXIW fiXIW 
URrao URrao 
DuU0x DuU0x 
E6pda E6pda 
69WZh 69WZh iHR3J mdIe6 
zrVPv zrVPv 
DaieK DaieK 
R6NzB R6NzB 
Pk19A Pk19A 
ED9em ED9em 5h4rt 
bW6Ms bW6Ms 
4jcrD 4jcrD 
cC0Rg cC0Rg 
lJnz7 lJnz7 
gNinx gNinx 
HAKlt HAKlt 
1gvq4 1gvq4 rH3nx 
O8CwF O8CwF 
CHx6u CHx6u lF8gH 
BIY9X BIY9X 
X2hjX X2hjX 
AwFdf AwFdf 
ox9Gx ox9Gx 
SxklZ SxklZ 
VESmp VESmp 
eVDVP eVDVP 
Ia6ul Ia6ul 
0F8yg 0F8yg 
iimZq iimZq 
6owsT 6owsT 
UbqWX UbqWX 
5EAEu 5EAEu 
cpzS8 cpzS8 
iqOI4 iqOI4 
Ssao4 Ssao4 
wedr3 wedr3 
gpbSj gpbSj 
2GCiD 2GCiD 
v9joy v9joy 
iaaYU iaaYU 
u60s4 u60s4 
rmW0U HOuAL 9tf0w 
b9v0q VG4na Agb0E WVEjT SEkfX 
RkCLD xKTIz 
EyMEe iKwe0 Cg1yP wnnBN z82fM J0OP0 
3NU9e RN9nS 
ZKvNM TzGS5 
kPB79 4Tt2a 4PXv9 
iPRoT Q8lcd 
e7SjH 2LhKB 
Mm2U8 v7hOX fExZu 
GaZ4O H1xt8 
Xqwfz 1VA1I IOpdQ BaYb3 
C4biR aegld TlJnt 
CXkxa Lusir 
qz2Of 8Qx0C 
