3Yw8H IWj7Z EQJ7U 8MJwv TT3Hk vN0gV EvuAH ycoh0 hQySr 3Yw8H cvjQc JYR5M cvjQc 3Yw8H IWj7Z EQJ7U vN0gV EvuAH miscC EvuAH vN0gV EQJ7U Jcs3B s8jhm w0i4E s8jhm RTNKK Vm2RV EQJ7U vN0gV EvuAH vN0gV EQJ7U BSqOv EQJ7U IWj7Z 3Yw8H xNFYO 3Yw8H IWj7Z Z7joj M5wZP QUkKU s8jhm P18zR s8jhm 5ayvc OhHc9 5ayvc s8jhm QUkKU M5wZP IWj7Z 3Yw8H KHHwN 3Yw8H IWj7Z EQJ7U TT3Hk EQJ7U BSqOv 9e1Io s8jhm 5PNx4 s8jhm w0i4E zSmKp QUkKU BSqOv EQJ7U iaf34 EQJ7U Vm2RV Tz4zy Vm2RV EQJ7U IWj7Z 3Yw8H cvjQc NRZIn QUkKU s8jhm RTNKK Vm2RV EQJ7U IWj7Z 3Yw8H
25
3Yw8H 3Yw8H
8MJwv 8MJwv
TT3Hk TT3Hk
vN0gV vN0gV
EvuAH EvuAH
ycoh0 ycoh0
cvjQc cvjQc
JYR5M JYR5M
miscC miscC
w0i4E w0i4E
RTNKK RTNKK
Vm2RV Vm2RV
BSqOv BSqOv
xNFYO xNFYO
Z7joj Z7joj
M5wZP M5wZP
QUkKU QUkKU
P18zR P18zR
OhHc9 OhHc9
KHHwN KHHwN
9e1Io 9e1Io
5PNx4 5PNx4
zSmKp zSmKp
iaf34 iaf34
Tz4zy Tz4zy
