1 36 34 23 42 92 57 11 48 44 87 8 73 26 27 20 19 25 66 57 11 48 99 30 92 34 23 74 12 67 63 49 54 73 20 96 84 5 28 5 38 2 86 60 79 63 67 78 64 81 89 49 35 21 46 15 95 72 33 2 64 10 67 15 91 60 86 2 64 81 55 95 15 61 12 67 69 50 60 91 34 83 3 1 36 14 59 46 98 85 1
37
1 1 
34 34 90 
42 42 
92 92 
11 11 
87 87 
8 8 
73 73 
26 26 
66 66 
99 99 
12 12 52 
63 63 
84 84 
5 5 
28 28 
86 86 
79 79 
78 78 
64 64 
89 89 
46 46 
95 95 
72 72 
33 33 
10 10 
91 91 7 
69 69 
50 50 
83 83 
3 3 
14 14 
98 98 
57 58 
19 45 
20 100 
21 93 
