location46 location47 location21 location5 location4 location5 location6 location5 location11 location12 location13 location7 location6 location5 location21 location15 location9 location8 location9 location15 location21 location5 location11 location17 location16 location23 location24 location25 location29 location30 location29 location28 location50 location42 location37 location35 location21 location15 location9 location8 location14 location38 location43 location44 location45 location46 location47 location48 location49 location50 location51 location52 location53 location54 location53 location52 location51 location50 location49 location48 location47 location46 location61 location62 location63 location64 location65 location86 location66 location67 location68 location69 location70 location71 location72 location74 location75 location76 location77 location78 location79 location80 location81 location76 location75 location85 location87 location86 location88 location86 location65 location59 location46
35
location5 location5 
location4 location4 location3 
location6 location6 
location11 location11 location10 
location13 location13 
location7 location7 
location15 location15 
location17 location17 location18 
location24 location24 
location25 location25 location26 
location29 location29 
location30 location30 location33 
location37 location37 
location14 location14 
location38 location38 
location48 location48 
location49 location49 
location62 location62 
location63 location63 
location64 location64 
location70 location70 
location72 location72 location73 
location74 location74 
location77 location77 
location78 location78 
location79 location79 
location80 location80 
location87 location87 
location88 location88 location89 location90 
location23 location22 
location44 location39 
location45 location40 
location46 location41 
location54 location55 
location51 location57 
