Abbey Alia Avni Abbey Ayanna Alexia Beatrice Carina Carlee Alia Dana Eden Harley Haven Amber Helen Isabella Abbey Jamiya Jordin Karma Amber Kayley Abril Kiera Kimberly Abbey Kristina Lana Liberty Lilia Lillie Lisa Maeve Marisol Matilda Mckinley Mira Nora Abril Presley Alexia Rayna Rebecca Riley Ruth Shannon Alia Sophia Alexia Tanya Tara Ashleigh Vivian Abril Yoselin Abbey
40
Avni Avni 
Ayanna Ayanna 
Alexia Alexia 
Beatrice Beatrice 
Carlee Carlee 
Dana Dana 
Eden Eden 
Harley Harley 
Haven Haven 
Helen Helen 
Isabella Isabella 
Jamiya Jamiya 
Jordin Jordin 
Karma Karma 
Kayley Kayley 
Kiera Kiera 
Kimberly Kimberly 
Kristina Kristina 
Lana Lana 
Liberty Liberty 
Lilia Lilia 
Lillie Lillie 
Lisa Lisa 
Maeve Maeve 
Marisol Marisol 
Matilda Matilda 
Mckinley Mckinley 
Mira Mira 
Nora Nora 
Presley Presley 
Rayna Rayna 
Rebecca Rebecca 
Riley Riley 
Ruth Ruth 
Shannon Shannon 
Sophia Sophia 
Tanya Tanya 
Tara Tara 
Vivian Vivian 
Yoselin Yoselin 
