Abbey Ainsley Alexia Alexus Alia Abbey Alivia Alisha Aniya Alisha Ariel Abril Arielle Abbey Aryana Abbey Ashley Aubree Abril Avni Baylee Brooklyn Bryanna Abbey Camilla Abbey Carlee Abbey Carleigh Alexia Carlie Alexia Carly Chasity Ainsley Christine Ciara Claire Dana Dayami Denisse Diana Elianna Emilie Emma Gillian Abril Haven Abril Imani Ingrid Alissa Iyana Alisha Jade Jaden Jamiya Alena Janiya Jasmin Abbey Jazmyn Abbey Jillian Jimena Allisson Juliette Kaley Kayden Alexus Kaydence Kenzie Keyla Alexus Kiana Kiley Kimberly Abbey Kira Kristin Ally Kristina Abril Lacey Abbey Lainey Abbey Laylah Leila Adyson Lilia Lilyana Abril Lindsay Abbey Lucille Madilynn Maggie Ainsley Matilda Alena Mckayla Alena Mckinley Ainsley Melina Adyson Mira Mireya Adyson Mya Myah Natalee Neveah Abril Nia Noelle Abbey Parker Abbey Riley Abbey Rylee Ainsley Sharon Alissa Shyanne Alia Sophia Alexia Sophie Taniyah Alexia Tara Alexia Zara Zaria Adyson Zion Abbey
90
Abbey Abbey
Alexia Alexia
Alexus Alexus
Alia Alia
Alivia Alivia
Aniya Aniya
Ariel Ariel
Arielle Arielle
Aryana Aryana
Ashley Ashley
Aubree Aubree
Avni Avni
Baylee Baylee
Brooklyn Brooklyn
Bryanna Bryanna
Camilla Camilla
Carlee Carlee
Carleigh Carleigh
Carlie Carlie
Carly Carly
Chasity Chasity
Christine Christine
Ciara Ciara
Claire Claire
Dana Dana
Dayami Dayami
Denisse Denisse
Diana Diana
Elianna Elianna
Emilie Emilie
Emma Emma
Gillian Gillian
Haven Haven
Imani Imani
Ingrid Ingrid
Iyana Iyana
Jade Jade
Jaden Jaden
Jamiya Jamiya
Janiya Janiya
Jasmin Jasmin
Jazmyn Jazmyn
Jillian Jillian
Jimena Jimena
Juliette Juliette
Kaley Kaley
Kayden Kayden
Kaydence Kaydence
Kenzie Kenzie
Keyla Keyla
Kiana Kiana
Kiley Kiley
Kimberly Kimberly
Kira Kira
Kristin Kristin
Kristina Kristina
Lacey Lacey
Lainey Lainey
Laylah Laylah
Leila Leila
Lilia Lilia
Lilyana Lilyana
Lindsay Lindsay
Lucille Lucille
Madilynn Madilynn
Maggie Maggie
Matilda Matilda
Mckayla Mckayla
Mckinley Mckinley
Melina Melina
Mira Mira
Mireya Mireya
Mya Mya
Myah Myah
Natalee Natalee
Neveah Neveah
Nia Nia
Noelle Noelle
Parker Parker
Riley Riley
Rylee Rylee
Sharon Sharon
Shyanne Shyanne
Sophia Sophia
Sophie Sophie
Taniyah Taniyah
Tara Tara
Zara Zara
Zaria Zaria
Zion Zion
