Taozhuang Uran Gauting Uran Nonsan Uran Jackson Uran Kallio Uran Ulu Uran Sarandi Uran Middle Uran Donggongon Uran Durazno Uran Camayenne Uran Strathfield Cibinong Uran Jingzhou Uran New Somma Azrou Uran Fort Uran Esperanza Uran Longgang Norco Udumalaippettai Norco Uran Boo Villa Uran Severodvinsk Uran Ilesa Uran Besuki Uran Gudermes Uran Calauan Uran Wesseling Uran Rosedale Uran Aytos Tupelo Rutherglen Alatyr Artur Bang Uran Ramla Uran Freetown Uran Waverly Uran Caravaca Uran Sicklerville Uran Bourbonnais Memmingen Hechingen Uran Jinotepe Uran Rafiganj Uran Pottstown Uran Esmeraldas Uran Oulmes Uran Taozhuang
50
Taozhuang Taozhuang
Uran Uran
Gauting Gauting
Nonsan Nonsan
Jackson Jackson
Kallio Kallio
Ulu Ulu
Sarandi Sarandi
Middle Middle
Donggongon Donggongon
Durazno Durazno
Camayenne Camayenne
Strathfield Strathfield
Cibinong Cibinong
Jingzhou Jingzhou
New New
Somma Somma
Azrou Azrou
Fort Fort
Esperanza Esperanza
Longgang Longgang
Udumalaippettai Udumalaippettai
Boo Boo
Villa Villa
Severodvinsk Severodvinsk
Ilesa Ilesa
Besuki Besuki
Gudermes Gudermes
Calauan Calauan
Wesseling Wesseling
Rosedale Rosedale
Aytos Aytos
Tupelo Tupelo
Rutherglen Rutherglen
Alatyr Alatyr
Artur Artur
Bang Bang
Ramla Ramla
Freetown Freetown
Waverly Waverly
Caravaca Caravaca
Sicklerville Sicklerville
Bourbonnais Bourbonnais
Memmingen Memmingen
Hechingen Hechingen
Jinotepe Jinotepe
Rafiganj Rafiganj
Pottstown Pottstown
Esmeraldas Esmeraldas
Oulmes Oulmes
