Ilesa Jagna Sishui Milagro Bensheim Sillanwali Milledgeville Ada Great Bensheim Malden Chacabuco Bensheim Azrou Perth Bogovinje Bensheim Skalica Calauan Tiruppuvanam Bensheim Ventimiglia Shaowu Bensheim An Bobigny Bensheim Rhosllanerchrugog PortVila Bensheim PointeClaire MitryMory Meizhou Memmingen Sirsi Itacoatiara Sirsi Bensheim Valday American Bensheim DehiwalaMount Hermsdorf Bensheim Marburg Jiangyan Bensheim Bon Uran Bensheim Puducherry WaltonontheNaze Bensheim Ilesa
39
Ilesa Ilesa 
Jagna Jagna 
Sishui Sishui 
Milagro Milagro 
Bensheim Bensheim Claremont Palm Talipparamba Aklera Bavly Mexborough Sceaux Foshan Valletta Resplendor Brunswick Stuttgart Stupino Alexandria New Oberhausen UlanUde Palafrugell Polohy Tak Campobasso Yingkou Zaozhuang Shagamu Gariadhar Aurora Landshut Tupelo Guli Davis Ramla Barracas Bang Toledo Viewpark Rutland Mouscron Niort Tupiza Lille Magomeni Sorsogon Puerto Brzeg Clermont Aleshtar Villaquilambre Lodwar Jashpurnagar Onex Alfenas Ponta Copperas LonsleSaunier Oulmes Kyzylorda Tharu Paredes Dahlem GernikaLumo 
Sillanwali Sillanwali 
Milledgeville Milledgeville 
Ada Ada 
Great Great Tyoply 
Malden Malden 
Chacabuco Chacabuco 
Azrou Azrou 
Perth Perth 
Bogovinje Bogovinje 
Skalica Skalica 
Calauan Calauan 
Tiruppuvanam Tiruppuvanam 
Ventimiglia Ventimiglia 
Shaowu Shaowu 
An An 
Bobigny Bobigny 
Rhosllanerchrugog Rhosllanerchrugog 
PortVila PortVila 
PointeClaire PointeClaire 
MitryMory MitryMory 
Meizhou Meizhou 
Memmingen Memmingen 
Sirsi Sirsi 
Itacoatiara Itacoatiara 
Valday Valday 
American American 
DehiwalaMount DehiwalaMount 
Hermsdorf Hermsdorf 
Marburg Marburg 
Jiangyan Jiangyan 
Bon Bon 
Uran Uran 
Puducherry Puducherry 
WaltonontheNaze WaltonontheNaze 
