Lesnoy Hudiksvall Rutherglen Hudiksvall Beveren Dharmapuri Beveren Artur Beveren Meerut Beveren Kundla Beveren Visitacion Sun Beveren Zgorzelec Beveren Ishim Beveren Malaut Pingyi Hueytown Stade Beveren Sungurlu Beveren Glogovac Gisborne GatesNorth Beveren Blackpool Beveren Winsford Beveren Portogruaro Beveren Franceville Beveren Brentwood Beveren Yangambi Beveren Lesnoy
25
Lesnoy Lesnoy
Hudiksvall Hudiksvall
Rutherglen Rutherglen
Dharmapuri Dharmapuri
Artur Artur
Meerut Meerut
Kundla Kundla
Visitacion Visitacion
Sun Sun
Zgorzelec Zgorzelec
Ishim Ishim
Malaut Malaut
Pingyi Pingyi
Hueytown Hueytown
Stade Stade
Sungurlu Sungurlu
Glogovac Glogovac
Gisborne Gisborne
GatesNorth GatesNorth
Blackpool Blackpool
Winsford Winsford
Portogruaro Portogruaro
Franceville Franceville
Brentwood Brentwood
Yangambi Yangambi
