108 8 188 2 7 3 39 1 67 99 48 54 3 114 129 2 37 176 5 57 19 6 95 3 153 26 1 121 100 3 46 6 63 64 4 186 1 24 117 151 118 4 11 181 148 1 61 6 78 81 11 69 0 44 6 34 12 144 110 11 68 187 128 0 136 157 6 23 35 5 107 24 182 1 13 17 10 79 138 45 3 1 49 190 0 56 197 150 7 65 0 140 8 82 9 109 5 36 133 18 15 5 4 179 96 0 120 5 130 17 167 177 11 71 8 85 73 14 28 14 53 1 174 92 146 6 143 9 170 101 32 108
87
188 188 
7 7 
39 39 
1 1 134 83 
67 67 
99 99 
48 48 
54 54 
114 114 
129 129 
37 37 
176 176 
5 5 31 38 84 
57 57 
19 19 
95 95 
153 153 
26 26 
121 121 
100 100 
46 46 
63 63 
64 64 
186 186 
24 24 
117 117 
151 151 
118 118 
11 11 66 
181 181 
148 148 
61 61 
78 78 
81 81 
69 69 
44 44 
34 34 
144 144 
110 110 
68 68 
187 187 
128 128 
136 136 
157 157 
23 23 
35 35 
107 107 
182 182 
13 13 
17 17 
79 79 
138 138 
45 45 
49 49 
190 190 
56 56 
197 197 
150 150 
65 65 
140 140 
82 82 
109 109 
36 36 
133 133 
15 15 
179 179 
96 96 
120 120 
130 130 
167 167 
177 177 
71 71 
85 85 
73 73 
14 14 
28 28 
53 53 
174 174 
92 92 
146 146 
143 143 
170 170 
101 101 
32 32 
3 142 137 184 
4 126 43 
0 77 75 
