create merit hide predict fuss direct belief contract hide scrap accessible hide linear pride basketball crew belief creation community prove think battery top celebration nationalism adult linear tin concern feign farewell belief bracket exotic ballot company steward perception concern cancel breakin colon childish dose crew magnitude suffer top battery absorption skip concern basketball pupil deck top appear belief pastel basketball minimize company line concern create
47
merit merit 
hide hide 
predict predict 
fuss fuss 
direct direct 
belief belief 
contract contract 
scrap scrap 
accessible accessible 
linear linear 
pride pride 
basketball basketball maze 
crew crew transmission 
creation creation 
community community 
prove prove 
think think 
battery battery 
top top 
celebration celebration 
nationalism nationalism 
adult adult 
tin tin 
concern concern 
feign feign 
farewell farewell 
bracket bracket 
exotic exotic 
ballot ballot 
company company mechanism 
steward steward 
perception perception 
cancel cancel 
breakin breakin 
colon colon 
childish childish 
dose dose 
magnitude magnitude 
suffer suffer 
absorption absorption 
skip skip 
pupil pupil 
deck deck 
appear appear 
pastel pastel 
minimize minimize 
line line 
