pride transmission farewell trance company magnitude predict top car prove community lobby adult farewell vote concern create think mechanism top ballot basketball tin pastel feign crew battery pastel makeup salmon work thank nationalism partnership tribe dose east belief breakin company absorption scrap linear valid seller concern glide company berry leash wrong mosaic belief minimize hide company accessible equinox skip belief fuss fortune suffer knit crew rabbit company integrated deter company exotic gift company magnetic company top belief pupil pastel bracket craftsman belief merit company colon dedicate dialect top traction transaction domestic hide huge maze denial concern basketball present belief creation perception cancel hide basketball belief deck crew appear contract snap whole desk steward linear direct inhibition top formation childish belief celebration concern bring line battery thread pastel offensive pride
94
pride pride 
transmission transmission 
farewell farewell 
trance trance 
company company mind homosexual loud 
magnitude magnitude 
predict predict 
top top dilemma shelter 
car car 
prove prove 
community community 
lobby lobby 
adult adult 
vote vote 
concern concern dramatic 
create create 
think think 
mechanism mechanism 
ballot ballot 
basketball basketball 
tin tin 
pastel pastel 
feign feign 
crew crew 
battery battery 
makeup makeup 
salmon salmon 
work work 
thank thank 
nationalism nationalism 
partnership partnership 
tribe tribe 
dose dose 
east east 
belief belief 
breakin breakin 
absorption absorption 
scrap scrap 
linear linear 
valid valid 
seller seller 
glide glide 
berry berry 
leash leash 
wrong wrong 
mosaic mosaic 
minimize minimize 
hide hide 
accessible accessible 
equinox equinox 
skip skip 
fuss fuss 
fortune fortune 
suffer suffer 
knit knit 
rabbit rabbit 
integrated integrated 
deter deter 
exotic exotic 
gift gift 
magnetic magnetic 
pupil pupil 
bracket bracket 
craftsman craftsman 
merit merit 
colon colon 
dedicate dedicate 
dialect dialect 
traction traction 
transaction transaction 
domestic domestic 
huge huge 
maze maze 
denial denial 
present present 
creation creation 
perception perception 
cancel cancel 
deck deck 
appear appear 
contract contract 
snap snap 
whole whole 
desk desk 
steward steward 
direct direct 
inhibition inhibition 
formation formation 
childish childish 
celebration celebration 
bring bring 
line line 
thread thread 
offensive offensive 
