steward battery concern appear deck adult think concern minimize linear battery ballot hide tin pastel community battery concern minimize top crew hide concern perception creation concern exotic adult belief linear basketball company scrap crew linear skip deck steward
23
battery battery 
concern concern 
appear appear 
deck deck 
adult adult 
think think 
minimize minimize 
linear linear 
ballot ballot 
hide hide farewell 
tin tin 
pastel pastel childish 
community community 
top top 
crew crew 
perception perception 
creation creation 
exotic exotic 
belief belief 
basketball basketball 
company company 
scrap scrap 
skip skip 
