0 5 10 15 20 25 30 35 40 45 51 56 62 67 73 78 84 78 73 67 62 56 51 45 40 35 30 25 20 15 20 25 31 36 42 47 53 58 64 63 62 66 72 77 72 66 61 55 51 55 50 45 40 45 50 55 61 66 72 77 83 88 94 88 83 77 72 66 61 55 50 45 41 36 32 27 23 27 32 37 43 44 48 53 57 63 67 72 77 83 88 83 77 72 71 70 65 60 55 51 46 42 37 33 28 33 37 42 46 51 55 60 65 70 75 81 86 81 75 70 65 60 55 51 46 42 37 32 26 22 26 31 35 40 35 30 25 20 15 11 16 22 27 33 27 22 16 12 7 12 17 23 28 34 29 24 23 22 21 20 25 31 36 42 47 52 56 61 65 70 75 80 85 91 85 80 75 70 65 61 56 52 51 55 60 65 61 56 52 47 48 49 54 58 63 67 72 76 81 85 80 75 70 65 60 55 50 45 41 35 31 26 22 17 13 17 22 26 31 35 40 45 50 55 60 65 70 75 80 85 80 75 70 65 60 55 50 45 40 35 31 26 22 17 13 17 22 26 31 35 41 46 52 46 41 35 30 25 20 15 11 6 11 15 20 25 30 31 36 42 47 53 58 64 58 53 47 42 36 31 25 20 15 10 5 6 7 12 16 21 26 32 37 43 37 32 26 21 15 11 15 21 16 11 5 0
42
0 0 
5 5 
10 10 
20 20 
30 30 
35 35 
45 45 
47 47 
64 64 69 
63 63 
66 66 
61 61 
55 55 
83 83 
94 94 99 
41 41 
37 37 
43 43 
44 44 39 
48 48 
57 57 
70 70 
65 65 
46 46 
11 11 
16 16 
7 7 3 
17 17 
34 34 
29 29 
24 24 
21 21 
52 52 
85 85 90 
91 91 96 
49 49 
13 13 8 
6 6 2 
84 89 
23 18 
86 92 
33 38 
