0 1 11 22 32 43 53 63 72 83 93 104 114 125 134 144 154 165 175 186 175 165 154 144 133 124 114 105 95 86 75 65 54 44 33 32 31 41 50 60 70 80 90 100 110 121 131 142 152 153 154 144 133 124 114 104 93 83 72 62 61 50 40 30 20 30 40 50 60 70 80 90 100 110 120 130 131 132 133 144 154 165 175 186 196 186 175 165 164 163 162 161 160 150 140 130 120 110 100 90 80 81 82 83 84 85 86 87 97 108 117 127 116 106 95 86 76 67 57 48 38 29 28 27 26 25 24 23 22 23 24 25 26 36 47 57 68 78 89 99 89 78 77 67 56 46 35 25 14 13 12 22 31 41 50 60 70 80 90 101 91 82 72 63 53 44 34 25 15 25 34 44 53 63 72 82 92 103 92 82 71 61 50 40 30 21 11 2 11 21 31 42 52 63 73 84 94 105 115 126 136 147 157 168 178 168 157 156 155 145 134 124 113 103 92 83 73 64 53 43 32 22 21 30 41 51 62 72 83 93 104 114 125 135 146 156 167 177 188 177 167 156 146 135 125 124 123 122 123 124 125 126 127 137 148 158 148 137 127 116 106 95 85 75 66 56 47 37 28 18 9 8 7 6 5 14 24 33 43 52 62 71 81 90 101 111 122 132 122 111 101 90 80 70 61 51 61 71 62 52 43 33 24 14 15 16 26 35 45 54 64 73 83 92 102 112 123 113 104 94 85 75 66 56 47 37 38 39 49 58 68 77 87 97 108 118 129 139 129 118 108 97 96 95 105 114 125 135 146 147 136 126 115 105 94 84 73 63 52 43 33 24 14 5 14 24 33 43 52 62 71 81 90 101 111 122 132 143 153 164 154 145 146 147 148 149 148 147 156 166 175 165 154 144 133 123 113 104 94 85 75 66 56 47 37 28 18 28 37 47 56 66 75 85 94 104 113 123 132 142 151 141 130 120 110 100 90 80 70 61 51 42 32 23 13 4 13 24 34 45 55 66 76 86 95 105 114 125 135 146 156 167 156 146 135 125 115 106 96 87 86 85 84 83 84 94 105 115 126 136 147 157 168 178 189 178 168 157 147 137 128 118 117 116 115 114 124 133 143 152 162 171 181 170 160 150 140 130 121 111 102 92 83 73 83 92 102 111 122 132 143 153 143 132 122 112 103 93 84 74 65 55 46 36 27 17 8 7 6 15 25 34 44 53 63 72 82 91 101 110 120 121 131 142 152 163 173 184 173 163 152 142 131 121 110 100 90 81 82 83 84 85 86 87 97 108 118 129 128 127 126 125 124 133 123 112 102 92 83 73 64 54 45 35 26 16 17 27 36 46 55 65 74 84 94 105 104 103 102 111 121 130 140 130 121 111 121 130 140 150 161 171 182 171 162 152 143 133 124 114 105 95 86 76 67 57 48 57 67 76 86 95 105 114 124 133 144 154 165 154 153 152 151 150 140 130 120 110 100 90 81 71 62 52 43 42 43 44 45 54 64 73 84 94 85 75 66 56 47 37 36 35 34 33 32 42 51 61 70 71 72 73 74 75 76 77 88 98 97 96 95 94 104 105 106 107 116 126 136 147 157 168 178 189 199 198 188 177 167 156 146 135 125 115 106 96 95 94 104 113 123 132 142 151 161 151 142 132 123 113 114 115 116 106 105 104 103 102 91 81 71 62 52 43 33 24 33 43 52 62 71 81 90 100 110 120 130 141 151 162 172 183 184 185 186 187 176 166 155 145 134 124 113 103 92 82 72 73 74 75 76 77 78 89 98 108 117 127 136 146 155 166 176 166 155 145 134 124 114 105 95 86 76 67 56 46 35 25 14 4 3 2 1 0
100
22 22
43 43
53 53
72 72
83 83
104 104
114 114
125 125
154 154
165 165
175 175
186 186
133 133
105 105
95 95
86 86
33 33
31 31
70 70
80 80
152 152
153 153
61 61
20 20
120 120
130 130
132 132
196 196
164 164
161 161
160 160
150 150
140 140
81 81
82 82
87 87
108 108
127 127
116 116
76 76
67 67
48 48
29 29
26 26
24 24
68 68
89 89
99 99
77 77
12 12
101 101
15 15
103 103
71 71
21 21
2 2
42 42
73 73
94 94
147 147
178 178
155 155
64 64
51 51
146 146
167 167
188 188
123 123
122 122
158 158
37 37
18 18
9 9
8 8
5 5
111 111
16 16
45 45
102 102
39 39
118 118
129 129
139 139
96 96
149 149
166 166
151 151
4 4
189 189
181 181
17 17
184 184
182 182
98 98
107 107
199 199
198 198
183 183
187 187
176 176
