start c3 c8 c9 c10 c13 c12 c11 c20 c21 c23 c30 c29 c28 c26 c27 c31 c35 c36 c20 c11 c8 c3 start d1 d2 d4 d5 d6 d3 start a1 a2 a3 a4 a5 start e1 e19 e2 e20 e3 e4 e6 e8 e22 e10 e23 e12 e24 e15 e17 start h1 h8 h9 h10 h11 h12 h16 h17 h6 h18 h19 h21 h22 h4 h23 h24 h25 h3 h26 h2 start
31
c10 c10 
c13 c13 c15 
c21 c21 
c23 c23 
c26 c26 
c27 c27 
c31 c31 c33 
d1 d1 
d4 d4 
d5 d5 
a1 a1 
a2 a2 
a3 a3 
a4 a4 
a5 a5 
e19 e19 
e20 e20 
e22 e22 
e23 e23 
e24 e24 
h9 h9 
h17 h17 
h18 h18 
h22 h22 
h24 h24 
h26 h26 
c3 c5 c1 
c20 c17 
e4 e21 
e15 e25 
h12 h13 
