CH BW AX AK CQ AW DM CX BL AH BD DO AE AT AD CB DB AL DC CU AF CB DU BD DV AV AY AL DB CB AD CG BN DK DP AO BZ AN AJ CN BF CF AW AU AV BC CS DI AK DD BE BG CM CK DL AT DR BZ CW BH CL CM CP BV DQ AC CD AB CN AJ AP BA AZ CH BY BJ BO CA AX BX AU AM BK BU BC CS BN AL AG AR CV AK DS DG AN AE BV AJ AP BA DC AT AF AJ AR AG BP DA BF CF BD BP DF BW CH
50
CQ CQ 
DM DM 
BL BL 
BD BD 
DO DO 
AT AT 
CB CB 
DB DB 
AL AL 
DC DC 
CU CU 
AF AF 
DU DU 
DV DV 
AV AV 
AY AY 
BN BN 
DP DP 
BZ BZ 
AN AN 
AJ AJ 
CN CN 
BF BF 
CF CF 
AU AU 
BC BC 
CS CS 
DI DI 
DD DD 
BG BG 
DL DL 
CW CW 
CL CL 
CP CP 
BV BV 
DQ DQ 
CD CD 
AP AP 
AZ AZ 
BY BY 
CA CA 
AM AM 
BU BU 
CV CV 
DG DG 
BP BP 
DF DF 
AX BS 
AE CZ 
AR BI 
