BU AE DV DH EC DG AN AS DR AH CX BW BH FD CV CX CH DK EO AJ GN CW FN AB EK FG BT FW FC BK FY HC AP CT BT EL AG CP DQ CJ DS GF HJ AJ CR BF AT CM AA CY AR EG AK CQ BA CD BH CV CA DJ CB GK BZ FF BU AE CF BZ BS CO EH AH AC ER AB CG DZ AH GN HG FG HM EB GY DB DI BN CK AB CI AX AQ AE BK GA FG EK AN DM DO GP AI FR BK CS BH CZ FB DE AR FL AB EK GQ FD AF CT ET AE AT EQ DY BE AP DL BU BY CS BM HJ AY FQ CO BS AV AN GU AT AO AP EC EN HN HF GT BH CZ FB EW BN AR FP AW CA FS CY GS CV DT GO GH GZ CR AP GT CV HP EF HH HL AX AQ BY FU AK EV CQ BA CH GM CE CW HI ES DB GE DK EY CE BQ CC DD ER FY BK FI CW AR AA DU BM HA AK EX BG BB GG BU
98
BU BU 
AE AE 
DV DV 
EC EC 
AN AN 
DR DR 
CX CX 
BW BW 
BH BH 
FD FD 
CV CV DX 
DK DK 
EO EO 
GN GN 
CW CW 
FN FN 
EK EK 
FG FG 
FW FW 
BK BK 
FY FY 
HC HC 
AP AP 
CT CT 
EL EL 
DQ DQ 
DS DS 
HJ HJ 
CR CR 
BF BF 
AT AT DP 
CM CM 
CY CY 
AR AR 
EG EG 
CQ CQ 
BA BA 
CD CD 
CA CA 
DJ DJ 
GK GK 
BZ BZ 
FF FF 
CO CO 
EH EH 
ER ER 
DZ DZ 
HG HG 
HM HM 
GY GY 
DI DI 
BN BN 
CK CK 
CI CI 
AX AX 
AQ AQ 
GA GA 
DM DM 
GP GP 
FR FR 
CS CS 
CZ CZ 
FB FB 
DE DE 
FL FL 
GQ GQ 
AF AF 
ET ET 
EQ EQ 
BE BE 
DL DL 
BY BY 
BM BM 
AY AY 
AV AV 
EN EN 
HF HF 
GT GT 
FP FP 
FS FS 
GS GS 
DT DT 
GO GO 
GH GH 
HP HP 
HH HH 
FU FU 
EV EV 
GM GM 
ES ES 
GE GE 
EY EY 
BQ BQ 
DD DD 
FI FI 
DU DU 
HA HA 
BG BG 
