Qatar Belarus Peru Nicaragua Serbia Gabon Haiti Qatar Tajikistan Mongolia Qatar Danzig Morocco Liberia Azerbaijan UAE Armenia Australia Estonia Sweden Montenegro RussianFederation Egypt Qatar France Serbia CostaRica Senegal SierraLeone DemofChina Kosovo Netherlands Qatar UnitedKingdom Macedonia Qatar Singapore Mozambique Belgium Qatar Angola Guyana Tanzania Uzbekistan Mali Serbia SanMarino GuineaBissau Tunisia VaticanCity Uruguay Malta Lebanon Tuvalu Qatar Albania Kyrgyzstan Qatar America Qatar Burundi Andorra SaintLucia Georgia Kyrgyzstan CzechRepublic Albania Qatar
50
Belarus Belarus
Peru Peru
Nicaragua Nicaragua
Gabon Gabon
Haiti Haiti
Tajikistan Tajikistan
Mongolia Mongolia
Danzig Danzig
Morocco Morocco
Liberia Liberia
UAE UAE
Armenia Armenia
Australia Australia
Estonia Estonia
Sweden Sweden
Montenegro Montenegro
RussianFederation RussianFederation
Egypt Egypt
France France
CostaRica CostaRica
Senegal Senegal
SierraLeone SierraLeone
DemofChina DemofChina
Kosovo Kosovo
Netherlands Netherlands
UnitedKingdom UnitedKingdom
Macedonia Macedonia
Singapore Singapore
Mozambique Mozambique
Belgium Belgium
Angola Angola
Guyana Guyana
Tanzania Tanzania
Uzbekistan Uzbekistan
Mali Mali
SanMarino SanMarino
GuineaBissau GuineaBissau
Tunisia Tunisia
VaticanCity VaticanCity
Malta Malta
Lebanon Lebanon
Tuvalu Tuvalu
Albania Albania
Kyrgyzstan Kyrgyzstan
America America
Burundi Burundi
Andorra Andorra
SaintLucia SaintLucia
Georgia Georgia
CzechRepublic CzechRepublic
