Albania Rome Burkina Paraguay SolomonIslands IvoryCoast BosHerzegovina Andorra Albania VaticanCity EquatorGuinea Canada Mauritania Namibia Pakistan Bulgaria Thailand Nepal Estonia Italy Comoros Kosovo Norway Canada Algeria Panama Canada Eritrea Mongolia Netherlands UnitedKingdom Vietnam Peru Mauritius Netherlands Laos Canada Belarus Paraguay America Albania Brazil MountAthos Dominica Philippines Vietnam CapeVerde Paraguay Niger Latvia Albania Cyprus Canada Burma Netherlands SierraLeone Kazakhstan Cambodia Ethiopia Japan Portugal Danzig Albania Jamaica Tunisia Netherlands Qatar Argentina Chile Tanzania Albania Ukraine Brunei Australia Yemen Netherlands France Newfoundland Albania Slovenia Lesotho Uruguay CentralAfricanRep Netherlands Romania Bhutan Ethiopia NorthKorea SaintLucia Netherlands Gabon Hungary Paraguay SaintKitts Vanuatu SaoTomPrincipe Rwanda RussianFederation Canada Guatemala UAE SriLanka Cuba Vietnam Togo Albania Poland Israel Switzerland Seychelles Canada Venezuela NewZealand Albania PapuaNewGuinea Finland Mali TheGambia Greece Suriname Liechtenstein Vietnam Lithuania Albania Maldives Fiji Albania
93
Rome Rome 
Burkina Burkina 
Paraguay Paraguay 
SolomonIslands SolomonIslands 
IvoryCoast IvoryCoast 
BosHerzegovina BosHerzegovina 
Andorra Andorra 
VaticanCity VaticanCity 
EquatorGuinea EquatorGuinea 
Mauritania Mauritania 
Pakistan Pakistan 
Bulgaria Bulgaria 
Thailand Thailand 
Nepal Nepal 
Estonia Estonia 
Italy Italy 
Comoros Comoros 
Kosovo Kosovo 
Norway Norway 
Algeria Algeria 
Panama Panama 
Eritrea Eritrea 
Mongolia Mongolia 
UnitedKingdom UnitedKingdom 
Peru Peru 
Mauritius Mauritius 
Laos Laos 
Belarus Belarus 
America America 
Brazil Brazil 
MountAthos MountAthos 
Dominica Dominica 
Philippines Philippines 
CapeVerde CapeVerde 
Niger Niger 
Latvia Latvia 
Cyprus Cyprus 
Burma Burma 
SierraLeone SierraLeone 
Kazakhstan Kazakhstan 
Cambodia Cambodia 
Ethiopia Ethiopia 
Japan Japan 
Portugal Portugal 
Danzig Danzig 
Jamaica Jamaica 
Tunisia Tunisia 
Qatar Qatar 
Argentina Argentina 
Chile Chile 
Tanzania Tanzania 
Ukraine Ukraine 
Australia Australia 
Yemen Yemen 
France France 
Newfoundland Newfoundland 
Slovenia Slovenia 
Lesotho Lesotho 
CentralAfricanRep CentralAfricanRep 
Romania Romania 
Bhutan Bhutan 
NorthKorea NorthKorea 
SaintLucia SaintLucia 
Gabon Gabon 
Hungary Hungary 
SaintKitts SaintKitts 
Vanuatu Vanuatu SaudiArabia Grenada 
SaoTomPrincipe SaoTomPrincipe 
Rwanda Rwanda 
RussianFederation RussianFederation 
Guatemala Guatemala 
UAE UAE 
SriLanka SriLanka 
Cuba Cuba 
Togo Togo 
Poland Poland 
Israel Israel 
Switzerland Switzerland 
Seychelles Seychelles 
Venezuela Venezuela 
NewZealand NewZealand 
PapuaNewGuinea PapuaNewGuinea 
Finland Finland 
Mali Mali 
TheGambia TheGambia 
Greece Greece 
Suriname Suriname 
Liechtenstein Liechtenstein 
Lithuania Lithuania 
Maldives Maldives 
Fiji Fiji 
Albania Bahamas Malaysia Germany Kiribati Serbia 
Canada Luxembourg Djibouti 
