Nepal Newfoundland Azerbaijan Tajikistan VaticanCity Estonia Newfoundland UAE Serbia NewZealand Nepal Belarus Tanzania Georgia Panama Suriname Palau Fiji Nepal Argentina Vietnam Niger MarshallIslands Afghanistan Slovakia Liechtenstein Mauritius Kuwait SaintLucia Nepal
25
Azerbaijan Azerbaijan 
Tajikistan Tajikistan 
VaticanCity VaticanCity 
Estonia Estonia 
UAE UAE 
Serbia Serbia 
NewZealand NewZealand 
Belarus Belarus 
Tanzania Tanzania 
Georgia Georgia 
Panama Panama 
Suriname Suriname 
Palau Palau 
Fiji Fiji 
Argentina Argentina 
Vietnam Vietnam 
Niger Niger 
MarshallIslands MarshallIslands 
Afghanistan Afghanistan 
Slovakia Slovakia 
Liechtenstein Liechtenstein 
Mauritius Mauritius 
Kuwait Kuwait 
SaintLucia SaintLucia 
Newfoundland Botswana 
