Zo0umr3KFWOZJQPm HAZt9xslXTTIQrh6 bpy0VAq3GZuO2R8U ziJdi0Y4mj4TIJZ9 WVwd9ExLXa3zphJn 9pH9xdreYrmVM1JI J5iqQt6wukvg6KLY rvadWwbDVrEOdUmt HAZt9xslXTTIQrh6 qeVT6FbNKHRizFU8 9L0zlmq9jRh6nd1I tZ46uZudk7AfSXt1 qQzEeIfIOpoI9qKk bpy0VAq3GZuO2R8U ZsdU4FLz0FoJAHOC e9DWnoEu0mxMb9VK bpy0VAq3GZuO2R8U KHBd51v9Lk79JoNu HAZt9xslXTTIQrh6 K5TJWlCDC2GiIJEC asqla05DvWvndrgH QSabhET5tNnXgX60 RnvIh4TOetAfG82E 1bDI0W7o3Pb2zYhB RnvIh4TOetAfG82E 9dVIdmIqrww8IL0A z6aHWvfWV1YcOU3s 9pH9xdreYrmVM1JI uuhviI1p7F0sChqp eRAtRmExinGYKjYs fBCH5yXHMW5jQJjk LI7uFZ34s97AeNpk 5TjXpBJuIWCWGZis 8pFqGmxaOhvFeBf4 ziJdi0Y4mj4TIJZ9 Gypke7sesv6WDuj9 jVrty3u6KGOjBg80 W4POX5YqpnnI3x1U Byr8ftz6Pn4uac3K LdwRPFzBNqStC5X8 HAZt9xslXTTIQrh6 kWAnmn2xV4T8moWO RnvIh4TOetAfG82E 1yeDQmwUGYi8LEVC 0Pfip4BXzoRzyFv2 HAZt9xslXTTIQrh6 3SYpu8y7n2lFaEgA 3PEg9lFbqEimkqjc HAZt9xslXTTIQrh6 HqZKcXPbTIsIN6eT drsNw5E8nXGgcxxE CvZWFxoaMZYhwHYj 2yhNJ9fcTz8hRVDj bpy0VAq3GZuO2R8U EotYPttMvJbBfyaO Dg4uIWuVD7Xd3FfI PDtM7hU3L1QjW9eR uRc2j178KRm3sVAY HAZt9xslXTTIQrh6 fg0WyZdFGAAZWRqK Zo0umr3KFWOZJQPm
46
HAZt9xslXTTIQrh6 HAZt9xslXTTIQrh6 xlWntBwCLfHgHam8 2hsCdf5s2NPqItPy 
bpy0VAq3GZuO2R8U bpy0VAq3GZuO2R8U PmJZCdR41rbLgXgi 
ziJdi0Y4mj4TIJZ9 ziJdi0Y4mj4TIJZ9 OMjRZA0G6vbBxKd5 
WVwd9ExLXa3zphJn WVwd9ExLXa3zphJn 
9pH9xdreYrmVM1JI 9pH9xdreYrmVM1JI 
J5iqQt6wukvg6KLY J5iqQt6wukvg6KLY 
rvadWwbDVrEOdUmt rvadWwbDVrEOdUmt 
qeVT6FbNKHRizFU8 qeVT6FbNKHRizFU8 
9L0zlmq9jRh6nd1I 9L0zlmq9jRh6nd1I 
tZ46uZudk7AfSXt1 tZ46uZudk7AfSXt1 
qQzEeIfIOpoI9qKk qQzEeIfIOpoI9qKk 
ZsdU4FLz0FoJAHOC ZsdU4FLz0FoJAHOC 
e9DWnoEu0mxMb9VK e9DWnoEu0mxMb9VK 
KHBd51v9Lk79JoNu KHBd51v9Lk79JoNu 
K5TJWlCDC2GiIJEC K5TJWlCDC2GiIJEC 
asqla05DvWvndrgH asqla05DvWvndrgH 
QSabhET5tNnXgX60 QSabhET5tNnXgX60 
RnvIh4TOetAfG82E RnvIh4TOetAfG82E 
1bDI0W7o3Pb2zYhB 1bDI0W7o3Pb2zYhB 
9dVIdmIqrww8IL0A 9dVIdmIqrww8IL0A 
z6aHWvfWV1YcOU3s z6aHWvfWV1YcOU3s 
uuhviI1p7F0sChqp uuhviI1p7F0sChqp 
eRAtRmExinGYKjYs eRAtRmExinGYKjYs 
fBCH5yXHMW5jQJjk fBCH5yXHMW5jQJjk 
LI7uFZ34s97AeNpk LI7uFZ34s97AeNpk 
5TjXpBJuIWCWGZis 5TjXpBJuIWCWGZis 
8pFqGmxaOhvFeBf4 8pFqGmxaOhvFeBf4 
Gypke7sesv6WDuj9 Gypke7sesv6WDuj9 
jVrty3u6KGOjBg80 jVrty3u6KGOjBg80 
W4POX5YqpnnI3x1U W4POX5YqpnnI3x1U 
Byr8ftz6Pn4uac3K Byr8ftz6Pn4uac3K 
LdwRPFzBNqStC5X8 LdwRPFzBNqStC5X8 
kWAnmn2xV4T8moWO kWAnmn2xV4T8moWO 
1yeDQmwUGYi8LEVC 1yeDQmwUGYi8LEVC 
0Pfip4BXzoRzyFv2 0Pfip4BXzoRzyFv2 
3SYpu8y7n2lFaEgA 3SYpu8y7n2lFaEgA 
3PEg9lFbqEimkqjc 3PEg9lFbqEimkqjc 
HqZKcXPbTIsIN6eT HqZKcXPbTIsIN6eT 
drsNw5E8nXGgcxxE drsNw5E8nXGgcxxE 
CvZWFxoaMZYhwHYj CvZWFxoaMZYhwHYj 
2yhNJ9fcTz8hRVDj 2yhNJ9fcTz8hRVDj 
EotYPttMvJbBfyaO EotYPttMvJbBfyaO 
Dg4uIWuVD7Xd3FfI Dg4uIWuVD7Xd3FfI 
PDtM7hU3L1QjW9eR PDtM7hU3L1QjW9eR 
uRc2j178KRm3sVAY uRc2j178KRm3sVAY 
fg0WyZdFGAAZWRqK fg0WyZdFGAAZWRqK 
