55 40 11 1 140 1 33 1 159 1 97 146 149 12 1 170 63 2 119 184 172 81 17 32 91 61 26 27 148 188 78 101 62 45 5 76 111 1 133 152 3 88 185 90 162 3 182 1 49 1 59 58 2 107 186 189 118 3 181 74 67 15 29 83 53 41 36 171 134 54 175 177 151 43 1 116 1 135 106 1 105 179 2 86 2 158 163 66 2 131 4 166 56 115 57 160 2 137 8 13 109 126 150 42 16 2 122 71 85 113 3 20 153 80 4 77 173 1 9 30 1 48 168 114 55
96
40 40
11 11
140 140
33 33
159 159
97 97
146 146
149 149
12 12
170 170
63 63
119 119
184 184
172 172
81 81
17 17
32 32
91 91
61 61
26 26
27 27
148 148
188 188
78 78
101 101
62 62
45 45
76 76
111 111
133 133
152 152
88 88
185 185
90 90
162 162
182 182
49 49
59 59
58 58
107 107
186 186
189 189
118 118
181 181
74 74
67 67
15 15
29 29
83 83
53 53
41 41
36 36
171 171
134 134
54 54
175 175
177 177
151 151
43 43
116 116
135 135
106 106
105 105
179 179
86 86
158 158
163 163
66 66
131 131
166 166
56 56
115 115
57 57
160 160
137 137
8 8
13 13
109 109
126 126
150 150
42 42
16 16
122 122
71 71
85 85
113 113
20 20
153 153
80 80
77 77
173 173
9 9
30 30
48 48
168 168
114 114
