x61 x1 x89 x0 x18 x1 x34 x23 x2 x5 x43 x17 x7 x31 x1 x12 x94 x1 x49 x4 x58 x30 x1 x40 x28 x3 x80 x81 x0 x46 x1 x13 x3 x26 x9 x59 x8 x39 x88 x1 x13 x28 x3 x97 x39 x90 x1 x66 x93 x1 x54 x2 x5 x43 x21 x18 x0 x10 x55 x71 x52 x61
39
x61 x61 
x1 x1 x98 x99 x42 x79 x96 x68 x91 x53 
x89 x89 
x0 x0 x95 
x18 x18 
x34 x34 
x23 x23 
x2 x2 
x5 x5 
x43 x43 
x7 x7 
x31 x31 
x12 x12 
x94 x94 
x49 x49 
x58 x58 
x30 x30 
x40 x40 
x28 x28 
x3 x3 
x80 x80 
x81 x81 
x46 x46 
x13 x13 
x26 x26 
x59 x59 
x8 x8 x32 x87 
x39 x39 
x88 x88 
x97 x97 
x90 x90 
x66 x66 
x93 x93 
x54 x54 
x21 x21 
x55 x55 
x71 x71 
x52 x52 
x4 x37 
