x182 x74 x5 x21 x3 x86 x1 x42 x2 x45 x9 x6 x7 x147 x2 x10 x0 x69 x1 x79 x2 x14 x0 x128 x7 x3 x10 x43 x2 x189 x137 x2 x133 x138 x1 x59 x151 x7 x186 x2 x153 x114 x2 x87 x104 x8 x5 x166 x159 x2 x53 x99 x1 x19 x2 x125 x183 x0 x15 x100 x2 x136 x71 x84 x155 x7 x1 x56 x2 x76 x185 x32 x2 x194 x0 x27 x49 x2 x25 x3 x58 x118 x77 x95 x2 x107 x82 x2 x139 x66 x2 x198 x92 x116 x11 x21 x106 x8 x4 x5 x83 x141 x164 x2 x102 x55 x2 x30 x26 x61 x2 x46 x184 x182
76
x182 x182 
x74 x74 
x21 x21 
x3 x3 
x86 x86 
x42 x42 
x2 x2 x88 x48 x143 x172 x161 x80 x146 x17 x18 x179 x109 x94 x127 x31 x23 x177 x113 x64 x163 x50 x98 x156 
x45 x45 
x6 x6 
x7 x7 
x147 x147 
x10 x10 
x69 x69 
x79 x79 
x14 x14 
x128 x128 
x43 x43 
x189 x189 
x137 x137 
x133 x133 
x138 x138 
x59 x59 
x151 x151 
x186 x186 
x153 x153 
x114 x114 
x87 x87 
x104 x104 
x8 x8 
x166 x166 
x159 x159 
x53 x53 
x99 x99 
x19 x19 
x125 x125 
x183 x183 
x15 x15 
x100 x100 
x136 x136 
x71 x71 
x84 x84 
x155 x155 
x56 x56 
x76 x76 
x185 x185 
x32 x32 
x194 x194 
x27 x27 
x49 x49 
x25 x25 
x58 x58 
x118 x118 
x77 x77 
x95 x95 
x107 x107 
x82 x82 
x139 x139 
x66 x66 
x198 x198 
x92 x92 
x116 x116 
x11 x11 
x106 x106 
x4 x4 
x83 x83 
x141 x141 
x164 x164 
x102 x102 
x55 x55 
x30 x30 
x26 x26 
x61 x61 
x46 x46 
x184 x184 
x1 x119 x20 
x0 x192 x72 
